#
# There is insufficient memory for the Java Runtime Environment to continue.
# Native memory allocation (malloc) failed to allocate 131088 bytes for Chunk::new
# Possible reasons:
#   The system is out of physical RAM or swap space
#   The process is running with CompressedOops enabled, and the Java Heap may be blocking the growth of the native heap
# Possible solutions:
#   Reduce memory load on the system
#   Increase physical memory or swap space
#   Check if swap backing store is full
#   Decrease Java heap size (-Xmx/-Xms)
#   Decrease number of Java threads
#   Decrease Java thread stack sizes (-Xss)
#   Set larger code cache with -XX:ReservedCodeCacheSize=
#   JVM is running with Zero Based Compressed Oops mode in which the Java heap is
#     placed in the first 32GB address space. The Java Heap base address is the
#     maximum limit for the native heap growth. Please use -XX:HeapBaseMinAddress
#     to set the Java Heap base and to place the Java Heap above 32GB virtual address.
# This output file may be truncated or incomplete.
#
#  Out of Memory Error (allocation.cpp:389), pid=301, tid=0x00007f97ea40e700
#
# JRE version: OpenJDK Runtime Environment (8.0_232-b09) (build 1.8.0_232-b09)
# Java VM: OpenJDK 64-Bit Server VM (25.232-b09 mixed mode linux-amd64 compressed oops)
# Failed to write core dump. Core dumps have been disabled. To enable core dumping, try "ulimit -c unlimited" before starting Java again
#

---------------  T H R E A D  ---------------

Current thread (0x00007f9814208800):  JavaThread "C2 CompilerThread0" daemon [_thread_in_native, id=346, stack(0x00007f97ea30e000,0x00007f97ea40f000)]

Stack: [0x00007f97ea30e000,0x00007f97ea40f000],  sp=0x00007f97ea408fa0,  free space=1003k
Native frames: (J=compiled Java code, j=interpreted, Vv=VM code, C=native code)
V  [libjvm.so+0xa4e56d]  VMError::report_and_die()+0x15d
V  [libjvm.so+0x4e2ec9]  report_vm_out_of_memory(char const*, int, unsigned long, VMErrorType, char const*)+0x99
V  [libjvm.so+0x2da8b6]  _ZN5ChunknwEmN17AllocFailStrategy13AllocFailEnumEm.clone.0+0x156
V  [libjvm.so+0x2db0a1]  Arena::grow(unsigned long, AllocFailStrategy::AllocFailEnum)+0x41
V  [libjvm.so+0x2db2be]  Arena::Arealloc(void*, unsigned long, unsigned long, AllocFailStrategy::AllocFailEnum)+0x11e
V  [libjvm.so+0x88ddc1]  Node_Array::grow(unsigned int)+0x51
V  [libjvm.so+0x7b8854]  PhaseIdealLoop::get_late_ctrl(Node*, Node*)+0x304
V  [libjvm.so+0x7babe1]  PhaseIdealLoop::build_loop_late_post(Node*)+0x101
V  [libjvm.so+0x7bb1ab]  PhaseIdealLoop::build_loop_late(VectorSet&, Node_List&, Node_Stack&)+0x10b
V  [libjvm.so+0x7bf3a0]  PhaseIdealLoop::build_and_optimize(bool, bool)+0x8d0
V  [libjvm.so+0x48d76d]  Compile::Optimize()+0x4bd
V  [libjvm.so+0x48f607]  Compile::Compile(ciEnv*, C2Compiler*, ciMethod*, int, bool, bool, bool)+0x1197
V  [libjvm.so+0x3e689c]  C2Compiler::compile_method(ciEnv*, ciMethod*, int)+0x20c
V  [libjvm.so+0x4951a6]  CompileBroker::invoke_compiler_on_method(CompileTask*)+0xcc6
V  [libjvm.so+0x498a87]  CompileBroker::compiler_thread_loop()+0x657
V  [libjvm.so+0xa017d1]  JavaThread::thread_main_inner()+0xf1
V  [libjvm.so+0xa01940]  JavaThread::run()+0x140
V  [libjvm.so+0x8be5d2]  java_start(Thread*)+0x132
C  [libpthread.so.0+0x76ba]  start_thread+0xca


Current CompileTask:
C2:  40226 3971       4       org.jetbrains.java.decompiler.modules.decompiler.DomHelper::findGeneralStatement (945 bytes)


---------------  P R O C E S S  ---------------

Java Threads: ( => current thread )
  0x00007f9814212000 JavaThread "Service Thread" daemon [_thread_blocked, id=359, stack(0x00007f97e9f0a000,0x00007f97ea00b000)]
  0x00007f981420f000 JavaThread "C1 CompilerThread3" daemon [_thread_blocked, id=354, stack(0x00007f97ea00b000,0x00007f97ea10c000)]
  0x00007f981420d800 JavaThread "C2 CompilerThread2" daemon [_thread_in_native, id=353, stack(0x00007f97ea10c000,0x00007f97ea20d000)]
  0x00007f981420b800 JavaThread "C2 CompilerThread1" daemon [_thread_in_native, id=347, stack(0x00007f97ea20d000,0x00007f97ea30e000)]
=>0x00007f9814208800 JavaThread "C2 CompilerThread0" daemon [_thread_in_native, id=346, stack(0x00007f97ea30e000,0x00007f97ea40f000)]
  0x00007f9814207000 JavaThread "Signal Dispatcher" daemon [_thread_blocked, id=345, stack(0x00007f97ea40f000,0x00007f97ea510000)]
  0x00007f98141d4000 JavaThread "Finalizer" daemon [_thread_blocked, id=335, stack(0x00007f97ea7e8000,0x00007f97ea8e9000)]
  0x00007f98141d1800 JavaThread "Reference Handler" daemon [_thread_blocked, id=334, stack(0x00007f97ea8e9000,0x00007f97ea9ea000)]
  0x00007f981400b000 JavaThread "main" [_thread_in_native, id=311, stack(0x00007f981a54e000,0x00007f981a64f000)]

Other Threads:
  0x00007f98141c7800 VMThread [stack: 0x00007f97ea9ea000,0x00007f97eaaeb000] [id=332]
  0x00007f9814214800 WatcherThread [stack: 0x00007f97e9e09000,0x00007f97e9f0a000] [id=360]

VM state:not at safepoint (normal execution)

VM Mutex/Monitor currently owned by a thread: None

heap address: 0x00000005c9400000, size: 8044 MB, Compressed Oops mode: Zero based, Oop shift amount: 3
Narrow klass base: 0x0000000000000000, Narrow klass shift: 3
Compressed class space size: 1073741824 Address: 0x00000007c0000000

Heap:
 PSYoungGen      total 2654720K, used 993870K [0x0000000718700000, 0x00000007c0000000, 0x00000007c0000000)
  eden space 2573312K, 37% used [0x0000000718700000,0x0000000754113ed0,0x00000007b5800000)
  from space 81408K, 20% used [0x00000007ba480000,0x00000007bb4ff980,0x00000007bf400000)
  to   space 78336K, 0% used [0x00000007b5800000,0x00000007b5800000,0x00000007ba480000)
 ParOldGen       total 344064K, used 145619K [0x00000005c9400000, 0x00000005de400000, 0x0000000718700000)
  object space 344064K, 42% used [0x00000005c9400000,0x00000005d2234ee0,0x00000005de400000)
 Metaspace       used 8683K, capacity 9084K, committed 9344K, reserved 1058816K
  class space    used 756K, capacity 856K, committed 896K, reserved 1048576K

Card table byte_map: [0x00007f980322d000,0x00007f98041e4000] byte_map_base: 0x00007f98003e3000

Marking Bits: (ParMarkBitMap*) 0x00007f9819a0e900
 Begin Bits: [0x00007f97cc4a0000, 0x00007f97d4250000)
 End Bits:   [0x00007f97d4250000, 0x00007f97dc000000)

Polling page: 0x00007f981a663000

CodeCache: size=245760Kb used=19186Kb max_used=19400Kb free=226573Kb
 bounds [0x00007f98045a4000, 0x00007f98058e4000, 0x00007f98135a4000]
 total_blobs=2961 nmethods=2654 adapters=221
 compilation: enabled

Compilation events (10 events):
Event: 39.775 Thread 0x00007f9814208800 nmethod 3968 0x00007f9804f6a450 code [0x00007f9804f6a780, 0x00007f9804f6c3c8]
Event: 39.876 Thread 0x00007f9814208800 3970       4       java.util.HashMap$TreeNode::treeify (221 bytes)
Event: 39.911 Thread 0x00007f9814208800 nmethod 3970 0x00007f980505d090 code [0x00007f980505d280, 0x00007f980505e190]
Event: 39.911 Thread 0x00007f9814208800 3971       4       org.jetbrains.java.decompiler.modules.decompiler.DomHelper::findGeneralStatement (945 bytes)
Event: 40.056 Thread 0x00007f981420f000 3972       3       org.jetbrains.java.decompiler.modules.decompiler.StackVarsProcessor::iterateChildExprent (863 bytes)
Event: 40.068 Thread 0x00007f981420f000 nmethod 3972 0x00007f9805650190 code [0x00007f9805650ac0, 0x00007f98056588c8]
Event: 40.147 Thread 0x00007f981420f000 3974       3       sun.misc.FDBigInteger::size (10 bytes)
Event: 40.147 Thread 0x00007f981420f000 nmethod 3974 0x00007f98046caa10 code [0x00007f98046cab60, 0x00007f98046cacb0]
Event: 40.154 Thread 0x00007f981420f000 3975       3       org.jetbrains.java.decompiler.util.TextUtil::writeQualifiedSuper (51 bytes)
Event: 40.155 Thread 0x00007f981420f000 nmethod 3975 0x00007f9804e54590 code [0x00007f9804e54800, 0x00007f9804e55648]

GC Heap History (10 events):
Event: 18.632 GC heap before
{Heap before GC invocations=8 (full 0):
 PSYoungGen      total 1123328K, used 1043812K [0x0000000718700000, 0x00000007a1900000, 0x00000007c0000000)
  eden space 1032192K, 100% used [0x0000000718700000,0x0000000757700000,0x0000000757700000)
  from space 91136K, 12% used [0x0000000757700000,0x0000000758259298,0x000000075d000000)
  to   space 91136K, 0% used [0x000000079c000000,0x000000079c000000,0x00000007a1900000)
 ParOldGen       total 344064K, used 137715K [0x00000005c9400000, 0x00000005de400000, 0x0000000718700000)
  object space 344064K, 40% used [0x00000005c9400000,0x00000005d1a7cf98,0x00000005de400000)
 Metaspace       used 8020K, capacity 8352K, committed 8576K, reserved 1056768K
  class space    used 702K, capacity 792K, committed 896K, reserved 1048576K
Event: 18.686 GC heap after
Heap after GC invocations=8 (full 0):
 PSYoungGen      total 2154496K, used 8576K [0x0000000718700000, 0x00000007a1800000, 0x00000007c0000000)
  eden space 2064384K, 0% used [0x0000000718700000,0x0000000718700000,0x0000000796700000)
  from space 90112K, 9% used [0x000000079c000000,0x000000079c860010,0x00000007a1800000)
  to   space 90624K, 0% used [0x0000000796700000,0x0000000796700000,0x000000079bf80000)
 ParOldGen       total 344064K, used 143192K [0x00000005c9400000, 0x00000005de400000, 0x0000000718700000)
  object space 344064K, 41% used [0x00000005c9400000,0x00000005d1fd6220,0x00000005de400000)
 Metaspace       used 8020K, capacity 8352K, committed 8576K, reserved 1056768K
  class space    used 702K, capacity 792K, committed 896K, reserved 1048576K
}
Event: 24.029 GC heap before
{Heap before GC invocations=9 (full 0):
 PSYoungGen      total 2154496K, used 2072960K [0x0000000718700000, 0x00000007a1800000, 0x00000007c0000000)
  eden space 2064384K, 100% used [0x0000000718700000,0x0000000796700000,0x0000000796700000)
  from space 90112K, 9% used [0x000000079c000000,0x000000079c860010,0x00000007a1800000)
  to   space 90624K, 0% used [0x0000000796700000,0x0000000796700000,0x000000079bf80000)
 ParOldGen       total 344064K, used 143192K [0x00000005c9400000, 0x00000005de400000, 0x0000000718700000)
  object space 344064K, 41% used [0x00000005c9400000,0x00000005d1fd6220,0x00000005de400000)
 Metaspace       used 8167K, capacity 8484K, committed 8832K, reserved 1056768K
  class space    used 712K, capacity 792K, committed 896K, reserved 1048576K
Event: 24.112 GC heap after
Heap after GC invocations=9 (full 0):
 PSYoungGen      total 2155008K, used 16700K [0x0000000718700000, 0x00000007bfb80000, 0x00000007c0000000)
  eden space 2064384K, 0% used [0x0000000718700000,0x0000000718700000,0x0000000796700000)
  from space 90624K, 18% used [0x0000000796700000,0x000000079774f2f0,0x000000079bf80000)
  to   space 88064K, 0% used [0x00000007ba580000,0x00000007ba580000,0x00000007bfb80000)
 ParOldGen       total 344064K, used 143328K [0x00000005c9400000, 0x00000005de400000, 0x0000000718700000)
  object space 344064K, 41% used [0x00000005c9400000,0x00000005d1ff8220,0x00000005de400000)
 Metaspace       used 8167K, capacity 8484K, committed 8832K, reserved 1056768K
  class space    used 712K, capacity 792K, committed 896K, reserved 1048576K
}
Event: 27.737 GC heap before
{Heap before GC invocations=10 (full 0):
 PSYoungGen      total 2155008K, used 2081084K [0x0000000718700000, 0x00000007bfb80000, 0x00000007c0000000)
  eden space 2064384K, 100% used [0x0000000718700000,0x0000000796700000,0x0000000796700000)
  from space 90624K, 18% used [0x0000000796700000,0x000000079774f2f0,0x000000079bf80000)
  to   space 88064K, 0% used [0x00000007ba580000,0x00000007ba580000,0x00000007bfb80000)
 ParOldGen       total 344064K, used 143328K [0x00000005c9400000, 0x00000005de400000, 0x0000000718700000)
  object space 344064K, 41% used [0x00000005c9400000,0x00000005d1ff8220,0x00000005de400000)
 Metaspace       used 8396K, capacity 8716K, committed 8832K, reserved 1056768K
  class space    used 740K, capacity 824K, committed 896K, reserved 1048576K
Event: 27.789 GC heap after
Heap after GC invocations=10 (full 0):
 PSYoungGen      total 2653696K, used 6803K [0x0000000718700000, 0x00000007bfb80000, 0x00000007c0000000)
  eden space 2565632K, 0% used [0x0000000718700000,0x0000000718700000,0x00000007b5080000)
  from space 88064K, 7% used [0x00000007ba580000,0x00000007bac24ff0,0x00000007bfb80000)
  to   space 87040K, 0% used [0x00000007b5080000,0x00000007b5080000,0x00000007ba580000)
 ParOldGen       total 344064K, used 144119K [0x00000005c9400000, 0x00000005de400000, 0x0000000718700000)
  object space 344064K, 41% used [0x00000005c9400000,0x00000005d20bde60,0x00000005de400000)
 Metaspace       used 8396K, capacity 8716K, committed 8832K, reserved 1056768K
  class space    used 740K, capacity 824K, committed 896K, reserved 1048576K
}
Event: 34.167 GC heap before
{Heap before GC invocations=11 (full 0):
 PSYoungGen      total 2653696K, used 2572435K [0x0000000718700000, 0x00000007bfb80000, 0x00000007c0000000)
  eden space 2565632K, 100% used [0x0000000718700000,0x00000007b5080000,0x00000007b5080000)
  from space 88064K, 7% used [0x00000007ba580000,0x00000007bac24ff0,0x00000007bfb80000)
  to   space 87040K, 0% used [0x00000007b5080000,0x00000007b5080000,0x00000007ba580000)
 ParOldGen       total 344064K, used 144119K [0x00000005c9400000, 0x00000005de400000, 0x0000000718700000)
  object space 344064K, 41% used [0x00000005c9400000,0x00000005d20bde60,0x00000005de400000)
 Metaspace       used 8511K, capacity 8856K, committed 9088K, reserved 1056768K
  class space    used 745K, capacity 824K, committed 896K, reserved 1048576K
Event: 34.262 GC heap after
Heap after GC invocations=11 (full 0):
 PSYoungGen      total 2596352K, used 30225K [0x0000000718700000, 0x00000007bf400000, 0x00000007c0000000)
  eden space 2565632K, 0% used [0x0000000718700000,0x0000000718700000,0x00000007b5080000)
  from space 30720K, 98% used [0x00000007b5080000,0x00000007b6e046c0,0x00000007b6e80000)
  to   space 81408K, 0% used [0x00000007ba480000,0x00000007ba480000,0x00000007bf400000)
 ParOldGen       total 344064K, used 144887K [0x00000005c9400000, 0x00000005de400000, 0x0000000718700000)
  object space 344064K, 42% used [0x00000005c9400000,0x00000005d217deb0,0x00000005de400000)
 Metaspace       used 8511K, capacity 8856K, committed 9088K, reserved 1056768K
  class space    used 745K, capacity 824K, committed 896K, reserved 1048576K
}
Event: 38.638 GC heap before
{Heap before GC invocations=12 (full 0):
 PSYoungGen      total 2596352K, used 2595857K [0x0000000718700000, 0x00000007bf400000, 0x00000007c0000000)
  eden space 2565632K, 100% used [0x0000000718700000,0x00000007b5080000,0x00000007b5080000)
  from space 30720K, 98% used [0x00000007b5080000,0x00000007b6e046c0,0x00000007b6e80000)
  to   space 81408K, 0% used [0x00000007ba480000,0x00000007ba480000,0x00000007bf400000)
 ParOldGen       total 344064K, used 144887K [0x00000005c9400000, 0x00000005de400000, 0x0000000718700000)
  object space 344064K, 42% used [0x00000005c9400000,0x00000005d217deb0,0x00000005de400000)
 Metaspace       used 8556K, capacity 8924K, committed 9088K, reserved 1056768K
  class space    used 747K, capacity 824K, committed 896K, reserved 1048576K
Event: 38.692 GC heap after
Heap after GC invocations=12 (full 0):
 PSYoungGen      total 2654720K, used 16894K [0x0000000718700000, 0x00000007c0000000, 0x00000007c0000000)
  eden space 2573312K, 0% used [0x0000000718700000,0x0000000718700000,0x00000007b5800000)
  from space 81408K, 20% used [0x00000007ba480000,0x00000007bb4ff980,0x00000007bf400000)
  to   space 78336K, 0% used [0x00000007b5800000,0x00000007b5800000,0x00000007ba480000)
 ParOldGen       total 344064K, used 145619K [0x00000005c9400000, 0x00000005de400000, 0x0000000718700000)
  object space 344064K, 42% used [0x00000005c9400000,0x00000005d2234ee0,0x00000005de400000)
 Metaspace       used 8556K, capacity 8924K, committed 9088K, reserved 1056768K
  class space    used 747K, capacity 824K, committed 896K, reserved 1048576K
}

Deoptimization events (10 events):
Event: 35.178 Thread 0x00007f981400b000 Uncommon trap: reason=unstable_if action=reinterpret pc=0x00007f9804d73c68 method=org.jetbrains.java.decompiler.modules.decompiler.exps.FieldExprent.equals(Ljava/lang/Object;)Z @ 46
Event: 36.689 Thread 0x00007f981400b000 Uncommon trap: reason=unstable_if action=reinterpret pc=0x00007f9804cb0fb4 method=org.jetbrains.java.decompiler.modules.decompiler.SimplifyExprentsHelper.simplifyStackVarsExprents(Ljava/util/List;Lorg/jetbrains/java/decompiler/struct/StructClass;)Z @ 268
Event: 37.453 Thread 0x00007f981400b000 Uncommon trap: reason=unstable_if action=reinterpret pc=0x00007f98050d9950 method=org.jetbrains.java.decompiler.modules.decompiler.exps.ConstExprent.toJava(ILorg/jetbrains/java/decompiler/main/collectors/BytecodeMappingTracer;)Lorg/jetbrains/java/decompil
Event: 38.766 Thread 0x00007f981400b000 Uncommon trap: reason=unstable_if action=reinterpret pc=0x00007f980549fa0c method=org.jetbrains.java.decompiler.modules.decompiler.stats.CatchStatement.isHead(Lorg/jetbrains/java/decompiler/modules/decompiler/stats/Statement;)Lorg/jetbrains/java/decompile
Event: 38.766 Thread 0x00007f981400b000 Uncommon trap: reason=unstable_if action=reinterpret pc=0x00007f9804c479d0 method=org.jetbrains.java.decompiler.modules.decompiler.DomHelper.checkSynchronizedCompleteness(Ljava/util/Set;)Z @ 88
Event: 38.766 Thread 0x00007f981400b000 Uncommon trap: reason=unstable_if action=reinterpret pc=0x00007f9804bba774 method=org.jetbrains.java.decompiler.modules.decompiler.DomHelper.findGeneralStatement(Lorg/jetbrains/java/decompiler/modules/decompiler/stats/Statement;ZLjava/util/HashMap;)Lorg/j
Event: 39.171 Thread 0x00007f981400b000 Uncommon trap: reason=unstable_if action=reinterpret pc=0x00007f9805850970 method=org.jetbrains.java.decompiler.modules.decompiler.IfHelper.reorderIf(Lorg/jetbrains/java/decompiler/modules/decompiler/stats/IfStatement;)Z @ 652
Event: 39.171 Thread 0x00007f981400b000 Uncommon trap: reason=unstable_if action=reinterpret pc=0x00007f980471220c method=org.jetbrains.java.decompiler.modules.decompiler.IfHelper.collapseIfElse(Lorg/jetbrains/java/decompiler/modules/decompiler/IfHelper$IfNode;)Z @ 78
Event: 39.174 Thread 0x00007f981400b000 Uncommon trap: reason=unstable_if action=reinterpret pc=0x00007f9804f0a968 method=org.jetbrains.java.decompiler.modules.decompiler.DecHelper.isChoiceStatement(Lorg/jetbrains/java/decompiler/modules/decompiler/stats/Statement;Ljava/util/List;)Z @ 16
Event: 40.056 Thread 0x00007f981400b000 Uncommon trap: reason=unstable_if action=reinterpret pc=0x00007f9805424f70 method=org.jetbrains.java.decompiler.util.FastSparseSetFactory$FastSparseSet.complement(Lorg/jetbrains/java/decompiler/util/FastSparseSetFactory$FastSparseSet;)V @ 21

Classes redefined (0 events):
No events

Internal exceptions (10 events):
Event: 21.880 Thread 0x00007f981400b000 Exception <a 'java/lang/NullPointerException'> (0x0000000774d5b278) thrown at [/home/openjdk/jdk8u/hotspot/src/share/vm/runtime/sharedRuntime.cpp, line 605]
Event: 22.021 Thread 0x00007f981400b000 Implicit null exception at 0x00007f9804a84d04 to 0x00007f9804a85695
Event: 25.403 Thread 0x00007f981400b000 Implicit null exception at 0x00007f9804edffa6 to 0x00007f9804ee2a45
Event: 26.779 Thread 0x00007f981400b000 Implicit null exception at 0x00007f98048cfc24 to 0x00007f98048cfc84
Event: 26.779 Thread 0x00007f981400b000 Exception <a 'java/lang/NullPointerException'> (0x00000007798441b8) thrown at [/home/openjdk/jdk8u/hotspot/src/share/vm/runtime/sharedRuntime.cpp, line 605]
Event: 28.714 Thread 0x00007f981400b000 Implicit null exception at 0x00007f9804b8bbd5 to 0x00007f9804b8bea5
Event: 30.553 Thread 0x00007f981400b000 Implicit null exception at 0x00007f9804a183bf to 0x00007f9804a1d831
Event: 34.353 Thread 0x00007f981400b000 Implicit null exception at 0x00007f9804727236 to 0x00007f98047275ed
Event: 36.988 Thread 0x00007f981400b000 Implicit null exception at 0x00007f980577a221 to 0x00007f98057805d0
Event: 36.988 Thread 0x00007f981400b000 Exception <a 'java/lang/NullPointerException'> (0x0000000778c995c0) thrown at [/home/openjdk/jdk8u/hotspot/src/share/vm/runtime/sharedRuntime.cpp, line 605]

Events (10 events):
Event: 40.158 loading class android/view/accessibility/AccessibilityEvent
Event: 40.158 loading class android/view/accessibility/AccessibilityEvent done
Event: 40.158 loading class android/view/accessibility/AccessibilityEvent
Event: 40.158 loading class android/view/accessibility/AccessibilityEvent done
Event: 40.158 loading class android/view/accessibility/AccessibilityEvent
Event: 40.158 loading class android/view/accessibility/AccessibilityEvent done
Event: 40.203 loading class android/view/ViewGroup$MarginLayoutParams
Event: 40.203 loading class android/view/ViewGroup$MarginLayoutParams done
Event: 40.204 loading class android/animation/LayoutTransition
Event: 40.204 loading class android/animation/LayoutTransition done


Dynamic libraries:
00400000-00401000 r-xp 00000000 08:11 3934147                            /media/data/helper_tools/sdkman/candidates/java/8.0.232-open/bin/java
00600000-00601000 r--p 00000000 08:11 3934147                            /media/data/helper_tools/sdkman/candidates/java/8.0.232-open/bin/java
00601000-00602000 rw-p 00001000 08:11 3934147                            /media/data/helper_tools/sdkman/candidates/java/8.0.232-open/bin/java
0196f000-01990000 rw-p 00000000 00:00 0                                  [heap]
5c9400000-5de400000 rw-p 00000000 00:00 0 
5de400000-718700000 ---p 00000000 00:00 0 
718700000-7c0000000 rw-p 00000000 00:00 0 
7c0000000-7c00e0000 rw-p 00000000 00:00 0 
7c00e0000-800000000 ---p 00000000 00:00 0 
7f97a0000000-7f97a0021000 rw-p 00000000 00:00 0 
7f97a0021000-7f97a4000000 ---p 00000000 00:00 0 
7f97a8000000-7f97a91a6000 rw-p 00000000 00:00 0 
7f97a91a6000-7f97ac000000 ---p 00000000 00:00 0 
7f97ac000000-7f97ac021000 rw-p 00000000 00:00 0 
7f97ac021000-7f97b0000000 ---p 00000000 00:00 0 
7f97b0000000-7f97b1dd8000 rw-p 00000000 00:00 0 
7f97b1dd8000-7f97b4000000 ---p 00000000 00:00 0 
7f97b4000000-7f97b5cd4000 rw-p 00000000 00:00 0 
7f97b5cd4000-7f97b8000000 ---p 00000000 00:00 0 
7f97b8000000-7f97b8021000 rw-p 00000000 00:00 0 
7f97b8021000-7f97bc000000 ---p 00000000 00:00 0 
7f97bc000000-7f97bd71b000 rw-p 00000000 00:00 0 
7f97bd71b000-7f97c0000000 ---p 00000000 00:00 0 
7f97c0000000-7f97c0021000 rw-p 00000000 00:00 0 
7f97c0021000-7f97c4000000 ---p 00000000 00:00 0 
7f97c4000000-7f97c4021000 rw-p 00000000 00:00 0 
7f97c4021000-7f97c8000000 ---p 00000000 00:00 0 
7f97c8000000-7f97c8021000 rw-p 00000000 00:00 0 
7f97c8021000-7f97cc000000 ---p 00000000 00:00 0 
7f97cc4a0000-7f97dc021000 rw-p 00000000 00:00 0 
7f97dc021000-7f97e0000000 ---p 00000000 00:00 0 
7f97e0000000-7f97e0021000 rw-p 00000000 00:00 0 
7f97e0021000-7f97e4000000 ---p 00000000 00:00 0 
7f97e4000000-7f97e4021000 rw-p 00000000 00:00 0 
7f97e4021000-7f97e8000000 ---p 00000000 00:00 0 
7f97e955b000-7f97e981f000 rw-p 00000000 00:00 0 
7f97e981f000-7f97e99df000 ---p 00000000 00:00 0 
7f97e99df000-7f97e99f6000 r-xp 00000000 08:11 3934102                    /media/data/helper_tools/sdkman/candidates/java/8.0.232-open/jre/lib/amd64/libnet.so
7f97e99f6000-7f97e9bf5000 ---p 00017000 08:11 3934102                    /media/data/helper_tools/sdkman/candidates/java/8.0.232-open/jre/lib/amd64/libnet.so
7f97e9bf5000-7f97e9bf6000 r--p 00016000 08:11 3934102                    /media/data/helper_tools/sdkman/candidates/java/8.0.232-open/jre/lib/amd64/libnet.so
7f97e9bf6000-7f97e9bf7000 rw-p 00017000 08:11 3934102                    /media/data/helper_tools/sdkman/candidates/java/8.0.232-open/jre/lib/amd64/libnet.so
7f97e9bf7000-7f97e9c08000 r-xp 00000000 08:11 3934081                    /media/data/helper_tools/sdkman/candidates/java/8.0.232-open/jre/lib/amd64/libnio.so
7f97e9c08000-7f97e9e07000 ---p 00011000 08:11 3934081                    /media/data/helper_tools/sdkman/candidates/java/8.0.232-open/jre/lib/amd64/libnio.so
7f97e9e07000-7f97e9e08000 r--p 00010000 08:11 3934081                    /media/data/helper_tools/sdkman/candidates/java/8.0.232-open/jre/lib/amd64/libnio.so
7f97e9e08000-7f97e9e09000 rw-p 00011000 08:11 3934081                    /media/data/helper_tools/sdkman/candidates/java/8.0.232-open/jre/lib/amd64/libnio.so
7f97e9e09000-7f97e9e0a000 ---p 00000000 00:00 0 
7f97e9e0a000-7f97e9f0a000 rw-p 00000000 00:00 0 
7f97e9f0a000-7f97e9f0d000 ---p 00000000 00:00 0 
7f97e9f0d000-7f97ea00b000 rw-p 00000000 00:00 0 
7f97ea00b000-7f97ea00e000 ---p 00000000 00:00 0 
7f97ea00e000-7f97ea10c000 rw-p 00000000 00:00 0 
7f97ea10c000-7f97ea10f000 ---p 00000000 00:00 0 
7f97ea10f000-7f97ea20d000 rw-p 00000000 00:00 0 
7f97ea20d000-7f97ea210000 ---p 00000000 00:00 0 
7f97ea210000-7f97ea30e000 rw-p 00000000 00:00 0 
7f97ea30e000-7f97ea311000 ---p 00000000 00:00 0 
7f97ea311000-7f97ea40f000 rw-p 00000000 00:00 0 
7f97ea40f000-7f97ea412000 ---p 00000000 00:00 0 
7f97ea412000-7f97ea510000 rw-p 00000000 00:00 0 
7f97ea510000-7f97ea7e8000 r--p 00000000 08:01 261135                     /usr/lib/locale/locale-archive
7f97ea7e8000-7f97ea7eb000 ---p 00000000 00:00 0 
7f97ea7eb000-7f97ea8e9000 rw-p 00000000 00:00 0 
7f97ea8e9000-7f97ea8ec000 ---p 00000000 00:00 0 
7f97ea8ec000-7f97ea9ea000 rw-p 00000000 00:00 0 
7f97ea9ea000-7f97ea9eb000 ---p 00000000 00:00 0 
7f97ea9eb000-7f97ec021000 rw-p 00000000 00:00 0 
7f97ec021000-7f97f0000000 ---p 00000000 00:00 0 
7f97f0000000-7f97f0021000 rw-p 00000000 00:00 0 
7f97f0021000-7f97f4000000 ---p 00000000 00:00 0 
7f97f4000000-7f97f4021000 rw-p 00000000 00:00 0 
7f97f4021000-7f97f8000000 ---p 00000000 00:00 0 
7f97f8000000-7f97f8021000 rw-p 00000000 00:00 0 
7f97f8021000-7f97fc000000 ---p 00000000 00:00 0 
7f97fc000000-7f97fc021000 rw-p 00000000 00:00 0 
7f97fc021000-7f9800000000 ---p 00000000 00:00 0 
7f980005c000-7f98006b0000 rw-p 00000000 00:00 0 
7f98006b0000-7f9800880000 r--s 03c5f000 08:11 3934121                    /media/data/helper_tools/sdkman/candidates/java/8.0.232-open/jre/lib/rt.jar
7f9800880000-7f98020ac000 rw-p 00000000 00:00 0 
7f98020ac000-7f98020ad000 ---p 00000000 00:00 0 
7f98020ad000-7f98021ad000 rw-p 00000000 00:00 0 
7f98021ad000-7f98021ae000 ---p 00000000 00:00 0 
7f98021ae000-7f98022ae000 rw-p 00000000 00:00 0 
7f98022ae000-7f98022af000 ---p 00000000 00:00 0 
7f98022af000-7f98023af000 rw-p 00000000 00:00 0 
7f98023af000-7f98023b0000 ---p 00000000 00:00 0 
7f98023b0000-7f98024b0000 rw-p 00000000 00:00 0 
7f98024b0000-7f98024b1000 ---p 00000000 00:00 0 
7f98024b1000-7f98025b1000 rw-p 00000000 00:00 0 
7f98025b1000-7f98025b2000 ---p 00000000 00:00 0 
7f98025b2000-7f98026b2000 rw-p 00000000 00:00 0 
7f98026b2000-7f98026b3000 ---p 00000000 00:00 0 
7f98026b3000-7f980285b000 rw-p 00000000 00:00 0 
7f980285b000-7f980322d000 ---p 00000000 00:00 0 
7f980322d000-7f98032d5000 rw-p 00000000 00:00 0 
7f98032d5000-7f9803ca6000 ---p 00000000 00:00 0 
7f9803ca6000-7f98041e3000 rw-p 00000000 00:00 0 
7f98041e3000-7f9804231000 rw-p 00000000 00:00 0 
7f9804231000-7f98045a4000 ---p 00000000 00:00 0 
7f98045a4000-7f98058e4000 rwxp 00000000 00:00 0 
7f98058e4000-7f98135a4000 ---p 00000000 00:00 0 
7f98135a4000-7f98135bf000 r-xp 00000000 08:11 3934063                    /media/data/helper_tools/sdkman/candidates/java/8.0.232-open/jre/lib/amd64/libzip.so
7f98135bf000-7f98137be000 ---p 0001b000 08:11 3934063                    /media/data/helper_tools/sdkman/candidates/java/8.0.232-open/jre/lib/amd64/libzip.so
7f98137be000-7f98137bf000 r--p 0001a000 08:11 3934063                    /media/data/helper_tools/sdkman/candidates/java/8.0.232-open/jre/lib/amd64/libzip.so
7f98137bf000-7f98137c0000 rw-p 0001b000 08:11 3934063                    /media/data/helper_tools/sdkman/candidates/java/8.0.232-open/jre/lib/amd64/libzip.so
7f98137c0000-7f98137cb000 r-xp 00000000 08:01 406780                     /lib/x86_64-linux-gnu/libnss_files-2.23.so
7f98137cb000-7f98139ca000 ---p 0000b000 08:01 406780                     /lib/x86_64-linux-gnu/libnss_files-2.23.so
7f98139ca000-7f98139cb000 r--p 0000a000 08:01 406780                     /lib/x86_64-linux-gnu/libnss_files-2.23.so
7f98139cb000-7f98139cc000 rw-p 0000b000 08:01 406780                     /lib/x86_64-linux-gnu/libnss_files-2.23.so
7f98139cc000-7f98139d2000 rw-p 00000000 00:00 0 
7f98139d2000-7f98139dd000 r-xp 00000000 08:01 406771                     /lib/x86_64-linux-gnu/libnss_nis-2.23.so
7f98139dd000-7f9813bdc000 ---p 0000b000 08:01 406771                     /lib/x86_64-linux-gnu/libnss_nis-2.23.so
7f9813bdc000-7f9813bdd000 r--p 0000a000 08:01 406771                     /lib/x86_64-linux-gnu/libnss_nis-2.23.so
7f9813bdd000-7f9813bde000 rw-p 0000b000 08:01 406771                     /lib/x86_64-linux-gnu/libnss_nis-2.23.so
7f9813bde000-7f9813bf4000 r-xp 00000000 08:01 406777                     /lib/x86_64-linux-gnu/libnsl-2.23.so
7f9813bf4000-7f9813df3000 ---p 00016000 08:01 406777                     /lib/x86_64-linux-gnu/libnsl-2.23.so
7f9813df3000-7f9813df4000 r--p 00015000 08:01 406777                     /lib/x86_64-linux-gnu/libnsl-2.23.so
7f9813df4000-7f9813df5000 rw-p 00016000 08:01 406777                     /lib/x86_64-linux-gnu/libnsl-2.23.so
7f9813df5000-7f9813df7000 rw-p 00000000 00:00 0 
7f9813df7000-7f9813dff000 r-xp 00000000 08:01 406787                     /lib/x86_64-linux-gnu/libnss_compat-2.23.so
7f9813dff000-7f9813ffe000 ---p 00008000 08:01 406787                     /lib/x86_64-linux-gnu/libnss_compat-2.23.so
7f9813ffe000-7f9813fff000 r--p 00007000 08:01 406787                     /lib/x86_64-linux-gnu/libnss_compat-2.23.so
7f9813fff000-7f9814000000 rw-p 00008000 08:01 406787                     /lib/x86_64-linux-gnu/libnss_compat-2.23.so
7f9814000000-7f98145bc000 rw-p 00000000 00:00 0 
7f98145bc000-7f9818000000 ---p 00000000 00:00 0 
7f981802b000-7f9818086000 rw-p 00000000 00:00 0 
7f9818086000-7f9818087000 ---p 00000000 00:00 0 
7f9818087000-7f9818187000 rw-p 00000000 00:00 0 
7f9818187000-7f98181af000 r-xp 00000000 08:11 3934067                    /media/data/helper_tools/sdkman/candidates/java/8.0.232-open/jre/lib/amd64/libjava.so
7f98181af000-7f98183ae000 ---p 00028000 08:11 3934067                    /media/data/helper_tools/sdkman/candidates/java/8.0.232-open/jre/lib/amd64/libjava.so
7f98183ae000-7f98183af000 r--p 00027000 08:11 3934067                    /media/data/helper_tools/sdkman/candidates/java/8.0.232-open/jre/lib/amd64/libjava.so
7f98183af000-7f98183b1000 rw-p 00028000 08:11 3934067                    /media/data/helper_tools/sdkman/candidates/java/8.0.232-open/jre/lib/amd64/libjava.so
7f98183b1000-7f98183bf000 r-xp 00000000 08:11 3934080                    /media/data/helper_tools/sdkman/candidates/java/8.0.232-open/jre/lib/amd64/libverify.so
7f98183bf000-7f98185be000 ---p 0000e000 08:11 3934080                    /media/data/helper_tools/sdkman/candidates/java/8.0.232-open/jre/lib/amd64/libverify.so
7f98185be000-7f98185c0000 r--p 0000d000 08:11 3934080                    /media/data/helper_tools/sdkman/candidates/java/8.0.232-open/jre/lib/amd64/libverify.so
7f98185c0000-7f98185c1000 rw-p 0000f000 08:11 3934080                    /media/data/helper_tools/sdkman/candidates/java/8.0.232-open/jre/lib/amd64/libverify.so
7f98185c1000-7f98185c8000 r-xp 00000000 08:01 406757                     /lib/x86_64-linux-gnu/librt-2.23.so
7f98185c8000-7f98187c7000 ---p 00007000 08:01 406757                     /lib/x86_64-linux-gnu/librt-2.23.so
7f98187c7000-7f98187c8000 r--p 00006000 08:01 406757                     /lib/x86_64-linux-gnu/librt-2.23.so
7f98187c8000-7f98187c9000 rw-p 00007000 08:01 406757                     /lib/x86_64-linux-gnu/librt-2.23.so
7f98187c9000-7f98188d1000 r-xp 00000000 08:01 406791                     /lib/x86_64-linux-gnu/libm-2.23.so
7f98188d1000-7f9818ad0000 ---p 00108000 08:01 406791                     /lib/x86_64-linux-gnu/libm-2.23.so
7f9818ad0000-7f9818ad1000 r--p 00107000 08:01 406791                     /lib/x86_64-linux-gnu/libm-2.23.so
7f9818ad1000-7f9818ad2000 rw-p 00108000 08:01 406791                     /lib/x86_64-linux-gnu/libm-2.23.so
7f9818ad2000-7f981972a000 r-xp 00000000 08:11 3934071                    /media/data/helper_tools/sdkman/candidates/java/8.0.232-open/jre/lib/amd64/server/libjvm.so
7f981972a000-7f981992a000 ---p 00c58000 08:11 3934071                    /media/data/helper_tools/sdkman/candidates/java/8.0.232-open/jre/lib/amd64/server/libjvm.so
7f981992a000-7f98199d2000 r--p 00c58000 08:11 3934071                    /media/data/helper_tools/sdkman/candidates/java/8.0.232-open/jre/lib/amd64/server/libjvm.so
7f98199d2000-7f98199fa000 rw-p 00d00000 08:11 3934071                    /media/data/helper_tools/sdkman/candidates/java/8.0.232-open/jre/lib/amd64/server/libjvm.so
7f98199fa000-7f9819a3d000 rw-p 00000000 00:00 0 
7f9819a3d000-7f9819bfd000 r-xp 00000000 08:01 406785                     /lib/x86_64-linux-gnu/libc-2.23.so
7f9819bfd000-7f9819dfd000 ---p 001c0000 08:01 406785                     /lib/x86_64-linux-gnu/libc-2.23.so
7f9819dfd000-7f9819e01000 r--p 001c0000 08:01 406785                     /lib/x86_64-linux-gnu/libc-2.23.so
7f9819e01000-7f9819e03000 rw-p 001c4000 08:01 406785                     /lib/x86_64-linux-gnu/libc-2.23.so
7f9819e03000-7f9819e07000 rw-p 00000000 00:00 0 
7f9819e07000-7f9819e0a000 r-xp 00000000 08:01 406762                     /lib/x86_64-linux-gnu/libdl-2.23.so
7f9819e0a000-7f981a009000 ---p 00003000 08:01 406762                     /lib/x86_64-linux-gnu/libdl-2.23.so
7f981a009000-7f981a00a000 r--p 00002000 08:01 406762                     /lib/x86_64-linux-gnu/libdl-2.23.so
7f981a00a000-7f981a00b000 rw-p 00003000 08:01 406762                     /lib/x86_64-linux-gnu/libdl-2.23.so
7f981a00b000-7f981a021000 r-xp 00000000 08:11 3933450                    /media/data/helper_tools/sdkman/candidates/java/8.0.232-open/lib/amd64/jli/libjli.so
7f981a021000-7f981a220000 ---p 00016000 08:11 3933450                    /media/data/helper_tools/sdkman/candidates/java/8.0.232-open/lib/amd64/jli/libjli.so
7f981a220000-7f981a221000 r--p 00015000 08:11 3933450                    /media/data/helper_tools/sdkman/candidates/java/8.0.232-open/lib/amd64/jli/libjli.so
7f981a221000-7f981a222000 rw-p 00016000 08:11 3933450                    /media/data/helper_tools/sdkman/candidates/java/8.0.232-open/lib/amd64/jli/libjli.so
7f981a222000-7f981a23a000 r-xp 00000000 08:01 406768                     /lib/x86_64-linux-gnu/libpthread-2.23.so
7f981a23a000-7f981a439000 ---p 00018000 08:01 406768                     /lib/x86_64-linux-gnu/libpthread-2.23.so
7f981a439000-7f981a43a000 r--p 00017000 08:01 406768                     /lib/x86_64-linux-gnu/libpthread-2.23.so
7f981a43a000-7f981a43b000 rw-p 00018000 08:01 406768                     /lib/x86_64-linux-gnu/libpthread-2.23.so
7f981a43b000-7f981a43f000 rw-p 00000000 00:00 0 
7f981a43f000-7f981a465000 r-xp 00000000 08:01 406765                     /lib/x86_64-linux-gnu/ld-2.23.so
7f981a4a8000-7f981a4b0000 r--s 0008c000 08:11 8002623                    /media/data/muse2/tools/qark/venv/lib/python3.5/site-packages/qark/lib/decompilers/fernflower.jar
7f981a4b0000-7f981a54e000 rw-p 00000000 00:00 0 
7f981a54e000-7f981a551000 ---p 00000000 00:00 0 
7f981a551000-7f981a654000 rw-p 00000000 00:00 0 
7f981a65a000-7f981a662000 rw-s 00000000 08:01 338                        /tmp/hsperfdata_nacoop/301
7f981a662000-7f981a663000 rw-p 00000000 00:00 0 
7f981a663000-7f981a664000 r--p 00000000 00:00 0 
7f981a664000-7f981a665000 r--p 00025000 08:01 406765                     /lib/x86_64-linux-gnu/ld-2.23.so
7f981a665000-7f981a666000 rw-p 00026000 08:01 406765                     /lib/x86_64-linux-gnu/ld-2.23.so
7f981a666000-7f981a667000 rw-p 00000000 00:00 0 
7ffe70800000-7ffe70821000 rw-p 00000000 00:00 0                          [stack]
7ffe70881000-7ffe70883000 r--p 00000000 00:00 0                          [vvar]
7ffe70883000-7ffe70885000 r-xp 00000000 00:00 0                          [vdso]
ffffffffff600000-ffffffffff601000 r-xp 00000000 00:00 0                  [vsyscall]

VM Arguments:
java_command: /media/data/muse2/tools/qark/venv/lib/python3.5/site-packages/qark/decompiler/../lib/decompilers/fernflower.jar -ren=1 /media/data/muse2/tools/qark/build/qark/sip-mutant2.jar /media/data/muse2/tools/qark/build/qark/fernflower
java_class_path (initial): /media/data/muse2/tools/qark/venv/lib/python3.5/site-packages/qark/decompiler/../lib/decompilers/fernflower.jar
Launcher Type: SUN_STANDARD

Environment Variables:
JAVA_HOME=/media/data/helper_tools/sdkman/candidates/java/current
PATH=/media/data/muse2/tools/qark/venv/bin:/home/nacoop/bin:/home/nacoop/.local/bin:/media/data/Android/Sdk:/media/data/Android/Sdk:/media/data/Android/Sdk:/media/data/muse2/tools/coverity/cov-analysis-linux64-2020.03/bin:/media/data/muse2/tools/coverity/cov-platform/bin:/media/data/anaconda/condabin:/media/data/helper_tools/sdkman/candidates/java/current/bin:/usr/local/sbin:/usr/local/bin:/usr/sbin:/usr/bin:/sbin:/bin:/usr/games:/snap/bin
SHELL=/bin/bash

Signal Handlers:
SIGSEGV: [libjvm.so+0xa4ef90], sa_mask[0]=11111111011111111101111111111110, sa_flags=SA_RESTART|SA_SIGINFO
SIGBUS: [libjvm.so+0xa4ef90], sa_mask[0]=11111111011111111101111111111110, sa_flags=SA_RESTART|SA_SIGINFO
SIGFPE: [libjvm.so+0x8b7a50], sa_mask[0]=11111111011111111101111111111110, sa_flags=SA_RESTART|SA_SIGINFO
SIGPIPE: [libjvm.so+0x8b7a50], sa_mask[0]=11111111011111111101111111111110, sa_flags=SA_RESTART|SA_SIGINFO
SIGXFSZ: [libjvm.so+0x8b7a50], sa_mask[0]=11111111011111111101111111111110, sa_flags=SA_RESTART|SA_SIGINFO
SIGILL: [libjvm.so+0x8b7a50], sa_mask[0]=11111111011111111101111111111110, sa_flags=SA_RESTART|SA_SIGINFO
SIGUSR1: SIG_DFL, sa_mask[0]=00000000000000000000000000000000, sa_flags=none
SIGUSR2: [libjvm.so+0x8b9200], sa_mask[0]=00000000000000000000000000000000, sa_flags=SA_RESTART|SA_SIGINFO
SIGHUP: [libjvm.so+0x8bac30], sa_mask[0]=11111111011111111101111111111110, sa_flags=SA_RESTART|SA_SIGINFO
SIGINT: [libjvm.so+0x8bac30], sa_mask[0]=11111111011111111101111111111110, sa_flags=SA_RESTART|SA_SIGINFO
SIGTERM: [libjvm.so+0x8bac30], sa_mask[0]=11111111011111111101111111111110, sa_flags=SA_RESTART|SA_SIGINFO
SIGQUIT: [libjvm.so+0x8bac30], sa_mask[0]=11111111011111111101111111111110, sa_flags=SA_RESTART|SA_SIGINFO


---------------  S Y S T E M  ---------------

OS:DISTRIB_ID=Ubuntu
DISTRIB_RELEASE=16.04
DISTRIB_CODENAME=xenial
DISTRIB_DESCRIPTION="Ubuntu 16.04.6 LTS"

uname:Linux 4.4.0-174-generic #204-Ubuntu SMP Wed Jan 29 06:41:01 UTC 2020 x86_64
libc:glibc 2.23 NPTL 2.23 
rlimit: STACK 8192k, CORE 0k, NPROC 128527, NOFILE 4096, AS infinity
load average:3.30 1.69 2.16

/proc/meminfo:
MemTotal:       32946664 kB
MemFree:          218580 kB
MemAvailable:   21113096 kB
Buffers:         1274008 kB
Cached:         20140736 kB
SwapCached:          336 kB
Active:         18117996 kB
Inactive:       11965628 kB
Active(anon):    8530556 kB
Inactive(anon):  2653848 kB
Active(file):    9587440 kB
Inactive(file):  9311780 kB
Unevictable:        3652 kB
Mlocked:            3652 kB
SwapTotal:        998396 kB
SwapFree:         861424 kB
Dirty:              1204 kB
Writeback:             0 kB
AnonPages:       8672084 kB
Mapped:          2589436 kB
Shmem:           2513104 kB
Slab:            2486908 kB
SReclaimable:    2398192 kB
SUnreclaim:        88716 kB
KernelStack:       11328 kB
PageTables:        49848 kB
NFS_Unstable:          0 kB
Bounce:                0 kB
WritebackTmp:          0 kB
CommitLimit:    17471728 kB
Committed_AS:   17342400 kB
VmallocTotal:   34359738367 kB
VmallocUsed:           0 kB
VmallocChunk:          0 kB
HardwareCorrupted:     0 kB
AnonHugePages:         0 kB
CmaTotal:              0 kB
CmaFree:               0 kB
HugePages_Total:       0
HugePages_Free:        0
HugePages_Rsvd:        0
HugePages_Surp:        0
Hugepagesize:       2048 kB
DirectMap4k:      257916 kB
DirectMap2M:    33296384 kB

container (cgroup) information:
container_type: cgroupv1
cpu_cpuset_cpus: 0-7
cpu_memory_nodes: 0
active_processor_count: 8
cpu_quota: -1
cpu_period: 100000
cpu_shares: -1
memory_limit_in_bytes: -1
memory_and_swap_limit_in_bytes: -2
memory_soft_limit_in_bytes: -1
memory_usage_in_bytes: 28774354944
memory_max_usage_in_bytes: 28774354944


CPU:total 8 (initial active 8) (1 cores per cpu, 1 threads per core) family 6 model 60 stepping 1, cmov, cx8, fxsr, mmx, sse, sse2, sse3, ssse3, sse4.1, sse4.2, popcnt, avx, avx2, aes, clmul, erms, lzcnt, tsc, bmi1, bmi2

/proc/cpuinfo:
processor	: 0
vendor_id	: GenuineIntel
cpu family	: 6
model		: 60
model name	: Intel Core Processor (Haswell, no TSX, IBRS)
stepping	: 1
microcode	: 0x1
cpu MHz		: 2399.976
cache size	: 4096 KB
physical id	: 0
siblings	: 1
core id		: 0
cpu cores	: 1
apicid		: 0
initial apicid	: 0
fpu		: yes
fpu_exception	: yes
cpuid level	: 13
wp		: yes
flags		: fpu vme de pse tsc msr pae mce cx8 apic sep mtrr pge mca cmov pat pse36 clflush mmx fxsr sse sse2 syscall nx rdtscp lm constant_tsc rep_good nopl tsc_known_freq pni pclmulqdq ssse3 fma cx16 pcid sse4_1 sse4_2 x2apic movbe popcnt tsc_deadline_timer aes xsave avx f16c rdrand hypervisor lahf_lm abm invpcid_single ibrs ibpb kaiser fsgsbase bmi1 avx2 smep bmi2 erms invpcid xsaveopt arat
bugs		: cpu_meltdown spectre_v1 spectre_v2 spec_store_bypass l1tf mds swapgs itlb_multihit
bogomips	: 4799.95
clflush size	: 64
cache_alignment	: 64
address sizes	: 40 bits physical, 48 bits virtual
power management:

processor	: 1
vendor_id	: GenuineIntel
cpu family	: 6
model		: 60
model name	: Intel Core Processor (Haswell, no TSX, IBRS)
stepping	: 1
microcode	: 0x1
cpu MHz		: 2399.976
cache size	: 4096 KB
physical id	: 1
siblings	: 1
core id		: 0
cpu cores	: 1
apicid		: 1
initial apicid	: 1
fpu		: yes
fpu_exception	: yes
cpuid level	: 13
wp		: yes
flags		: fpu vme de pse tsc msr pae mce cx8 apic sep mtrr pge mca cmov pat pse36 clflush mmx fxsr sse sse2 syscall nx rdtscp lm constant_tsc rep_good nopl tsc_known_freq pni pclmulqdq ssse3 fma cx16 pcid sse4_1 sse4_2 x2apic movbe popcnt tsc_deadline_timer aes xsave avx f16c rdrand hypervisor lahf_lm abm invpcid_single ibrs ibpb kaiser fsgsbase bmi1 avx2 smep bmi2 erms invpcid xsaveopt arat
bugs		: cpu_meltdown spectre_v1 spectre_v2 spec_store_bypass l1tf mds swapgs itlb_multihit
bogomips	: 4799.95
clflush size	: 64
cache_alignment	: 64
address sizes	: 40 bits physical, 48 bits virtual
power management:

processor	: 2
vendor_id	: GenuineIntel
cpu family	: 6
model		: 60
model name	: Intel Core Processor (Haswell, no TSX, IBRS)
stepping	: 1
microcode	: 0x1
cpu MHz		: 2399.976
cache size	: 4096 KB
physical id	: 2
siblings	: 1
core id		: 0
cpu cores	: 1
apicid		: 2
initial apicid	: 2
fpu		: yes
fpu_exception	: yes
cpuid level	: 13
wp		: yes
flags		: fpu vme de pse tsc msr pae mce cx8 apic sep mtrr pge mca cmov pat pse36 clflush mmx fxsr sse sse2 syscall nx rdtscp lm constant_tsc rep_good nopl tsc_known_freq pni pclmulqdq ssse3 fma cx16 pcid sse4_1 sse4_2 x2apic movbe popcnt tsc_deadline_timer aes xsave avx f16c rdrand hypervisor lahf_lm abm invpcid_single ibrs ibpb kaiser fsgsbase bmi1 avx2 smep bmi2 erms invpcid xsaveopt arat
bugs		: cpu_meltdown spectre_v1 spectre_v2 spec_store_bypass l1tf mds swapgs itlb_multihit
bogomips	: 4799.95
clflush size	: 64
cache_alignment	: 64
address sizes	: 40 bits physical, 48 bits virtual
power management:

processor	: 3
vendor_id	: GenuineIntel
cpu family	: 6
model		: 60
model name	: Intel Core Processor (Haswell, no TSX, IBRS)
stepping	: 1
microcode	: 0x1
cpu MHz		: 2399.976
cache size	: 4096 KB
physical id	: 3
siblings	: 1
core id		: 0
cpu cores	: 1
apicid		: 3
initial apicid	: 3
fpu		: yes
fpu_exception	: yes
cpuid level	: 13
wp		: yes
flags		: fpu vme de pse tsc msr pae mce cx8 apic sep mtrr pge mca cmov pat pse36 clflush mmx fxsr sse sse2 syscall nx rdtscp lm constant_tsc rep_good nopl tsc_known_freq pni pclmulqdq ssse3 fma cx16 pcid sse4_1 sse4_2 x2apic movbe popcnt tsc_deadline_timer aes xsave avx f16c rdrand hypervisor lahf_lm abm invpcid_single ibrs ibpb kaiser fsgsbase bmi1 avx2 smep bmi2 erms invpcid xsaveopt arat
bugs		: cpu_meltdown spectre_v1 spectre_v2 spec_store_bypass l1tf mds swapgs itlb_multihit
bogomips	: 4799.95
clflush size	: 64
cache_alignment	: 64
address sizes	: 40 bits physical, 48 bits virtual
power management:

processor	: 4
vendor_id	: GenuineIntel
cpu family	: 6
model		: 60
model name	: Intel Core Processor (Haswell, no TSX, IBRS)
stepping	: 1
microcode	: 0x1
cpu MHz		: 2399.976
cache size	: 4096 KB
physical id	: 4
siblings	: 1
core id		: 0
cpu cores	: 1
apicid		: 4
initial apicid	: 4
fpu		: yes
fpu_exception	: yes
cpuid level	: 13
wp		: yes
flags		: fpu vme de pse tsc msr pae mce cx8 apic sep mtrr pge mca cmov pat pse36 clflush mmx fxsr sse sse2 syscall nx rdtscp lm constant_tsc rep_good nopl tsc_known_freq pni pclmulqdq ssse3 fma cx16 pcid sse4_1 sse4_2 x2apic movbe popcnt tsc_deadline_timer aes xsave avx f16c rdrand hypervisor lahf_lm abm invpcid_single ibrs ibpb kaiser fsgsbase bmi1 avx2 smep bmi2 erms invpcid xsaveopt arat
bugs		: cpu_meltdown spectre_v1 spectre_v2 spec_store_bypass l1tf mds swapgs itlb_multihit
bogomips	: 4799.95
clflush size	: 64
cache_alignment	: 64
address sizes	: 40 bits physical, 48 bits virtual
power management:

processor	: 5
vendor_id	: GenuineIntel
cpu family	: 6
model		: 60
model name	: Intel Core Processor (Haswell, no TSX, IBRS)
stepping	: 1
microcode	: 0x1
cpu MHz		: 2399.976
cache size	: 4096 KB
physical id	: 5
siblings	: 1
core id		: 0
cpu cores	: 1
apicid		: 5
initial apicid	: 5
fpu		: yes
fpu_exception	: yes
cpuid level	: 13
wp		: yes
flags		: fpu vme de pse tsc msr pae mce cx8 apic sep mtrr pge mca cmov pat pse36 clflush mmx fxsr sse sse2 syscall nx rdtscp lm constant_tsc rep_good nopl tsc_known_freq pni pclmulqdq ssse3 fma cx16 pcid sse4_1 sse4_2 x2apic movbe popcnt tsc_deadline_timer aes xsave avx f16c rdrand hypervisor lahf_lm abm invpcid_single ibrs ibpb kaiser fsgsbase bmi1 avx2 smep bmi2 erms invpcid xsaveopt arat
bugs		: cpu_meltdown spectre_v1 spectre_v2 spec_store_bypass l1tf mds swapgs itlb_multihit
bogomips	: 4799.95
clflush size	: 64
cache_alignment	: 64
address sizes	: 40 bits physical, 48 bits virtual
power management:

processor	: 6
vendor_id	: GenuineIntel
cpu family	: 6
model		: 60
model name	: Intel Core Processor (Haswell, no TSX, IBRS)
stepping	: 1
microcode	: 0x1
cpu MHz		: 2399.976
cache size	: 4096 KB
physical id	: 6
siblings	: 1
core id		: 0
cpu cores	: 1
apicid		: 6
initial apicid	: 6
fpu		: yes
fpu_exception	: yes
cpuid level	: 13
wp		: yes
flags		: fpu vme de pse tsc msr pae mce cx8 apic sep mtrr pge mca cmov pat pse36 clflush mmx fxsr sse sse2 syscall nx rdtscp lm constant_tsc rep_good nopl tsc_known_freq pni pclmulqdq ssse3 fma cx16 pcid sse4_1 sse4_2 x2apic movbe popcnt tsc_deadline_timer aes xsave avx f16c rdrand hypervisor lahf_lm abm invpcid_single ibrs ibpb kaiser fsgsbase bmi1 avx2 smep bmi2 erms invpcid xsaveopt arat
bugs		: cpu_meltdown spectre_v1 spectre_v2 spec_store_bypass l1tf mds swapgs itlb_multihit
bogomips	: 4799.95
clflush size	: 64
cache_alignment	: 64
address sizes	: 40 bits physical, 48 bits virtual
power management:

processor	: 7
vendor_id	: GenuineIntel
cpu family	: 6
model		: 60
model name	: Intel Core Processor (Haswell, no TSX, IBRS)
stepping	: 1
microcode	: 0x1
cpu MHz		: 2399.976
cache size	: 4096 KB
physical id	: 7
siblings	: 1
core id		: 0
cpu cores	: 1
apicid		: 7
initial apicid	: 7
fpu		: yes
fpu_exception	: yes
cpuid level	: 13
wp		: yes
flags		: fpu vme de pse tsc msr pae mce cx8 apic sep mtrr pge mca cmov pat pse36 clflush mmx fxsr sse sse2 syscall nx rdtscp lm constant_tsc rep_good nopl tsc_known_freq pni pclmulqdq ssse3 fma cx16 pcid sse4_1 sse4_2 x2apic movbe popcnt tsc_deadline_timer aes xsave avx f16c rdrand hypervisor lahf_lm abm invpcid_single ibrs ibpb kaiser fsgsbase bmi1 avx2 smep bmi2 erms invpcid xsaveopt arat
bugs		: cpu_meltdown spectre_v1 spectre_v2 spec_store_bypass l1tf mds swapgs itlb_multihit
bogomips	: 4799.95
clflush size	: 64
cache_alignment	: 64
address sizes	: 40 bits physical, 48 bits virtual
power management:



Memory: 4k page, physical 32946664k(218580k free), swap 998396k(861424k free)

vm_info: OpenJDK 64-Bit Server VM (25.232-b09) for linux-amd64 JRE (1.8.0_232-b09), built on Oct 10 2019 05:03:18 by "openjdk" with gcc 4.4.7 20120313 (Red Hat 4.4.7-23)

time: Mon Jun  8 18:21:40 2020
timezone: EDT
elapsed time: 40 seconds (0d 0h 0m 40s)

