#
# There is insufficient memory for the Java Runtime Environment to continue.
# Native memory allocation (mmap) failed to map 292552704 bytes for committing reserved memory.
# Possible reasons:
#   The system is out of physical RAM or swap space
#   The process is running with CompressedOops enabled, and the Java Heap may be blocking the growth of the native heap
# Possible solutions:
#   Reduce memory load on the system
#   Increase physical memory or swap space
#   Check if swap backing store is full
#   Decrease Java heap size (-Xmx/-Xms)
#   Decrease number of Java threads
#   Decrease Java thread stack sizes (-Xss)
#   Set larger code cache with -XX:ReservedCodeCacheSize=
#   JVM is running with Zero Based Compressed Oops mode in which the Java heap is
#     placed in the first 32GB address space. The Java Heap base address is the
#     maximum limit for the native heap growth. Please use -XX:HeapBaseMinAddress
#     to set the Java Heap base and to place the Java Heap above 32GB virtual address.
# This output file may be truncated or incomplete.
#
#  Out of Memory Error (os_linux.cpp:2754), pid=1431, tid=0x00007f44deeee700
#
# JRE version: OpenJDK Runtime Environment (8.0_232-b09) (build 1.8.0_232-b09)
# Java VM: OpenJDK 64-Bit Server VM (25.232-b09 mixed mode linux-amd64 compressed oops)
# Failed to write core dump. Core dumps have been disabled. To enable core dumping, try "ulimit -c unlimited" before starting Java again
#

---------------  T H R E A D  ---------------

Current thread (0x00007f45081c7800):  VMThread [stack: 0x00007f44dedee000,0x00007f44deeef000] [id=1461]

Stack: [0x00007f44dedee000,0x00007f44deeef000],  sp=0x00007f44deeecf90,  free space=1019k
Native frames: (J=compiled Java code, j=interpreted, Vv=VM code, C=native code)
V  [libjvm.so+0xa4e56d]  VMError::report_and_die()+0x15d
V  [libjvm.so+0x4e2ec9]  report_vm_out_of_memory(char const*, int, unsigned long, VMErrorType, char const*)+0x99
V  [libjvm.so+0x8be243]  os::Linux::commit_memory_impl(char*, unsigned long, bool)+0x113
V  [libjvm.so+0x8be469]  os::pd_commit_memory(char*, unsigned long, unsigned long, bool)+0x29
V  [libjvm.so+0x8b306a]  os::commit_memory(char*, unsigned long, unsigned long, bool)+0x2a
V  [libjvm.so+0x92334b]  PSVirtualSpace::expand_by(unsigned long)+0x6b
V  [libjvm.so+0x924608]  PSYoungGen::resize_generation(unsigned long, unsigned long)+0xb8
V  [libjvm.so+0x923742]  PSYoungGen::resize(unsigned long, unsigned long)+0x22
V  [libjvm.so+0x920d1e]  PSScavenge::invoke_no_policy()+0x102e
V  [libjvm.so+0x9214d3]  PSScavenge::invoke()+0x43
V  [libjvm.so+0x8dbe4d]  ParallelScavengeHeap::failed_mem_allocate(unsigned long)+0x6d
V  [libjvm.so+0xa4ffe7]  VM_ParallelGCFailedAllocation::doit()+0x97
V  [libjvm.so+0xa56982]  VM_Operation::evaluate()+0x52
V  [libjvm.so+0xa54ce9]  VMThread::evaluate_operation(VM_Operation*)+0xa9
V  [libjvm.so+0xa5531b]  VMThread::loop()+0x1fb
V  [libjvm.so+0xa55783]  VMThread::run()+0x83
V  [libjvm.so+0x8be5d2]  java_start(Thread*)+0x132

VM_Operation (0x00007f450e597d60): ParallelGCFailedAllocation, mode: safepoint, requested by thread 0x00007f450800b000


---------------  P R O C E S S  ---------------

Java Threads: ( => current thread )
  0x00007f450822c800 JavaThread "Service Thread" daemon [_thread_blocked, id=1487, stack(0x00007f44de30e000,0x00007f44de40f000)]
  0x00007f450820f800 JavaThread "C1 CompilerThread3" daemon [_thread_blocked, id=1478, stack(0x00007f44de40f000,0x00007f44de510000)]
  0x00007f450820d800 JavaThread "C2 CompilerThread2" daemon [_thread_in_native, id=1476, stack(0x00007f44de510000,0x00007f44de611000)]
  0x00007f450820b800 JavaThread "C2 CompilerThread1" daemon [_thread_in_native, id=1473, stack(0x00007f44de611000,0x00007f44de712000)]
  0x00007f4508208800 JavaThread "C2 CompilerThread0" daemon [_thread_in_native, id=1471, stack(0x00007f44de712000,0x00007f44de813000)]
  0x00007f4508207000 JavaThread "Signal Dispatcher" daemon [_thread_blocked, id=1470, stack(0x00007f44de813000,0x00007f44de914000)]
  0x00007f45081d4000 JavaThread "Finalizer" daemon [_thread_blocked, id=1467, stack(0x00007f44debec000,0x00007f44deced000)]
  0x00007f45081d1800 JavaThread "Reference Handler" daemon [_thread_blocked, id=1464, stack(0x00007f44deced000,0x00007f44dedee000)]
  0x00007f450800b000 JavaThread "main" [_thread_blocked, id=1433, stack(0x00007f450e499000,0x00007f450e59a000)]

Other Threads:
=>0x00007f45081c7800 VMThread [stack: 0x00007f44dedee000,0x00007f44deeef000] [id=1461]
  0x00007f450822f000 WatcherThread [stack: 0x00007f44de20d000,0x00007f44de30e000] [id=1488]

VM state:at safepoint (normal execution)

VM Mutex/Monitor currently owned by a thread:  ([mutex/lock_event])
[0x00007f4508007250] Threads_lock - owner thread: 0x00007f45081c7800
[0x00007f4508007750] Heap_lock - owner thread: 0x00007f450800b000

heap address: 0x00000005c9400000, size: 8044 MB, Compressed Oops mode: Zero based, Oop shift amount: 3
Narrow klass base: 0x0000000000000000, Narrow klass shift: 3
Compressed class space size: 1073741824 Address: 0x00000007c0000000

Heap:
 PSYoungGen      total 279552K, used 21473K [0x0000000718700000, 0x000000072ad00000, 0x00000007c0000000)
  eden space 258048K, 0% used [0x0000000718700000,0x0000000718700000,0x0000000728300000)
  from space 21504K, 99% used [0x0000000728300000,0x00000007297f8708,0x0000000729800000)
  to   space 21504K, 0% used [0x0000000729800000,0x0000000729800000,0x000000072ad00000)
 ParOldGen       total 344064K, used 17388K [0x00000005c9400000, 0x00000005de400000, 0x0000000718700000)
  object space 344064K, 5% used [0x00000005c9400000,0x00000005ca4fb200,0x00000005de400000)
 Metaspace       used 9430K, capacity 9632K, committed 9984K, reserved 1058816K
  class space    used 901K, capacity 912K, committed 1024K, reserved 1048576K

Card table byte_map: [0x00007f44f722d000,0x00007f44f81e4000] byte_map_base: 0x00007f44f43e3000

Marking Bits: (ParMarkBitMap*) 0x00007f450d959900
 Begin Bits: [0x00007f44e644b000, 0x00007f44ee1fb000)
 End Bits:   [0x00007f44ee1fb000, 0x00007f44f5fab000)

Polling page: 0x00007f450e5ae000

CodeCache: size=245760Kb used=13880Kb max_used=13880Kb free=231879Kb
 bounds [0x00007f44f85a4000, 0x00007f44f9344000, 0x00007f45075a4000]
 total_blobs=3924 nmethods=3630 adapters=208
 compilation: enabled

Compilation events (10 events):
Event: 6.665 Thread 0x00007f450820f800 3729       2       org.benf.cfr.reader.bytecode.analysis.parse.expression.ArithmeticOperation::dumpInner (75 bytes)
Event: 6.665 Thread 0x00007f450820f800 nmethod 3729 0x00007f44f931d710 code [0x00007f44f931d8e0, 0x00007f44f931dd28]
Event: 6.683 Thread 0x00007f450820f800 3730       2       java.util.HashMap$TreeNode::treeify (221 bytes)
Event: 6.684 Thread 0x00007f450820f800 nmethod 3730 0x00007f44f931cc10 code [0x00007f44f931cdc0, 0x00007f44f931d348]
Event: 6.690 Thread 0x00007f450820f800 3731 %     3       org.benf.cfr.reader.bytecode.analysis.opgraph.Op03SimpleStatement::condenseLValueChain2 @ 7 (117 bytes)
Event: 6.691 Thread 0x00007f450820f800 nmethod 3731% 0x00007f44f931b790 code [0x00007f44f931b9c0, 0x00007f44f931c808]
Event: 6.692 Thread 0x00007f450820f800 3732       2       org.benf.cfr.reader.bytecode.analysis.types.RawJavaType::getInnerClassHereInfo (4 bytes)
Event: 6.692 Thread 0x00007f450820f800 nmethod 3732 0x00007f44f931b450 code [0x00007f44f931b5a0, 0x00007f44f931b6f0]
Event: 6.692 Thread 0x00007f450820f800 3733       2       org.benf.cfr.reader.bytecode.analysis.parse.expression.AssignmentExpression::getPrecedence (4 bytes)
Event: 6.692 Thread 0x00007f450820f800 nmethod 3733 0x00007f44f931b050 code [0x00007f44f931b1a0, 0x00007f44f931b2f0]

GC Heap History (9 events):
Event: 2.049 GC heap before
{Heap before GC invocations=1 (full 0):
 PSYoungGen      total 150528K, used 129024K [0x0000000718700000, 0x0000000722f00000, 0x00000007c0000000)
  eden space 129024K, 100% used [0x0000000718700000,0x0000000720500000,0x0000000720500000)
  from space 21504K, 0% used [0x0000000721a00000,0x0000000721a00000,0x0000000722f00000)
  to   space 21504K, 0% used [0x0000000720500000,0x0000000720500000,0x0000000721a00000)
 ParOldGen       total 344064K, used 0K [0x00000005c9400000, 0x00000005de400000, 0x0000000718700000)
  object space 344064K, 0% used [0x00000005c9400000,0x00000005c9400000,0x00000005de400000)
 Metaspace       used 8083K, capacity 8640K, committed 8832K, reserved 1056768K
  class space    used 849K, capacity 880K, committed 896K, reserved 1048576K
Event: 2.067 GC heap after
Heap after GC invocations=1 (full 0):
 PSYoungGen      total 150528K, used 16178K [0x0000000718700000, 0x0000000722f00000, 0x00000007c0000000)
  eden space 129024K, 0% used [0x0000000718700000,0x0000000718700000,0x0000000720500000)
  from space 21504K, 75% used [0x0000000720500000,0x00000007214ccb48,0x0000000721a00000)
  to   space 21504K, 0% used [0x0000000721a00000,0x0000000721a00000,0x0000000722f00000)
 ParOldGen       total 344064K, used 8K [0x00000005c9400000, 0x00000005de400000, 0x0000000718700000)
  object space 344064K, 0% used [0x00000005c9400000,0x00000005c9402000,0x00000005de400000)
 Metaspace       used 8083K, capacity 8640K, committed 8832K, reserved 1056768K
  class space    used 849K, capacity 880K, committed 896K, reserved 1048576K
}
Event: 3.106 GC heap before
{Heap before GC invocations=2 (full 0):
 PSYoungGen      total 150528K, used 145202K [0x0000000718700000, 0x0000000722f00000, 0x00000007c0000000)
  eden space 129024K, 100% used [0x0000000718700000,0x0000000720500000,0x0000000720500000)
  from space 21504K, 75% used [0x0000000720500000,0x00000007214ccb48,0x0000000721a00000)
  to   space 21504K, 0% used [0x0000000721a00000,0x0000000721a00000,0x0000000722f00000)
 ParOldGen       total 344064K, used 8K [0x00000005c9400000, 0x00000005de400000, 0x0000000718700000)
  object space 344064K, 0% used [0x00000005c9400000,0x00000005c9402000,0x00000005de400000)
 Metaspace       used 8756K, capacity 9184K, committed 9472K, reserved 1058816K
  class space    used 871K, capacity 912K, committed 1024K, reserved 1048576K
Event: 3.143 GC heap after
Heap after GC invocations=2 (full 0):
 PSYoungGen      total 150528K, used 18231K [0x0000000718700000, 0x000000072ad00000, 0x00000007c0000000)
  eden space 129024K, 0% used [0x0000000718700000,0x0000000718700000,0x0000000720500000)
  from space 21504K, 84% used [0x0000000721a00000,0x0000000722bcdde0,0x0000000722f00000)
  to   space 21504K, 0% used [0x0000000720500000,0x0000000720500000,0x0000000721a00000)
 ParOldGen       total 344064K, used 24K [0x00000005c9400000, 0x00000005de400000, 0x0000000718700000)
  object space 344064K, 0% used [0x00000005c9400000,0x00000005c9406000,0x00000005de400000)
 Metaspace       used 8756K, capacity 9184K, committed 9472K, reserved 1058816K
  class space    used 871K, capacity 912K, committed 1024K, reserved 1048576K
}
Event: 4.109 GC heap before
{Heap before GC invocations=3 (full 0):
 PSYoungGen      total 150528K, used 147255K [0x0000000718700000, 0x000000072ad00000, 0x00000007c0000000)
  eden space 129024K, 100% used [0x0000000718700000,0x0000000720500000,0x0000000720500000)
  from space 21504K, 84% used [0x0000000721a00000,0x0000000722bcdde0,0x0000000722f00000)
  to   space 21504K, 0% used [0x0000000720500000,0x0000000720500000,0x0000000721a00000)
 ParOldGen       total 344064K, used 24K [0x00000005c9400000, 0x00000005de400000, 0x0000000718700000)
  object space 344064K, 0% used [0x00000005c9400000,0x00000005c9406000,0x00000005de400000)
 Metaspace       used 9021K, capacity 9376K, committed 9728K, reserved 1058816K
  class space    used 876K, capacity 912K, committed 1024K, reserved 1048576K
Event: 4.143 GC heap after
Heap after GC invocations=3 (full 0):
 PSYoungGen      total 150528K, used 21485K [0x0000000718700000, 0x000000072ad00000, 0x00000007c0000000)
  eden space 129024K, 0% used [0x0000000718700000,0x0000000718700000,0x0000000720500000)
  from space 21504K, 99% used [0x0000000720500000,0x00000007219fb6d0,0x0000000721a00000)
  to   space 21504K, 0% used [0x0000000729800000,0x0000000729800000,0x000000072ad00000)
 ParOldGen       total 344064K, used 602K [0x00000005c9400000, 0x00000005de400000, 0x0000000718700000)
  object space 344064K, 0% used [0x00000005c9400000,0x00000005c9496ba8,0x00000005de400000)
 Metaspace       used 9021K, capacity 9376K, committed 9728K, reserved 1058816K
  class space    used 876K, capacity 912K, committed 1024K, reserved 1048576K
}
Event: 5.196 GC heap before
{Heap before GC invocations=4 (full 0):
 PSYoungGen      total 150528K, used 150509K [0x0000000718700000, 0x000000072ad00000, 0x00000007c0000000)
  eden space 129024K, 100% used [0x0000000718700000,0x0000000720500000,0x0000000720500000)
  from space 21504K, 99% used [0x0000000720500000,0x00000007219fb6d0,0x0000000721a00000)
  to   space 21504K, 0% used [0x0000000729800000,0x0000000729800000,0x000000072ad00000)
 ParOldGen       total 344064K, used 602K [0x00000005c9400000, 0x00000005de400000, 0x0000000718700000)
  object space 344064K, 0% used [0x00000005c9400000,0x00000005c9496ba8,0x00000005de400000)
 Metaspace       used 9212K, capacity 9568K, committed 9728K, reserved 1058816K
  class space    used 885K, capacity 912K, committed 1024K, reserved 1048576K
Event: 5.269 GC heap after
Heap after GC invocations=4 (full 0):
 PSYoungGen      total 279552K, used 21486K [0x0000000718700000, 0x000000072ad00000, 0x00000007c0000000)
  eden space 258048K, 0% used [0x0000000718700000,0x0000000718700000,0x0000000728300000)
  from space 21504K, 99% used [0x0000000729800000,0x000000072acfba78,0x000000072ad00000)
  to   space 21504K, 0% used [0x0000000728300000,0x0000000728300000,0x0000000729800000)
 ParOldGen       total 344064K, used 7022K [0x00000005c9400000, 0x00000005de400000, 0x0000000718700000)
  object space 344064K, 2% used [0x00000005c9400000,0x00000005c9adb9d0,0x00000005de400000)
 Metaspace       used 9212K, capacity 9568K, committed 9728K, reserved 1058816K
  class space    used 885K, capacity 912K, committed 1024K, reserved 1048576K
}
Event: 6.700 GC heap before
{Heap before GC invocations=5 (full 0):
 PSYoungGen      total 279552K, used 279534K [0x0000000718700000, 0x000000072ad00000, 0x00000007c0000000)
  eden space 258048K, 100% used [0x0000000718700000,0x0000000728300000,0x0000000728300000)
  from space 21504K, 99% used [0x0000000729800000,0x000000072acfba78,0x000000072ad00000)
  to   space 21504K, 0% used [0x0000000728300000,0x0000000728300000,0x0000000729800000)
 ParOldGen       total 344064K, used 7022K [0x00000005c9400000, 0x00000005de400000, 0x0000000718700000)
  object space 344064K, 2% used [0x00000005c9400000,0x00000005c9adb9d0,0x00000005de400000)
 Metaspace       used 9430K, capacity 9632K, committed 9984K, reserved 1058816K
  class space    used 901K, capacity 912K, committed 1024K, reserved 1048576K

Deoptimization events (10 events):
Event: 5.696 Thread 0x00007f450800b000 Uncommon trap: reason=unloaded action=reinterpret pc=0x00007f44f901fc1c method=org.benf.cfr.reader.bytecode.analysis.opgraph.Op04StructuredStatement.transformStructuredGotoWithScope(Lorg/benf/cfr/reader/bytecode/analysis/structured/StructuredScope;Lorg/be
Event: 5.896 Thread 0x00007f450800b000 Uncommon trap: reason=unstable_if action=reinterpret pc=0x00007f44f91b90b8 method=org.benf.cfr.reader.bytecode.analysis.parse.utils.LValueAssignmentAndAliasCondenser$AliasRewriter.getLValueReplacement(Lorg/benf/cfr/reader/bytecode/analysis/parse/LValue;Lo
Event: 6.077 Thread 0x00007f450800b000 Uncommon trap: reason=null_assert action=make_not_entrant pc=0x00007f44f8d97210 method=org.benf.cfr.reader.bytecode.analysis.opgraph.op3rewriters.LValueProp.condenseLValues(Ljava/util/List;)V @ 142
Event: 6.077 Thread 0x00007f450800b000 Uncommon trap: reason=class_check action=maybe_recompile pc=0x00007f44f8a4505c method=org.benf.cfr.reader.bytecode.analysis.parse.expression.LValueExpression.replaceSingleUsageLValues(Lorg/benf/cfr/reader/bytecode/analysis/parse/utils/LValueRewriter;Lorg/
Event: 6.077 Thread 0x00007f450800b000 Uncommon trap: reason=class_check action=maybe_recompile pc=0x00007f44f8a4505c method=org.benf.cfr.reader.bytecode.analysis.parse.expression.LValueExpression.replaceSingleUsageLValues(Lorg/benf/cfr/reader/bytecode/analysis/parse/utils/LValueRewriter;Lorg/
Event: 6.077 Thread 0x00007f450800b000 Uncommon trap: reason=class_check action=maybe_recompile pc=0x00007f44f8a4505c method=org.benf.cfr.reader.bytecode.analysis.parse.expression.LValueExpression.replaceSingleUsageLValues(Lorg/benf/cfr/reader/bytecode/analysis/parse/utils/LValueRewriter;Lorg/
Event: 6.077 Thread 0x00007f450800b000 Uncommon trap: reason=class_check action=maybe_recompile pc=0x00007f44f8a4505c method=org.benf.cfr.reader.bytecode.analysis.parse.expression.LValueExpression.replaceSingleUsageLValues(Lorg/benf/cfr/reader/bytecode/analysis/parse/utils/LValueRewriter;Lorg/
Event: 6.077 Thread 0x00007f450800b000 Uncommon trap: reason=class_check action=maybe_recompile pc=0x00007f44f8a9be6c method=java.util.HashMap.removeNode(ILjava/lang/Object;Ljava/lang/Object;ZZ)Ljava/util/HashMap$Node; @ 68
Event: 6.086 Thread 0x00007f450800b000 Uncommon trap: reason=class_check action=maybe_recompile pc=0x00007f44f8a9be6c method=java.util.HashMap.removeNode(ILjava/lang/Object;Ljava/lang/Object;ZZ)Ljava/util/HashMap$Node; @ 68
Event: 6.086 Thread 0x00007f450800b000 Uncommon trap: reason=class_check action=maybe_recompile pc=0x00007f44f8a9be6c method=java.util.HashMap.removeNode(ILjava/lang/Object;Ljava/lang/Object;ZZ)Ljava/util/HashMap$Node; @ 68

Classes redefined (0 events):
No events

Internal exceptions (5 events):
Event: 0.040 Thread 0x00007f450800b000 Exception <a 'java/lang/NoSuchMethodError': Method sun.misc.Unsafe.defineClass(Ljava/lang/String;[BII)Ljava/lang/Class; name or signature does not match> (0x0000000718707cb8) thrown at [/home/openjdk/jdk8u/hotspot/src/share/vm/prims/jni.cpp, line 4013]
Event: 0.040 Thread 0x00007f450800b000 Exception <a 'java/lang/NoSuchMethodError': Method sun.misc.Unsafe.prefetchRead(Ljava/lang/Object;J)V name or signature does not match> (0x0000000718707fa0) thrown at [/home/openjdk/jdk8u/hotspot/src/share/vm/prims/jni.cpp, line 4013]
Event: 1.061 Thread 0x00007f450800b000 Implicit null exception at 0x00007f44f888f69c to 0x00007f44f888fa39
Event: 1.129 Thread 0x00007f450800b000 Implicit null exception at 0x00007f44f88d415c to 0x00007f44f88d45c5
Event: 2.686 Thread 0x00007f450800b000 Implicit null exception at 0x00007f44f87f4032 to 0x00007f44f87f40c1

Events (10 events):
Event: 6.424 Thread 0x00007f450800b000 DEOPT UNPACKING pc=0x00007f44f85eb4c4 sp=0x00007f450e597b28 mode 0
Event: 6.431 Thread 0x00007f450800b000 DEOPT PACKING pc=0x00007f44f8b68233 sp=0x00007f450e597bd0
Event: 6.432 Thread 0x00007f450800b000 DEOPT UNPACKING pc=0x00007f44f85eb4c4 sp=0x00007f450e597ab0 mode 0
Event: 6.486 Thread 0x00007f450800b000 DEOPT PACKING pc=0x00007f44f8b68233 sp=0x00007f450e597bd0
Event: 6.486 Thread 0x00007f450800b000 DEOPT UNPACKING pc=0x00007f44f85eb4c4 sp=0x00007f450e597ab0 mode 0
Event: 6.573 Thread 0x00007f450800b000 DEOPT PACKING pc=0x00007f44f8b68233 sp=0x00007f450e597bd0
Event: 6.573 Thread 0x00007f450800b000 DEOPT UNPACKING pc=0x00007f44f85eb4c4 sp=0x00007f450e597ab0 mode 0
Event: 6.683 Thread 0x00007f450800b000 DEOPT PACKING pc=0x00007f44f8b68233 sp=0x00007f450e597bd0
Event: 6.683 Thread 0x00007f450800b000 DEOPT UNPACKING pc=0x00007f44f85eb4c4 sp=0x00007f450e597ab0 mode 0
Event: 6.700 Executing VM operation: ParallelGCFailedAllocation


Dynamic libraries:
00400000-00401000 r-xp 00000000 08:11 3934147                            /media/data/helper_tools/sdkman/candidates/java/8.0.232-open/bin/java
00600000-00601000 r--p 00000000 08:11 3934147                            /media/data/helper_tools/sdkman/candidates/java/8.0.232-open/bin/java
00601000-00602000 rw-p 00001000 08:11 3934147                            /media/data/helper_tools/sdkman/candidates/java/8.0.232-open/bin/java
01fc4000-01fe5000 rw-p 00000000 00:00 0                                  [heap]
5c9400000-5de400000 rw-p 00000000 00:00 0 
5de400000-718700000 ---p 00000000 00:00 0 
718700000-72ad00000 rw-p 00000000 00:00 0 
73c400000-7c0000000 ---p 00000000 00:00 0 
7c0000000-7c0100000 rw-p 00000000 00:00 0 
7c0100000-800000000 ---p 00000000 00:00 0 
7f4488000000-7f4488021000 rw-p 00000000 00:00 0 
7f4488021000-7f448c000000 ---p 00000000 00:00 0 
7f448c000000-7f448c021000 rw-p 00000000 00:00 0 
7f448c021000-7f4490000000 ---p 00000000 00:00 0 
7f4490000000-7f4491bd6000 rw-p 00000000 00:00 0 
7f4491bd6000-7f4494000000 ---p 00000000 00:00 0 
7f4494000000-7f4494dc3000 rw-p 00000000 00:00 0 
7f4494dc3000-7f4498000000 ---p 00000000 00:00 0 
7f4498000000-7f449983e000 rw-p 00000000 00:00 0 
7f449983e000-7f449c000000 ---p 00000000 00:00 0 
7f449c000000-7f449df6d000 rw-p 00000000 00:00 0 
7f449df6d000-7f44a0000000 ---p 00000000 00:00 0 
7f44a0000000-7f44a0021000 rw-p 00000000 00:00 0 
7f44a0021000-7f44a4000000 ---p 00000000 00:00 0 
7f44a4000000-7f44a4021000 rw-p 00000000 00:00 0 
7f44a4021000-7f44a8000000 ---p 00000000 00:00 0 
7f44a8000000-7f44a8282000 rw-p 00000000 00:00 0 
7f44a8282000-7f44ac000000 ---p 00000000 00:00 0 
7f44ac000000-7f44ac021000 rw-p 00000000 00:00 0 
7f44ac021000-7f44b0000000 ---p 00000000 00:00 0 
7f44b0000000-7f44b0021000 rw-p 00000000 00:00 0 
7f44b0021000-7f44b4000000 ---p 00000000 00:00 0 
7f44b4000000-7f44b4021000 rw-p 00000000 00:00 0 
7f44b4021000-7f44b8000000 ---p 00000000 00:00 0 
7f44b8000000-7f44b8021000 rw-p 00000000 00:00 0 
7f44b8021000-7f44bc000000 ---p 00000000 00:00 0 
7f44c0000000-7f44c0021000 rw-p 00000000 00:00 0 
7f44c0021000-7f44c4000000 ---p 00000000 00:00 0 
7f44c8000000-7f44c8021000 rw-p 00000000 00:00 0 
7f44c8021000-7f44cc000000 ---p 00000000 00:00 0 
7f44d0000000-7f44d0021000 rw-p 00000000 00:00 0 
7f44d0021000-7f44d4000000 ---p 00000000 00:00 0 
7f44d8000000-7f44d8021000 rw-p 00000000 00:00 0 
7f44d8021000-7f44dc000000 ---p 00000000 00:00 0 
7f44ddbe3000-7f44ddca3000 rw-p 00000000 00:00 0 
7f44ddca3000-7f44ddde3000 ---p 00000000 00:00 0 
7f44ddde3000-7f44dddfa000 r-xp 00000000 08:11 3934102                    /media/data/helper_tools/sdkman/candidates/java/8.0.232-open/jre/lib/amd64/libnet.so
7f44dddfa000-7f44ddff9000 ---p 00017000 08:11 3934102                    /media/data/helper_tools/sdkman/candidates/java/8.0.232-open/jre/lib/amd64/libnet.so
7f44ddff9000-7f44ddffa000 r--p 00016000 08:11 3934102                    /media/data/helper_tools/sdkman/candidates/java/8.0.232-open/jre/lib/amd64/libnet.so
7f44ddffa000-7f44ddffb000 rw-p 00017000 08:11 3934102                    /media/data/helper_tools/sdkman/candidates/java/8.0.232-open/jre/lib/amd64/libnet.so
7f44ddffb000-7f44de00c000 r-xp 00000000 08:11 3934081                    /media/data/helper_tools/sdkman/candidates/java/8.0.232-open/jre/lib/amd64/libnio.so
7f44de00c000-7f44de20b000 ---p 00011000 08:11 3934081                    /media/data/helper_tools/sdkman/candidates/java/8.0.232-open/jre/lib/amd64/libnio.so
7f44de20b000-7f44de20c000 r--p 00010000 08:11 3934081                    /media/data/helper_tools/sdkman/candidates/java/8.0.232-open/jre/lib/amd64/libnio.so
7f44de20c000-7f44de20d000 rw-p 00011000 08:11 3934081                    /media/data/helper_tools/sdkman/candidates/java/8.0.232-open/jre/lib/amd64/libnio.so
7f44de20d000-7f44de20e000 ---p 00000000 00:00 0 
7f44de20e000-7f44de30e000 rw-p 00000000 00:00 0 
7f44de30e000-7f44de311000 ---p 00000000 00:00 0 
7f44de311000-7f44de40f000 rw-p 00000000 00:00 0 
7f44de40f000-7f44de412000 ---p 00000000 00:00 0 
7f44de412000-7f44de510000 rw-p 00000000 00:00 0 
7f44de510000-7f44de513000 ---p 00000000 00:00 0 
7f44de513000-7f44de611000 rw-p 00000000 00:00 0 
7f44de611000-7f44de614000 ---p 00000000 00:00 0 
7f44de614000-7f44de712000 rw-p 00000000 00:00 0 
7f44de712000-7f44de715000 ---p 00000000 00:00 0 
7f44de715000-7f44de813000 rw-p 00000000 00:00 0 
7f44de813000-7f44de816000 ---p 00000000 00:00 0 
7f44de816000-7f44de914000 rw-p 00000000 00:00 0 
7f44de914000-7f44debec000 r--p 00000000 08:01 261135                     /usr/lib/locale/locale-archive
7f44debec000-7f44debef000 ---p 00000000 00:00 0 
7f44debef000-7f44deced000 rw-p 00000000 00:00 0 
7f44deced000-7f44decf0000 ---p 00000000 00:00 0 
7f44decf0000-7f44dedee000 rw-p 00000000 00:00 0 
7f44dedee000-7f44dedef000 ---p 00000000 00:00 0 
7f44dedef000-7f44e0021000 rw-p 00000000 00:00 0 
7f44e0021000-7f44e4000000 ---p 00000000 00:00 0 
7f44e406d000-7f44e4ac5000 rw-p 00000000 00:00 0 
7f44e4ac5000-7f44e4c95000 r--s 03c5f000 08:11 3934121                    /media/data/helper_tools/sdkman/candidates/java/8.0.232-open/jre/lib/rt.jar
7f44e4c95000-7f44f5fab000 rw-p 00000000 00:00 0 
7f44f5fab000-7f44f5fac000 ---p 00000000 00:00 0 
7f44f5fac000-7f44f60ac000 rw-p 00000000 00:00 0 
7f44f60ac000-7f44f60ad000 ---p 00000000 00:00 0 
7f44f60ad000-7f44f61ad000 rw-p 00000000 00:00 0 
7f44f61ad000-7f44f61ae000 ---p 00000000 00:00 0 
7f44f61ae000-7f44f62ae000 rw-p 00000000 00:00 0 
7f44f62ae000-7f44f62af000 ---p 00000000 00:00 0 
7f44f62af000-7f44f63af000 rw-p 00000000 00:00 0 
7f44f63af000-7f44f63b0000 ---p 00000000 00:00 0 
7f44f63b0000-7f44f64b0000 rw-p 00000000 00:00 0 
7f44f64b0000-7f44f64b1000 ---p 00000000 00:00 0 
7f44f64b1000-7f44f65b1000 rw-p 00000000 00:00 0 
7f44f65b1000-7f44f65b2000 ---p 00000000 00:00 0 
7f44f65b2000-7f44f66b2000 rw-p 00000000 00:00 0 
7f44f66b2000-7f44f66b3000 ---p 00000000 00:00 0 
7f44f66b3000-7f44f685b000 rw-p 00000000 00:00 0 
7f44f685b000-7f44f722d000 ---p 00000000 00:00 0 
7f44f722d000-7f44f72d5000 rw-p 00000000 00:00 0 
7f44f72d5000-7f44f7ca6000 ---p 00000000 00:00 0 
7f44f7ca6000-7f44f7d3a000 rw-p 00000000 00:00 0 
7f44f7d3a000-7f44f81e3000 ---p 00000000 00:00 0 
7f44f81e3000-7f44f821b000 rw-p 00000000 00:00 0 
7f44f821b000-7f44f85a4000 ---p 00000000 00:00 0 
7f44f85a4000-7f44f9344000 rwxp 00000000 00:00 0 
7f44f9344000-7f45075a4000 ---p 00000000 00:00 0 
7f45075a4000-7f45075bf000 r-xp 00000000 08:11 3934063                    /media/data/helper_tools/sdkman/candidates/java/8.0.232-open/jre/lib/amd64/libzip.so
7f45075bf000-7f45077be000 ---p 0001b000 08:11 3934063                    /media/data/helper_tools/sdkman/candidates/java/8.0.232-open/jre/lib/amd64/libzip.so
7f45077be000-7f45077bf000 r--p 0001a000 08:11 3934063                    /media/data/helper_tools/sdkman/candidates/java/8.0.232-open/jre/lib/amd64/libzip.so
7f45077bf000-7f45077c0000 rw-p 0001b000 08:11 3934063                    /media/data/helper_tools/sdkman/candidates/java/8.0.232-open/jre/lib/amd64/libzip.so
7f45077c0000-7f45077cb000 r-xp 00000000 08:01 406780                     /lib/x86_64-linux-gnu/libnss_files-2.23.so
7f45077cb000-7f45079ca000 ---p 0000b000 08:01 406780                     /lib/x86_64-linux-gnu/libnss_files-2.23.so
7f45079ca000-7f45079cb000 r--p 0000a000 08:01 406780                     /lib/x86_64-linux-gnu/libnss_files-2.23.so
7f45079cb000-7f45079cc000 rw-p 0000b000 08:01 406780                     /lib/x86_64-linux-gnu/libnss_files-2.23.so
7f45079cc000-7f45079d2000 rw-p 00000000 00:00 0 
7f45079d2000-7f45079dd000 r-xp 00000000 08:01 406771                     /lib/x86_64-linux-gnu/libnss_nis-2.23.so
7f45079dd000-7f4507bdc000 ---p 0000b000 08:01 406771                     /lib/x86_64-linux-gnu/libnss_nis-2.23.so
7f4507bdc000-7f4507bdd000 r--p 0000a000 08:01 406771                     /lib/x86_64-linux-gnu/libnss_nis-2.23.so
7f4507bdd000-7f4507bde000 rw-p 0000b000 08:01 406771                     /lib/x86_64-linux-gnu/libnss_nis-2.23.so
7f4507bde000-7f4507bf4000 r-xp 00000000 08:01 406777                     /lib/x86_64-linux-gnu/libnsl-2.23.so
7f4507bf4000-7f4507df3000 ---p 00016000 08:01 406777                     /lib/x86_64-linux-gnu/libnsl-2.23.so
7f4507df3000-7f4507df4000 r--p 00015000 08:01 406777                     /lib/x86_64-linux-gnu/libnsl-2.23.so
7f4507df4000-7f4507df5000 rw-p 00016000 08:01 406777                     /lib/x86_64-linux-gnu/libnsl-2.23.so
7f4507df5000-7f4507df7000 rw-p 00000000 00:00 0 
7f4507df7000-7f4507dff000 r-xp 00000000 08:01 406787                     /lib/x86_64-linux-gnu/libnss_compat-2.23.so
7f4507dff000-7f4507ffe000 ---p 00008000 08:01 406787                     /lib/x86_64-linux-gnu/libnss_compat-2.23.so
7f4507ffe000-7f4507fff000 r--p 00007000 08:01 406787                     /lib/x86_64-linux-gnu/libnss_compat-2.23.so
7f4507fff000-7f4508000000 rw-p 00008000 08:01 406787                     /lib/x86_64-linux-gnu/libnss_compat-2.23.so
7f4508000000-7f450867a000 rw-p 00000000 00:00 0 
7f450867a000-7f450c000000 ---p 00000000 00:00 0 
7f450c001000-7f450c0d2000 rw-p 00000000 00:00 0 
7f450c0d2000-7f450c0fa000 r-xp 00000000 08:11 3934067                    /media/data/helper_tools/sdkman/candidates/java/8.0.232-open/jre/lib/amd64/libjava.so
7f450c0fa000-7f450c2f9000 ---p 00028000 08:11 3934067                    /media/data/helper_tools/sdkman/candidates/java/8.0.232-open/jre/lib/amd64/libjava.so
7f450c2f9000-7f450c2fa000 r--p 00027000 08:11 3934067                    /media/data/helper_tools/sdkman/candidates/java/8.0.232-open/jre/lib/amd64/libjava.so
7f450c2fa000-7f450c2fc000 rw-p 00028000 08:11 3934067                    /media/data/helper_tools/sdkman/candidates/java/8.0.232-open/jre/lib/amd64/libjava.so
7f450c2fc000-7f450c30a000 r-xp 00000000 08:11 3934080                    /media/data/helper_tools/sdkman/candidates/java/8.0.232-open/jre/lib/amd64/libverify.so
7f450c30a000-7f450c509000 ---p 0000e000 08:11 3934080                    /media/data/helper_tools/sdkman/candidates/java/8.0.232-open/jre/lib/amd64/libverify.so
7f450c509000-7f450c50b000 r--p 0000d000 08:11 3934080                    /media/data/helper_tools/sdkman/candidates/java/8.0.232-open/jre/lib/amd64/libverify.so
7f450c50b000-7f450c50c000 rw-p 0000f000 08:11 3934080                    /media/data/helper_tools/sdkman/candidates/java/8.0.232-open/jre/lib/amd64/libverify.so
7f450c50c000-7f450c513000 r-xp 00000000 08:01 406757                     /lib/x86_64-linux-gnu/librt-2.23.so
7f450c513000-7f450c712000 ---p 00007000 08:01 406757                     /lib/x86_64-linux-gnu/librt-2.23.so
7f450c712000-7f450c713000 r--p 00006000 08:01 406757                     /lib/x86_64-linux-gnu/librt-2.23.so
7f450c713000-7f450c714000 rw-p 00007000 08:01 406757                     /lib/x86_64-linux-gnu/librt-2.23.so
7f450c714000-7f450c81c000 r-xp 00000000 08:01 406791                     /lib/x86_64-linux-gnu/libm-2.23.so
7f450c81c000-7f450ca1b000 ---p 00108000 08:01 406791                     /lib/x86_64-linux-gnu/libm-2.23.so
7f450ca1b000-7f450ca1c000 r--p 00107000 08:01 406791                     /lib/x86_64-linux-gnu/libm-2.23.so
7f450ca1c000-7f450ca1d000 rw-p 00108000 08:01 406791                     /lib/x86_64-linux-gnu/libm-2.23.so
7f450ca1d000-7f450d675000 r-xp 00000000 08:11 3934071                    /media/data/helper_tools/sdkman/candidates/java/8.0.232-open/jre/lib/amd64/server/libjvm.so
7f450d675000-7f450d875000 ---p 00c58000 08:11 3934071                    /media/data/helper_tools/sdkman/candidates/java/8.0.232-open/jre/lib/amd64/server/libjvm.so
7f450d875000-7f450d91d000 r--p 00c58000 08:11 3934071                    /media/data/helper_tools/sdkman/candidates/java/8.0.232-open/jre/lib/amd64/server/libjvm.so
7f450d91d000-7f450d945000 rw-p 00d00000 08:11 3934071                    /media/data/helper_tools/sdkman/candidates/java/8.0.232-open/jre/lib/amd64/server/libjvm.so
7f450d945000-7f450d988000 rw-p 00000000 00:00 0 
7f450d988000-7f450db48000 r-xp 00000000 08:01 406785                     /lib/x86_64-linux-gnu/libc-2.23.so
7f450db48000-7f450dd48000 ---p 001c0000 08:01 406785                     /lib/x86_64-linux-gnu/libc-2.23.so
7f450dd48000-7f450dd4c000 r--p 001c0000 08:01 406785                     /lib/x86_64-linux-gnu/libc-2.23.so
7f450dd4c000-7f450dd4e000 rw-p 001c4000 08:01 406785                     /lib/x86_64-linux-gnu/libc-2.23.so
7f450dd4e000-7f450dd52000 rw-p 00000000 00:00 0 
7f450dd52000-7f450dd55000 r-xp 00000000 08:01 406762                     /lib/x86_64-linux-gnu/libdl-2.23.so
7f450dd55000-7f450df54000 ---p 00003000 08:01 406762                     /lib/x86_64-linux-gnu/libdl-2.23.so
7f450df54000-7f450df55000 r--p 00002000 08:01 406762                     /lib/x86_64-linux-gnu/libdl-2.23.so
7f450df55000-7f450df56000 rw-p 00003000 08:01 406762                     /lib/x86_64-linux-gnu/libdl-2.23.so
7f450df56000-7f450df6c000 r-xp 00000000 08:11 3933450                    /media/data/helper_tools/sdkman/candidates/java/8.0.232-open/lib/amd64/jli/libjli.so
7f450df6c000-7f450e16b000 ---p 00016000 08:11 3933450                    /media/data/helper_tools/sdkman/candidates/java/8.0.232-open/lib/amd64/jli/libjli.so
7f450e16b000-7f450e16c000 r--p 00015000 08:11 3933450                    /media/data/helper_tools/sdkman/candidates/java/8.0.232-open/lib/amd64/jli/libjli.so
7f450e16c000-7f450e16d000 rw-p 00016000 08:11 3933450                    /media/data/helper_tools/sdkman/candidates/java/8.0.232-open/lib/amd64/jli/libjli.so
7f450e16d000-7f450e185000 r-xp 00000000 08:01 406768                     /lib/x86_64-linux-gnu/libpthread-2.23.so
7f450e185000-7f450e384000 ---p 00018000 08:01 406768                     /lib/x86_64-linux-gnu/libpthread-2.23.so
7f450e384000-7f450e385000 r--p 00017000 08:01 406768                     /lib/x86_64-linux-gnu/libpthread-2.23.so
7f450e385000-7f450e386000 rw-p 00018000 08:01 406768                     /lib/x86_64-linux-gnu/libpthread-2.23.so
7f450e386000-7f450e38a000 rw-p 00000000 00:00 0 
7f450e38a000-7f450e3b0000 r-xp 00000000 08:01 406765                     /lib/x86_64-linux-gnu/ld-2.23.so
7f450e3dd000-7f450e3fb000 r--s 0015f000 08:11 8002625                    /media/data/muse2/tools/qark/venv/lib/python3.5/site-packages/qark/lib/decompilers/cfr_0_124.jar
7f450e3fb000-7f450e499000 rw-p 00000000 00:00 0 
7f450e499000-7f450e49c000 ---p 00000000 00:00 0 
7f450e49c000-7f450e59f000 rw-p 00000000 00:00 0 
7f450e5a5000-7f450e5ad000 rw-s 00000000 08:01 335                        /tmp/hsperfdata_nacoop/1431
7f450e5ad000-7f450e5ae000 rw-p 00000000 00:00 0 
7f450e5ae000-7f450e5af000 ---p 00000000 00:00 0 
7f450e5af000-7f450e5b0000 r--p 00025000 08:01 406765                     /lib/x86_64-linux-gnu/ld-2.23.so
7f450e5b0000-7f450e5b1000 rw-p 00026000 08:01 406765                     /lib/x86_64-linux-gnu/ld-2.23.so
7f450e5b1000-7f450e5b2000 rw-p 00000000 00:00 0 
7ffd74c77000-7ffd74c98000 rw-p 00000000 00:00 0                          [stack]
7ffd74dd8000-7ffd74dda000 r--p 00000000 00:00 0                          [vvar]
7ffd74dda000-7ffd74ddc000 r-xp 00000000 00:00 0                          [vdso]
ffffffffff600000-ffffffffff601000 r-xp 00000000 00:00 0                  [vsyscall]

VM Arguments:
java_command: /media/data/muse2/tools/qark/venv/lib/python3.5/site-packages/qark/decompiler/../lib/decompilers/cfr_0_124.jar /media/data/muse2/tools/qark/build/qark/atalk_original.jar --outputdir /media/data/muse2/tools/qark/build/qark/cfr
java_class_path (initial): /media/data/muse2/tools/qark/venv/lib/python3.5/site-packages/qark/decompiler/../lib/decompilers/cfr_0_124.jar
Launcher Type: SUN_STANDARD

Environment Variables:
JAVA_HOME=/media/data/helper_tools/sdkman/candidates/java/current
PATH=/media/data/muse2/tools/qark/venv/bin:/home/nacoop/bin:/home/nacoop/.local/bin:/media/data/Android/Sdk:/media/data/Android/Sdk:/media/data/Android/Sdk:/media/data/muse2/tools/coverity/cov-analysis-linux64-2020.03/bin:/media/data/muse2/tools/coverity/cov-platform/bin:/media/data/anaconda/condabin:/media/data/helper_tools/sdkman/candidates/java/current/bin:/usr/local/sbin:/usr/local/bin:/usr/sbin:/usr/bin:/sbin:/bin:/usr/games:/snap/bin
SHELL=/bin/bash

Signal Handlers:
SIGSEGV: [libjvm.so+0xa4ef90], sa_mask[0]=11111111011111111101111111111110, sa_flags=SA_RESTART|SA_SIGINFO
SIGBUS: [libjvm.so+0xa4ef90], sa_mask[0]=11111111011111111101111111111110, sa_flags=SA_RESTART|SA_SIGINFO
SIGFPE: [libjvm.so+0x8b7a50], sa_mask[0]=11111111011111111101111111111110, sa_flags=SA_RESTART|SA_SIGINFO
SIGPIPE: [libjvm.so+0x8b7a50], sa_mask[0]=11111111011111111101111111111110, sa_flags=SA_RESTART|SA_SIGINFO
SIGXFSZ: [libjvm.so+0x8b7a50], sa_mask[0]=11111111011111111101111111111110, sa_flags=SA_RESTART|SA_SIGINFO
SIGILL: [libjvm.so+0x8b7a50], sa_mask[0]=11111111011111111101111111111110, sa_flags=SA_RESTART|SA_SIGINFO
SIGUSR1: SIG_DFL, sa_mask[0]=00000000000000000000000000000000, sa_flags=none
SIGUSR2: [libjvm.so+0x8b9200], sa_mask[0]=00000000000000000000000000000000, sa_flags=SA_RESTART|SA_SIGINFO
SIGHUP: [libjvm.so+0x8bac30], sa_mask[0]=11111111011111111101111111111110, sa_flags=SA_RESTART|SA_SIGINFO
SIGINT: [libjvm.so+0x8bac30], sa_mask[0]=11111111011111111101111111111110, sa_flags=SA_RESTART|SA_SIGINFO
SIGTERM: [libjvm.so+0x8bac30], sa_mask[0]=11111111011111111101111111111110, sa_flags=SA_RESTART|SA_SIGINFO
SIGQUIT: [libjvm.so+0x8bac30], sa_mask[0]=11111111011111111101111111111110, sa_flags=SA_RESTART|SA_SIGINFO


---------------  S Y S T E M  ---------------

OS:DISTRIB_ID=Ubuntu
DISTRIB_RELEASE=16.04
DISTRIB_CODENAME=xenial
DISTRIB_DESCRIPTION="Ubuntu 16.04.6 LTS"

uname:Linux 4.4.0-174-generic #204-Ubuntu SMP Wed Jan 29 06:41:01 UTC 2020 x86_64
libc:glibc 2.23 NPTL 2.23 
rlimit: STACK 8192k, CORE 0k, NPROC 128527, NOFILE 4096, AS infinity
load average:2.76 2.11 2.07

/proc/meminfo:
MemTotal:       32946664 kB
MemFree:         1839384 kB
MemAvailable:   22794504 kB
Buffers:         1277316 kB
Cached:         20195276 kB
SwapCached:          336 kB
Active:         16512372 kB
Inactive:       11952424 kB
Active(anon):    6853880 kB
Inactive(anon):  2653848 kB
Active(file):    9658492 kB
Inactive(file):  9298576 kB
Unevictable:        3652 kB
Mlocked:            3652 kB
SwapTotal:        998396 kB
SwapFree:         861424 kB
Dirty:             12636 kB
Writeback:             0 kB
AnonPages:       6995796 kB
Mapped:          2590140 kB
Shmem:           2513104 kB
Slab:            2489440 kB
SReclaimable:    2400948 kB
SUnreclaim:        88492 kB
KernelStack:       11936 kB
PageTables:        47240 kB
NFS_Unstable:          0 kB
Bounce:                0 kB
WritebackTmp:          0 kB
CommitLimit:    17471728 kB
Committed_AS:   17257424 kB
VmallocTotal:   34359738367 kB
VmallocUsed:           0 kB
VmallocChunk:          0 kB
HardwareCorrupted:     0 kB
AnonHugePages:         0 kB
CmaTotal:              0 kB
CmaFree:               0 kB
HugePages_Total:       0
HugePages_Free:        0
HugePages_Rsvd:        0
HugePages_Surp:        0
Hugepagesize:       2048 kB
DirectMap4k:      257916 kB
DirectMap2M:    33296384 kB

container (cgroup) information:
container_type: cgroupv1
cpu_cpuset_cpus: 0-7
cpu_memory_nodes: 0
active_processor_count: 8
cpu_quota: -1
cpu_period: 100000
cpu_shares: -1
memory_limit_in_bytes: -1
memory_and_swap_limit_in_bytes: -2
memory_soft_limit_in_bytes: -1
memory_usage_in_bytes: 27116572672
memory_max_usage_in_bytes: 28774748160


CPU:total 8 (initial active 8) (1 cores per cpu, 1 threads per core) family 6 model 60 stepping 1, cmov, cx8, fxsr, mmx, sse, sse2, sse3, ssse3, sse4.1, sse4.2, popcnt, avx, avx2, aes, clmul, erms, lzcnt, tsc, bmi1, bmi2

/proc/cpuinfo:
processor	: 0
vendor_id	: GenuineIntel
cpu family	: 6
model		: 60
model name	: Intel Core Processor (Haswell, no TSX, IBRS)
stepping	: 1
microcode	: 0x1
cpu MHz		: 2399.976
cache size	: 4096 KB
physical id	: 0
siblings	: 1
core id		: 0
cpu cores	: 1
apicid		: 0
initial apicid	: 0
fpu		: yes
fpu_exception	: yes
cpuid level	: 13
wp		: yes
flags		: fpu vme de pse tsc msr pae mce cx8 apic sep mtrr pge mca cmov pat pse36 clflush mmx fxsr sse sse2 syscall nx rdtscp lm constant_tsc rep_good nopl tsc_known_freq pni pclmulqdq ssse3 fma cx16 pcid sse4_1 sse4_2 x2apic movbe popcnt tsc_deadline_timer aes xsave avx f16c rdrand hypervisor lahf_lm abm invpcid_single ibrs ibpb kaiser fsgsbase bmi1 avx2 smep bmi2 erms invpcid xsaveopt arat
bugs		: cpu_meltdown spectre_v1 spectre_v2 spec_store_bypass l1tf mds swapgs itlb_multihit
bogomips	: 4799.95
clflush size	: 64
cache_alignment	: 64
address sizes	: 40 bits physical, 48 bits virtual
power management:

processor	: 1
vendor_id	: GenuineIntel
cpu family	: 6
model		: 60
model name	: Intel Core Processor (Haswell, no TSX, IBRS)
stepping	: 1
microcode	: 0x1
cpu MHz		: 2399.976
cache size	: 4096 KB
physical id	: 1
siblings	: 1
core id		: 0
cpu cores	: 1
apicid		: 1
initial apicid	: 1
fpu		: yes
fpu_exception	: yes
cpuid level	: 13
wp		: yes
flags		: fpu vme de pse tsc msr pae mce cx8 apic sep mtrr pge mca cmov pat pse36 clflush mmx fxsr sse sse2 syscall nx rdtscp lm constant_tsc rep_good nopl tsc_known_freq pni pclmulqdq ssse3 fma cx16 pcid sse4_1 sse4_2 x2apic movbe popcnt tsc_deadline_timer aes xsave avx f16c rdrand hypervisor lahf_lm abm invpcid_single ibrs ibpb kaiser fsgsbase bmi1 avx2 smep bmi2 erms invpcid xsaveopt arat
bugs		: cpu_meltdown spectre_v1 spectre_v2 spec_store_bypass l1tf mds swapgs itlb_multihit
bogomips	: 4799.95
clflush size	: 64
cache_alignment	: 64
address sizes	: 40 bits physical, 48 bits virtual
power management:

processor	: 2
vendor_id	: GenuineIntel
cpu family	: 6
model		: 60
model name	: Intel Core Processor (Haswell, no TSX, IBRS)
stepping	: 1
microcode	: 0x1
cpu MHz		: 2399.976
cache size	: 4096 KB
physical id	: 2
siblings	: 1
core id		: 0
cpu cores	: 1
apicid		: 2
initial apicid	: 2
fpu		: yes
fpu_exception	: yes
cpuid level	: 13
wp		: yes
flags		: fpu vme de pse tsc msr pae mce cx8 apic sep mtrr pge mca cmov pat pse36 clflush mmx fxsr sse sse2 syscall nx rdtscp lm constant_tsc rep_good nopl tsc_known_freq pni pclmulqdq ssse3 fma cx16 pcid sse4_1 sse4_2 x2apic movbe popcnt tsc_deadline_timer aes xsave avx f16c rdrand hypervisor lahf_lm abm invpcid_single ibrs ibpb kaiser fsgsbase bmi1 avx2 smep bmi2 erms invpcid xsaveopt arat
bugs		: cpu_meltdown spectre_v1 spectre_v2 spec_store_bypass l1tf mds swapgs itlb_multihit
bogomips	: 4799.95
clflush size	: 64
cache_alignment	: 64
address sizes	: 40 bits physical, 48 bits virtual
power management:

processor	: 3
vendor_id	: GenuineIntel
cpu family	: 6
model		: 60
model name	: Intel Core Processor (Haswell, no TSX, IBRS)
stepping	: 1
microcode	: 0x1
cpu MHz		: 2399.976
cache size	: 4096 KB
physical id	: 3
siblings	: 1
core id		: 0
cpu cores	: 1
apicid		: 3
initial apicid	: 3
fpu		: yes
fpu_exception	: yes
cpuid level	: 13
wp		: yes
flags		: fpu vme de pse tsc msr pae mce cx8 apic sep mtrr pge mca cmov pat pse36 clflush mmx fxsr sse sse2 syscall nx rdtscp lm constant_tsc rep_good nopl tsc_known_freq pni pclmulqdq ssse3 fma cx16 pcid sse4_1 sse4_2 x2apic movbe popcnt tsc_deadline_timer aes xsave avx f16c rdrand hypervisor lahf_lm abm invpcid_single ibrs ibpb kaiser fsgsbase bmi1 avx2 smep bmi2 erms invpcid xsaveopt arat
bugs		: cpu_meltdown spectre_v1 spectre_v2 spec_store_bypass l1tf mds swapgs itlb_multihit
bogomips	: 4799.95
clflush size	: 64
cache_alignment	: 64
address sizes	: 40 bits physical, 48 bits virtual
power management:

processor	: 4
vendor_id	: GenuineIntel
cpu family	: 6
model		: 60
model name	: Intel Core Processor (Haswell, no TSX, IBRS)
stepping	: 1
microcode	: 0x1
cpu MHz		: 2399.976
cache size	: 4096 KB
physical id	: 4
siblings	: 1
core id		: 0
cpu cores	: 1
apicid		: 4
initial apicid	: 4
fpu		: yes
fpu_exception	: yes
cpuid level	: 13
wp		: yes
flags		: fpu vme de pse tsc msr pae mce cx8 apic sep mtrr pge mca cmov pat pse36 clflush mmx fxsr sse sse2 syscall nx rdtscp lm constant_tsc rep_good nopl tsc_known_freq pni pclmulqdq ssse3 fma cx16 pcid sse4_1 sse4_2 x2apic movbe popcnt tsc_deadline_timer aes xsave avx f16c rdrand hypervisor lahf_lm abm invpcid_single ibrs ibpb kaiser fsgsbase bmi1 avx2 smep bmi2 erms invpcid xsaveopt arat
bugs		: cpu_meltdown spectre_v1 spectre_v2 spec_store_bypass l1tf mds swapgs itlb_multihit
bogomips	: 4799.95
clflush size	: 64
cache_alignment	: 64
address sizes	: 40 bits physical, 48 bits virtual
power management:

processor	: 5
vendor_id	: GenuineIntel
cpu family	: 6
model		: 60
model name	: Intel Core Processor (Haswell, no TSX, IBRS)
stepping	: 1
microcode	: 0x1
cpu MHz		: 2399.976
cache size	: 4096 KB
physical id	: 5
siblings	: 1
core id		: 0
cpu cores	: 1
apicid		: 5
initial apicid	: 5
fpu		: yes
fpu_exception	: yes
cpuid level	: 13
wp		: yes
flags		: fpu vme de pse tsc msr pae mce cx8 apic sep mtrr pge mca cmov pat pse36 clflush mmx fxsr sse sse2 syscall nx rdtscp lm constant_tsc rep_good nopl tsc_known_freq pni pclmulqdq ssse3 fma cx16 pcid sse4_1 sse4_2 x2apic movbe popcnt tsc_deadline_timer aes xsave avx f16c rdrand hypervisor lahf_lm abm invpcid_single ibrs ibpb kaiser fsgsbase bmi1 avx2 smep bmi2 erms invpcid xsaveopt arat
bugs		: cpu_meltdown spectre_v1 spectre_v2 spec_store_bypass l1tf mds swapgs itlb_multihit
bogomips	: 4799.95
clflush size	: 64
cache_alignment	: 64
address sizes	: 40 bits physical, 48 bits virtual
power management:

processor	: 6
vendor_id	: GenuineIntel
cpu family	: 6
model		: 60
model name	: Intel Core Processor (Haswell, no TSX, IBRS)
stepping	: 1
microcode	: 0x1
cpu MHz		: 2399.976
cache size	: 4096 KB
physical id	: 6
siblings	: 1
core id		: 0
cpu cores	: 1
apicid		: 6
initial apicid	: 6
fpu		: yes
fpu_exception	: yes
cpuid level	: 13
wp		: yes
flags		: fpu vme de pse tsc msr pae mce cx8 apic sep mtrr pge mca cmov pat pse36 clflush mmx fxsr sse sse2 syscall nx rdtscp lm constant_tsc rep_good nopl tsc_known_freq pni pclmulqdq ssse3 fma cx16 pcid sse4_1 sse4_2 x2apic movbe popcnt tsc_deadline_timer aes xsave avx f16c rdrand hypervisor lahf_lm abm invpcid_single ibrs ibpb kaiser fsgsbase bmi1 avx2 smep bmi2 erms invpcid xsaveopt arat
bugs		: cpu_meltdown spectre_v1 spectre_v2 spec_store_bypass l1tf mds swapgs itlb_multihit
bogomips	: 4799.95
clflush size	: 64
cache_alignment	: 64
address sizes	: 40 bits physical, 48 bits virtual
power management:

processor	: 7
vendor_id	: GenuineIntel
cpu family	: 6
model		: 60
model name	: Intel Core Processor (Haswell, no TSX, IBRS)
stepping	: 1
microcode	: 0x1
cpu MHz		: 2399.976
cache size	: 4096 KB
physical id	: 7
siblings	: 1
core id		: 0
cpu cores	: 1
apicid		: 7
initial apicid	: 7
fpu		: yes
fpu_exception	: yes
cpuid level	: 13
wp		: yes
flags		: fpu vme de pse tsc msr pae mce cx8 apic sep mtrr pge mca cmov pat pse36 clflush mmx fxsr sse sse2 syscall nx rdtscp lm constant_tsc rep_good nopl tsc_known_freq pni pclmulqdq ssse3 fma cx16 pcid sse4_1 sse4_2 x2apic movbe popcnt tsc_deadline_timer aes xsave avx f16c rdrand hypervisor lahf_lm abm invpcid_single ibrs ibpb kaiser fsgsbase bmi1 avx2 smep bmi2 erms invpcid xsaveopt arat
bugs		: cpu_meltdown spectre_v1 spectre_v2 spec_store_bypass l1tf mds swapgs itlb_multihit
bogomips	: 4799.95
clflush size	: 64
cache_alignment	: 64
address sizes	: 40 bits physical, 48 bits virtual
power management:



Memory: 4k page, physical 32946664k(1839384k free), swap 998396k(861424k free)

vm_info: OpenJDK 64-Bit Server VM (25.232-b09) for linux-amd64 JRE (1.8.0_232-b09), built on Oct 10 2019 05:03:18 by "openjdk" with gcc 4.4.7 20120313 (Red Hat 4.4.7-23)

time: Mon Jun  8 18:44:13 2020
timezone: EDT
elapsed time: 6 seconds (0d 0h 0m 6s)

