#
# There is insufficient memory for the Java Runtime Environment to continue.
# Native memory allocation (mmap) failed to map 264241152 bytes for committing reserved memory.
# Possible reasons:
#   The system is out of physical RAM or swap space
#   The process is running with CompressedOops enabled, and the Java Heap may be blocking the growth of the native heap
# Possible solutions:
#   Reduce memory load on the system
#   Increase physical memory or swap space
#   Check if swap backing store is full
#   Decrease Java heap size (-Xmx/-Xms)
#   Decrease number of Java threads
#   Decrease Java thread stack sizes (-Xss)
#   Set larger code cache with -XX:ReservedCodeCacheSize=
#   JVM is running with Zero Based Compressed Oops mode in which the Java heap is
#     placed in the first 32GB address space. The Java Heap base address is the
#     maximum limit for the native heap growth. Please use -XX:HeapBaseMinAddress
#     to set the Java Heap base and to place the Java Heap above 32GB virtual address.
# This output file may be truncated or incomplete.
#
#  Out of Memory Error (os_linux.cpp:2754), pid=1737, tid=0x00007f596162f700
#
# JRE version: OpenJDK Runtime Environment (8.0_232-b09) (build 1.8.0_232-b09)
# Java VM: OpenJDK 64-Bit Server VM (25.232-b09 mixed mode linux-amd64 compressed oops)
# Failed to write core dump. Core dumps have been disabled. To enable core dumping, try "ulimit -c unlimited" before starting Java again
#

---------------  T H R E A D  ---------------

Current thread (0x00007f59881c7800):  VMThread [stack: 0x00007f596152f000,0x00007f5961630000] [id=1767]

Stack: [0x00007f596152f000,0x00007f5961630000],  sp=0x00007f596162e290,  free space=1020k
Native frames: (J=compiled Java code, j=interpreted, Vv=VM code, C=native code)
V  [libjvm.so+0xa4e56d]  VMError::report_and_die()+0x15d
V  [libjvm.so+0x4e2ec9]  report_vm_out_of_memory(char const*, int, unsigned long, VMErrorType, char const*)+0x99
V  [libjvm.so+0x8be243]  os::Linux::commit_memory_impl(char*, unsigned long, bool)+0x113
V  [libjvm.so+0x8be469]  os::pd_commit_memory(char*, unsigned long, unsigned long, bool)+0x29
V  [libjvm.so+0x8b306a]  os::commit_memory(char*, unsigned long, unsigned long, bool)+0x2a
V  [libjvm.so+0x92334b]  PSVirtualSpace::expand_by(unsigned long)+0x6b
V  [libjvm.so+0x924608]  PSYoungGen::resize_generation(unsigned long, unsigned long)+0xb8
V  [libjvm.so+0x923742]  PSYoungGen::resize(unsigned long, unsigned long)+0x22
V  [libjvm.so+0x920d1e]  PSScavenge::invoke_no_policy()+0x102e
V  [libjvm.so+0x9214d3]  PSScavenge::invoke()+0x43
V  [libjvm.so+0x8dbe4d]  ParallelScavengeHeap::failed_mem_allocate(unsigned long)+0x6d
V  [libjvm.so+0xa4ffe7]  VM_ParallelGCFailedAllocation::doit()+0x97
V  [libjvm.so+0xa56982]  VM_Operation::evaluate()+0x52
V  [libjvm.so+0xa54ce9]  VMThread::evaluate_operation(VM_Operation*)+0xa9
V  [libjvm.so+0xa5531b]  VMThread::loop()+0x1fb
V  [libjvm.so+0xa55783]  VMThread::run()+0x83
V  [libjvm.so+0x8be5d2]  java_start(Thread*)+0x132

VM_Operation (0x00007f59911af980): ParallelGCFailedAllocation, mode: safepoint, requested by thread 0x00007f598800b000


---------------  P R O C E S S  ---------------

Java Threads: ( => current thread )
  0x00007f598821a800 JavaThread "Service Thread" daemon [_thread_blocked, id=1787, stack(0x00007f5960a4f000,0x00007f5960b50000)]
  0x00007f598820f800 JavaThread "C1 CompilerThread3" daemon [_thread_blocked, id=1780, stack(0x00007f5960b50000,0x00007f5960c51000)]
  0x00007f598820d800 JavaThread "C2 CompilerThread2" daemon [_thread_in_native, id=1779, stack(0x00007f5960c51000,0x00007f5960d52000)]
  0x00007f598820b800 JavaThread "C2 CompilerThread1" daemon [_thread_in_native, id=1778, stack(0x00007f5960d52000,0x00007f5960e53000)]
  0x00007f5988208800 JavaThread "C2 CompilerThread0" daemon [_thread_in_native, id=1777, stack(0x00007f5960e53000,0x00007f5960f54000)]
  0x00007f5988207000 JavaThread "Signal Dispatcher" daemon [_thread_blocked, id=1776, stack(0x00007f5960f54000,0x00007f5961055000)]
  0x00007f59881d4000 JavaThread "Finalizer" daemon [_thread_blocked, id=1772, stack(0x00007f596132d000,0x00007f596142e000)]
  0x00007f59881d1800 JavaThread "Reference Handler" daemon [_thread_blocked, id=1770, stack(0x00007f596142e000,0x00007f596152f000)]
  0x00007f598800b000 JavaThread "main" [_thread_blocked, id=1739, stack(0x00007f59910b3000,0x00007f59911b4000)]

Other Threads:
=>0x00007f59881c7800 VMThread [stack: 0x00007f596152f000,0x00007f5961630000] [id=1767]
  0x00007f598821d000 WatcherThread [stack: 0x00007f596094e000,0x00007f5960a4f000] [id=1796]

VM state:at safepoint (normal execution)

VM Mutex/Monitor currently owned by a thread:  ([mutex/lock_event])
[0x00007f5988007250] Threads_lock - owner thread: 0x00007f59881c7800
[0x00007f5988007750] Heap_lock - owner thread: 0x00007f598800b000

heap address: 0x00000005c9400000, size: 8044 MB, Compressed Oops mode: Zero based, Oop shift amount: 3
Narrow klass base: 0x0000000000000000, Narrow klass shift: 3
Compressed class space size: 1073741824 Address: 0x00000007c0000000

Heap:
 PSYoungGen      total 279552K, used 21473K [0x0000000718700000, 0x000000072ad00000, 0x00000007c0000000)
  eden space 258048K, 0% used [0x0000000718700000,0x0000000718700000,0x0000000728300000)
  from space 21504K, 99% used [0x0000000728300000,0x00000007297f8518,0x0000000729800000)
  to   space 21504K, 0% used [0x0000000729800000,0x0000000729800000,0x000000072ad00000)
 ParOldGen       total 344064K, used 6795K [0x00000005c9400000, 0x00000005de400000, 0x0000000718700000)
  object space 344064K, 1% used [0x00000005c9400000,0x00000005c9aa2ca8,0x00000005de400000)
 Metaspace       used 9219K, capacity 9568K, committed 9728K, reserved 1058816K
  class space    used 885K, capacity 912K, committed 1024K, reserved 1048576K

Card table byte_map: [0x00007f598cf19000,0x00007f598ded0000] byte_map_base: 0x00007f598a0cf000

Marking Bits: (ParMarkBitMap*) 0x00007f5990573900
 Begin Bits: [0x00007f59444a0000, 0x00007f594c250000)
 End Bits:   [0x00007f594c250000, 0x00007f5954000000)

Polling page: 0x00007f59911c8000

CodeCache: size=245760Kb used=12857Kb max_used=12857Kb free=232902Kb
 bounds [0x00007f5979000000, 0x00007f5979ca0000, 0x00007f5988000000]
 total_blobs=3678 nmethods=3390 adapters=202
 compilation: enabled

Compilation events (10 events):
Event: 5.149 Thread 0x00007f598820f800 3433       2       sun.misc.FDBigInteger::trimLeadingZeros (57 bytes)
Event: 5.149 Thread 0x00007f598820f800 nmethod 3433 0x00007f5979c95e50 code [0x00007f5979c95fc0, 0x00007f5979c961f0]
Event: 5.150 Thread 0x00007f598820f800 3434       1       org.benf.cfr.reader.bytecode.analysis.parse.expression.ArithOp::getShowAs (5 bytes)
Event: 5.150 Thread 0x00007f598820f800 nmethod 3434 0x00007f5979c96310 code [0x00007f5979c96460, 0x00007f5979c96570]
Event: 5.164 Thread 0x00007f598820f800 3435       2       org.benf.cfr.reader.bytecode.analysis.structured.statement.Block::isJustOneStatement (56 bytes)
Event: 5.165 Thread 0x00007f598820f800 nmethod 3435 0x00007f5979c965d0 code [0x00007f5979c96780, 0x00007f5979c96bb8]
Event: 5.171 Thread 0x00007f598820f800 3436       2       java.lang.Long::stringSize (38 bytes)
Event: 5.171 Thread 0x00007f598820f800 nmethod 3436 0x00007f5979c96f90 code [0x00007f5979c97100, 0x00007f5979c972d0]
Event: 5.171 Thread 0x00007f598820f800 3437       2       java.lang.Long::getChars (221 bytes)
Event: 5.172 Thread 0x00007f598820f800 nmethod 3437 0x00007f5979c97390 code [0x00007f5979c97540, 0x00007f5979c97a70]

GC Heap History (5 events):
Event: 2.034 GC heap before
{Heap before GC invocations=1 (full 0):
 PSYoungGen      total 150528K, used 129024K [0x0000000718700000, 0x0000000722f00000, 0x00000007c0000000)
  eden space 129024K, 100% used [0x0000000718700000,0x0000000720500000,0x0000000720500000)
  from space 21504K, 0% used [0x0000000721a00000,0x0000000721a00000,0x0000000722f00000)
  to   space 21504K, 0% used [0x0000000720500000,0x0000000720500000,0x0000000721a00000)
 ParOldGen       total 344064K, used 0K [0x00000005c9400000, 0x00000005de400000, 0x0000000718700000)
  object space 344064K, 0% used [0x00000005c9400000,0x00000005c9400000,0x00000005de400000)
 Metaspace       used 8145K, capacity 8704K, committed 8832K, reserved 1056768K
  class space    used 849K, capacity 880K, committed 896K, reserved 1048576K
Event: 2.078 GC heap after
Heap after GC invocations=1 (full 0):
 PSYoungGen      total 150528K, used 16173K [0x0000000718700000, 0x000000072ad00000, 0x00000007c0000000)
  eden space 129024K, 0% used [0x0000000718700000,0x0000000718700000,0x0000000720500000)
  from space 21504K, 75% used [0x0000000720500000,0x00000007214cb740,0x0000000721a00000)
  to   space 21504K, 0% used [0x0000000729800000,0x0000000729800000,0x000000072ad00000)
 ParOldGen       total 344064K, used 16K [0x00000005c9400000, 0x00000005de400000, 0x0000000718700000)
  object space 344064K, 0% used [0x00000005c9400000,0x00000005c9404000,0x00000005de400000)
 Metaspace       used 8145K, capacity 8704K, committed 8832K, reserved 1056768K
  class space    used 849K, capacity 880K, committed 896K, reserved 1048576K
}
Event: 3.290 GC heap before
{Heap before GC invocations=2 (full 0):
 PSYoungGen      total 150528K, used 145197K [0x0000000718700000, 0x000000072ad00000, 0x00000007c0000000)
  eden space 129024K, 100% used [0x0000000718700000,0x0000000720500000,0x0000000720500000)
  from space 21504K, 75% used [0x0000000720500000,0x00000007214cb740,0x0000000721a00000)
  to   space 21504K, 0% used [0x0000000729800000,0x0000000729800000,0x000000072ad00000)
 ParOldGen       total 344064K, used 16K [0x00000005c9400000, 0x00000005de400000, 0x0000000718700000)
  object space 344064K, 0% used [0x00000005c9400000,0x00000005c9404000,0x00000005de400000)
 Metaspace       used 8827K, capacity 9248K, committed 9472K, reserved 1058816K
  class space    used 871K, capacity 912K, committed 1024K, reserved 1048576K
Event: 3.349 GC heap after
Heap after GC invocations=2 (full 0):
 PSYoungGen      total 279552K, used 18239K [0x0000000718700000, 0x000000072ad00000, 0x00000007c0000000)
  eden space 258048K, 0% used [0x0000000718700000,0x0000000718700000,0x0000000728300000)
  from space 21504K, 84% used [0x0000000729800000,0x000000072a9cfc20,0x000000072ad00000)
  to   space 21504K, 0% used [0x0000000728300000,0x0000000728300000,0x0000000729800000)
 ParOldGen       total 344064K, used 24K [0x00000005c9400000, 0x00000005de400000, 0x0000000718700000)
  object space 344064K, 0% used [0x00000005c9400000,0x00000005c9406000,0x00000005de400000)
 Metaspace       used 8827K, capacity 9248K, committed 9472K, reserved 1058816K
  class space    used 871K, capacity 912K, committed 1024K, reserved 1048576K
}
Event: 5.175 GC heap before
{Heap before GC invocations=3 (full 0):
 PSYoungGen      total 279552K, used 276287K [0x0000000718700000, 0x000000072ad00000, 0x00000007c0000000)
  eden space 258048K, 100% used [0x0000000718700000,0x0000000728300000,0x0000000728300000)
  from space 21504K, 84% used [0x0000000729800000,0x000000072a9cfc20,0x000000072ad00000)
  to   space 21504K, 0% used [0x0000000728300000,0x0000000728300000,0x0000000729800000)
 ParOldGen       total 344064K, used 24K [0x00000005c9400000, 0x00000005de400000, 0x0000000718700000)
  object space 344064K, 0% used [0x00000005c9400000,0x00000005c9406000,0x00000005de400000)
 Metaspace       used 9219K, capacity 9568K, committed 9728K, reserved 1058816K
  class space    used 885K, capacity 912K, committed 1024K, reserved 1048576K

Deoptimization events (10 events):
Event: 3.676 Thread 0x00007f598800b000 Uncommon trap: reason=unstable_if action=reinterpret pc=0x00007f59799df944 method=java.util.HashMap.getNode(ILjava/lang/Object;)Ljava/util/HashMap$Node; @ 62
Event: 3.676 Thread 0x00007f598800b000 Uncommon trap: reason=unstable_if action=reinterpret pc=0x00007f5979a567b4 method=java.util.HashMap.getNode(ILjava/lang/Object;)Ljava/util/HashMap$Node; @ 62
Event: 3.676 Thread 0x00007f598800b000 Uncommon trap: reason=unstable_if action=reinterpret pc=0x00007f5979a20a10 method=java.util.HashMap.getNode(ILjava/lang/Object;)Ljava/util/HashMap$Node; @ 62
Event: 3.680 Thread 0x00007f598800b000 Uncommon trap: reason=bimorphic action=maybe_recompile pc=0x00007f597963c9d0 method=org.benf.cfr.reader.bytecode.analysis.opgraph.Op04StructuredStatement.transform(Lorg/benf/cfr/reader/bytecode/analysis/opgraph/op4rewriters/transformers/StructuredStatemen
Event: 3.680 Thread 0x00007f598800b000 Uncommon trap: reason=bimorphic action=maybe_recompile pc=0x00007f5979444df0 method=org.benf.cfr.reader.bytecode.analysis.opgraph.Op04StructuredStatement.transform(Lorg/benf/cfr/reader/bytecode/analysis/opgraph/op4rewriters/transformers/StructuredStatemen
Event: 4.481 Thread 0x00007f598800b000 Uncommon trap: reason=class_check action=maybe_recompile pc=0x00007f5979a69cb8 method=org.benf.cfr.reader.bytecode.analysis.parse.utils.LValueAssignmentAndAliasCondenser$AliasRewriter.getLValueReplacement(Lorg/benf/cfr/reader/bytecode/analysis/parse/LValu
Event: 4.481 Thread 0x00007f598800b000 Uncommon trap: reason=class_check action=maybe_recompile pc=0x00007f5979a69cb8 method=org.benf.cfr.reader.bytecode.analysis.parse.utils.LValueAssignmentAndAliasCondenser$AliasRewriter.getLValueReplacement(Lorg/benf/cfr/reader/bytecode/analysis/parse/LValu
Event: 4.848 Thread 0x00007f598800b000 Uncommon trap: reason=class_check action=maybe_recompile pc=0x00007f5979b538c8 method=org.benf.cfr.reader.bytecode.analysis.types.discovery.InferredJavaType.chainFrom(Lorg/benf/cfr/reader/bytecode/analysis/types/discovery/InferredJavaType;)Lorg/benf/cfr/r
Event: 4.963 Thread 0x00007f598800b000 Uncommon trap: reason=unstable_if action=reinterpret pc=0x00007f597916e010 method=java.util.HashMap.resize()[Ljava/util/HashMap$Node; @ 206
Event: 4.978 Thread 0x00007f598800b000 Uncommon trap: reason=unstable_if action=reinterpret pc=0x00007f5979acf8c0 method=org.benf.cfr.reader.bytecode.analysis.opgraph.op3rewriters.ConditionalRewriter$IsForwardIf.test(Lorg/benf/cfr/reader/bytecode/analysis/opgraph/Op03SimpleStatement;)Z @ 55

Classes redefined (0 events):
No events

Internal exceptions (7 events):
Event: 0.038 Thread 0x00007f598800b000 Exception <a 'java/lang/NoSuchMethodError': Method sun.misc.Unsafe.defineClass(Ljava/lang/String;[BII)Ljava/lang/Class; name or signature does not match> (0x0000000718707cb8) thrown at [/home/openjdk/jdk8u/hotspot/src/share/vm/prims/jni.cpp, line 4013]
Event: 0.039 Thread 0x00007f598800b000 Exception <a 'java/lang/NoSuchMethodError': Method sun.misc.Unsafe.prefetchRead(Ljava/lang/Object;J)V name or signature does not match> (0x0000000718707fa0) thrown at [/home/openjdk/jdk8u/hotspot/src/share/vm/prims/jni.cpp, line 4013]
Event: 0.370 Thread 0x00007f598800b000 Implicit null exception at 0x00007f59791847db to 0x00007f59791850dd
Event: 0.968 Thread 0x00007f598800b000 Implicit null exception at 0x00007f597930e99c to 0x00007f597930ed45
Event: 1.077 Thread 0x00007f598800b000 Implicit null exception at 0x00007f59793ff0dc to 0x00007f59793ff545
Event: 1.388 Thread 0x00007f598800b000 Implicit null exception at 0x00007f59795004f6 to 0x00007f597950082d
Event: 2.929 Thread 0x00007f598800b000 Implicit null exception at 0x00007f5979286372 to 0x00007f5979286401

Events (10 events):
Event: 5.101 Thread 0x00007f598800b000 DEOPT UNPACKING pc=0x00007f59790474c4 sp=0x00007f59911b1910 mode 0
Event: 5.111 Executing VM operation: ForceSafepoint
Event: 5.111 Executing VM operation: ForceSafepoint done
Event: 5.125 Thread 0x00007f598820f800 flushing nmethod 0x00007f59790ffcd0
Event: 5.125 Thread 0x00007f598820f800 flushing nmethod 0x00007f5979102610
Event: 5.132 Thread 0x00007f598800b000 DEOPT PACKING pc=0x00007f5979c8893c sp=0x00007f59911b1d70
Event: 5.132 Thread 0x00007f598800b000 DEOPT UNPACKING pc=0x00007f59790474c4 sp=0x00007f59911b1a80 mode 0
Event: 5.134 loading class org/benf/cfr/reader/bytecode/analysis/parse/expression/ArithmeticMonOperation
Event: 5.134 loading class org/benf/cfr/reader/bytecode/analysis/parse/expression/ArithmeticMonOperation done
Event: 5.175 Executing VM operation: ParallelGCFailedAllocation


Dynamic libraries:
00400000-00401000 r-xp 00000000 08:11 3934147                            /media/data/helper_tools/sdkman/candidates/java/8.0.232-open/bin/java
00600000-00601000 r--p 00000000 08:11 3934147                            /media/data/helper_tools/sdkman/candidates/java/8.0.232-open/bin/java
00601000-00602000 rw-p 00001000 08:11 3934147                            /media/data/helper_tools/sdkman/candidates/java/8.0.232-open/bin/java
01355000-01376000 rw-p 00000000 00:00 0                                  [heap]
5c9400000-5de400000 rw-p 00000000 00:00 0 
5de400000-718700000 ---p 00000000 00:00 0 
718700000-72ad00000 rw-p 00000000 00:00 0 
73a900000-7c0000000 ---p 00000000 00:00 0 
7c0000000-7c0100000 rw-p 00000000 00:00 0 
7c0100000-800000000 ---p 00000000 00:00 0 
7f5918000000-7f5918021000 rw-p 00000000 00:00 0 
7f5918021000-7f591c000000 ---p 00000000 00:00 0 
7f5920000000-7f59212ad000 rw-p 00000000 00:00 0 
7f59212ad000-7f5924000000 ---p 00000000 00:00 0 
7f5924000000-7f5924021000 rw-p 00000000 00:00 0 
7f5924021000-7f5928000000 ---p 00000000 00:00 0 
7f5928000000-7f59297d0000 rw-p 00000000 00:00 0 
7f59297d0000-7f592c000000 ---p 00000000 00:00 0 
7f592c000000-7f592d196000 rw-p 00000000 00:00 0 
7f592d196000-7f5930000000 ---p 00000000 00:00 0 
7f5930000000-7f5930021000 rw-p 00000000 00:00 0 
7f5930021000-7f5934000000 ---p 00000000 00:00 0 
7f5934000000-7f59351b5000 rw-p 00000000 00:00 0 
7f59351b5000-7f5938000000 ---p 00000000 00:00 0 
7f5938000000-7f5938021000 rw-p 00000000 00:00 0 
7f5938021000-7f593c000000 ---p 00000000 00:00 0 
7f593c000000-7f593c021000 rw-p 00000000 00:00 0 
7f593c021000-7f5940000000 ---p 00000000 00:00 0 
7f5940000000-7f594027a000 rw-p 00000000 00:00 0 
7f594027a000-7f5944000000 ---p 00000000 00:00 0 
7f59444a0000-7f5954021000 rw-p 00000000 00:00 0 
7f5954021000-7f5958000000 ---p 00000000 00:00 0 
7f5958000000-7f5958021000 rw-p 00000000 00:00 0 
7f5958021000-7f595c000000 ---p 00000000 00:00 0 
7f595c000000-7f595c021000 rw-p 00000000 00:00 0 
7f595c021000-7f5960000000 ---p 00000000 00:00 0 
7f5960178000-7f59601f8000 rw-p 00000000 00:00 0 
7f59601f8000-7f5960378000 ---p 00000000 00:00 0 
7f5960524000-7f596053b000 r-xp 00000000 08:11 3934102                    /media/data/helper_tools/sdkman/candidates/java/8.0.232-open/jre/lib/amd64/libnet.so
7f596053b000-7f596073a000 ---p 00017000 08:11 3934102                    /media/data/helper_tools/sdkman/candidates/java/8.0.232-open/jre/lib/amd64/libnet.so
7f596073a000-7f596073b000 r--p 00016000 08:11 3934102                    /media/data/helper_tools/sdkman/candidates/java/8.0.232-open/jre/lib/amd64/libnet.so
7f596073b000-7f596073c000 rw-p 00017000 08:11 3934102                    /media/data/helper_tools/sdkman/candidates/java/8.0.232-open/jre/lib/amd64/libnet.so
7f596073c000-7f596074d000 r-xp 00000000 08:11 3934081                    /media/data/helper_tools/sdkman/candidates/java/8.0.232-open/jre/lib/amd64/libnio.so
7f596074d000-7f596094c000 ---p 00011000 08:11 3934081                    /media/data/helper_tools/sdkman/candidates/java/8.0.232-open/jre/lib/amd64/libnio.so
7f596094c000-7f596094d000 r--p 00010000 08:11 3934081                    /media/data/helper_tools/sdkman/candidates/java/8.0.232-open/jre/lib/amd64/libnio.so
7f596094d000-7f596094e000 rw-p 00011000 08:11 3934081                    /media/data/helper_tools/sdkman/candidates/java/8.0.232-open/jre/lib/amd64/libnio.so
7f596094e000-7f596094f000 ---p 00000000 00:00 0 
7f596094f000-7f5960a4f000 rw-p 00000000 00:00 0 
7f5960a4f000-7f5960a52000 ---p 00000000 00:00 0 
7f5960a52000-7f5960b50000 rw-p 00000000 00:00 0 
7f5960b50000-7f5960b53000 ---p 00000000 00:00 0 
7f5960b53000-7f5960c51000 rw-p 00000000 00:00 0 
7f5960c51000-7f5960c54000 ---p 00000000 00:00 0 
7f5960c54000-7f5960d52000 rw-p 00000000 00:00 0 
7f5960d52000-7f5960d55000 ---p 00000000 00:00 0 
7f5960d55000-7f5960e53000 rw-p 00000000 00:00 0 
7f5960e53000-7f5960e56000 ---p 00000000 00:00 0 
7f5960e56000-7f5960f54000 rw-p 00000000 00:00 0 
7f5960f54000-7f5960f57000 ---p 00000000 00:00 0 
7f5960f57000-7f5961055000 rw-p 00000000 00:00 0 
7f5961055000-7f596132d000 r--p 00000000 08:01 261135                     /usr/lib/locale/locale-archive
7f596132d000-7f5961330000 ---p 00000000 00:00 0 
7f5961330000-7f596142e000 rw-p 00000000 00:00 0 
7f596142e000-7f5961431000 ---p 00000000 00:00 0 
7f5961431000-7f596152f000 rw-p 00000000 00:00 0 
7f596152f000-7f5961530000 ---p 00000000 00:00 0 
7f5961530000-7f5964021000 rw-p 00000000 00:00 0 
7f5964021000-7f5968000000 ---p 00000000 00:00 0 
7f5968000000-7f5968021000 rw-p 00000000 00:00 0 
7f5968021000-7f596c000000 ---p 00000000 00:00 0 
7f596c000000-7f596c021000 rw-p 00000000 00:00 0 
7f596c021000-7f5970000000 ---p 00000000 00:00 0 
7f5970000000-7f5970021000 rw-p 00000000 00:00 0 
7f5970021000-7f5974000000 ---p 00000000 00:00 0 
7f5974000000-7f5974021000 rw-p 00000000 00:00 0 
7f5974021000-7f5978000000 ---p 00000000 00:00 0 
7f5978067000-7f59781b6000 rw-p 00000000 00:00 0 
7f59781b6000-7f5978386000 r--s 03c5f000 08:11 3934121                    /media/data/helper_tools/sdkman/candidates/java/8.0.232-open/jre/lib/rt.jar
7f5978386000-7f5978bfc000 rw-p 00000000 00:00 0 
7f5978bfc000-7f5978bfd000 ---p 00000000 00:00 0 
7f5978bfd000-7f5978cfd000 rw-p 00000000 00:00 0 
7f5978cfd000-7f5978cfe000 ---p 00000000 00:00 0 
7f5978cfe000-7f5978dfe000 rw-p 00000000 00:00 0 
7f5978dfe000-7f5978dff000 ---p 00000000 00:00 0 
7f5978dff000-7f5978eff000 rw-p 00000000 00:00 0 
7f5978eff000-7f5978f00000 ---p 00000000 00:00 0 
7f5978f00000-7f5979000000 rw-p 00000000 00:00 0 
7f5979000000-7f5979ca0000 rwxp 00000000 00:00 0 
7f5979ca0000-7f5988000000 ---p 00000000 00:00 0 
7f5988000000-7f59885ea000 rw-p 00000000 00:00 0 
7f59885ea000-7f598c000000 ---p 00000000 00:00 0 
7f598c040000-7f598c09b000 rw-p 00000000 00:00 0 
7f598c09b000-7f598c09c000 ---p 00000000 00:00 0 
7f598c09c000-7f598c19c000 rw-p 00000000 00:00 0 
7f598c19c000-7f598c19d000 ---p 00000000 00:00 0 
7f598c19d000-7f598c29d000 rw-p 00000000 00:00 0 
7f598c29d000-7f598c29e000 ---p 00000000 00:00 0 
7f598c29e000-7f598c39e000 rw-p 00000000 00:00 0 
7f598c39e000-7f598c39f000 ---p 00000000 00:00 0 
7f598c39f000-7f598c547000 rw-p 00000000 00:00 0 
7f598c547000-7f598cf19000 ---p 00000000 00:00 0 
7f598cf19000-7f598cfc1000 rw-p 00000000 00:00 0 
7f598cfc1000-7f598d992000 ---p 00000000 00:00 0 
7f598d992000-7f598da26000 rw-p 00000000 00:00 0 
7f598da26000-7f598decf000 ---p 00000000 00:00 0 
7f598decf000-7f598df03000 rw-p 00000000 00:00 0 
7f598df03000-7f598e290000 ---p 00000000 00:00 0 
7f598e290000-7f598e2ab000 r-xp 00000000 08:11 3934063                    /media/data/helper_tools/sdkman/candidates/java/8.0.232-open/jre/lib/amd64/libzip.so
7f598e2ab000-7f598e4aa000 ---p 0001b000 08:11 3934063                    /media/data/helper_tools/sdkman/candidates/java/8.0.232-open/jre/lib/amd64/libzip.so
7f598e4aa000-7f598e4ab000 r--p 0001a000 08:11 3934063                    /media/data/helper_tools/sdkman/candidates/java/8.0.232-open/jre/lib/amd64/libzip.so
7f598e4ab000-7f598e4ac000 rw-p 0001b000 08:11 3934063                    /media/data/helper_tools/sdkman/candidates/java/8.0.232-open/jre/lib/amd64/libzip.so
7f598e4ac000-7f598e4b7000 r-xp 00000000 08:01 406780                     /lib/x86_64-linux-gnu/libnss_files-2.23.so
7f598e4b7000-7f598e6b6000 ---p 0000b000 08:01 406780                     /lib/x86_64-linux-gnu/libnss_files-2.23.so
7f598e6b6000-7f598e6b7000 r--p 0000a000 08:01 406780                     /lib/x86_64-linux-gnu/libnss_files-2.23.so
7f598e6b7000-7f598e6b8000 rw-p 0000b000 08:01 406780                     /lib/x86_64-linux-gnu/libnss_files-2.23.so
7f598e6b8000-7f598e6be000 rw-p 00000000 00:00 0 
7f598e6be000-7f598e6c9000 r-xp 00000000 08:01 406771                     /lib/x86_64-linux-gnu/libnss_nis-2.23.so
7f598e6c9000-7f598e8c8000 ---p 0000b000 08:01 406771                     /lib/x86_64-linux-gnu/libnss_nis-2.23.so
7f598e8c8000-7f598e8c9000 r--p 0000a000 08:01 406771                     /lib/x86_64-linux-gnu/libnss_nis-2.23.so
7f598e8c9000-7f598e8ca000 rw-p 0000b000 08:01 406771                     /lib/x86_64-linux-gnu/libnss_nis-2.23.so
7f598e8ca000-7f598e8e0000 r-xp 00000000 08:01 406777                     /lib/x86_64-linux-gnu/libnsl-2.23.so
7f598e8e0000-7f598eadf000 ---p 00016000 08:01 406777                     /lib/x86_64-linux-gnu/libnsl-2.23.so
7f598eadf000-7f598eae0000 r--p 00015000 08:01 406777                     /lib/x86_64-linux-gnu/libnsl-2.23.so
7f598eae0000-7f598eae1000 rw-p 00016000 08:01 406777                     /lib/x86_64-linux-gnu/libnsl-2.23.so
7f598eae1000-7f598eae3000 rw-p 00000000 00:00 0 
7f598eae3000-7f598eaeb000 r-xp 00000000 08:01 406787                     /lib/x86_64-linux-gnu/libnss_compat-2.23.so
7f598eaeb000-7f598ecea000 ---p 00008000 08:01 406787                     /lib/x86_64-linux-gnu/libnss_compat-2.23.so
7f598ecea000-7f598eceb000 r--p 00007000 08:01 406787                     /lib/x86_64-linux-gnu/libnss_compat-2.23.so
7f598eceb000-7f598ecec000 rw-p 00008000 08:01 406787                     /lib/x86_64-linux-gnu/libnss_compat-2.23.so
7f598ecec000-7f598ed14000 r-xp 00000000 08:11 3934067                    /media/data/helper_tools/sdkman/candidates/java/8.0.232-open/jre/lib/amd64/libjava.so
7f598ed14000-7f598ef13000 ---p 00028000 08:11 3934067                    /media/data/helper_tools/sdkman/candidates/java/8.0.232-open/jre/lib/amd64/libjava.so
7f598ef13000-7f598ef14000 r--p 00027000 08:11 3934067                    /media/data/helper_tools/sdkman/candidates/java/8.0.232-open/jre/lib/amd64/libjava.so
7f598ef14000-7f598ef16000 rw-p 00028000 08:11 3934067                    /media/data/helper_tools/sdkman/candidates/java/8.0.232-open/jre/lib/amd64/libjava.so
7f598ef16000-7f598ef24000 r-xp 00000000 08:11 3934080                    /media/data/helper_tools/sdkman/candidates/java/8.0.232-open/jre/lib/amd64/libverify.so
7f598ef24000-7f598f123000 ---p 0000e000 08:11 3934080                    /media/data/helper_tools/sdkman/candidates/java/8.0.232-open/jre/lib/amd64/libverify.so
7f598f123000-7f598f125000 r--p 0000d000 08:11 3934080                    /media/data/helper_tools/sdkman/candidates/java/8.0.232-open/jre/lib/amd64/libverify.so
7f598f125000-7f598f126000 rw-p 0000f000 08:11 3934080                    /media/data/helper_tools/sdkman/candidates/java/8.0.232-open/jre/lib/amd64/libverify.so
7f598f126000-7f598f12d000 r-xp 00000000 08:01 406757                     /lib/x86_64-linux-gnu/librt-2.23.so
7f598f12d000-7f598f32c000 ---p 00007000 08:01 406757                     /lib/x86_64-linux-gnu/librt-2.23.so
7f598f32c000-7f598f32d000 r--p 00006000 08:01 406757                     /lib/x86_64-linux-gnu/librt-2.23.so
7f598f32d000-7f598f32e000 rw-p 00007000 08:01 406757                     /lib/x86_64-linux-gnu/librt-2.23.so
7f598f32e000-7f598f436000 r-xp 00000000 08:01 406791                     /lib/x86_64-linux-gnu/libm-2.23.so
7f598f436000-7f598f635000 ---p 00108000 08:01 406791                     /lib/x86_64-linux-gnu/libm-2.23.so
7f598f635000-7f598f636000 r--p 00107000 08:01 406791                     /lib/x86_64-linux-gnu/libm-2.23.so
7f598f636000-7f598f637000 rw-p 00108000 08:01 406791                     /lib/x86_64-linux-gnu/libm-2.23.so
7f598f637000-7f599028f000 r-xp 00000000 08:11 3934071                    /media/data/helper_tools/sdkman/candidates/java/8.0.232-open/jre/lib/amd64/server/libjvm.so
7f599028f000-7f599048f000 ---p 00c58000 08:11 3934071                    /media/data/helper_tools/sdkman/candidates/java/8.0.232-open/jre/lib/amd64/server/libjvm.so
7f599048f000-7f5990537000 r--p 00c58000 08:11 3934071                    /media/data/helper_tools/sdkman/candidates/java/8.0.232-open/jre/lib/amd64/server/libjvm.so
7f5990537000-7f599055f000 rw-p 00d00000 08:11 3934071                    /media/data/helper_tools/sdkman/candidates/java/8.0.232-open/jre/lib/amd64/server/libjvm.so
7f599055f000-7f59905a2000 rw-p 00000000 00:00 0 
7f59905a2000-7f5990762000 r-xp 00000000 08:01 406785                     /lib/x86_64-linux-gnu/libc-2.23.so
7f5990762000-7f5990962000 ---p 001c0000 08:01 406785                     /lib/x86_64-linux-gnu/libc-2.23.so
7f5990962000-7f5990966000 r--p 001c0000 08:01 406785                     /lib/x86_64-linux-gnu/libc-2.23.so
7f5990966000-7f5990968000 rw-p 001c4000 08:01 406785                     /lib/x86_64-linux-gnu/libc-2.23.so
7f5990968000-7f599096c000 rw-p 00000000 00:00 0 
7f599096c000-7f599096f000 r-xp 00000000 08:01 406762                     /lib/x86_64-linux-gnu/libdl-2.23.so
7f599096f000-7f5990b6e000 ---p 00003000 08:01 406762                     /lib/x86_64-linux-gnu/libdl-2.23.so
7f5990b6e000-7f5990b6f000 r--p 00002000 08:01 406762                     /lib/x86_64-linux-gnu/libdl-2.23.so
7f5990b6f000-7f5990b70000 rw-p 00003000 08:01 406762                     /lib/x86_64-linux-gnu/libdl-2.23.so
7f5990b70000-7f5990b86000 r-xp 00000000 08:11 3933450                    /media/data/helper_tools/sdkman/candidates/java/8.0.232-open/lib/amd64/jli/libjli.so
7f5990b86000-7f5990d85000 ---p 00016000 08:11 3933450                    /media/data/helper_tools/sdkman/candidates/java/8.0.232-open/lib/amd64/jli/libjli.so
7f5990d85000-7f5990d86000 r--p 00015000 08:11 3933450                    /media/data/helper_tools/sdkman/candidates/java/8.0.232-open/lib/amd64/jli/libjli.so
7f5990d86000-7f5990d87000 rw-p 00016000 08:11 3933450                    /media/data/helper_tools/sdkman/candidates/java/8.0.232-open/lib/amd64/jli/libjli.so
7f5990d87000-7f5990d9f000 r-xp 00000000 08:01 406768                     /lib/x86_64-linux-gnu/libpthread-2.23.so
7f5990d9f000-7f5990f9e000 ---p 00018000 08:01 406768                     /lib/x86_64-linux-gnu/libpthread-2.23.so
7f5990f9e000-7f5990f9f000 r--p 00017000 08:01 406768                     /lib/x86_64-linux-gnu/libpthread-2.23.so
7f5990f9f000-7f5990fa0000 rw-p 00018000 08:01 406768                     /lib/x86_64-linux-gnu/libpthread-2.23.so
7f5990fa0000-7f5990fa4000 rw-p 00000000 00:00 0 
7f5990fa4000-7f5990fca000 r-xp 00000000 08:01 406765                     /lib/x86_64-linux-gnu/ld-2.23.so
7f5990ff7000-7f5991015000 r--s 0015f000 08:11 8002625                    /media/data/muse2/tools/qark/venv/lib/python3.5/site-packages/qark/lib/decompilers/cfr_0_124.jar
7f5991015000-7f59910b3000 rw-p 00000000 00:00 0 
7f59910b3000-7f59910b6000 ---p 00000000 00:00 0 
7f59910b6000-7f59911b9000 rw-p 00000000 00:00 0 
7f59911bf000-7f59911c7000 rw-s 00000000 08:01 335                        /tmp/hsperfdata_nacoop/1737
7f59911c7000-7f59911c8000 rw-p 00000000 00:00 0 
7f59911c8000-7f59911c9000 ---p 00000000 00:00 0 
7f59911c9000-7f59911ca000 r--p 00025000 08:01 406765                     /lib/x86_64-linux-gnu/ld-2.23.so
7f59911ca000-7f59911cb000 rw-p 00026000 08:01 406765                     /lib/x86_64-linux-gnu/ld-2.23.so
7f59911cb000-7f59911cc000 rw-p 00000000 00:00 0 
7fff7bbe6000-7fff7bc07000 rw-p 00000000 00:00 0                          [stack]
7fff7bd02000-7fff7bd04000 r--p 00000000 00:00 0                          [vvar]
7fff7bd04000-7fff7bd06000 r-xp 00000000 00:00 0                          [vdso]
ffffffffff600000-ffffffffff601000 r-xp 00000000 00:00 0                  [vsyscall]

VM Arguments:
java_command: /media/data/muse2/tools/qark/venv/lib/python3.5/site-packages/qark/decompiler/../lib/decompilers/cfr_0_124.jar /media/data/muse2/tools/qark/build/qark/sip-mutant10.jar --outputdir /media/data/muse2/tools/qark/build/qark/cfr
java_class_path (initial): /media/data/muse2/tools/qark/venv/lib/python3.5/site-packages/qark/decompiler/../lib/decompilers/cfr_0_124.jar
Launcher Type: SUN_STANDARD

Environment Variables:
JAVA_HOME=/media/data/helper_tools/sdkman/candidates/java/current
PATH=/media/data/muse2/tools/qark/venv/bin:/home/nacoop/bin:/home/nacoop/.local/bin:/media/data/Android/Sdk:/media/data/Android/Sdk:/media/data/Android/Sdk:/media/data/muse2/tools/coverity/cov-analysis-linux64-2020.03/bin:/media/data/muse2/tools/coverity/cov-platform/bin:/media/data/anaconda/condabin:/media/data/helper_tools/sdkman/candidates/java/current/bin:/usr/local/sbin:/usr/local/bin:/usr/sbin:/usr/bin:/sbin:/bin:/usr/games:/snap/bin
SHELL=/bin/bash

Signal Handlers:
SIGSEGV: [libjvm.so+0xa4ef90], sa_mask[0]=11111111011111111101111111111110, sa_flags=SA_RESTART|SA_SIGINFO
SIGBUS: [libjvm.so+0xa4ef90], sa_mask[0]=11111111011111111101111111111110, sa_flags=SA_RESTART|SA_SIGINFO
SIGFPE: [libjvm.so+0x8b7a50], sa_mask[0]=11111111011111111101111111111110, sa_flags=SA_RESTART|SA_SIGINFO
SIGPIPE: [libjvm.so+0x8b7a50], sa_mask[0]=11111111011111111101111111111110, sa_flags=SA_RESTART|SA_SIGINFO
SIGXFSZ: [libjvm.so+0x8b7a50], sa_mask[0]=11111111011111111101111111111110, sa_flags=SA_RESTART|SA_SIGINFO
SIGILL: [libjvm.so+0x8b7a50], sa_mask[0]=11111111011111111101111111111110, sa_flags=SA_RESTART|SA_SIGINFO
SIGUSR1: SIG_DFL, sa_mask[0]=00000000000000000000000000000000, sa_flags=none
SIGUSR2: [libjvm.so+0x8b9200], sa_mask[0]=00000000000000000000000000000000, sa_flags=SA_RESTART|SA_SIGINFO
SIGHUP: [libjvm.so+0x8bac30], sa_mask[0]=11111111011111111101111111111110, sa_flags=SA_RESTART|SA_SIGINFO
SIGINT: [libjvm.so+0x8bac30], sa_mask[0]=11111111011111111101111111111110, sa_flags=SA_RESTART|SA_SIGINFO
SIGTERM: [libjvm.so+0x8bac30], sa_mask[0]=11111111011111111101111111111110, sa_flags=SA_RESTART|SA_SIGINFO
SIGQUIT: [libjvm.so+0x8bac30], sa_mask[0]=11111111011111111101111111111110, sa_flags=SA_RESTART|SA_SIGINFO


---------------  S Y S T E M  ---------------

OS:DISTRIB_ID=Ubuntu
DISTRIB_RELEASE=16.04
DISTRIB_CODENAME=xenial
DISTRIB_DESCRIPTION="Ubuntu 16.04.6 LTS"

uname:Linux 4.4.0-174-generic #204-Ubuntu SMP Wed Jan 29 06:41:01 UTC 2020 x86_64
libc:glibc 2.23 NPTL 2.23 
rlimit: STACK 8192k, CORE 0k, NPROC 128527, NOFILE 4096, AS infinity
load average:2.40 1.79 1.90

/proc/meminfo:
MemTotal:       32946664 kB
MemFree:         1970480 kB
MemAvailable:   22935276 kB
Buffers:         1277500 kB
Cached:         20204896 kB
SwapCached:          336 kB
Active:         16389652 kB
Inactive:       11943764 kB
Active(anon):    6712696 kB
Inactive(anon):  2653848 kB
Active(file):    9676956 kB
Inactive(file):  9289916 kB
Unevictable:        3652 kB
Mlocked:            3652 kB
SwapTotal:        998396 kB
SwapFree:         861424 kB
Dirty:             11960 kB
Writeback:             0 kB
AnonPages:       6854576 kB
Mapped:          2590188 kB
Shmem:           2513104 kB
Slab:            2489208 kB
SReclaimable:    2400820 kB
SUnreclaim:        88388 kB
KernelStack:       11920 kB
PageTables:        46908 kB
NFS_Unstable:          0 kB
Bounce:                0 kB
WritebackTmp:          0 kB
CommitLimit:    17471728 kB
Committed_AS:   17159968 kB
VmallocTotal:   34359738367 kB
VmallocUsed:           0 kB
VmallocChunk:          0 kB
HardwareCorrupted:     0 kB
AnonHugePages:         0 kB
CmaTotal:              0 kB
CmaFree:               0 kB
HugePages_Total:       0
HugePages_Free:        0
HugePages_Rsvd:        0
HugePages_Surp:        0
Hugepagesize:       2048 kB
DirectMap4k:      257916 kB
DirectMap2M:    33296384 kB

container (cgroup) information:
container_type: cgroupv1
cpu_cpuset_cpus: 0-7
cpu_memory_nodes: 0
active_processor_count: 8
cpu_quota: -1
cpu_period: 100000
cpu_shares: -1
memory_limit_in_bytes: -1
memory_and_swap_limit_in_bytes: -2
memory_soft_limit_in_bytes: -1
memory_usage_in_bytes: 26981961728
memory_max_usage_in_bytes: 28774748160


CPU:total 8 (initial active 8) (1 cores per cpu, 1 threads per core) family 6 model 60 stepping 1, cmov, cx8, fxsr, mmx, sse, sse2, sse3, ssse3, sse4.1, sse4.2, popcnt, avx, avx2, aes, clmul, erms, lzcnt, tsc, bmi1, bmi2

/proc/cpuinfo:
processor	: 0
vendor_id	: GenuineIntel
cpu family	: 6
model		: 60
model name	: Intel Core Processor (Haswell, no TSX, IBRS)
stepping	: 1
microcode	: 0x1
cpu MHz		: 2399.976
cache size	: 4096 KB
physical id	: 0
siblings	: 1
core id		: 0
cpu cores	: 1
apicid		: 0
initial apicid	: 0
fpu		: yes
fpu_exception	: yes
cpuid level	: 13
wp		: yes
flags		: fpu vme de pse tsc msr pae mce cx8 apic sep mtrr pge mca cmov pat pse36 clflush mmx fxsr sse sse2 syscall nx rdtscp lm constant_tsc rep_good nopl tsc_known_freq pni pclmulqdq ssse3 fma cx16 pcid sse4_1 sse4_2 x2apic movbe popcnt tsc_deadline_timer aes xsave avx f16c rdrand hypervisor lahf_lm abm invpcid_single ibrs ibpb kaiser fsgsbase bmi1 avx2 smep bmi2 erms invpcid xsaveopt arat
bugs		: cpu_meltdown spectre_v1 spectre_v2 spec_store_bypass l1tf mds swapgs itlb_multihit
bogomips	: 4799.95
clflush size	: 64
cache_alignment	: 64
address sizes	: 40 bits physical, 48 bits virtual
power management:

processor	: 1
vendor_id	: GenuineIntel
cpu family	: 6
model		: 60
model name	: Intel Core Processor (Haswell, no TSX, IBRS)
stepping	: 1
microcode	: 0x1
cpu MHz		: 2399.976
cache size	: 4096 KB
physical id	: 1
siblings	: 1
core id		: 0
cpu cores	: 1
apicid		: 1
initial apicid	: 1
fpu		: yes
fpu_exception	: yes
cpuid level	: 13
wp		: yes
flags		: fpu vme de pse tsc msr pae mce cx8 apic sep mtrr pge mca cmov pat pse36 clflush mmx fxsr sse sse2 syscall nx rdtscp lm constant_tsc rep_good nopl tsc_known_freq pni pclmulqdq ssse3 fma cx16 pcid sse4_1 sse4_2 x2apic movbe popcnt tsc_deadline_timer aes xsave avx f16c rdrand hypervisor lahf_lm abm invpcid_single ibrs ibpb kaiser fsgsbase bmi1 avx2 smep bmi2 erms invpcid xsaveopt arat
bugs		: cpu_meltdown spectre_v1 spectre_v2 spec_store_bypass l1tf mds swapgs itlb_multihit
bogomips	: 4799.95
clflush size	: 64
cache_alignment	: 64
address sizes	: 40 bits physical, 48 bits virtual
power management:

processor	: 2
vendor_id	: GenuineIntel
cpu family	: 6
model		: 60
model name	: Intel Core Processor (Haswell, no TSX, IBRS)
stepping	: 1
microcode	: 0x1
cpu MHz		: 2399.976
cache size	: 4096 KB
physical id	: 2
siblings	: 1
core id		: 0
cpu cores	: 1
apicid		: 2
initial apicid	: 2
fpu		: yes
fpu_exception	: yes
cpuid level	: 13
wp		: yes
flags		: fpu vme de pse tsc msr pae mce cx8 apic sep mtrr pge mca cmov pat pse36 clflush mmx fxsr sse sse2 syscall nx rdtscp lm constant_tsc rep_good nopl tsc_known_freq pni pclmulqdq ssse3 fma cx16 pcid sse4_1 sse4_2 x2apic movbe popcnt tsc_deadline_timer aes xsave avx f16c rdrand hypervisor lahf_lm abm invpcid_single ibrs ibpb kaiser fsgsbase bmi1 avx2 smep bmi2 erms invpcid xsaveopt arat
bugs		: cpu_meltdown spectre_v1 spectre_v2 spec_store_bypass l1tf mds swapgs itlb_multihit
bogomips	: 4799.95
clflush size	: 64
cache_alignment	: 64
address sizes	: 40 bits physical, 48 bits virtual
power management:

processor	: 3
vendor_id	: GenuineIntel
cpu family	: 6
model		: 60
model name	: Intel Core Processor (Haswell, no TSX, IBRS)
stepping	: 1
microcode	: 0x1
cpu MHz		: 2399.976
cache size	: 4096 KB
physical id	: 3
siblings	: 1
core id		: 0
cpu cores	: 1
apicid		: 3
initial apicid	: 3
fpu		: yes
fpu_exception	: yes
cpuid level	: 13
wp		: yes
flags		: fpu vme de pse tsc msr pae mce cx8 apic sep mtrr pge mca cmov pat pse36 clflush mmx fxsr sse sse2 syscall nx rdtscp lm constant_tsc rep_good nopl tsc_known_freq pni pclmulqdq ssse3 fma cx16 pcid sse4_1 sse4_2 x2apic movbe popcnt tsc_deadline_timer aes xsave avx f16c rdrand hypervisor lahf_lm abm invpcid_single ibrs ibpb kaiser fsgsbase bmi1 avx2 smep bmi2 erms invpcid xsaveopt arat
bugs		: cpu_meltdown spectre_v1 spectre_v2 spec_store_bypass l1tf mds swapgs itlb_multihit
bogomips	: 4799.95
clflush size	: 64
cache_alignment	: 64
address sizes	: 40 bits physical, 48 bits virtual
power management:

processor	: 4
vendor_id	: GenuineIntel
cpu family	: 6
model		: 60
model name	: Intel Core Processor (Haswell, no TSX, IBRS)
stepping	: 1
microcode	: 0x1
cpu MHz		: 2399.976
cache size	: 4096 KB
physical id	: 4
siblings	: 1
core id		: 0
cpu cores	: 1
apicid		: 4
initial apicid	: 4
fpu		: yes
fpu_exception	: yes
cpuid level	: 13
wp		: yes
flags		: fpu vme de pse tsc msr pae mce cx8 apic sep mtrr pge mca cmov pat pse36 clflush mmx fxsr sse sse2 syscall nx rdtscp lm constant_tsc rep_good nopl tsc_known_freq pni pclmulqdq ssse3 fma cx16 pcid sse4_1 sse4_2 x2apic movbe popcnt tsc_deadline_timer aes xsave avx f16c rdrand hypervisor lahf_lm abm invpcid_single ibrs ibpb kaiser fsgsbase bmi1 avx2 smep bmi2 erms invpcid xsaveopt arat
bugs		: cpu_meltdown spectre_v1 spectre_v2 spec_store_bypass l1tf mds swapgs itlb_multihit
bogomips	: 4799.95
clflush size	: 64
cache_alignment	: 64
address sizes	: 40 bits physical, 48 bits virtual
power management:

processor	: 5
vendor_id	: GenuineIntel
cpu family	: 6
model		: 60
model name	: Intel Core Processor (Haswell, no TSX, IBRS)
stepping	: 1
microcode	: 0x1
cpu MHz		: 2399.976
cache size	: 4096 KB
physical id	: 5
siblings	: 1
core id		: 0
cpu cores	: 1
apicid		: 5
initial apicid	: 5
fpu		: yes
fpu_exception	: yes
cpuid level	: 13
wp		: yes
flags		: fpu vme de pse tsc msr pae mce cx8 apic sep mtrr pge mca cmov pat pse36 clflush mmx fxsr sse sse2 syscall nx rdtscp lm constant_tsc rep_good nopl tsc_known_freq pni pclmulqdq ssse3 fma cx16 pcid sse4_1 sse4_2 x2apic movbe popcnt tsc_deadline_timer aes xsave avx f16c rdrand hypervisor lahf_lm abm invpcid_single ibrs ibpb kaiser fsgsbase bmi1 avx2 smep bmi2 erms invpcid xsaveopt arat
bugs		: cpu_meltdown spectre_v1 spectre_v2 spec_store_bypass l1tf mds swapgs itlb_multihit
bogomips	: 4799.95
clflush size	: 64
cache_alignment	: 64
address sizes	: 40 bits physical, 48 bits virtual
power management:

processor	: 6
vendor_id	: GenuineIntel
cpu family	: 6
model		: 60
model name	: Intel Core Processor (Haswell, no TSX, IBRS)
stepping	: 1
microcode	: 0x1
cpu MHz		: 2399.976
cache size	: 4096 KB
physical id	: 6
siblings	: 1
core id		: 0
cpu cores	: 1
apicid		: 6
initial apicid	: 6
fpu		: yes
fpu_exception	: yes
cpuid level	: 13
wp		: yes
flags		: fpu vme de pse tsc msr pae mce cx8 apic sep mtrr pge mca cmov pat pse36 clflush mmx fxsr sse sse2 syscall nx rdtscp lm constant_tsc rep_good nopl tsc_known_freq pni pclmulqdq ssse3 fma cx16 pcid sse4_1 sse4_2 x2apic movbe popcnt tsc_deadline_timer aes xsave avx f16c rdrand hypervisor lahf_lm abm invpcid_single ibrs ibpb kaiser fsgsbase bmi1 avx2 smep bmi2 erms invpcid xsaveopt arat
bugs		: cpu_meltdown spectre_v1 spectre_v2 spec_store_bypass l1tf mds swapgs itlb_multihit
bogomips	: 4799.95
clflush size	: 64
cache_alignment	: 64
address sizes	: 40 bits physical, 48 bits virtual
power management:

processor	: 7
vendor_id	: GenuineIntel
cpu family	: 6
model		: 60
model name	: Intel Core Processor (Haswell, no TSX, IBRS)
stepping	: 1
microcode	: 0x1
cpu MHz		: 2399.976
cache size	: 4096 KB
physical id	: 7
siblings	: 1
core id		: 0
cpu cores	: 1
apicid		: 7
initial apicid	: 7
fpu		: yes
fpu_exception	: yes
cpuid level	: 13
wp		: yes
flags		: fpu vme de pse tsc msr pae mce cx8 apic sep mtrr pge mca cmov pat pse36 clflush mmx fxsr sse sse2 syscall nx rdtscp lm constant_tsc rep_good nopl tsc_known_freq pni pclmulqdq ssse3 fma cx16 pcid sse4_1 sse4_2 x2apic movbe popcnt tsc_deadline_timer aes xsave avx f16c rdrand hypervisor lahf_lm abm invpcid_single ibrs ibpb kaiser fsgsbase bmi1 avx2 smep bmi2 erms invpcid xsaveopt arat
bugs		: cpu_meltdown spectre_v1 spectre_v2 spec_store_bypass l1tf mds swapgs itlb_multihit
bogomips	: 4799.95
clflush size	: 64
cache_alignment	: 64
address sizes	: 40 bits physical, 48 bits virtual
power management:



Memory: 4k page, physical 32946664k(1967488k free), swap 998396k(861424k free)

vm_info: OpenJDK 64-Bit Server VM (25.232-b09) for linux-amd64 JRE (1.8.0_232-b09), built on Oct 10 2019 05:03:18 by "openjdk" with gcc 4.4.7 20120313 (Red Hat 4.4.7-23)

time: Mon Jun  8 18:50:07 2020
timezone: EDT
elapsed time: 5 seconds (0d 0h 0m 5s)

