#
# There is insufficient memory for the Java Runtime Environment to continue.
# Native memory allocation (mmap) failed to map 264241152 bytes for committing reserved memory.
# Possible reasons:
#   The system is out of physical RAM or swap space
#   The process is running with CompressedOops enabled, and the Java Heap may be blocking the growth of the native heap
# Possible solutions:
#   Reduce memory load on the system
#   Increase physical memory or swap space
#   Check if swap backing store is full
#   Decrease Java heap size (-Xmx/-Xms)
#   Decrease number of Java threads
#   Decrease Java thread stack sizes (-Xss)
#   Set larger code cache with -XX:ReservedCodeCacheSize=
#   JVM is running with Zero Based Compressed Oops mode in which the Java heap is
#     placed in the first 32GB address space. The Java Heap base address is the
#     maximum limit for the native heap growth. Please use -XX:HeapBaseMinAddress
#     to set the Java Heap base and to place the Java Heap above 32GB virtual address.
# This output file may be truncated or incomplete.
#
#  Out of Memory Error (os_linux.cpp:2754), pid=849, tid=0x00007f5322beb700
#
# JRE version: OpenJDK Runtime Environment (8.0_232-b09) (build 1.8.0_232-b09)
# Java VM: OpenJDK 64-Bit Server VM (25.232-b09 mixed mode linux-amd64 compressed oops)
# Failed to write core dump. Core dumps have been disabled. To enable core dumping, try "ulimit -c unlimited" before starting Java again
#

---------------  T H R E A D  ---------------

Current thread (0x00007f534c1c7800):  VMThread [stack: 0x00007f5322aeb000,0x00007f5322bec000] [id=882]

Stack: [0x00007f5322aeb000,0x00007f5322bec000],  sp=0x00007f5322bea290,  free space=1020k
Native frames: (J=compiled Java code, j=interpreted, Vv=VM code, C=native code)
V  [libjvm.so+0xa4e56d]  VMError::report_and_die()+0x15d
V  [libjvm.so+0x4e2ec9]  report_vm_out_of_memory(char const*, int, unsigned long, VMErrorType, char const*)+0x99
V  [libjvm.so+0x8be243]  os::Linux::commit_memory_impl(char*, unsigned long, bool)+0x113
V  [libjvm.so+0x8be469]  os::pd_commit_memory(char*, unsigned long, unsigned long, bool)+0x29
V  [libjvm.so+0x8b306a]  os::commit_memory(char*, unsigned long, unsigned long, bool)+0x2a
V  [libjvm.so+0x92334b]  PSVirtualSpace::expand_by(unsigned long)+0x6b
V  [libjvm.so+0x924608]  PSYoungGen::resize_generation(unsigned long, unsigned long)+0xb8
V  [libjvm.so+0x923742]  PSYoungGen::resize(unsigned long, unsigned long)+0x22
V  [libjvm.so+0x920d1e]  PSScavenge::invoke_no_policy()+0x102e
V  [libjvm.so+0x9214d3]  PSScavenge::invoke()+0x43
V  [libjvm.so+0x8dbe4d]  ParallelScavengeHeap::failed_mem_allocate(unsigned long)+0x6d
V  [libjvm.so+0xa4ffe7]  VM_ParallelGCFailedAllocation::doit()+0x97
V  [libjvm.so+0xa56982]  VM_Operation::evaluate()+0x52
V  [libjvm.so+0xa54ce9]  VMThread::evaluate_operation(VM_Operation*)+0xa9
V  [libjvm.so+0xa5531b]  VMThread::loop()+0x1fb
V  [libjvm.so+0xa55783]  VMThread::run()+0x83
V  [libjvm.so+0x8be5d2]  java_start(Thread*)+0x132

VM_Operation (0x00007f535270b3d0): ParallelGCFailedAllocation, mode: safepoint, requested by thread 0x00007f534c00b000


---------------  P R O C E S S  ---------------

Java Threads: ( => current thread )
  0x00007f534c21a800 JavaThread "Service Thread" daemon [_thread_blocked, id=902, stack(0x00007f532200b000,0x00007f532210c000)]
  0x00007f534c20f800 JavaThread "C1 CompilerThread3" daemon [_thread_blocked, id=900, stack(0x00007f532210c000,0x00007f532220d000)]
  0x00007f534c20d800 JavaThread "C2 CompilerThread2" daemon [_thread_blocked, id=899, stack(0x00007f532220d000,0x00007f532230e000)]
  0x00007f534c20b800 JavaThread "C2 CompilerThread1" daemon [_thread_blocked, id=898, stack(0x00007f532230e000,0x00007f532240f000)]
  0x00007f534c208800 JavaThread "C2 CompilerThread0" daemon [_thread_in_native, id=897, stack(0x00007f532240f000,0x00007f5322510000)]
  0x00007f534c207000 JavaThread "Signal Dispatcher" daemon [_thread_blocked, id=895, stack(0x00007f5322510000,0x00007f5322611000)]
  0x00007f534c1d4000 JavaThread "Finalizer" daemon [_thread_blocked, id=888, stack(0x00007f53228e9000,0x00007f53229ea000)]
  0x00007f534c1d1800 JavaThread "Reference Handler" daemon [_thread_blocked, id=886, stack(0x00007f53229ea000,0x00007f5322aeb000)]
  0x00007f534c00b000 JavaThread "main" [_thread_blocked, id=857, stack(0x00007f535260d000,0x00007f535270e000)]

Other Threads:
=>0x00007f534c1c7800 VMThread [stack: 0x00007f5322aeb000,0x00007f5322bec000] [id=882]
  0x00007f534c21d000 WatcherThread [stack: 0x00007f5321f0a000,0x00007f532200b000] [id=903]

VM state:at safepoint (normal execution)

VM Mutex/Monitor currently owned by a thread:  ([mutex/lock_event])
[0x00007f534c007270] Threads_lock - owner thread: 0x00007f534c1c7800
[0x00007f534c007770] Heap_lock - owner thread: 0x00007f534c00b000

heap address: 0x00000005c9400000, size: 8044 MB, Compressed Oops mode: Zero based, Oop shift amount: 3
Narrow klass base: 0x0000000000000000, Narrow klass shift: 3
Compressed class space size: 1073741824 Address: 0x00000007c0000000

Heap:
 PSYoungGen      total 279552K, used 21488K [0x0000000718700000, 0x000000072ad00000, 0x00000007c0000000)
  eden space 258048K, 0% used [0x0000000718700000,0x0000000718700000,0x0000000728300000)
  from space 21504K, 99% used [0x0000000728300000,0x00000007297fc010,0x0000000729800000)
  to   space 21504K, 0% used [0x0000000729800000,0x0000000729800000,0x000000072ad00000)
 ParOldGen       total 344064K, used 9138K [0x00000005c9400000, 0x00000005de400000, 0x0000000718700000)
  object space 344064K, 2% used [0x00000005c9400000,0x00000005c9cec970,0x00000005de400000)
 Metaspace       used 11786K, capacity 11920K, committed 12160K, reserved 1060864K
  class space    used 1131K, capacity 1138K, committed 1152K, reserved 1048576K

Card table byte_map: [0x00007f533b436000,0x00007f533c3ed000] byte_map_base: 0x00007f53385ec000

Marking Bits: (ParMarkBitMap*) 0x00007f5351acd900
 Begin Bits: [0x00007f53044a0000, 0x00007f530c250000)
 End Bits:   [0x00007f530c250000, 0x00007f5314000000)

Polling page: 0x00007f5352722000

CodeCache: size=245760Kb used=22837Kb max_used=22851Kb free=222922Kb
 bounds [0x00007f533c7ad000, 0x00007f533de0d000, 0x00007f534b7ad000]
 total_blobs=3658 nmethods=3353 adapters=218
 compilation: enabled

Compilation events (10 events):
Event: 5.593 Thread 0x00007f534c20f800 nmethod 3455 0x00007f533ddd8f50 code [0x00007f533ddd90e0, 0x00007f533ddd94c8]
Event: 5.593 Thread 0x00007f534c20f800 3456       3       com.strobel.assembler.ir.ConstantPool$StringConstantEntry::getValue (18 bytes)
Event: 5.593 Thread 0x00007f534c20f800 nmethod 3456 0x00007f533ddd89d0 code [0x00007f533ddd8b40, 0x00007f533ddd8e48]
Event: 5.600 Thread 0x00007f534c20b800 nmethod 3436 0x00007f533de03d10 code [0x00007f533de04020, 0x00007f533de068c8]
Event: 5.600 Thread 0x00007f534c20b800 3454       4       java.util.HashMap::put (13 bytes)
Event: 5.608 Thread 0x00007f534c20b800 nmethod 3454 0x00007f533ddd7a10 code [0x00007f533ddd7be0, 0x00007f533ddd82f0]
Event: 5.608 Thread 0x00007f534c20b800 3448 %     4       com.strobel.decompiler.ast.TypeAnalysis::inferTypesForVariables @ 554 (673 bytes)
Event: 5.614 Thread 0x00007f534c20f800 3458       3       com.strobel.assembler.Collection::remove (31 bytes)
Event: 5.615 Thread 0x00007f534c20f800 nmethod 3458 0x00007f533de02e10 code [0x00007f533de03000, 0x00007f533de03968]
Event: 5.618 Thread 0x00007f534c20f800 3460       3       com.strobel.decompiler.InstructionHelper::getLoadOrStoreSlot (50 bytes)

GC Heap History (5 events):
Event: 2.381 GC heap before
{Heap before GC invocations=1 (full 0):
 PSYoungGen      total 150528K, used 129024K [0x0000000718700000, 0x0000000722f00000, 0x00000007c0000000)
  eden space 129024K, 100% used [0x0000000718700000,0x0000000720500000,0x0000000720500000)
  from space 21504K, 0% used [0x0000000721a00000,0x0000000721a00000,0x0000000722f00000)
  to   space 21504K, 0% used [0x0000000720500000,0x0000000720500000,0x0000000721a00000)
 ParOldGen       total 344064K, used 0K [0x00000005c9400000, 0x00000005de400000, 0x0000000718700000)
  object space 344064K, 0% used [0x00000005c9400000,0x00000005c9400000,0x00000005de400000)
 Metaspace       used 10533K, capacity 10576K, committed 10624K, reserved 1058816K
  class space    used 1103K, capacity 1138K, committed 1152K, reserved 1048576K
Event: 2.411 GC heap after
Heap after GC invocations=1 (full 0):
 PSYoungGen      total 150528K, used 20121K [0x0000000718700000, 0x000000072ad00000, 0x00000007c0000000)
  eden space 129024K, 0% used [0x0000000718700000,0x0000000718700000,0x0000000720500000)
  from space 21504K, 93% used [0x0000000720500000,0x00000007218a65d0,0x0000000721a00000)
  to   space 21504K, 0% used [0x0000000729800000,0x0000000729800000,0x000000072ad00000)
 ParOldGen       total 344064K, used 0K [0x00000005c9400000, 0x00000005de400000, 0x0000000718700000)
  object space 344064K, 0% used [0x00000005c9400000,0x00000005c9400000,0x00000005de400000)
 Metaspace       used 10533K, capacity 10576K, committed 10624K, reserved 1058816K
  class space    used 1103K, capacity 1138K, committed 1152K, reserved 1048576K
}
Event: 3.120 GC heap before
{Heap before GC invocations=2 (full 0):
 PSYoungGen      total 150528K, used 149145K [0x0000000718700000, 0x000000072ad00000, 0x00000007c0000000)
  eden space 129024K, 100% used [0x0000000718700000,0x0000000720500000,0x0000000720500000)
  from space 21504K, 93% used [0x0000000720500000,0x00000007218a65d0,0x0000000721a00000)
  to   space 21504K, 0% used [0x0000000729800000,0x0000000729800000,0x000000072ad00000)
 ParOldGen       total 344064K, used 0K [0x00000005c9400000, 0x00000005de400000, 0x0000000718700000)
  object space 344064K, 0% used [0x00000005c9400000,0x00000005c9400000,0x00000005de400000)
 Metaspace       used 10910K, capacity 11024K, committed 11136K, reserved 1058816K
  class space    used 1108K, capacity 1138K, committed 1152K, reserved 1048576K
Event: 3.154 GC heap after
Heap after GC invocations=2 (full 0):
 PSYoungGen      total 279552K, used 21408K [0x0000000718700000, 0x000000072ad00000, 0x00000007c0000000)
  eden space 258048K, 0% used [0x0000000718700000,0x0000000718700000,0x0000000728300000)
  from space 21504K, 99% used [0x0000000729800000,0x000000072ace8030,0x000000072ad00000)
  to   space 21504K, 0% used [0x0000000728300000,0x0000000728300000,0x0000000729800000)
 ParOldGen       total 344064K, used 32K [0x00000005c9400000, 0x00000005de400000, 0x0000000718700000)
  object space 344064K, 0% used [0x00000005c9400000,0x00000005c9408000,0x00000005de400000)
 Metaspace       used 10910K, capacity 11024K, committed 11136K, reserved 1058816K
  class space    used 1108K, capacity 1138K, committed 1152K, reserved 1048576K
}
Event: 5.618 GC heap before
{Heap before GC invocations=3 (full 0):
 PSYoungGen      total 279552K, used 279456K [0x0000000718700000, 0x000000072ad00000, 0x00000007c0000000)
  eden space 258048K, 100% used [0x0000000718700000,0x0000000728300000,0x0000000728300000)
  from space 21504K, 99% used [0x0000000729800000,0x000000072ace8030,0x000000072ad00000)
  to   space 21504K, 0% used [0x0000000728300000,0x0000000728300000,0x0000000729800000)
 ParOldGen       total 344064K, used 32K [0x00000005c9400000, 0x00000005de400000, 0x0000000718700000)
  object space 344064K, 0% used [0x00000005c9400000,0x00000005c9408000,0x00000005de400000)
 Metaspace       used 11786K, capacity 11920K, committed 12160K, reserved 1060864K
  class space    used 1131K, capacity 1138K, committed 1152K, reserved 1048576K

Deoptimization events (10 events):
Event: 4.658 Thread 0x00007f534c00b000 Uncommon trap: reason=predicate action=maybe_recompile pc=0x00007f533d036da4 method=com.strobel.core.ArrayUtilities.indexOf([Ljava/lang/Object;Ljava/lang/Object;)I @ 48
Event: 4.765 Thread 0x00007f534c00b000 Uncommon trap: reason=unstable_if action=reinterpret pc=0x00007f533c9f76f4 method=java.util.HashMap.putVal(ILjava/lang/Object;Ljava/lang/Object;ZZ)Ljava/lang/Object; @ 162
Event: 4.765 Thread 0x00007f534c00b000 Uncommon trap: reason=unstable_if action=reinterpret pc=0x00007f533d857264 method=java.util.HashMap.putVal(ILjava/lang/Object;Ljava/lang/Object;ZZ)Ljava/lang/Object; @ 109
Event: 4.765 Thread 0x00007f534c00b000 Uncommon trap: reason=unstable_if action=reinterpret pc=0x00007f533c98332c method=java.util.HashMap.putVal(ILjava/lang/Object;Ljava/lang/Object;ZZ)Ljava/lang/Object; @ 109
Event: 4.793 Thread 0x00007f534c00b000 Uncommon trap: reason=unstable_if action=reinterpret pc=0x00007f533d343b3c method=com.strobel.decompiler.ast.TypeAnalysis.inferTypeForVariable(Lcom/strobel/decompiler/ast/Variable;Lcom/strobel/assembler/metadata/TypeReference;ZI)Lcom/strobel/assembler/met
Event: 4.793 Thread 0x00007f534c00b000 Uncommon trap: reason=unstable_if action=reinterpret pc=0x00007f533db00384 method=com.strobel.decompiler.ast.TypeAnalysis.inferTypeForVariable(Lcom/strobel/decompiler/ast/Variable;Lcom/strobel/assembler/metadata/TypeReference;ZI)Lcom/strobel/assembler/met
Event: 4.817 Thread 0x00007f534c00b000 Uncommon trap: reason=unstable_if action=reinterpret pc=0x00007f533d71c3dc method=com.strobel.decompiler.ast.Inlining.inlineIfPossible(Lcom/strobel/decompiler/ast/Variable;Lcom/strobel/decompiler/ast/Expression;Lcom/strobel/decompiler/ast/Node;Z)Z @ 54
Event: 4.833 Thread 0x00007f534c00b000 Uncommon trap: reason=unstable_if action=reinterpret pc=0x00007f533d85ab5c method=java.util.HashMap.clear()V @ 23
Event: 4.935 Thread 0x00007f534c00b000 Uncommon trap: reason=unstable_if action=reinterpret pc=0x00007f533d7d7768 method=java.util.HashMap.clear()V @ 23
Event: 5.455 Thread 0x00007f534c00b000 Uncommon trap: reason=unstable_if action=reinterpret pc=0x00007f533d7d7b64 method=java.util.HashMap.clear()V @ 23

Classes redefined (0 events):
No events

Internal exceptions (10 events):
Event: 0.178 Thread 0x00007f534c00b000 Exception <a 'java/lang/ArrayIndexOutOfBoundsException'> (0x00000007188f2b28) thrown at [/home/openjdk/jdk8u/hotspot/src/share/vm/runtime/sharedRuntime.cpp, line 605]
Event: 0.211 Thread 0x00007f534c00b000 Exception <a 'java/security/PrivilegedActionException'> (0x00000007189599a8) thrown at [/home/openjdk/jdk8u/hotspot/src/share/vm/prims/jvm.cpp, line 1502]
Event: 0.211 Thread 0x00007f534c00b000 Exception <a 'java/security/PrivilegedActionException'> (0x0000000718959da0) thrown at [/home/openjdk/jdk8u/hotspot/src/share/vm/prims/jvm.cpp, line 1502]
Event: 0.211 Thread 0x00007f534c00b000 Exception <a 'java/security/PrivilegedActionException'> (0x000000071895ca60) thrown at [/home/openjdk/jdk8u/hotspot/src/share/vm/prims/jvm.cpp, line 1502]
Event: 0.211 Thread 0x00007f534c00b000 Exception <a 'java/security/PrivilegedActionException'> (0x000000071895ce58) thrown at [/home/openjdk/jdk8u/hotspot/src/share/vm/prims/jvm.cpp, line 1502]
Event: 0.212 Thread 0x00007f534c00b000 Exception <a 'java/security/PrivilegedActionException'> (0x000000071895df20) thrown at [/home/openjdk/jdk8u/hotspot/src/share/vm/prims/jvm.cpp, line 1502]
Event: 0.212 Thread 0x00007f534c00b000 Exception <a 'java/security/PrivilegedActionException'> (0x000000071895e318) thrown at [/home/openjdk/jdk8u/hotspot/src/share/vm/prims/jvm.cpp, line 1502]
Event: 2.917 Thread 0x00007f534c00b000 Implicit null exception at 0x00007f533d3458fb to 0x00007f533d3459a1
Event: 3.036 Thread 0x00007f534c00b000 Implicit null exception at 0x00007f533d342210 to 0x00007f533d3422c5
Event: 4.612 Thread 0x00007f534c00b000 Implicit null exception at 0x00007f533d249d58 to 0x00007f533d249d76

Events (10 events):
Event: 5.187 Thread 0x00007f534c00b000 DEOPT PACKING pc=0x00007f533cf9ffcd sp=0x00007f535270b770
Event: 5.187 Thread 0x00007f534c00b000 DEOPT UNPACKING pc=0x00007f533c7f44c4 sp=0x00007f535270b548 mode 0
Event: 5.277 Thread 0x00007f534c00b000 DEOPT PACKING pc=0x00007f533db98559 sp=0x00007f535270b6a0
Event: 5.277 Thread 0x00007f534c00b000 DEOPT UNPACKING pc=0x00007f533c7f44c4 sp=0x00007f535270b548 mode 0
Event: 5.329 Thread 0x00007f534c00b000 DEOPT PACKING pc=0x00007f533db9871a sp=0x00007f535270b6a0
Event: 5.329 Thread 0x00007f534c00b000 DEOPT UNPACKING pc=0x00007f533c7f44c4 sp=0x00007f535270b548 mode 0
Event: 5.455 Thread 0x00007f534c00b000 Uncommon trap: trap_request=0xffffff65 fr.pc=0x00007f533d7d7b64
Event: 5.455 Thread 0x00007f534c00b000 DEOPT PACKING pc=0x00007f533d7d7b64 sp=0x00007f535270b090
Event: 5.455 Thread 0x00007f534c00b000 DEOPT UNPACKING pc=0x00007f533c7f247a sp=0x00007f535270b040 mode 2
Event: 5.618 Executing VM operation: ParallelGCFailedAllocation


Dynamic libraries:
00400000-00401000 r-xp 00000000 08:11 3934147                            /media/data/helper_tools/sdkman/candidates/java/8.0.232-open/bin/java
00600000-00601000 r--p 00000000 08:11 3934147                            /media/data/helper_tools/sdkman/candidates/java/8.0.232-open/bin/java
00601000-00602000 rw-p 00001000 08:11 3934147                            /media/data/helper_tools/sdkman/candidates/java/8.0.232-open/bin/java
0201a000-0203b000 rw-p 00000000 00:00 0                                  [heap]
5c9400000-5de400000 rw-p 00000000 00:00 0 
5de400000-718700000 ---p 00000000 00:00 0 
718700000-72ad00000 rw-p 00000000 00:00 0 
73a900000-7c0000000 ---p 00000000 00:00 0 
7c0000000-7c0120000 rw-p 00000000 00:00 0 
7c0120000-800000000 ---p 00000000 00:00 0 
7f52d8000000-7f52d8021000 rw-p 00000000 00:00 0 
7f52d8021000-7f52dc000000 ---p 00000000 00:00 0 
7f52e0000000-7f52e193e000 rw-p 00000000 00:00 0 
7f52e193e000-7f52e4000000 ---p 00000000 00:00 0 
7f52e4000000-7f52e4021000 rw-p 00000000 00:00 0 
7f52e4021000-7f52e8000000 ---p 00000000 00:00 0 
7f52e8000000-7f52e95d1000 rw-p 00000000 00:00 0 
7f52e95d1000-7f52ec000000 ---p 00000000 00:00 0 
7f52ec000000-7f52ed789000 rw-p 00000000 00:00 0 
7f52ed789000-7f52f0000000 ---p 00000000 00:00 0 
7f52f0000000-7f52f0021000 rw-p 00000000 00:00 0 
7f52f0021000-7f52f4000000 ---p 00000000 00:00 0 
7f52f4000000-7f52f4ec1000 rw-p 00000000 00:00 0 
7f52f4ec1000-7f52f8000000 ---p 00000000 00:00 0 
7f52f8000000-7f52f8021000 rw-p 00000000 00:00 0 
7f52f8021000-7f52fc000000 ---p 00000000 00:00 0 
7f52fc000000-7f52fc021000 rw-p 00000000 00:00 0 
7f52fc021000-7f5300000000 ---p 00000000 00:00 0 
7f5300000000-7f530027a000 rw-p 00000000 00:00 0 
7f530027a000-7f5304000000 ---p 00000000 00:00 0 
7f53044a0000-7f5314021000 rw-p 00000000 00:00 0 
7f5314021000-7f5318000000 ---p 00000000 00:00 0 
7f5318000000-7f5318021000 rw-p 00000000 00:00 0 
7f5318021000-7f531c000000 ---p 00000000 00:00 0 
7f531c000000-7f531c021000 rw-p 00000000 00:00 0 
7f531c021000-7f5320000000 ---p 00000000 00:00 0 
7f532162c000-7f53216ec000 rw-p 00000000 00:00 0 
7f53216ec000-7f532182c000 ---p 00000000 00:00 0 
7f532182c000-7f5321a2c000 rw-p 00000000 00:00 0 
7f5321a2c000-7f5321ae0000 r--s 006a1000 08:11 4994092                    /media/data/muse2/tools/qark/build/qark/sip-mutant12.jar
7f5321ae0000-7f5321af7000 r-xp 00000000 08:11 3934102                    /media/data/helper_tools/sdkman/candidates/java/8.0.232-open/jre/lib/amd64/libnet.so
7f5321af7000-7f5321cf6000 ---p 00017000 08:11 3934102                    /media/data/helper_tools/sdkman/candidates/java/8.0.232-open/jre/lib/amd64/libnet.so
7f5321cf6000-7f5321cf7000 r--p 00016000 08:11 3934102                    /media/data/helper_tools/sdkman/candidates/java/8.0.232-open/jre/lib/amd64/libnet.so
7f5321cf7000-7f5321cf8000 rw-p 00017000 08:11 3934102                    /media/data/helper_tools/sdkman/candidates/java/8.0.232-open/jre/lib/amd64/libnet.so
7f5321cf8000-7f5321d09000 r-xp 00000000 08:11 3934081                    /media/data/helper_tools/sdkman/candidates/java/8.0.232-open/jre/lib/amd64/libnio.so
7f5321d09000-7f5321f08000 ---p 00011000 08:11 3934081                    /media/data/helper_tools/sdkman/candidates/java/8.0.232-open/jre/lib/amd64/libnio.so
7f5321f08000-7f5321f09000 r--p 00010000 08:11 3934081                    /media/data/helper_tools/sdkman/candidates/java/8.0.232-open/jre/lib/amd64/libnio.so
7f5321f09000-7f5321f0a000 rw-p 00011000 08:11 3934081                    /media/data/helper_tools/sdkman/candidates/java/8.0.232-open/jre/lib/amd64/libnio.so
7f5321f0a000-7f5321f0b000 ---p 00000000 00:00 0 
7f5321f0b000-7f532200b000 rw-p 00000000 00:00 0 
7f532200b000-7f532200e000 ---p 00000000 00:00 0 
7f532200e000-7f532210c000 rw-p 00000000 00:00 0 
7f532210c000-7f532210f000 ---p 00000000 00:00 0 
7f532210f000-7f532220d000 rw-p 00000000 00:00 0 
7f532220d000-7f5322210000 ---p 00000000 00:00 0 
7f5322210000-7f532230e000 rw-p 00000000 00:00 0 
7f532230e000-7f5322311000 ---p 00000000 00:00 0 
7f5322311000-7f532240f000 rw-p 00000000 00:00 0 
7f532240f000-7f5322412000 ---p 00000000 00:00 0 
7f5322412000-7f5322510000 rw-p 00000000 00:00 0 
7f5322510000-7f5322513000 ---p 00000000 00:00 0 
7f5322513000-7f5322611000 rw-p 00000000 00:00 0 
7f5322611000-7f53228e9000 r--p 00000000 08:01 261135                     /usr/lib/locale/locale-archive
7f53228e9000-7f53228ec000 ---p 00000000 00:00 0 
7f53228ec000-7f53229ea000 rw-p 00000000 00:00 0 
7f53229ea000-7f53229ed000 ---p 00000000 00:00 0 
7f53229ed000-7f5322aeb000 rw-p 00000000 00:00 0 
7f5322aeb000-7f5322aec000 ---p 00000000 00:00 0 
7f5322aec000-7f5324021000 rw-p 00000000 00:00 0 
7f5324021000-7f5328000000 ---p 00000000 00:00 0 
7f5328000000-7f5328021000 rw-p 00000000 00:00 0 
7f5328021000-7f532c000000 ---p 00000000 00:00 0 
7f532c000000-7f532c021000 rw-p 00000000 00:00 0 
7f532c021000-7f5330000000 ---p 00000000 00:00 0 
7f5330000000-7f5330021000 rw-p 00000000 00:00 0 
7f5330021000-7f5334000000 ---p 00000000 00:00 0 
7f5334000000-7f5334021000 rw-p 00000000 00:00 0 
7f5334021000-7f5338000000 ---p 00000000 00:00 0 
7f5338008000-7f533875d000 rw-p 00000000 00:00 0 
7f533875d000-7f533892d000 r--s 03c5f000 08:11 3934121                    /media/data/helper_tools/sdkman/candidates/java/8.0.232-open/jre/lib/rt.jar
7f533892d000-7f533a1b4000 rw-p 00000000 00:00 0 
7f533a1b4000-7f533a1b5000 ---p 00000000 00:00 0 
7f533a1b5000-7f533a2b5000 rw-p 00000000 00:00 0 
7f533a2b5000-7f533a2b6000 ---p 00000000 00:00 0 
7f533a2b6000-7f533a3b6000 rw-p 00000000 00:00 0 
7f533a3b6000-7f533a3b7000 ---p 00000000 00:00 0 
7f533a3b7000-7f533a4b7000 rw-p 00000000 00:00 0 
7f533a4b7000-7f533a4b8000 ---p 00000000 00:00 0 
7f533a4b8000-7f533a5b8000 rw-p 00000000 00:00 0 
7f533a5b8000-7f533a5b9000 ---p 00000000 00:00 0 
7f533a5b9000-7f533a6b9000 rw-p 00000000 00:00 0 
7f533a6b9000-7f533a6ba000 ---p 00000000 00:00 0 
7f533a6ba000-7f533a7ba000 rw-p 00000000 00:00 0 
7f533a7ba000-7f533a7bb000 ---p 00000000 00:00 0 
7f533a7bb000-7f533a8bb000 rw-p 00000000 00:00 0 
7f533a8bb000-7f533a8bc000 ---p 00000000 00:00 0 
7f533a8bc000-7f533aa64000 rw-p 00000000 00:00 0 
7f533aa64000-7f533b436000 ---p 00000000 00:00 0 
7f533b436000-7f533b4de000 rw-p 00000000 00:00 0 
7f533b4de000-7f533beaf000 ---p 00000000 00:00 0 
7f533beaf000-7f533bf43000 rw-p 00000000 00:00 0 
7f533bf43000-7f533c3ec000 ---p 00000000 00:00 0 
7f533c3ec000-7f533c447000 rw-p 00000000 00:00 0 
7f533c447000-7f533c7ad000 ---p 00000000 00:00 0 
7f533c7ad000-7f533de0d000 rwxp 00000000 00:00 0 
7f533de0d000-7f534b7ad000 ---p 00000000 00:00 0 
7f534b7ad000-7f534b7c8000 r-xp 00000000 08:11 3934063                    /media/data/helper_tools/sdkman/candidates/java/8.0.232-open/jre/lib/amd64/libzip.so
7f534b7c8000-7f534b9c7000 ---p 0001b000 08:11 3934063                    /media/data/helper_tools/sdkman/candidates/java/8.0.232-open/jre/lib/amd64/libzip.so
7f534b9c7000-7f534b9c8000 r--p 0001a000 08:11 3934063                    /media/data/helper_tools/sdkman/candidates/java/8.0.232-open/jre/lib/amd64/libzip.so
7f534b9c8000-7f534b9c9000 rw-p 0001b000 08:11 3934063                    /media/data/helper_tools/sdkman/candidates/java/8.0.232-open/jre/lib/amd64/libzip.so
7f534b9c9000-7f534b9d4000 r-xp 00000000 08:01 406780                     /lib/x86_64-linux-gnu/libnss_files-2.23.so
7f534b9d4000-7f534bbd3000 ---p 0000b000 08:01 406780                     /lib/x86_64-linux-gnu/libnss_files-2.23.so
7f534bbd3000-7f534bbd4000 r--p 0000a000 08:01 406780                     /lib/x86_64-linux-gnu/libnss_files-2.23.so
7f534bbd4000-7f534bbd5000 rw-p 0000b000 08:01 406780                     /lib/x86_64-linux-gnu/libnss_files-2.23.so
7f534bbd5000-7f534bbdb000 rw-p 00000000 00:00 0 
7f534bbdb000-7f534bbe6000 r-xp 00000000 08:01 406771                     /lib/x86_64-linux-gnu/libnss_nis-2.23.so
7f534bbe6000-7f534bde5000 ---p 0000b000 08:01 406771                     /lib/x86_64-linux-gnu/libnss_nis-2.23.so
7f534bde5000-7f534bde6000 r--p 0000a000 08:01 406771                     /lib/x86_64-linux-gnu/libnss_nis-2.23.so
7f534bde6000-7f534bde7000 rw-p 0000b000 08:01 406771                     /lib/x86_64-linux-gnu/libnss_nis-2.23.so
7f534bde7000-7f534bdfd000 r-xp 00000000 08:01 406777                     /lib/x86_64-linux-gnu/libnsl-2.23.so
7f534bdfd000-7f534bffc000 ---p 00016000 08:01 406777                     /lib/x86_64-linux-gnu/libnsl-2.23.so
7f534bffc000-7f534bffd000 r--p 00015000 08:01 406777                     /lib/x86_64-linux-gnu/libnsl-2.23.so
7f534bffd000-7f534bffe000 rw-p 00016000 08:01 406777                     /lib/x86_64-linux-gnu/libnsl-2.23.so
7f534bffe000-7f534d589000 rw-p 00000000 00:00 0 
7f534d589000-7f5350000000 ---p 00000000 00:00 0 
7f535003d000-7f5350045000 r-xp 00000000 08:01 406787                     /lib/x86_64-linux-gnu/libnss_compat-2.23.so
7f5350045000-7f5350244000 ---p 00008000 08:01 406787                     /lib/x86_64-linux-gnu/libnss_compat-2.23.so
7f5350244000-7f5350245000 r--p 00007000 08:01 406787                     /lib/x86_64-linux-gnu/libnss_compat-2.23.so
7f5350245000-7f5350246000 rw-p 00008000 08:01 406787                     /lib/x86_64-linux-gnu/libnss_compat-2.23.so
7f5350246000-7f535026e000 r-xp 00000000 08:11 3934067                    /media/data/helper_tools/sdkman/candidates/java/8.0.232-open/jre/lib/amd64/libjava.so
7f535026e000-7f535046d000 ---p 00028000 08:11 3934067                    /media/data/helper_tools/sdkman/candidates/java/8.0.232-open/jre/lib/amd64/libjava.so
7f535046d000-7f535046e000 r--p 00027000 08:11 3934067                    /media/data/helper_tools/sdkman/candidates/java/8.0.232-open/jre/lib/amd64/libjava.so
7f535046e000-7f5350470000 rw-p 00028000 08:11 3934067                    /media/data/helper_tools/sdkman/candidates/java/8.0.232-open/jre/lib/amd64/libjava.so
7f5350470000-7f535047e000 r-xp 00000000 08:11 3934080                    /media/data/helper_tools/sdkman/candidates/java/8.0.232-open/jre/lib/amd64/libverify.so
7f535047e000-7f535067d000 ---p 0000e000 08:11 3934080                    /media/data/helper_tools/sdkman/candidates/java/8.0.232-open/jre/lib/amd64/libverify.so
7f535067d000-7f535067f000 r--p 0000d000 08:11 3934080                    /media/data/helper_tools/sdkman/candidates/java/8.0.232-open/jre/lib/amd64/libverify.so
7f535067f000-7f5350680000 rw-p 0000f000 08:11 3934080                    /media/data/helper_tools/sdkman/candidates/java/8.0.232-open/jre/lib/amd64/libverify.so
7f5350680000-7f5350687000 r-xp 00000000 08:01 406757                     /lib/x86_64-linux-gnu/librt-2.23.so
7f5350687000-7f5350886000 ---p 00007000 08:01 406757                     /lib/x86_64-linux-gnu/librt-2.23.so
7f5350886000-7f5350887000 r--p 00006000 08:01 406757                     /lib/x86_64-linux-gnu/librt-2.23.so
7f5350887000-7f5350888000 rw-p 00007000 08:01 406757                     /lib/x86_64-linux-gnu/librt-2.23.so
7f5350888000-7f5350990000 r-xp 00000000 08:01 406791                     /lib/x86_64-linux-gnu/libm-2.23.so
7f5350990000-7f5350b8f000 ---p 00108000 08:01 406791                     /lib/x86_64-linux-gnu/libm-2.23.so
7f5350b8f000-7f5350b90000 r--p 00107000 08:01 406791                     /lib/x86_64-linux-gnu/libm-2.23.so
7f5350b90000-7f5350b91000 rw-p 00108000 08:01 406791                     /lib/x86_64-linux-gnu/libm-2.23.so
7f5350b91000-7f53517e9000 r-xp 00000000 08:11 3934071                    /media/data/helper_tools/sdkman/candidates/java/8.0.232-open/jre/lib/amd64/server/libjvm.so
7f53517e9000-7f53519e9000 ---p 00c58000 08:11 3934071                    /media/data/helper_tools/sdkman/candidates/java/8.0.232-open/jre/lib/amd64/server/libjvm.so
7f53519e9000-7f5351a91000 r--p 00c58000 08:11 3934071                    /media/data/helper_tools/sdkman/candidates/java/8.0.232-open/jre/lib/amd64/server/libjvm.so
7f5351a91000-7f5351ab9000 rw-p 00d00000 08:11 3934071                    /media/data/helper_tools/sdkman/candidates/java/8.0.232-open/jre/lib/amd64/server/libjvm.so
7f5351ab9000-7f5351afc000 rw-p 00000000 00:00 0 
7f5351afc000-7f5351cbc000 r-xp 00000000 08:01 406785                     /lib/x86_64-linux-gnu/libc-2.23.so
7f5351cbc000-7f5351ebc000 ---p 001c0000 08:01 406785                     /lib/x86_64-linux-gnu/libc-2.23.so
7f5351ebc000-7f5351ec0000 r--p 001c0000 08:01 406785                     /lib/x86_64-linux-gnu/libc-2.23.so
7f5351ec0000-7f5351ec2000 rw-p 001c4000 08:01 406785                     /lib/x86_64-linux-gnu/libc-2.23.so
7f5351ec2000-7f5351ec6000 rw-p 00000000 00:00 0 
7f5351ec6000-7f5351ec9000 r-xp 00000000 08:01 406762                     /lib/x86_64-linux-gnu/libdl-2.23.so
7f5351ec9000-7f53520c8000 ---p 00003000 08:01 406762                     /lib/x86_64-linux-gnu/libdl-2.23.so
7f53520c8000-7f53520c9000 r--p 00002000 08:01 406762                     /lib/x86_64-linux-gnu/libdl-2.23.so
7f53520c9000-7f53520ca000 rw-p 00003000 08:01 406762                     /lib/x86_64-linux-gnu/libdl-2.23.so
7f53520ca000-7f53520e0000 r-xp 00000000 08:11 3933450                    /media/data/helper_tools/sdkman/candidates/java/8.0.232-open/lib/amd64/jli/libjli.so
7f53520e0000-7f53522df000 ---p 00016000 08:11 3933450                    /media/data/helper_tools/sdkman/candidates/java/8.0.232-open/lib/amd64/jli/libjli.so
7f53522df000-7f53522e0000 r--p 00015000 08:11 3933450                    /media/data/helper_tools/sdkman/candidates/java/8.0.232-open/lib/amd64/jli/libjli.so
7f53522e0000-7f53522e1000 rw-p 00016000 08:11 3933450                    /media/data/helper_tools/sdkman/candidates/java/8.0.232-open/lib/amd64/jli/libjli.so
7f53522e1000-7f53522f9000 r-xp 00000000 08:01 406768                     /lib/x86_64-linux-gnu/libpthread-2.23.so
7f53522f9000-7f53524f8000 ---p 00018000 08:01 406768                     /lib/x86_64-linux-gnu/libpthread-2.23.so
7f53524f8000-7f53524f9000 r--p 00017000 08:01 406768                     /lib/x86_64-linux-gnu/libpthread-2.23.so
7f53524f9000-7f53524fa000 rw-p 00018000 08:01 406768                     /lib/x86_64-linux-gnu/libpthread-2.23.so
7f53524fa000-7f53524fe000 rw-p 00000000 00:00 0 
7f53524fe000-7f5352524000 r-xp 00000000 08:01 406765                     /lib/x86_64-linux-gnu/ld-2.23.so
7f5352541000-7f5352554000 r--s 00346000 08:11 3934046                    /media/data/helper_tools/sdkman/candidates/java/8.0.232-open/jre/lib/resources.jar
7f5352554000-7f535256f000 r--s 0019c000 08:11 8002624                    /media/data/muse2/tools/qark/venv/lib/python3.5/site-packages/qark/lib/decompilers/procyon-decompiler-1.0.jar
7f535256f000-7f535260d000 rw-p 00000000 00:00 0 
7f535260d000-7f5352610000 ---p 00000000 00:00 0 
7f5352610000-7f5352713000 rw-p 00000000 00:00 0 
7f5352719000-7f5352721000 rw-s 00000000 08:01 337                        /tmp/hsperfdata_nacoop/849
7f5352721000-7f5352722000 rw-p 00000000 00:00 0 
7f5352722000-7f5352723000 ---p 00000000 00:00 0 
7f5352723000-7f5352724000 r--p 00025000 08:01 406765                     /lib/x86_64-linux-gnu/ld-2.23.so
7f5352724000-7f5352725000 rw-p 00026000 08:01 406765                     /lib/x86_64-linux-gnu/ld-2.23.so
7f5352725000-7f5352726000 rw-p 00000000 00:00 0 
7ffc8bba8000-7ffc8bbc9000 rw-p 00000000 00:00 0                          [stack]
7ffc8bbed000-7ffc8bbef000 r--p 00000000 00:00 0                          [vvar]
7ffc8bbef000-7ffc8bbf1000 r-xp 00000000 00:00 0                          [vdso]
ffffffffff600000-ffffffffff601000 r-xp 00000000 00:00 0                  [vsyscall]

VM Arguments:
java_command: /media/data/muse2/tools/qark/venv/lib/python3.5/site-packages/qark/decompiler/../lib/decompilers/procyon-decompiler-1.0.jar /media/data/muse2/tools/qark/build/qark/sip-mutant12.jar -o /media/data/muse2/tools/qark/build/qark/procyon
java_class_path (initial): /media/data/muse2/tools/qark/venv/lib/python3.5/site-packages/qark/decompiler/../lib/decompilers/procyon-decompiler-1.0.jar
Launcher Type: SUN_STANDARD

Environment Variables:
JAVA_HOME=/media/data/helper_tools/sdkman/candidates/java/current
PATH=/media/data/muse2/tools/qark/venv/bin:/home/nacoop/bin:/home/nacoop/.local/bin:/media/data/Android/Sdk:/media/data/Android/Sdk:/media/data/Android/Sdk:/media/data/muse2/tools/coverity/cov-analysis-linux64-2020.03/bin:/media/data/muse2/tools/coverity/cov-platform/bin:/media/data/anaconda/condabin:/media/data/helper_tools/sdkman/candidates/java/current/bin:/usr/local/sbin:/usr/local/bin:/usr/sbin:/usr/bin:/sbin:/bin:/usr/games:/snap/bin
SHELL=/bin/bash

Signal Handlers:
SIGSEGV: [libjvm.so+0xa4ef90], sa_mask[0]=11111111011111111101111111111110, sa_flags=SA_RESTART|SA_SIGINFO
SIGBUS: [libjvm.so+0xa4ef90], sa_mask[0]=11111111011111111101111111111110, sa_flags=SA_RESTART|SA_SIGINFO
SIGFPE: [libjvm.so+0x8b7a50], sa_mask[0]=11111111011111111101111111111110, sa_flags=SA_RESTART|SA_SIGINFO
SIGPIPE: [libjvm.so+0x8b7a50], sa_mask[0]=11111111011111111101111111111110, sa_flags=SA_RESTART|SA_SIGINFO
SIGXFSZ: [libjvm.so+0x8b7a50], sa_mask[0]=11111111011111111101111111111110, sa_flags=SA_RESTART|SA_SIGINFO
SIGILL: [libjvm.so+0x8b7a50], sa_mask[0]=11111111011111111101111111111110, sa_flags=SA_RESTART|SA_SIGINFO
SIGUSR1: SIG_DFL, sa_mask[0]=00000000000000000000000000000000, sa_flags=none
SIGUSR2: [libjvm.so+0x8b9200], sa_mask[0]=00000000000000000000000000000000, sa_flags=SA_RESTART|SA_SIGINFO
SIGHUP: [libjvm.so+0x8bac30], sa_mask[0]=11111111011111111101111111111110, sa_flags=SA_RESTART|SA_SIGINFO
SIGINT: [libjvm.so+0x8bac30], sa_mask[0]=11111111011111111101111111111110, sa_flags=SA_RESTART|SA_SIGINFO
SIGTERM: [libjvm.so+0x8bac30], sa_mask[0]=11111111011111111101111111111110, sa_flags=SA_RESTART|SA_SIGINFO
SIGQUIT: [libjvm.so+0x8bac30], sa_mask[0]=11111111011111111101111111111110, sa_flags=SA_RESTART|SA_SIGINFO


---------------  S Y S T E M  ---------------

OS:DISTRIB_ID=Ubuntu
DISTRIB_RELEASE=16.04
DISTRIB_CODENAME=xenial
DISTRIB_DESCRIPTION="Ubuntu 16.04.6 LTS"

uname:Linux 4.4.0-174-generic #204-Ubuntu SMP Wed Jan 29 06:41:01 UTC 2020 x86_64
libc:glibc 2.23 NPTL 2.23 
rlimit: STACK 8192k, CORE 0k, NPROC 128527, NOFILE 4096, AS infinity
load average:3.06 1.98 2.02

/proc/meminfo:
MemTotal:       32946664 kB
MemFree:         1949068 kB
MemAvailable:   22874268 kB
Buffers:         1276576 kB
Cached:         20167852 kB
SwapCached:          336 kB
Active:         16389596 kB
Inactive:       11967100 kB
Active(anon):    6773948 kB
Inactive(anon):  2653848 kB
Active(file):    9615648 kB
Inactive(file):  9313252 kB
Unevictable:        3652 kB
Mlocked:            3652 kB
SwapTotal:        998396 kB
SwapFree:         861424 kB
Dirty:             11940 kB
Writeback:             0 kB
AnonPages:       6915860 kB
Mapped:          2590136 kB
Shmem:           2513104 kB
Slab:            2487756 kB
SReclaimable:    2399196 kB
SUnreclaim:        88560 kB
KernelStack:       11904 kB
PageTables:        46900 kB
NFS_Unstable:          0 kB
Bounce:                0 kB
WritebackTmp:          0 kB
CommitLimit:    17471728 kB
Committed_AS:   17210504 kB
VmallocTotal:   34359738367 kB
VmallocUsed:           0 kB
VmallocChunk:          0 kB
HardwareCorrupted:     0 kB
AnonHugePages:         0 kB
CmaTotal:              0 kB
CmaFree:               0 kB
HugePages_Total:       0
HugePages_Free:        0
HugePages_Rsvd:        0
HugePages_Surp:        0
Hugepagesize:       2048 kB
DirectMap4k:      257916 kB
DirectMap2M:    33296384 kB

container (cgroup) information:
container_type: cgroupv1
cpu_cpuset_cpus: 0-7
cpu_memory_nodes: 0
active_processor_count: 8
cpu_quota: -1
cpu_period: 100000
cpu_shares: -1
memory_limit_in_bytes: -1
memory_and_swap_limit_in_bytes: -2
memory_soft_limit_in_bytes: -1
memory_usage_in_bytes: 27007000576
memory_max_usage_in_bytes: 28774748160


CPU:total 8 (initial active 8) (1 cores per cpu, 1 threads per core) family 6 model 60 stepping 1, cmov, cx8, fxsr, mmx, sse, sse2, sse3, ssse3, sse4.1, sse4.2, popcnt, avx, avx2, aes, clmul, erms, lzcnt, tsc, bmi1, bmi2

/proc/cpuinfo:
processor	: 0
vendor_id	: GenuineIntel
cpu family	: 6
model		: 60
model name	: Intel Core Processor (Haswell, no TSX, IBRS)
stepping	: 1
microcode	: 0x1
cpu MHz		: 2399.976
cache size	: 4096 KB
physical id	: 0
siblings	: 1
core id		: 0
cpu cores	: 1
apicid		: 0
initial apicid	: 0
fpu		: yes
fpu_exception	: yes
cpuid level	: 13
wp		: yes
flags		: fpu vme de pse tsc msr pae mce cx8 apic sep mtrr pge mca cmov pat pse36 clflush mmx fxsr sse sse2 syscall nx rdtscp lm constant_tsc rep_good nopl tsc_known_freq pni pclmulqdq ssse3 fma cx16 pcid sse4_1 sse4_2 x2apic movbe popcnt tsc_deadline_timer aes xsave avx f16c rdrand hypervisor lahf_lm abm invpcid_single ibrs ibpb kaiser fsgsbase bmi1 avx2 smep bmi2 erms invpcid xsaveopt arat
bugs		: cpu_meltdown spectre_v1 spectre_v2 spec_store_bypass l1tf mds swapgs itlb_multihit
bogomips	: 4799.95
clflush size	: 64
cache_alignment	: 64
address sizes	: 40 bits physical, 48 bits virtual
power management:

processor	: 1
vendor_id	: GenuineIntel
cpu family	: 6
model		: 60
model name	: Intel Core Processor (Haswell, no TSX, IBRS)
stepping	: 1
microcode	: 0x1
cpu MHz		: 2399.976
cache size	: 4096 KB
physical id	: 1
siblings	: 1
core id		: 0
cpu cores	: 1
apicid		: 1
initial apicid	: 1
fpu		: yes
fpu_exception	: yes
cpuid level	: 13
wp		: yes
flags		: fpu vme de pse tsc msr pae mce cx8 apic sep mtrr pge mca cmov pat pse36 clflush mmx fxsr sse sse2 syscall nx rdtscp lm constant_tsc rep_good nopl tsc_known_freq pni pclmulqdq ssse3 fma cx16 pcid sse4_1 sse4_2 x2apic movbe popcnt tsc_deadline_timer aes xsave avx f16c rdrand hypervisor lahf_lm abm invpcid_single ibrs ibpb kaiser fsgsbase bmi1 avx2 smep bmi2 erms invpcid xsaveopt arat
bugs		: cpu_meltdown spectre_v1 spectre_v2 spec_store_bypass l1tf mds swapgs itlb_multihit
bogomips	: 4799.95
clflush size	: 64
cache_alignment	: 64
address sizes	: 40 bits physical, 48 bits virtual
power management:

processor	: 2
vendor_id	: GenuineIntel
cpu family	: 6
model		: 60
model name	: Intel Core Processor (Haswell, no TSX, IBRS)
stepping	: 1
microcode	: 0x1
cpu MHz		: 2399.976
cache size	: 4096 KB
physical id	: 2
siblings	: 1
core id		: 0
cpu cores	: 1
apicid		: 2
initial apicid	: 2
fpu		: yes
fpu_exception	: yes
cpuid level	: 13
wp		: yes
flags		: fpu vme de pse tsc msr pae mce cx8 apic sep mtrr pge mca cmov pat pse36 clflush mmx fxsr sse sse2 syscall nx rdtscp lm constant_tsc rep_good nopl tsc_known_freq pni pclmulqdq ssse3 fma cx16 pcid sse4_1 sse4_2 x2apic movbe popcnt tsc_deadline_timer aes xsave avx f16c rdrand hypervisor lahf_lm abm invpcid_single ibrs ibpb kaiser fsgsbase bmi1 avx2 smep bmi2 erms invpcid xsaveopt arat
bugs		: cpu_meltdown spectre_v1 spectre_v2 spec_store_bypass l1tf mds swapgs itlb_multihit
bogomips	: 4799.95
clflush size	: 64
cache_alignment	: 64
address sizes	: 40 bits physical, 48 bits virtual
power management:

processor	: 3
vendor_id	: GenuineIntel
cpu family	: 6
model		: 60
model name	: Intel Core Processor (Haswell, no TSX, IBRS)
stepping	: 1
microcode	: 0x1
cpu MHz		: 2399.976
cache size	: 4096 KB
physical id	: 3
siblings	: 1
core id		: 0
cpu cores	: 1
apicid		: 3
initial apicid	: 3
fpu		: yes
fpu_exception	: yes
cpuid level	: 13
wp		: yes
flags		: fpu vme de pse tsc msr pae mce cx8 apic sep mtrr pge mca cmov pat pse36 clflush mmx fxsr sse sse2 syscall nx rdtscp lm constant_tsc rep_good nopl tsc_known_freq pni pclmulqdq ssse3 fma cx16 pcid sse4_1 sse4_2 x2apic movbe popcnt tsc_deadline_timer aes xsave avx f16c rdrand hypervisor lahf_lm abm invpcid_single ibrs ibpb kaiser fsgsbase bmi1 avx2 smep bmi2 erms invpcid xsaveopt arat
bugs		: cpu_meltdown spectre_v1 spectre_v2 spec_store_bypass l1tf mds swapgs itlb_multihit
bogomips	: 4799.95
clflush size	: 64
cache_alignment	: 64
address sizes	: 40 bits physical, 48 bits virtual
power management:

processor	: 4
vendor_id	: GenuineIntel
cpu family	: 6
model		: 60
model name	: Intel Core Processor (Haswell, no TSX, IBRS)
stepping	: 1
microcode	: 0x1
cpu MHz		: 2399.976
cache size	: 4096 KB
physical id	: 4
siblings	: 1
core id		: 0
cpu cores	: 1
apicid		: 4
initial apicid	: 4
fpu		: yes
fpu_exception	: yes
cpuid level	: 13
wp		: yes
flags		: fpu vme de pse tsc msr pae mce cx8 apic sep mtrr pge mca cmov pat pse36 clflush mmx fxsr sse sse2 syscall nx rdtscp lm constant_tsc rep_good nopl tsc_known_freq pni pclmulqdq ssse3 fma cx16 pcid sse4_1 sse4_2 x2apic movbe popcnt tsc_deadline_timer aes xsave avx f16c rdrand hypervisor lahf_lm abm invpcid_single ibrs ibpb kaiser fsgsbase bmi1 avx2 smep bmi2 erms invpcid xsaveopt arat
bugs		: cpu_meltdown spectre_v1 spectre_v2 spec_store_bypass l1tf mds swapgs itlb_multihit
bogomips	: 4799.95
clflush size	: 64
cache_alignment	: 64
address sizes	: 40 bits physical, 48 bits virtual
power management:

processor	: 5
vendor_id	: GenuineIntel
cpu family	: 6
model		: 60
model name	: Intel Core Processor (Haswell, no TSX, IBRS)
stepping	: 1
microcode	: 0x1
cpu MHz		: 2399.976
cache size	: 4096 KB
physical id	: 5
siblings	: 1
core id		: 0
cpu cores	: 1
apicid		: 5
initial apicid	: 5
fpu		: yes
fpu_exception	: yes
cpuid level	: 13
wp		: yes
flags		: fpu vme de pse tsc msr pae mce cx8 apic sep mtrr pge mca cmov pat pse36 clflush mmx fxsr sse sse2 syscall nx rdtscp lm constant_tsc rep_good nopl tsc_known_freq pni pclmulqdq ssse3 fma cx16 pcid sse4_1 sse4_2 x2apic movbe popcnt tsc_deadline_timer aes xsave avx f16c rdrand hypervisor lahf_lm abm invpcid_single ibrs ibpb kaiser fsgsbase bmi1 avx2 smep bmi2 erms invpcid xsaveopt arat
bugs		: cpu_meltdown spectre_v1 spectre_v2 spec_store_bypass l1tf mds swapgs itlb_multihit
bogomips	: 4799.95
clflush size	: 64
cache_alignment	: 64
address sizes	: 40 bits physical, 48 bits virtual
power management:

processor	: 6
vendor_id	: GenuineIntel
cpu family	: 6
model		: 60
model name	: Intel Core Processor (Haswell, no TSX, IBRS)
stepping	: 1
microcode	: 0x1
cpu MHz		: 2399.976
cache size	: 4096 KB
physical id	: 6
siblings	: 1
core id		: 0
cpu cores	: 1
apicid		: 6
initial apicid	: 6
fpu		: yes
fpu_exception	: yes
cpuid level	: 13
wp		: yes
flags		: fpu vme de pse tsc msr pae mce cx8 apic sep mtrr pge mca cmov pat pse36 clflush mmx fxsr sse sse2 syscall nx rdtscp lm constant_tsc rep_good nopl tsc_known_freq pni pclmulqdq ssse3 fma cx16 pcid sse4_1 sse4_2 x2apic movbe popcnt tsc_deadline_timer aes xsave avx f16c rdrand hypervisor lahf_lm abm invpcid_single ibrs ibpb kaiser fsgsbase bmi1 avx2 smep bmi2 erms invpcid xsaveopt arat
bugs		: cpu_meltdown spectre_v1 spectre_v2 spec_store_bypass l1tf mds swapgs itlb_multihit
bogomips	: 4799.95
clflush size	: 64
cache_alignment	: 64
address sizes	: 40 bits physical, 48 bits virtual
power management:

processor	: 7
vendor_id	: GenuineIntel
cpu family	: 6
model		: 60
model name	: Intel Core Processor (Haswell, no TSX, IBRS)
stepping	: 1
microcode	: 0x1
cpu MHz		: 2399.976
cache size	: 4096 KB
physical id	: 7
siblings	: 1
core id		: 0
cpu cores	: 1
apicid		: 7
initial apicid	: 7
fpu		: yes
fpu_exception	: yes
cpuid level	: 13
wp		: yes
flags		: fpu vme de pse tsc msr pae mce cx8 apic sep mtrr pge mca cmov pat pse36 clflush mmx fxsr sse sse2 syscall nx rdtscp lm constant_tsc rep_good nopl tsc_known_freq pni pclmulqdq ssse3 fma cx16 pcid sse4_1 sse4_2 x2apic movbe popcnt tsc_deadline_timer aes xsave avx f16c rdrand hypervisor lahf_lm abm invpcid_single ibrs ibpb kaiser fsgsbase bmi1 avx2 smep bmi2 erms invpcid xsaveopt arat
bugs		: cpu_meltdown spectre_v1 spectre_v2 spec_store_bypass l1tf mds swapgs itlb_multihit
bogomips	: 4799.95
clflush size	: 64
cache_alignment	: 64
address sizes	: 40 bits physical, 48 bits virtual
power management:



Memory: 4k page, physical 32946664k(1949068k free), swap 998396k(861424k free)

vm_info: OpenJDK 64-Bit Server VM (25.232-b09) for linux-amd64 JRE (1.8.0_232-b09), built on Oct 10 2019 05:03:18 by "openjdk" with gcc 4.4.7 20120313 (Red Hat 4.4.7-23)

time: Mon Jun  8 18:32:10 2020
timezone: EDT
elapsed time: 5 seconds (0d 0h 0m 5s)

