#
# There is insufficient memory for the Java Runtime Environment to continue.
# Native memory allocation (mmap) failed to map 676331520 bytes for committing reserved memory.
# Possible reasons:
#   The system is out of physical RAM or swap space
#   The process is running with CompressedOops enabled, and the Java Heap may be blocking the growth of the native heap
# Possible solutions:
#   Reduce memory load on the system
#   Increase physical memory or swap space
#   Check if swap backing store is full
#   Decrease Java heap size (-Xmx/-Xms)
#   Decrease number of Java threads
#   Decrease Java thread stack sizes (-Xss)
#   Set larger code cache with -XX:ReservedCodeCacheSize=
#   JVM is running with Zero Based Compressed Oops mode in which the Java heap is
#     placed in the first 32GB address space. The Java Heap base address is the
#     maximum limit for the native heap growth. Please use -XX:HeapBaseMinAddress
#     to set the Java Heap base and to place the Java Heap above 32GB virtual address.
# This output file may be truncated or incomplete.
#
#  Out of Memory Error (os_linux.cpp:2754), pid=851, tid=0x00007f982812d700
#
# JRE version: OpenJDK Runtime Environment (8.0_232-b09) (build 1.8.0_232-b09)
# Java VM: OpenJDK 64-Bit Server VM (25.232-b09 mixed mode linux-amd64 compressed oops)
# Failed to write core dump. Core dumps have been disabled. To enable core dumping, try "ulimit -c unlimited" before starting Java again
#

---------------  T H R E A D  ---------------

Current thread (0x00007f983c1c7800):  VMThread [stack: 0x00007f982802d000,0x00007f982812e000] [id=884]

Stack: [0x00007f982802d000,0x00007f982812e000],  sp=0x00007f982812c190,  free space=1020k
Native frames: (J=compiled Java code, j=interpreted, Vv=VM code, C=native code)
V  [libjvm.so+0xa4e56d]  VMError::report_and_die()+0x15d
V  [libjvm.so+0x4e2ec9]  report_vm_out_of_memory(char const*, int, unsigned long, VMErrorType, char const*)+0x99
V  [libjvm.so+0x8be243]  os::Linux::commit_memory_impl(char*, unsigned long, bool)+0x113
V  [libjvm.so+0x8be469]  os::pd_commit_memory(char*, unsigned long, unsigned long, bool)+0x29
V  [libjvm.so+0x8b306a]  os::commit_memory(char*, unsigned long, unsigned long, bool)+0x2a
V  [libjvm.so+0x92334b]  PSVirtualSpace::expand_by(unsigned long)+0x6b
V  [libjvm.so+0x924608]  PSYoungGen::resize_generation(unsigned long, unsigned long)+0xb8
V  [libjvm.so+0x923742]  PSYoungGen::resize(unsigned long, unsigned long)+0x22
V  [libjvm.so+0x920d1e]  PSScavenge::invoke_no_policy()+0x102e
V  [libjvm.so+0x9214d3]  PSScavenge::invoke()+0x43
V  [libjvm.so+0x8dbe4d]  ParallelScavengeHeap::failed_mem_allocate(unsigned long)+0x6d
V  [libjvm.so+0xa4ffe7]  VM_ParallelGCFailedAllocation::doit()+0x97
V  [libjvm.so+0xa56982]  VM_Operation::evaluate()+0x52
V  [libjvm.so+0xa54ce9]  VMThread::evaluate_operation(VM_Operation*)+0xa9
V  [libjvm.so+0xa5531b]  VMThread::loop()+0x1fb
V  [libjvm.so+0xa55783]  VMThread::run()+0x83
V  [libjvm.so+0x8be5d2]  java_start(Thread*)+0x132

VM_Operation (0x00007f9843ce1aa0): ParallelGCFailedAllocation, mode: safepoint, requested by thread 0x00007f983c00b000


---------------  P R O C E S S  ---------------

Java Threads: ( => current thread )
  0x00007f983c21a800 JavaThread "Service Thread" daemon [_thread_blocked, id=910, stack(0x00007f9823520000,0x00007f9823621000)]
  0x00007f983c20f800 JavaThread "C1 CompilerThread3" daemon [_thread_blocked, id=909, stack(0x00007f9823621000,0x00007f9823722000)]
  0x00007f983c20d800 JavaThread "C2 CompilerThread2" daemon [_thread_blocked, id=908, stack(0x00007f9823722000,0x00007f9823823000)]
  0x00007f983c20b800 JavaThread "C2 CompilerThread1" daemon [_thread_in_native, id=906, stack(0x00007f9823823000,0x00007f9823924000)]
  0x00007f983c208800 JavaThread "C2 CompilerThread0" daemon [_thread_blocked, id=905, stack(0x00007f9823924000,0x00007f9823a25000)]
  0x00007f983c207000 JavaThread "Signal Dispatcher" daemon [_thread_blocked, id=901, stack(0x00007f9823a25000,0x00007f9823b26000)]
  0x00007f983c1d4000 JavaThread "Finalizer" daemon [_thread_blocked, id=889, stack(0x00007f9823dfe000,0x00007f9823eff000)]
  0x00007f983c1d1800 JavaThread "Reference Handler" daemon [_thread_blocked, id=887, stack(0x00007f9823eff000,0x00007f9824000000)]
  0x00007f983c00b000 JavaThread "main" [_thread_blocked, id=862, stack(0x00007f9843be3000,0x00007f9843ce4000)]

Other Threads:
=>0x00007f983c1c7800 VMThread [stack: 0x00007f982802d000,0x00007f982812e000] [id=884]
  0x00007f983c21d000 WatcherThread [stack: 0x00007f982341f000,0x00007f9823520000] [id=911]

VM state:at safepoint (normal execution)

VM Mutex/Monitor currently owned by a thread:  ([mutex/lock_event])
[0x00007f983c007250] Threads_lock - owner thread: 0x00007f983c1c7800
[0x00007f983c007750] Heap_lock - owner thread: 0x00007f983c00b000

heap address: 0x00000005c9400000, size: 8044 MB, Compressed Oops mode: Zero based, Oop shift amount: 3
Narrow klass base: 0x0000000000000000, Narrow klass shift: 3
Compressed class space size: 1073741824 Address: 0x00000007c0000000

Heap:
 PSYoungGen      total 537600K, used 21481K [0x0000000718700000, 0x000000073a900000, 0x00000007c0000000)
  eden space 516096K, 0% used [0x0000000718700000,0x0000000718700000,0x0000000737f00000)
  from space 21504K, 99% used [0x0000000737f00000,0x00000007393fa650,0x0000000739400000)
  to   space 21504K, 0% used [0x0000000739400000,0x0000000739400000,0x000000073a900000)
 ParOldGen       total 344064K, used 127875K [0x00000005c9400000, 0x00000005de400000, 0x0000000718700000)
  object space 344064K, 37% used [0x00000005c9400000,0x00000005d10e0d90,0x00000005de400000)
 Metaspace       used 7737K, capacity 8084K, committed 8320K, reserved 1056768K
  class space    used 683K, capacity 792K, committed 896K, reserved 1048576K

Card table byte_map: [0x00007f982c049000,0x00007f982d000000] byte_map_base: 0x00007f98291ff000

Marking Bits: (ParMarkBitMap*) 0x00007f98430a3900
 Begin Bits: [0x00007f97f44a0000, 0x00007f97fc250000)
 End Bits:   [0x00007f97fc250000, 0x00007f9804000000)

Polling page: 0x00007f9843cf8000

CodeCache: size=245760Kb used=14328Kb max_used=14410Kb free=231431Kb
 bounds [0x00007f982d000000, 0x00007f982de20000, 0x00007f983c000000]
 total_blobs=2590 nmethods=2287 adapters=217
 compilation: enabled

Compilation events (10 events):
Event: 12.242 Thread 0x00007f983c20f800 2573       2       org.jetbrains.java.decompiler.modules.decompiler.exps.MonitorExprent::getAllExprents (21 bytes)
Event: 12.242 Thread 0x00007f983c20f800 nmethod 2573 0x00007f982ddc5750 code [0x00007f982ddc58c0, 0x00007f982ddc5bc8]
Event: 12.267 Thread 0x00007f983c20f800 2575       3       org.jetbrains.java.decompiler.modules.decompiler.DomHelper::findSimpleStatements (326 bytes)
Event: 12.274 Thread 0x00007f983c20f800 nmethod 2575 0x00007f982dddc6d0 code [0x00007f982dddcb60, 0x00007f982dddffb8]
Event: 12.279 Thread 0x00007f983c20f800 2576 %     3       org.jetbrains.java.decompiler.modules.decompiler.decompose.FastExtendedPostdominanceHelper::removeErroneousNodes @ 48 (158 bytes)
Event: 12.281 Thread 0x00007f983c20f800 nmethod 2576% 0x00007f982ddc12d0 code [0x00007f982ddc16e0, 0x00007f982ddc3b48]
Event: 12.281 Thread 0x00007f983c20f800 2577       3       org.jetbrains.java.decompiler.modules.decompiler.decompose.FastExtendedPostdominanceHelper::removeErroneousNodes (158 bytes)
Event: 12.283 Thread 0x00007f983c20f800 nmethod 2577 0x00007f982de014d0 code [0x00007f982de018e0, 0x00007f982de03c18]
Event: 12.284 Thread 0x00007f983c20d800 nmethod 2519 0x00007f982de05250 code [0x00007f982de06220, 0x00007f982de10830]
Event: 12.285 Thread 0x00007f983c20d800 2572       4       org.jetbrains.java.decompiler.modules.decompiler.decompose.FastExtendedPostdominanceHelper::lambda$removeErroneousNodes$0 (286 bytes)

GC Heap History (9 events):
Event: 1.084 GC heap before
{Heap before GC invocations=1 (full 0):
 PSYoungGen      total 150528K, used 129024K [0x0000000718700000, 0x0000000722f00000, 0x00000007c0000000)
  eden space 129024K, 100% used [0x0000000718700000,0x0000000720500000,0x0000000720500000)
  from space 21504K, 0% used [0x0000000721a00000,0x0000000721a00000,0x0000000722f00000)
  to   space 21504K, 0% used [0x0000000720500000,0x0000000720500000,0x0000000721a00000)
 ParOldGen       total 344064K, used 0K [0x00000005c9400000, 0x00000005de400000, 0x0000000718700000)
  object space 344064K, 0% used [0x00000005c9400000,0x00000005c9400000,0x00000005de400000)
 Metaspace       used 3519K, capacity 4908K, committed 5120K, reserved 1056768K
  class space    used 350K, capacity 424K, committed 512K, reserved 1048576K
Event: 1.138 GC heap after
Heap after GC invocations=1 (full 0):
 PSYoungGen      total 150528K, used 21488K [0x0000000718700000, 0x000000072ad00000, 0x00000007c0000000)
  eden space 129024K, 0% used [0x0000000718700000,0x0000000718700000,0x0000000720500000)
  from space 21504K, 99% used [0x0000000720500000,0x00000007219fc140,0x0000000721a00000)
  to   space 21504K, 0% used [0x0000000729800000,0x0000000729800000,0x000000072ad00000)
 ParOldGen       total 344064K, used 16329K [0x00000005c9400000, 0x00000005de400000, 0x0000000718700000)
  object space 344064K, 4% used [0x00000005c9400000,0x00000005ca3f2578,0x00000005de400000)
 Metaspace       used 3519K, capacity 4908K, committed 5120K, reserved 1056768K
  class space    used 350K, capacity 424K, committed 512K, reserved 1048576K
}
Event: 2.635 GC heap before
{Heap before GC invocations=2 (full 0):
 PSYoungGen      total 150528K, used 150512K [0x0000000718700000, 0x000000072ad00000, 0x00000007c0000000)
  eden space 129024K, 100% used [0x0000000718700000,0x0000000720500000,0x0000000720500000)
  from space 21504K, 99% used [0x0000000720500000,0x00000007219fc140,0x0000000721a00000)
  to   space 21504K, 0% used [0x0000000729800000,0x0000000729800000,0x000000072ad00000)
 ParOldGen       total 344064K, used 16329K [0x00000005c9400000, 0x00000005de400000, 0x0000000718700000)
  object space 344064K, 4% used [0x00000005c9400000,0x00000005ca3f2578,0x00000005de400000)
 Metaspace       used 3675K, capacity 4908K, committed 5120K, reserved 1056768K
  class space    used 361K, capacity 424K, committed 512K, reserved 1048576K
Event: 2.772 GC heap after
Heap after GC invocations=2 (full 0):
 PSYoungGen      total 279552K, used 21497K [0x0000000718700000, 0x000000072ad00000, 0x00000007c0000000)
  eden space 258048K, 0% used [0x0000000718700000,0x0000000718700000,0x0000000728300000)
  from space 21504K, 99% used [0x0000000729800000,0x000000072acfe650,0x000000072ad00000)
  to   space 21504K, 0% used [0x0000000728300000,0x0000000728300000,0x0000000729800000)
 ParOldGen       total 344064K, used 53172K [0x00000005c9400000, 0x00000005de400000, 0x0000000718700000)
  object space 344064K, 15% used [0x00000005c9400000,0x00000005cc7ed0b8,0x00000005de400000)
 Metaspace       used 3675K, capacity 4908K, committed 5120K, reserved 1056768K
  class space    used 361K, capacity 424K, committed 512K, reserved 1048576K
}
Event: 8.162 GC heap before
{Heap before GC invocations=3 (full 0):
 PSYoungGen      total 279552K, used 279545K [0x0000000718700000, 0x000000072ad00000, 0x00000007c0000000)
  eden space 258048K, 100% used [0x0000000718700000,0x0000000728300000,0x0000000728300000)
  from space 21504K, 99% used [0x0000000729800000,0x000000072acfe650,0x000000072ad00000)
  to   space 21504K, 0% used [0x0000000728300000,0x0000000728300000,0x0000000729800000)
 ParOldGen       total 344064K, used 53172K [0x00000005c9400000, 0x00000005de400000, 0x0000000718700000)
  object space 344064K, 15% used [0x00000005c9400000,0x00000005cc7ed0b8,0x00000005de400000)
 Metaspace       used 6926K, capacity 7228K, committed 7424K, reserved 1056768K
  class space    used 664K, capacity 760K, committed 768K, reserved 1048576K
Event: 8.307 GC heap after
Heap after GC invocations=3 (full 0):
 PSYoungGen      total 279552K, used 21481K [0x0000000718700000, 0x000000073a900000, 0x00000007c0000000)
  eden space 258048K, 0% used [0x0000000718700000,0x0000000718700000,0x0000000728300000)
  from space 21504K, 99% used [0x0000000728300000,0x00000007297fa540,0x0000000729800000)
  to   space 21504K, 0% used [0x0000000739400000,0x0000000739400000,0x000000073a900000)
 ParOldGen       total 344064K, used 115838K [0x00000005c9400000, 0x00000005de400000, 0x0000000718700000)
  object space 344064K, 33% used [0x00000005c9400000,0x00000005d051f878,0x00000005de400000)
 Metaspace       used 6926K, capacity 7228K, committed 7424K, reserved 1056768K
  class space    used 664K, capacity 760K, committed 768K, reserved 1048576K
}
Event: 9.818 GC heap before
{Heap before GC invocations=4 (full 0):
 PSYoungGen      total 279552K, used 279529K [0x0000000718700000, 0x000000073a900000, 0x00000007c0000000)
  eden space 258048K, 100% used [0x0000000718700000,0x0000000728300000,0x0000000728300000)
  from space 21504K, 99% used [0x0000000728300000,0x00000007297fa540,0x0000000729800000)
  to   space 21504K, 0% used [0x0000000739400000,0x0000000739400000,0x000000073a900000)
 ParOldGen       total 344064K, used 115838K [0x00000005c9400000, 0x00000005de400000, 0x0000000718700000)
  object space 344064K, 33% used [0x00000005c9400000,0x00000005d051f878,0x00000005de400000)
 Metaspace       used 7499K, capacity 7776K, committed 7936K, reserved 1056768K
  class space    used 679K, capacity 760K, committed 768K, reserved 1048576K
Event: 9.913 GC heap after
Heap after GC invocations=4 (full 0):
 PSYoungGen      total 537600K, used 21481K [0x0000000718700000, 0x000000073a900000, 0x00000007c0000000)
  eden space 516096K, 0% used [0x0000000718700000,0x0000000718700000,0x0000000737f00000)
  from space 21504K, 99% used [0x0000000739400000,0x000000073a8fa520,0x000000073a900000)
  to   space 21504K, 0% used [0x0000000737f00000,0x0000000737f00000,0x0000000739400000)
 ParOldGen       total 344064K, used 118417K [0x00000005c9400000, 0x00000005de400000, 0x0000000718700000)
  object space 344064K, 34% used [0x00000005c9400000,0x00000005d07a4430,0x00000005de400000)
 Metaspace       used 7499K, capacity 7776K, committed 7936K, reserved 1056768K
  class space    used 679K, capacity 760K, committed 768K, reserved 1048576K
}
Event: 12.287 GC heap before
{Heap before GC invocations=5 (full 0):
 PSYoungGen      total 537600K, used 537577K [0x0000000718700000, 0x000000073a900000, 0x00000007c0000000)
  eden space 516096K, 100% used [0x0000000718700000,0x0000000737f00000,0x0000000737f00000)
  from space 21504K, 99% used [0x0000000739400000,0x000000073a8fa520,0x000000073a900000)
  to   space 21504K, 0% used [0x0000000737f00000,0x0000000737f00000,0x0000000739400000)
 ParOldGen       total 344064K, used 118417K [0x00000005c9400000, 0x00000005de400000, 0x0000000718700000)
  object space 344064K, 34% used [0x00000005c9400000,0x00000005d07a4430,0x00000005de400000)
 Metaspace       used 7737K, capacity 8084K, committed 8320K, reserved 1056768K
  class space    used 683K, capacity 792K, committed 896K, reserved 1048576K

Deoptimization events (10 events):
Event: 10.729 Thread 0x00007f983c00b000 Uncommon trap: reason=unstable_if action=reinterpret pc=0x00007f982d92b2e4 method=org.jetbrains.java.decompiler.modules.decompiler.stats.Statement.buildMonitorFlags()V @ 189
Event: 11.171 Thread 0x00007f983c00b000 Uncommon trap: reason=class_check action=maybe_recompile pc=0x00007f982dcc2574 method=org.jetbrains.java.decompiler.modules.decompiler.SecondaryFunctionsHelper.identifySecondaryFunctions(Lorg/jetbrains/java/decompiler/modules/decompiler/exps/Exprent;ZLorg
Event: 11.189 Thread 0x00007f983c00b000 Uncommon trap: reason=class_check action=maybe_recompile pc=0x00007f982db30b1c method=org.jetbrains.java.decompiler.modules.decompiler.SequenceHelper.condenseSequencesRec(Lorg/jetbrains/java/decompiler/modules/decompiler/stats/Statement;)V @ 224
Event: 11.287 Thread 0x00007f983c00b000 Uncommon trap: reason=class_check action=maybe_recompile pc=0x00007f982db30b1c method=org.jetbrains.java.decompiler.modules.decompiler.SequenceHelper.condenseSequencesRec(Lorg/jetbrains/java/decompiler/modules/decompiler/stats/Statement;)V @ 224
Event: 11.355 Thread 0x00007f983c00b000 Uncommon trap: reason=unstable_if action=reinterpret pc=0x00007f982d286494 method=org.jetbrains.java.decompiler.util.FastFixedSetFactory$FastFixedSet.toPlainCollection(Ljava/util/Collection;)Ljava/util/Collection; @ 20
Event: 11.375 Thread 0x00007f983c00b000 Uncommon trap: reason=class_check action=maybe_recompile pc=0x00007f982db30b1c method=org.jetbrains.java.decompiler.modules.decompiler.SequenceHelper.condenseSequencesRec(Lorg/jetbrains/java/decompiler/modules/decompiler/stats/Statement;)V @ 224
Event: 11.493 Thread 0x00007f983c00b000 Uncommon trap: reason=unstable_if action=reinterpret pc=0x00007f982dcc23b0 method=org.jetbrains.java.decompiler.modules.decompiler.SecondaryFunctionsHelper.identifySecondaryFunctions(Lorg/jetbrains/java/decompiler/modules/decompiler/exps/Exprent;ZLorg/jet
Event: 11.574 Thread 0x00007f983c00b000 Uncommon trap: reason=class_check action=maybe_recompile pc=0x00007f982db30b1c method=org.jetbrains.java.decompiler.modules.decompiler.SequenceHelper.condenseSequencesRec(Lorg/jetbrains/java/decompiler/modules/decompiler/stats/Statement;)V @ 224
Event: 11.788 Thread 0x00007f983c00b000 Uncommon trap: reason=null_check action=make_not_entrant pc=0x00007f982dd704f4 method=org.jetbrains.java.decompiler.modules.decompiler.sforms.SSAUConstructorSparseEx.getFilteredOutMap(Ljava/lang/String;Ljava/lang/String;Lorg/jetbrains/java/decompiler/modu
Event: 11.984 Thread 0x00007f983c00b000 Uncommon trap: reason=unstable_if action=reinterpret pc=0x00007f982da3cc18 method=org.jetbrains.java.decompiler.modules.decompiler.SimplifyExprentsHelper.isMonitorExit(Lorg/jetbrains/java/decompiler/modules/decompiler/exps/Exprent;)Z @ 6

Classes redefined (0 events):
No events

Internal exceptions (10 events):
Event: 12.124 Thread 0x00007f983c00b000 Implicit null exception at 0x00007f982d7a8ca7 to 0x00007f982d7a96aa
Event: 12.124 Thread 0x00007f983c00b000 Exception <a 'java/lang/NullPointerException'> (0x0000000735c76228) thrown at [/home/openjdk/jdk8u/hotspot/src/share/vm/runtime/sharedRuntime.cpp, line 605]
Event: 12.161 Thread 0x00007f983c00b000 Implicit null exception at 0x00007f982d7a8ca7 to 0x00007f982d7a96aa
Event: 12.161 Thread 0x00007f983c00b000 Exception <a 'java/lang/NullPointerException'> (0x00000007363506c8) thrown at [/home/openjdk/jdk8u/hotspot/src/share/vm/runtime/sharedRuntime.cpp, line 605]
Event: 12.166 Thread 0x00007f983c00b000 Implicit null exception at 0x00007f982d7a8ca7 to 0x00007f982d7a96aa
Event: 12.166 Thread 0x00007f983c00b000 Exception <a 'java/lang/NullPointerException'> (0x000000073639d6e0) thrown at [/home/openjdk/jdk8u/hotspot/src/share/vm/runtime/sharedRuntime.cpp, line 605]
Event: 12.169 Thread 0x00007f983c00b000 Implicit null exception at 0x00007f982d7a8ca7 to 0x00007f982d7a96aa
Event: 12.169 Thread 0x00007f983c00b000 Exception <a 'java/lang/NullPointerException'> (0x00000007363eab38) thrown at [/home/openjdk/jdk8u/hotspot/src/share/vm/runtime/sharedRuntime.cpp, line 605]
Event: 12.179 Thread 0x00007f983c00b000 Implicit null exception at 0x00007f982d7a8ca7 to 0x00007f982d7a96aa
Event: 12.179 Thread 0x00007f983c00b000 Exception <a 'java/lang/NullPointerException'> (0x00000007365b9e08) thrown at [/home/openjdk/jdk8u/hotspot/src/share/vm/runtime/sharedRuntime.cpp, line 605]

Events (10 events):
Event: 12.285 Thread 0x00007f983c20d800 flushing nmethod 0x00007f982d1408d0
Event: 12.285 Thread 0x00007f983c20d800 flushing nmethod 0x00007f982d150910
Event: 12.285 Thread 0x00007f983c20d800 flushing nmethod 0x00007f982d1512d0
Event: 12.285 Thread 0x00007f983c20d800 flushing nmethod 0x00007f982d152dd0
Event: 12.285 Thread 0x00007f983c20d800 flushing nmethod 0x00007f982d153790
Event: 12.285 Thread 0x00007f983c20d800 flushing nmethod 0x00007f982d157510
Event: 12.285 Thread 0x00007f983c20d800 flushing nmethod 0x00007f982d158d90
Event: 12.285 Thread 0x00007f983c20d800 flushing nmethod 0x00007f982d15cf90
Event: 12.285 Thread 0x00007f983c20d800 flushing nmethod 0x00007f982d15e090
Event: 12.286 Executing VM operation: ParallelGCFailedAllocation


Dynamic libraries:
00400000-00401000 r-xp 00000000 08:11 3934147                            /media/data/helper_tools/sdkman/candidates/java/8.0.232-open/bin/java
00600000-00601000 r--p 00000000 08:11 3934147                            /media/data/helper_tools/sdkman/candidates/java/8.0.232-open/bin/java
00601000-00602000 rw-p 00001000 08:11 3934147                            /media/data/helper_tools/sdkman/candidates/java/8.0.232-open/bin/java
02467000-02488000 rw-p 00000000 00:00 0                                  [heap]
5c9400000-5de400000 rw-p 00000000 00:00 0 
5de400000-718700000 ---p 00000000 00:00 0 
718700000-73a900000 rw-p 00000000 00:00 0 
762e00000-7c0000000 ---p 00000000 00:00 0 
7c0000000-7c00e0000 rw-p 00000000 00:00 0 
7c00e0000-800000000 ---p 00000000 00:00 0 
7f97c8000000-7f97c8021000 rw-p 00000000 00:00 0 
7f97c8021000-7f97cc000000 ---p 00000000 00:00 0 
7f97d0000000-7f97d1160000 rw-p 00000000 00:00 0 
7f97d1160000-7f97d4000000 ---p 00000000 00:00 0 
7f97d4000000-7f97d4021000 rw-p 00000000 00:00 0 
7f97d4021000-7f97d8000000 ---p 00000000 00:00 0 
7f97d8000000-7f97d8fc4000 rw-p 00000000 00:00 0 
7f97d8fc4000-7f97dc000000 ---p 00000000 00:00 0 
7f97dc000000-7f97dd019000 rw-p 00000000 00:00 0 
7f97dd019000-7f97e0000000 ---p 00000000 00:00 0 
7f97e0000000-7f97e0021000 rw-p 00000000 00:00 0 
7f97e0021000-7f97e4000000 ---p 00000000 00:00 0 
7f97e4000000-7f97e5326000 rw-p 00000000 00:00 0 
7f97e5326000-7f97e8000000 ---p 00000000 00:00 0 
7f97e8000000-7f97e8021000 rw-p 00000000 00:00 0 
7f97e8021000-7f97ec000000 ---p 00000000 00:00 0 
7f97ec000000-7f97ec021000 rw-p 00000000 00:00 0 
7f97ec021000-7f97f0000000 ---p 00000000 00:00 0 
7f97f0000000-7f97f02b2000 rw-p 00000000 00:00 0 
7f97f02b2000-7f97f4000000 ---p 00000000 00:00 0 
7f97f44a0000-7f9804021000 rw-p 00000000 00:00 0 
7f9804021000-7f9808000000 ---p 00000000 00:00 0 
7f9808000000-7f9808021000 rw-p 00000000 00:00 0 
7f9808021000-7f980c000000 ---p 00000000 00:00 0 
7f980c000000-7f980c021000 rw-p 00000000 00:00 0 
7f980c021000-7f9810000000 ---p 00000000 00:00 0 
7f9810000000-7f9810021000 rw-p 00000000 00:00 0 
7f9810021000-7f9814000000 ---p 00000000 00:00 0 
7f9814000000-7f9814021000 rw-p 00000000 00:00 0 
7f9814021000-7f9818000000 ---p 00000000 00:00 0 
7f9818000000-7f9818021000 rw-p 00000000 00:00 0 
7f9818021000-7f981c000000 ---p 00000000 00:00 0 
7f981c000000-7f981c021000 rw-p 00000000 00:00 0 
7f981c021000-7f9820000000 ---p 00000000 00:00 0 
7f9822ff5000-7f982300c000 r-xp 00000000 08:11 3934102                    /media/data/helper_tools/sdkman/candidates/java/8.0.232-open/jre/lib/amd64/libnet.so
7f982300c000-7f982320b000 ---p 00017000 08:11 3934102                    /media/data/helper_tools/sdkman/candidates/java/8.0.232-open/jre/lib/amd64/libnet.so
7f982320b000-7f982320c000 r--p 00016000 08:11 3934102                    /media/data/helper_tools/sdkman/candidates/java/8.0.232-open/jre/lib/amd64/libnet.so
7f982320c000-7f982320d000 rw-p 00017000 08:11 3934102                    /media/data/helper_tools/sdkman/candidates/java/8.0.232-open/jre/lib/amd64/libnet.so
7f982320d000-7f982321e000 r-xp 00000000 08:11 3934081                    /media/data/helper_tools/sdkman/candidates/java/8.0.232-open/jre/lib/amd64/libnio.so
7f982321e000-7f982341d000 ---p 00011000 08:11 3934081                    /media/data/helper_tools/sdkman/candidates/java/8.0.232-open/jre/lib/amd64/libnio.so
7f982341d000-7f982341e000 r--p 00010000 08:11 3934081                    /media/data/helper_tools/sdkman/candidates/java/8.0.232-open/jre/lib/amd64/libnio.so
7f982341e000-7f982341f000 rw-p 00011000 08:11 3934081                    /media/data/helper_tools/sdkman/candidates/java/8.0.232-open/jre/lib/amd64/libnio.so
7f982341f000-7f9823420000 ---p 00000000 00:00 0 
7f9823420000-7f9823520000 rw-p 00000000 00:00 0 
7f9823520000-7f9823523000 ---p 00000000 00:00 0 
7f9823523000-7f9823621000 rw-p 00000000 00:00 0 
7f9823621000-7f9823624000 ---p 00000000 00:00 0 
7f9823624000-7f9823722000 rw-p 00000000 00:00 0 
7f9823722000-7f9823725000 ---p 00000000 00:00 0 
7f9823725000-7f9823823000 rw-p 00000000 00:00 0 
7f9823823000-7f9823826000 ---p 00000000 00:00 0 
7f9823826000-7f9823924000 rw-p 00000000 00:00 0 
7f9823924000-7f9823927000 ---p 00000000 00:00 0 
7f9823927000-7f9823a25000 rw-p 00000000 00:00 0 
7f9823a25000-7f9823a28000 ---p 00000000 00:00 0 
7f9823a28000-7f9823b26000 rw-p 00000000 00:00 0 
7f9823b26000-7f9823dfe000 r--p 00000000 08:01 261135                     /usr/lib/locale/locale-archive
7f9823dfe000-7f9823e01000 ---p 00000000 00:00 0 
7f9823e01000-7f9823eff000 rw-p 00000000 00:00 0 
7f9823eff000-7f9823f02000 ---p 00000000 00:00 0 
7f9823f02000-7f9824021000 rw-p 00000000 00:00 0 
7f9824021000-7f9828000000 ---p 00000000 00:00 0 
7f982802d000-7f982802e000 ---p 00000000 00:00 0 
7f982802e000-7f9829c49000 rw-p 00000000 00:00 0 
7f9829c49000-7f9829e19000 r--s 03c5f000 08:11 3934121                    /media/data/helper_tools/sdkman/candidates/java/8.0.232-open/jre/lib/rt.jar
7f9829e19000-7f982a559000 rw-p 00000000 00:00 0 
7f982a559000-7f982a619000 ---p 00000000 00:00 0 
7f982a619000-7f982b677000 rw-p 00000000 00:00 0 
7f982b677000-7f982c049000 ---p 00000000 00:00 0 
7f982c049000-7f982c0f1000 rw-p 00000000 00:00 0 
7f982c0f1000-7f982cac2000 ---p 00000000 00:00 0 
7f982cac2000-7f982cbd4000 rw-p 00000000 00:00 0 
7f982cbd4000-7f982cfff000 ---p 00000000 00:00 0 
7f982cfff000-7f982d000000 rw-p 00000000 00:00 0 
7f982d000000-7f982de20000 rwxp 00000000 00:00 0 
7f982de20000-7f983c000000 ---p 00000000 00:00 0 
7f983c000000-7f983c5fd000 rw-p 00000000 00:00 0 
7f983c5fd000-7f9840000000 ---p 00000000 00:00 0 
7f98400d9000-7f98401f8000 rw-p 00000000 00:00 0 
7f98401f8000-7f98401f9000 ---p 00000000 00:00 0 
7f98401f9000-7f98402f9000 rw-p 00000000 00:00 0 
7f98402f9000-7f98402fa000 ---p 00000000 00:00 0 
7f98402fa000-7f98403fa000 rw-p 00000000 00:00 0 
7f98403fa000-7f98403fb000 ---p 00000000 00:00 0 
7f98403fb000-7f98404fb000 rw-p 00000000 00:00 0 
7f98404fb000-7f98404fc000 ---p 00000000 00:00 0 
7f98404fc000-7f98405fc000 rw-p 00000000 00:00 0 
7f98405fc000-7f98405fd000 ---p 00000000 00:00 0 
7f98405fd000-7f98406fd000 rw-p 00000000 00:00 0 
7f98406fd000-7f98406fe000 ---p 00000000 00:00 0 
7f98406fe000-7f98407fe000 rw-p 00000000 00:00 0 
7f98407fe000-7f98407ff000 ---p 00000000 00:00 0 
7f98407ff000-7f98408ff000 rw-p 00000000 00:00 0 
7f98408ff000-7f9840900000 ---p 00000000 00:00 0 
7f9840900000-7f9840a39000 rw-p 00000000 00:00 0 
7f9840a39000-7f9840dc0000 ---p 00000000 00:00 0 
7f9840dc0000-7f9840ddb000 r-xp 00000000 08:11 3934063                    /media/data/helper_tools/sdkman/candidates/java/8.0.232-open/jre/lib/amd64/libzip.so
7f9840ddb000-7f9840fda000 ---p 0001b000 08:11 3934063                    /media/data/helper_tools/sdkman/candidates/java/8.0.232-open/jre/lib/amd64/libzip.so
7f9840fda000-7f9840fdb000 r--p 0001a000 08:11 3934063                    /media/data/helper_tools/sdkman/candidates/java/8.0.232-open/jre/lib/amd64/libzip.so
7f9840fdb000-7f9840fdc000 rw-p 0001b000 08:11 3934063                    /media/data/helper_tools/sdkman/candidates/java/8.0.232-open/jre/lib/amd64/libzip.so
7f9840fdc000-7f9840fe7000 r-xp 00000000 08:01 406780                     /lib/x86_64-linux-gnu/libnss_files-2.23.so
7f9840fe7000-7f98411e6000 ---p 0000b000 08:01 406780                     /lib/x86_64-linux-gnu/libnss_files-2.23.so
7f98411e6000-7f98411e7000 r--p 0000a000 08:01 406780                     /lib/x86_64-linux-gnu/libnss_files-2.23.so
7f98411e7000-7f98411e8000 rw-p 0000b000 08:01 406780                     /lib/x86_64-linux-gnu/libnss_files-2.23.so
7f98411e8000-7f98411ee000 rw-p 00000000 00:00 0 
7f98411ee000-7f98411f9000 r-xp 00000000 08:01 406771                     /lib/x86_64-linux-gnu/libnss_nis-2.23.so
7f98411f9000-7f98413f8000 ---p 0000b000 08:01 406771                     /lib/x86_64-linux-gnu/libnss_nis-2.23.so
7f98413f8000-7f98413f9000 r--p 0000a000 08:01 406771                     /lib/x86_64-linux-gnu/libnss_nis-2.23.so
7f98413f9000-7f98413fa000 rw-p 0000b000 08:01 406771                     /lib/x86_64-linux-gnu/libnss_nis-2.23.so
7f98413fa000-7f9841410000 r-xp 00000000 08:01 406777                     /lib/x86_64-linux-gnu/libnsl-2.23.so
7f9841410000-7f984160f000 ---p 00016000 08:01 406777                     /lib/x86_64-linux-gnu/libnsl-2.23.so
7f984160f000-7f9841610000 r--p 00015000 08:01 406777                     /lib/x86_64-linux-gnu/libnsl-2.23.so
7f9841610000-7f9841611000 rw-p 00016000 08:01 406777                     /lib/x86_64-linux-gnu/libnsl-2.23.so
7f9841611000-7f9841613000 rw-p 00000000 00:00 0 
7f9841613000-7f984161b000 r-xp 00000000 08:01 406787                     /lib/x86_64-linux-gnu/libnss_compat-2.23.so
7f984161b000-7f984181a000 ---p 00008000 08:01 406787                     /lib/x86_64-linux-gnu/libnss_compat-2.23.so
7f984181a000-7f984181b000 r--p 00007000 08:01 406787                     /lib/x86_64-linux-gnu/libnss_compat-2.23.so
7f984181b000-7f984181c000 rw-p 00008000 08:01 406787                     /lib/x86_64-linux-gnu/libnss_compat-2.23.so
7f984181c000-7f9841844000 r-xp 00000000 08:11 3934067                    /media/data/helper_tools/sdkman/candidates/java/8.0.232-open/jre/lib/amd64/libjava.so
7f9841844000-7f9841a43000 ---p 00028000 08:11 3934067                    /media/data/helper_tools/sdkman/candidates/java/8.0.232-open/jre/lib/amd64/libjava.so
7f9841a43000-7f9841a44000 r--p 00027000 08:11 3934067                    /media/data/helper_tools/sdkman/candidates/java/8.0.232-open/jre/lib/amd64/libjava.so
7f9841a44000-7f9841a46000 rw-p 00028000 08:11 3934067                    /media/data/helper_tools/sdkman/candidates/java/8.0.232-open/jre/lib/amd64/libjava.so
7f9841a46000-7f9841a54000 r-xp 00000000 08:11 3934080                    /media/data/helper_tools/sdkman/candidates/java/8.0.232-open/jre/lib/amd64/libverify.so
7f9841a54000-7f9841c53000 ---p 0000e000 08:11 3934080                    /media/data/helper_tools/sdkman/candidates/java/8.0.232-open/jre/lib/amd64/libverify.so
7f9841c53000-7f9841c55000 r--p 0000d000 08:11 3934080                    /media/data/helper_tools/sdkman/candidates/java/8.0.232-open/jre/lib/amd64/libverify.so
7f9841c55000-7f9841c56000 rw-p 0000f000 08:11 3934080                    /media/data/helper_tools/sdkman/candidates/java/8.0.232-open/jre/lib/amd64/libverify.so
7f9841c56000-7f9841c5d000 r-xp 00000000 08:01 406757                     /lib/x86_64-linux-gnu/librt-2.23.so
7f9841c5d000-7f9841e5c000 ---p 00007000 08:01 406757                     /lib/x86_64-linux-gnu/librt-2.23.so
7f9841e5c000-7f9841e5d000 r--p 00006000 08:01 406757                     /lib/x86_64-linux-gnu/librt-2.23.so
7f9841e5d000-7f9841e5e000 rw-p 00007000 08:01 406757                     /lib/x86_64-linux-gnu/librt-2.23.so
7f9841e5e000-7f9841f66000 r-xp 00000000 08:01 406791                     /lib/x86_64-linux-gnu/libm-2.23.so
7f9841f66000-7f9842165000 ---p 00108000 08:01 406791                     /lib/x86_64-linux-gnu/libm-2.23.so
7f9842165000-7f9842166000 r--p 00107000 08:01 406791                     /lib/x86_64-linux-gnu/libm-2.23.so
7f9842166000-7f9842167000 rw-p 00108000 08:01 406791                     /lib/x86_64-linux-gnu/libm-2.23.so
7f9842167000-7f9842dbf000 r-xp 00000000 08:11 3934071                    /media/data/helper_tools/sdkman/candidates/java/8.0.232-open/jre/lib/amd64/server/libjvm.so
7f9842dbf000-7f9842fbf000 ---p 00c58000 08:11 3934071                    /media/data/helper_tools/sdkman/candidates/java/8.0.232-open/jre/lib/amd64/server/libjvm.so
7f9842fbf000-7f9843067000 r--p 00c58000 08:11 3934071                    /media/data/helper_tools/sdkman/candidates/java/8.0.232-open/jre/lib/amd64/server/libjvm.so
7f9843067000-7f984308f000 rw-p 00d00000 08:11 3934071                    /media/data/helper_tools/sdkman/candidates/java/8.0.232-open/jre/lib/amd64/server/libjvm.so
7f984308f000-7f98430d2000 rw-p 00000000 00:00 0 
7f98430d2000-7f9843292000 r-xp 00000000 08:01 406785                     /lib/x86_64-linux-gnu/libc-2.23.so
7f9843292000-7f9843492000 ---p 001c0000 08:01 406785                     /lib/x86_64-linux-gnu/libc-2.23.so
7f9843492000-7f9843496000 r--p 001c0000 08:01 406785                     /lib/x86_64-linux-gnu/libc-2.23.so
7f9843496000-7f9843498000 rw-p 001c4000 08:01 406785                     /lib/x86_64-linux-gnu/libc-2.23.so
7f9843498000-7f984349c000 rw-p 00000000 00:00 0 
7f984349c000-7f984349f000 r-xp 00000000 08:01 406762                     /lib/x86_64-linux-gnu/libdl-2.23.so
7f984349f000-7f984369e000 ---p 00003000 08:01 406762                     /lib/x86_64-linux-gnu/libdl-2.23.so
7f984369e000-7f984369f000 r--p 00002000 08:01 406762                     /lib/x86_64-linux-gnu/libdl-2.23.so
7f984369f000-7f98436a0000 rw-p 00003000 08:01 406762                     /lib/x86_64-linux-gnu/libdl-2.23.so
7f98436a0000-7f98436b6000 r-xp 00000000 08:11 3933450                    /media/data/helper_tools/sdkman/candidates/java/8.0.232-open/lib/amd64/jli/libjli.so
7f98436b6000-7f98438b5000 ---p 00016000 08:11 3933450                    /media/data/helper_tools/sdkman/candidates/java/8.0.232-open/lib/amd64/jli/libjli.so
7f98438b5000-7f98438b6000 r--p 00015000 08:11 3933450                    /media/data/helper_tools/sdkman/candidates/java/8.0.232-open/lib/amd64/jli/libjli.so
7f98438b6000-7f98438b7000 rw-p 00016000 08:11 3933450                    /media/data/helper_tools/sdkman/candidates/java/8.0.232-open/lib/amd64/jli/libjli.so
7f98438b7000-7f98438cf000 r-xp 00000000 08:01 406768                     /lib/x86_64-linux-gnu/libpthread-2.23.so
7f98438cf000-7f9843ace000 ---p 00018000 08:01 406768                     /lib/x86_64-linux-gnu/libpthread-2.23.so
7f9843ace000-7f9843acf000 r--p 00017000 08:01 406768                     /lib/x86_64-linux-gnu/libpthread-2.23.so
7f9843acf000-7f9843ad0000 rw-p 00018000 08:01 406768                     /lib/x86_64-linux-gnu/libpthread-2.23.so
7f9843ad0000-7f9843ad4000 rw-p 00000000 00:00 0 
7f9843ad4000-7f9843afa000 r-xp 00000000 08:01 406765                     /lib/x86_64-linux-gnu/ld-2.23.so
7f9843b3d000-7f9843b45000 r--s 0008c000 08:11 8002623                    /media/data/muse2/tools/qark/venv/lib/python3.5/site-packages/qark/lib/decompilers/fernflower.jar
7f9843b45000-7f9843be3000 rw-p 00000000 00:00 0 
7f9843be3000-7f9843be6000 ---p 00000000 00:00 0 
7f9843be6000-7f9843ce9000 rw-p 00000000 00:00 0 
7f9843cef000-7f9843cf7000 rw-s 00000000 08:01 338                        /tmp/hsperfdata_nacoop/851
7f9843cf7000-7f9843cf8000 rw-p 00000000 00:00 0 
7f9843cf8000-7f9843cf9000 ---p 00000000 00:00 0 
7f9843cf9000-7f9843cfa000 r--p 00025000 08:01 406765                     /lib/x86_64-linux-gnu/ld-2.23.so
7f9843cfa000-7f9843cfb000 rw-p 00026000 08:01 406765                     /lib/x86_64-linux-gnu/ld-2.23.so
7f9843cfb000-7f9843cfc000 rw-p 00000000 00:00 0 
7ffd721b3000-7ffd721d4000 rw-p 00000000 00:00 0                          [stack]
7ffd721e0000-7ffd721e2000 r--p 00000000 00:00 0                          [vvar]
7ffd721e2000-7ffd721e4000 r-xp 00000000 00:00 0                          [vdso]
ffffffffff600000-ffffffffff601000 r-xp 00000000 00:00 0                  [vsyscall]

VM Arguments:
java_command: /media/data/muse2/tools/qark/venv/lib/python3.5/site-packages/qark/decompiler/../lib/decompilers/fernflower.jar -ren=1 /media/data/muse2/tools/qark/build/qark/sip-mutant12.jar /media/data/muse2/tools/qark/build/qark/fernflower
java_class_path (initial): /media/data/muse2/tools/qark/venv/lib/python3.5/site-packages/qark/decompiler/../lib/decompilers/fernflower.jar
Launcher Type: SUN_STANDARD

Environment Variables:
JAVA_HOME=/media/data/helper_tools/sdkman/candidates/java/current
PATH=/media/data/muse2/tools/qark/venv/bin:/home/nacoop/bin:/home/nacoop/.local/bin:/media/data/Android/Sdk:/media/data/Android/Sdk:/media/data/Android/Sdk:/media/data/muse2/tools/coverity/cov-analysis-linux64-2020.03/bin:/media/data/muse2/tools/coverity/cov-platform/bin:/media/data/anaconda/condabin:/media/data/helper_tools/sdkman/candidates/java/current/bin:/usr/local/sbin:/usr/local/bin:/usr/sbin:/usr/bin:/sbin:/bin:/usr/games:/snap/bin
SHELL=/bin/bash

Signal Handlers:
SIGSEGV: [libjvm.so+0xa4ef90], sa_mask[0]=11111111011111111101111111111110, sa_flags=SA_RESTART|SA_SIGINFO
SIGBUS: [libjvm.so+0xa4ef90], sa_mask[0]=11111111011111111101111111111110, sa_flags=SA_RESTART|SA_SIGINFO
SIGFPE: [libjvm.so+0x8b7a50], sa_mask[0]=11111111011111111101111111111110, sa_flags=SA_RESTART|SA_SIGINFO
SIGPIPE: [libjvm.so+0x8b7a50], sa_mask[0]=11111111011111111101111111111110, sa_flags=SA_RESTART|SA_SIGINFO
SIGXFSZ: [libjvm.so+0x8b7a50], sa_mask[0]=11111111011111111101111111111110, sa_flags=SA_RESTART|SA_SIGINFO
SIGILL: [libjvm.so+0x8b7a50], sa_mask[0]=11111111011111111101111111111110, sa_flags=SA_RESTART|SA_SIGINFO
SIGUSR1: SIG_DFL, sa_mask[0]=00000000000000000000000000000000, sa_flags=none
SIGUSR2: [libjvm.so+0x8b9200], sa_mask[0]=00000000000000000000000000000000, sa_flags=SA_RESTART|SA_SIGINFO
SIGHUP: [libjvm.so+0x8bac30], sa_mask[0]=11111111011111111101111111111110, sa_flags=SA_RESTART|SA_SIGINFO
SIGINT: [libjvm.so+0x8bac30], sa_mask[0]=11111111011111111101111111111110, sa_flags=SA_RESTART|SA_SIGINFO
SIGTERM: [libjvm.so+0x8bac30], sa_mask[0]=11111111011111111101111111111110, sa_flags=SA_RESTART|SA_SIGINFO
SIGQUIT: [libjvm.so+0x8bac30], sa_mask[0]=11111111011111111101111111111110, sa_flags=SA_RESTART|SA_SIGINFO


---------------  S Y S T E M  ---------------

OS:DISTRIB_ID=Ubuntu
DISTRIB_RELEASE=16.04
DISTRIB_CODENAME=xenial
DISTRIB_DESCRIPTION="Ubuntu 16.04.6 LTS"

uname:Linux 4.4.0-174-generic #204-Ubuntu SMP Wed Jan 29 06:41:01 UTC 2020 x86_64
libc:glibc 2.23 NPTL 2.23 
rlimit: STACK 8192k, CORE 0k, NPROC 128527, NOFILE 4096, AS infinity
load average:3.75 2.17 2.08

/proc/meminfo:
MemTotal:       32946664 kB
MemFree:         1421488 kB
MemAvailable:   22350020 kB
Buffers:         1276576 kB
Cached:         20170844 kB
SwapCached:          336 kB
Active:         16912592 kB
Inactive:       11970000 kB
Active(anon):    7296848 kB
Inactive(anon):  2653848 kB
Active(file):    9615744 kB
Inactive(file):  9316152 kB
Unevictable:        3652 kB
Mlocked:            3652 kB
SwapTotal:        998396 kB
SwapFree:         861424 kB
Dirty:             12624 kB
Writeback:             0 kB
AnonPages:       7439316 kB
Mapped:          2589056 kB
Shmem:           2513104 kB
Slab:            2488104 kB
SReclaimable:    2399532 kB
SUnreclaim:        88572 kB
KernelStack:       11600 kB
PageTables:        47664 kB
NFS_Unstable:          0 kB
Bounce:                0 kB
WritebackTmp:          0 kB
CommitLimit:    17471728 kB
Committed_AS:   17042624 kB
VmallocTotal:   34359738367 kB
VmallocUsed:           0 kB
VmallocChunk:          0 kB
HardwareCorrupted:     0 kB
AnonHugePages:         0 kB
CmaTotal:              0 kB
CmaFree:               0 kB
HugePages_Total:       0
HugePages_Free:        0
HugePages_Rsvd:        0
HugePages_Surp:        0
Hugepagesize:       2048 kB
DirectMap4k:      257916 kB
DirectMap2M:    33296384 kB

container (cgroup) information:
container_type: cgroupv1
cpu_cpuset_cpus: 0-7
cpu_memory_nodes: 0
active_processor_count: 8
cpu_quota: -1
cpu_period: 100000
cpu_shares: -1
memory_limit_in_bytes: -1
memory_and_swap_limit_in_bytes: -2
memory_soft_limit_in_bytes: -1
memory_usage_in_bytes: 27545767936
memory_max_usage_in_bytes: 28774748160


CPU:total 8 (initial active 8) (1 cores per cpu, 1 threads per core) family 6 model 60 stepping 1, cmov, cx8, fxsr, mmx, sse, sse2, sse3, ssse3, sse4.1, sse4.2, popcnt, avx, avx2, aes, clmul, erms, lzcnt, tsc, bmi1, bmi2

/proc/cpuinfo:
processor	: 0
vendor_id	: GenuineIntel
cpu family	: 6
model		: 60
model name	: Intel Core Processor (Haswell, no TSX, IBRS)
stepping	: 1
microcode	: 0x1
cpu MHz		: 2399.976
cache size	: 4096 KB
physical id	: 0
siblings	: 1
core id		: 0
cpu cores	: 1
apicid		: 0
initial apicid	: 0
fpu		: yes
fpu_exception	: yes
cpuid level	: 13
wp		: yes
flags		: fpu vme de pse tsc msr pae mce cx8 apic sep mtrr pge mca cmov pat pse36 clflush mmx fxsr sse sse2 syscall nx rdtscp lm constant_tsc rep_good nopl tsc_known_freq pni pclmulqdq ssse3 fma cx16 pcid sse4_1 sse4_2 x2apic movbe popcnt tsc_deadline_timer aes xsave avx f16c rdrand hypervisor lahf_lm abm invpcid_single ibrs ibpb kaiser fsgsbase bmi1 avx2 smep bmi2 erms invpcid xsaveopt arat
bugs		: cpu_meltdown spectre_v1 spectre_v2 spec_store_bypass l1tf mds swapgs itlb_multihit
bogomips	: 4799.95
clflush size	: 64
cache_alignment	: 64
address sizes	: 40 bits physical, 48 bits virtual
power management:

processor	: 1
vendor_id	: GenuineIntel
cpu family	: 6
model		: 60
model name	: Intel Core Processor (Haswell, no TSX, IBRS)
stepping	: 1
microcode	: 0x1
cpu MHz		: 2399.976
cache size	: 4096 KB
physical id	: 1
siblings	: 1
core id		: 0
cpu cores	: 1
apicid		: 1
initial apicid	: 1
fpu		: yes
fpu_exception	: yes
cpuid level	: 13
wp		: yes
flags		: fpu vme de pse tsc msr pae mce cx8 apic sep mtrr pge mca cmov pat pse36 clflush mmx fxsr sse sse2 syscall nx rdtscp lm constant_tsc rep_good nopl tsc_known_freq pni pclmulqdq ssse3 fma cx16 pcid sse4_1 sse4_2 x2apic movbe popcnt tsc_deadline_timer aes xsave avx f16c rdrand hypervisor lahf_lm abm invpcid_single ibrs ibpb kaiser fsgsbase bmi1 avx2 smep bmi2 erms invpcid xsaveopt arat
bugs		: cpu_meltdown spectre_v1 spectre_v2 spec_store_bypass l1tf mds swapgs itlb_multihit
bogomips	: 4799.95
clflush size	: 64
cache_alignment	: 64
address sizes	: 40 bits physical, 48 bits virtual
power management:

processor	: 2
vendor_id	: GenuineIntel
cpu family	: 6
model		: 60
model name	: Intel Core Processor (Haswell, no TSX, IBRS)
stepping	: 1
microcode	: 0x1
cpu MHz		: 2399.976
cache size	: 4096 KB
physical id	: 2
siblings	: 1
core id		: 0
cpu cores	: 1
apicid		: 2
initial apicid	: 2
fpu		: yes
fpu_exception	: yes
cpuid level	: 13
wp		: yes
flags		: fpu vme de pse tsc msr pae mce cx8 apic sep mtrr pge mca cmov pat pse36 clflush mmx fxsr sse sse2 syscall nx rdtscp lm constant_tsc rep_good nopl tsc_known_freq pni pclmulqdq ssse3 fma cx16 pcid sse4_1 sse4_2 x2apic movbe popcnt tsc_deadline_timer aes xsave avx f16c rdrand hypervisor lahf_lm abm invpcid_single ibrs ibpb kaiser fsgsbase bmi1 avx2 smep bmi2 erms invpcid xsaveopt arat
bugs		: cpu_meltdown spectre_v1 spectre_v2 spec_store_bypass l1tf mds swapgs itlb_multihit
bogomips	: 4799.95
clflush size	: 64
cache_alignment	: 64
address sizes	: 40 bits physical, 48 bits virtual
power management:

processor	: 3
vendor_id	: GenuineIntel
cpu family	: 6
model		: 60
model name	: Intel Core Processor (Haswell, no TSX, IBRS)
stepping	: 1
microcode	: 0x1
cpu MHz		: 2399.976
cache size	: 4096 KB
physical id	: 3
siblings	: 1
core id		: 0
cpu cores	: 1
apicid		: 3
initial apicid	: 3
fpu		: yes
fpu_exception	: yes
cpuid level	: 13
wp		: yes
flags		: fpu vme de pse tsc msr pae mce cx8 apic sep mtrr pge mca cmov pat pse36 clflush mmx fxsr sse sse2 syscall nx rdtscp lm constant_tsc rep_good nopl tsc_known_freq pni pclmulqdq ssse3 fma cx16 pcid sse4_1 sse4_2 x2apic movbe popcnt tsc_deadline_timer aes xsave avx f16c rdrand hypervisor lahf_lm abm invpcid_single ibrs ibpb kaiser fsgsbase bmi1 avx2 smep bmi2 erms invpcid xsaveopt arat
bugs		: cpu_meltdown spectre_v1 spectre_v2 spec_store_bypass l1tf mds swapgs itlb_multihit
bogomips	: 4799.95
clflush size	: 64
cache_alignment	: 64
address sizes	: 40 bits physical, 48 bits virtual
power management:

processor	: 4
vendor_id	: GenuineIntel
cpu family	: 6
model		: 60
model name	: Intel Core Processor (Haswell, no TSX, IBRS)
stepping	: 1
microcode	: 0x1
cpu MHz		: 2399.976
cache size	: 4096 KB
physical id	: 4
siblings	: 1
core id		: 0
cpu cores	: 1
apicid		: 4
initial apicid	: 4
fpu		: yes
fpu_exception	: yes
cpuid level	: 13
wp		: yes
flags		: fpu vme de pse tsc msr pae mce cx8 apic sep mtrr pge mca cmov pat pse36 clflush mmx fxsr sse sse2 syscall nx rdtscp lm constant_tsc rep_good nopl tsc_known_freq pni pclmulqdq ssse3 fma cx16 pcid sse4_1 sse4_2 x2apic movbe popcnt tsc_deadline_timer aes xsave avx f16c rdrand hypervisor lahf_lm abm invpcid_single ibrs ibpb kaiser fsgsbase bmi1 avx2 smep bmi2 erms invpcid xsaveopt arat
bugs		: cpu_meltdown spectre_v1 spectre_v2 spec_store_bypass l1tf mds swapgs itlb_multihit
bogomips	: 4799.95
clflush size	: 64
cache_alignment	: 64
address sizes	: 40 bits physical, 48 bits virtual
power management:

processor	: 5
vendor_id	: GenuineIntel
cpu family	: 6
model		: 60
model name	: Intel Core Processor (Haswell, no TSX, IBRS)
stepping	: 1
microcode	: 0x1
cpu MHz		: 2399.976
cache size	: 4096 KB
physical id	: 5
siblings	: 1
core id		: 0
cpu cores	: 1
apicid		: 5
initial apicid	: 5
fpu		: yes
fpu_exception	: yes
cpuid level	: 13
wp		: yes
flags		: fpu vme de pse tsc msr pae mce cx8 apic sep mtrr pge mca cmov pat pse36 clflush mmx fxsr sse sse2 syscall nx rdtscp lm constant_tsc rep_good nopl tsc_known_freq pni pclmulqdq ssse3 fma cx16 pcid sse4_1 sse4_2 x2apic movbe popcnt tsc_deadline_timer aes xsave avx f16c rdrand hypervisor lahf_lm abm invpcid_single ibrs ibpb kaiser fsgsbase bmi1 avx2 smep bmi2 erms invpcid xsaveopt arat
bugs		: cpu_meltdown spectre_v1 spectre_v2 spec_store_bypass l1tf mds swapgs itlb_multihit
bogomips	: 4799.95
clflush size	: 64
cache_alignment	: 64
address sizes	: 40 bits physical, 48 bits virtual
power management:

processor	: 6
vendor_id	: GenuineIntel
cpu family	: 6
model		: 60
model name	: Intel Core Processor (Haswell, no TSX, IBRS)
stepping	: 1
microcode	: 0x1
cpu MHz		: 2399.976
cache size	: 4096 KB
physical id	: 6
siblings	: 1
core id		: 0
cpu cores	: 1
apicid		: 6
initial apicid	: 6
fpu		: yes
fpu_exception	: yes
cpuid level	: 13
wp		: yes
flags		: fpu vme de pse tsc msr pae mce cx8 apic sep mtrr pge mca cmov pat pse36 clflush mmx fxsr sse sse2 syscall nx rdtscp lm constant_tsc rep_good nopl tsc_known_freq pni pclmulqdq ssse3 fma cx16 pcid sse4_1 sse4_2 x2apic movbe popcnt tsc_deadline_timer aes xsave avx f16c rdrand hypervisor lahf_lm abm invpcid_single ibrs ibpb kaiser fsgsbase bmi1 avx2 smep bmi2 erms invpcid xsaveopt arat
bugs		: cpu_meltdown spectre_v1 spectre_v2 spec_store_bypass l1tf mds swapgs itlb_multihit
bogomips	: 4799.95
clflush size	: 64
cache_alignment	: 64
address sizes	: 40 bits physical, 48 bits virtual
power management:

processor	: 7
vendor_id	: GenuineIntel
cpu family	: 6
model		: 60
model name	: Intel Core Processor (Haswell, no TSX, IBRS)
stepping	: 1
microcode	: 0x1
cpu MHz		: 2399.976
cache size	: 4096 KB
physical id	: 7
siblings	: 1
core id		: 0
cpu cores	: 1
apicid		: 7
initial apicid	: 7
fpu		: yes
fpu_exception	: yes
cpuid level	: 13
wp		: yes
flags		: fpu vme de pse tsc msr pae mce cx8 apic sep mtrr pge mca cmov pat pse36 clflush mmx fxsr sse sse2 syscall nx rdtscp lm constant_tsc rep_good nopl tsc_known_freq pni pclmulqdq ssse3 fma cx16 pcid sse4_1 sse4_2 x2apic movbe popcnt tsc_deadline_timer aes xsave avx f16c rdrand hypervisor lahf_lm abm invpcid_single ibrs ibpb kaiser fsgsbase bmi1 avx2 smep bmi2 erms invpcid xsaveopt arat
bugs		: cpu_meltdown spectre_v1 spectre_v2 spec_store_bypass l1tf mds swapgs itlb_multihit
bogomips	: 4799.95
clflush size	: 64
cache_alignment	: 64
address sizes	: 40 bits physical, 48 bits virtual
power management:



Memory: 4k page, physical 32946664k(1421168k free), swap 998396k(861424k free)

vm_info: OpenJDK 64-Bit Server VM (25.232-b09) for linux-amd64 JRE (1.8.0_232-b09), built on Oct 10 2019 05:03:18 by "openjdk" with gcc 4.4.7 20120313 (Red Hat 4.4.7-23)

time: Mon Jun  8 18:32:17 2020
timezone: EDT
elapsed time: 12 seconds (0d 0h 0m 12s)

