#
# There is insufficient memory for the Java Runtime Environment to continue.
# Native memory allocation (mmap) failed to map 264241152 bytes for committing reserved memory.
# Possible reasons:
#   The system is out of physical RAM or swap space
#   The process is running with CompressedOops enabled, and the Java Heap may be blocking the growth of the native heap
# Possible solutions:
#   Reduce memory load on the system
#   Increase physical memory or swap space
#   Check if swap backing store is full
#   Decrease Java heap size (-Xmx/-Xms)
#   Decrease number of Java threads
#   Decrease Java thread stack sizes (-Xss)
#   Set larger code cache with -XX:ReservedCodeCacheSize=
#   JVM is running with Zero Based Compressed Oops mode in which the Java heap is
#     placed in the first 32GB address space. The Java Heap base address is the
#     maximum limit for the native heap growth. Please use -XX:HeapBaseMinAddress
#     to set the Java Heap base and to place the Java Heap above 32GB virtual address.
# This output file may be truncated or incomplete.
#
#  Out of Memory Error (os_linux.cpp:2754), pid=2009, tid=0x00007f0be8a68700
#
# JRE version: OpenJDK Runtime Environment (8.0_232-b09) (build 1.8.0_232-b09)
# Java VM: OpenJDK 64-Bit Server VM (25.232-b09 mixed mode linux-amd64 compressed oops)
# Failed to write core dump. Core dumps have been disabled. To enable core dumping, try "ulimit -c unlimited" before starting Java again
#

---------------  T H R E A D  ---------------

Current thread (0x00007f0bfc1c7800):  VMThread [stack: 0x00007f0be8968000,0x00007f0be8a69000] [id=2040]

Stack: [0x00007f0be8968000,0x00007f0be8a69000],  sp=0x00007f0be8a67290,  free space=1020k
Native frames: (J=compiled Java code, j=interpreted, Vv=VM code, C=native code)
V  [libjvm.so+0xa4e56d]  VMError::report_and_die()+0x15d
V  [libjvm.so+0x4e2ec9]  report_vm_out_of_memory(char const*, int, unsigned long, VMErrorType, char const*)+0x99
V  [libjvm.so+0x8be243]  os::Linux::commit_memory_impl(char*, unsigned long, bool)+0x113
V  [libjvm.so+0x8be469]  os::pd_commit_memory(char*, unsigned long, unsigned long, bool)+0x29
V  [libjvm.so+0x8b306a]  os::commit_memory(char*, unsigned long, unsigned long, bool)+0x2a
V  [libjvm.so+0x92334b]  PSVirtualSpace::expand_by(unsigned long)+0x6b
V  [libjvm.so+0x924608]  PSYoungGen::resize_generation(unsigned long, unsigned long)+0xb8
V  [libjvm.so+0x923742]  PSYoungGen::resize(unsigned long, unsigned long)+0x22
V  [libjvm.so+0x920d1e]  PSScavenge::invoke_no_policy()+0x102e
V  [libjvm.so+0x9214d3]  PSScavenge::invoke()+0x43
V  [libjvm.so+0x8dbe4d]  ParallelScavengeHeap::failed_mem_allocate(unsigned long)+0x6d
V  [libjvm.so+0xa4ffe7]  VM_ParallelGCFailedAllocation::doit()+0x97
V  [libjvm.so+0xa56982]  VM_Operation::evaluate()+0x52
V  [libjvm.so+0xa54ce9]  VMThread::evaluate_operation(VM_Operation*)+0xa9
V  [libjvm.so+0xa5531b]  VMThread::loop()+0x1fb
V  [libjvm.so+0xa55783]  VMThread::run()+0x83
V  [libjvm.so+0x8be5d2]  java_start(Thread*)+0x132

VM_Operation (0x00007f0c0454d1c0): ParallelGCFailedAllocation, mode: safepoint, requested by thread 0x00007f0bfc00b000


---------------  P R O C E S S  ---------------

Java Threads: ( => current thread )
  0x00007f0bfc21a800 JavaThread "Service Thread" daemon [_thread_blocked, id=2063, stack(0x00007f0bd3dfe000,0x00007f0bd3eff000)]
  0x00007f0bfc20f800 JavaThread "C1 CompilerThread3" daemon [_thread_blocked, id=2057, stack(0x00007f0bd3eff000,0x00007f0bd4000000)]
  0x00007f0bfc20d800 JavaThread "C2 CompilerThread2" daemon [_thread_blocked, id=2056, stack(0x00007f0be808a000,0x00007f0be818b000)]
  0x00007f0bfc20b800 JavaThread "C2 CompilerThread1" daemon [_thread_in_native, id=2052, stack(0x00007f0be818b000,0x00007f0be828c000)]
  0x00007f0bfc208800 JavaThread "C2 CompilerThread0" daemon [_thread_in_native, id=2051, stack(0x00007f0be828c000,0x00007f0be838d000)]
  0x00007f0bfc207000 JavaThread "Signal Dispatcher" daemon [_thread_blocked, id=2050, stack(0x00007f0be838d000,0x00007f0be848e000)]
  0x00007f0bfc1d4000 JavaThread "Finalizer" daemon [_thread_blocked, id=2044, stack(0x00007f0be8766000,0x00007f0be8867000)]
  0x00007f0bfc1d1800 JavaThread "Reference Handler" daemon [_thread_blocked, id=2043, stack(0x00007f0be8867000,0x00007f0be8968000)]
  0x00007f0bfc00b000 JavaThread "main" [_thread_blocked, id=2011, stack(0x00007f0c04450000,0x00007f0c04551000)]

Other Threads:
=>0x00007f0bfc1c7800 VMThread [stack: 0x00007f0be8968000,0x00007f0be8a69000] [id=2040]
  0x00007f0bfc21d000 WatcherThread [stack: 0x00007f0bd3cfd000,0x00007f0bd3dfe000] [id=2064]

VM state:at safepoint (normal execution)

VM Mutex/Monitor currently owned by a thread:  ([mutex/lock_event])
[0x00007f0bfc007250] Threads_lock - owner thread: 0x00007f0bfc1c7800
[0x00007f0bfc007750] Heap_lock - owner thread: 0x00007f0bfc00b000

heap address: 0x00000005c9400000, size: 8044 MB, Compressed Oops mode: Zero based, Oop shift amount: 3
Narrow klass base: 0x0000000000000000, Narrow klass shift: 3
Compressed class space size: 1073741824 Address: 0x00000007c0000000

Heap:
 PSYoungGen      total 279552K, used 21477K [0x0000000718700000, 0x000000072ad00000, 0x00000007c0000000)
  eden space 258048K, 0% used [0x0000000718700000,0x0000000718700000,0x0000000728300000)
  from space 21504K, 99% used [0x0000000728300000,0x00000007297f9668,0x0000000729800000)
  to   space 21504K, 0% used [0x0000000729800000,0x0000000729800000,0x000000072ad00000)
 ParOldGen       total 344064K, used 6596K [0x00000005c9400000, 0x00000005de400000, 0x0000000718700000)
  object space 344064K, 1% used [0x00000005c9400000,0x00000005c9a710a8,0x00000005de400000)
 Metaspace       used 9206K, capacity 9568K, committed 9728K, reserved 1058816K
  class space    used 885K, capacity 912K, committed 1024K, reserved 1048576K

Card table byte_map: [0x00007f0c002b6000,0x00007f0c0126d000] byte_map_base: 0x00007f0bfd46c000

Marking Bits: (ParMarkBitMap*) 0x00007f0c03910900
 Begin Bits: [0x00007f0bb44a0000, 0x00007f0bbc250000)
 End Bits:   [0x00007f0bbc250000, 0x00007f0bc4000000)

Polling page: 0x00007f0c04565000

CodeCache: size=245760Kb used=13378Kb max_used=13378Kb free=232381Kb
 bounds [0x00007f0bed000000, 0x00007f0bedd20000, 0x00007f0bfc000000]
 total_blobs=3690 nmethods=3402 adapters=202
 compilation: enabled

Compilation events (10 events):
Event: 5.413 Thread 0x00007f0bfc20f800 3454       1       org.benf.cfr.reader.bytecode.analysis.parse.expression.ArithOp::getShowAs (5 bytes)
Event: 5.413 Thread 0x00007f0bfc20f800 nmethod 3454 0x00007f0bedcf9ed0 code [0x00007f0bedcfa020, 0x00007f0bedcfa130]
Event: 5.423 Thread 0x00007f0bfc20f800 3455       2       org.benf.cfr.reader.bytecode.analysis.opgraph.op4rewriters.transformers.VariableNameTidier::transform (121 bytes)
Event: 5.423 Thread 0x00007f0bfc20f800 nmethod 3455 0x00007f0bedcf9410 code [0x00007f0bedcf9600, 0x00007f0bedcf9b78]
Event: 5.423 Thread 0x00007f0bfc20f800 3457       2       org.benf.cfr.reader.bytecode.analysis.opgraph.Op03SimpleStatement::combineTryCatchBlocks (276 bytes)
Event: 5.425 Thread 0x00007f0bfc20f800 nmethod 3457 0x00007f0bedcf5710 code [0x00007f0bedcf5a40, 0x00007f0bedcf6ab8]
Event: 5.425 Thread 0x00007f0bfc20f800 3458       1       org.benf.cfr.reader.entities.attributes.AttributeLineNumberTable::getRawByteLength (10 bytes)
Event: 5.425 Thread 0x00007f0bfc20f800 nmethod 3458 0x00007f0bedcf5410 code [0x00007f0bedcf5560, 0x00007f0bedcf5670]
Event: 5.431 Thread 0x00007f0bfc20f800 3459       2       org.benf.cfr.reader.bytecode.analysis.structured.statement.Block::isJustOneStatement (56 bytes)
Event: 5.432 Thread 0x00007f0bfc20f800 nmethod 3459 0x00007f0bedcf8a50 code [0x00007f0bedcf8c00, 0x00007f0bedcf9038]

GC Heap History (5 events):
Event: 1.881 GC heap before
{Heap before GC invocations=1 (full 0):
 PSYoungGen      total 150528K, used 129024K [0x0000000718700000, 0x0000000722f00000, 0x00000007c0000000)
  eden space 129024K, 100% used [0x0000000718700000,0x0000000720500000,0x0000000720500000)
  from space 21504K, 0% used [0x0000000721a00000,0x0000000721a00000,0x0000000722f00000)
  to   space 21504K, 0% used [0x0000000720500000,0x0000000720500000,0x0000000721a00000)
 ParOldGen       total 344064K, used 0K [0x00000005c9400000, 0x00000005de400000, 0x0000000718700000)
  object space 344064K, 0% used [0x00000005c9400000,0x00000005c9400000,0x00000005de400000)
 Metaspace       used 8091K, capacity 8640K, committed 8832K, reserved 1056768K
  class space    used 849K, capacity 880K, committed 896K, reserved 1048576K
Event: 1.927 GC heap after
Heap after GC invocations=1 (full 0):
 PSYoungGen      total 150528K, used 16157K [0x0000000718700000, 0x000000072ad00000, 0x00000007c0000000)
  eden space 129024K, 0% used [0x0000000718700000,0x0000000718700000,0x0000000720500000)
  from space 21504K, 75% used [0x0000000720500000,0x00000007214c7730,0x0000000721a00000)
  to   space 21504K, 0% used [0x0000000729800000,0x0000000729800000,0x000000072ad00000)
 ParOldGen       total 344064K, used 8K [0x00000005c9400000, 0x00000005de400000, 0x0000000718700000)
  object space 344064K, 0% used [0x00000005c9400000,0x00000005c9402000,0x00000005de400000)
 Metaspace       used 8091K, capacity 8640K, committed 8832K, reserved 1056768K
  class space    used 849K, capacity 880K, committed 896K, reserved 1048576K
}
Event: 2.914 GC heap before
{Heap before GC invocations=2 (full 0):
 PSYoungGen      total 150528K, used 145181K [0x0000000718700000, 0x000000072ad00000, 0x00000007c0000000)
  eden space 129024K, 100% used [0x0000000718700000,0x0000000720500000,0x0000000720500000)
  from space 21504K, 75% used [0x0000000720500000,0x00000007214c7730,0x0000000721a00000)
  to   space 21504K, 0% used [0x0000000729800000,0x0000000729800000,0x000000072ad00000)
 ParOldGen       total 344064K, used 8K [0x00000005c9400000, 0x00000005de400000, 0x0000000718700000)
  object space 344064K, 0% used [0x00000005c9400000,0x00000005c9402000,0x00000005de400000)
 Metaspace       used 8704K, capacity 9120K, committed 9472K, reserved 1058816K
  class space    used 871K, capacity 912K, committed 1024K, reserved 1048576K
Event: 2.965 GC heap after
Heap after GC invocations=2 (full 0):
 PSYoungGen      total 279552K, used 18308K [0x0000000718700000, 0x000000072ad00000, 0x00000007c0000000)
  eden space 258048K, 0% used [0x0000000718700000,0x0000000718700000,0x0000000728300000)
  from space 21504K, 85% used [0x0000000729800000,0x000000072a9e13f8,0x000000072ad00000)
  to   space 21504K, 0% used [0x0000000728300000,0x0000000728300000,0x0000000729800000)
 ParOldGen       total 344064K, used 24K [0x00000005c9400000, 0x00000005de400000, 0x0000000718700000)
  object space 344064K, 0% used [0x00000005c9400000,0x00000005c9406000,0x00000005de400000)
 Metaspace       used 8704K, capacity 9120K, committed 9472K, reserved 1058816K
  class space    used 871K, capacity 912K, committed 1024K, reserved 1048576K
}
Event: 5.435 GC heap before
{Heap before GC invocations=3 (full 0):
 PSYoungGen      total 279552K, used 276356K [0x0000000718700000, 0x000000072ad00000, 0x00000007c0000000)
  eden space 258048K, 100% used [0x0000000718700000,0x0000000728300000,0x0000000728300000)
  from space 21504K, 85% used [0x0000000729800000,0x000000072a9e13f8,0x000000072ad00000)
  to   space 21504K, 0% used [0x0000000728300000,0x0000000728300000,0x0000000729800000)
 ParOldGen       total 344064K, used 24K [0x00000005c9400000, 0x00000005de400000, 0x0000000718700000)
  object space 344064K, 0% used [0x00000005c9400000,0x00000005c9406000,0x00000005de400000)
 Metaspace       used 9206K, capacity 9568K, committed 9728K, reserved 1058816K
  class space    used 885K, capacity 912K, committed 1024K, reserved 1048576K

Deoptimization events (10 events):
Event: 4.890 Thread 0x00007f0bfc00b000 Uncommon trap: reason=bimorphic action=maybe_recompile pc=0x00007f0bedaf1164 method=org.benf.cfr.reader.bytecode.analysis.opgraph.op3rewriters.NarrowingTypeRewriter$LValueAssignmentCollector.rewriteExpression(Lorg/benf/cfr/reader/bytecode/analysis/parse/E
Event: 4.890 Thread 0x00007f0bfc00b000 Uncommon trap: reason=bimorphic action=maybe_recompile pc=0x00007f0bedaf1164 method=org.benf.cfr.reader.bytecode.analysis.opgraph.op3rewriters.NarrowingTypeRewriter$LValueAssignmentCollector.rewriteExpression(Lorg/benf/cfr/reader/bytecode/analysis/parse/E
Event: 5.021 Thread 0x00007f0bfc00b000 Uncommon trap: reason=class_check action=maybe_recompile pc=0x00007f0bed84c8a0 method=org.benf.cfr.reader.bytecode.analysis.types.discovery.InferredJavaType.chain(Lorg/benf/cfr/reader/bytecode/analysis/types/discovery/InferredJavaType;)Lorg/benf/cfr/reade
Event: 5.142 Thread 0x00007f0bfc00b000 Uncommon trap: reason=unstable_if action=reinterpret pc=0x00007f0bed16d518 method=java.util.HashMap.resize()[Ljava/util/HashMap$Node; @ 206
Event: 5.163 Thread 0x00007f0bfc00b000 Uncommon trap: reason=unstable_if action=reinterpret pc=0x00007f0bed94f680 method=org.benf.cfr.reader.bytecode.analysis.opgraph.op3rewriters.ConditionalRewriter$IsForwardIf.test(Lorg/benf/cfr/reader/bytecode/analysis/opgraph/Op03SimpleStatement;)Z @ 55
Event: 5.163 Thread 0x00007f0bfc00b000 Uncommon trap: reason=unstable_if action=reinterpret pc=0x00007f0bed9459bc method=org.benf.cfr.reader.bytecode.analysis.opgraph.op3rewriters.ConditionalRewriter$IsForwardIf.test(Lorg/benf/cfr/reader/bytecode/analysis/opgraph/Op03SimpleStatement;)Z @ 55
Event: 5.378 Thread 0x00007f0bfc00b000 Uncommon trap: reason=class_check action=maybe_recompile pc=0x00007f0bed84c8a0 method=org.benf.cfr.reader.bytecode.analysis.types.discovery.InferredJavaType.chain(Lorg/benf/cfr/reader/bytecode/analysis/types/discovery/InferredJavaType;)Lorg/benf/cfr/reade
Event: 5.382 Thread 0x00007f0bfc00b000 Uncommon trap: reason=unstable_if action=reinterpret pc=0x00007f0bedc5d08c method=org.benf.cfr.reader.bytecode.analysis.opgraph.op4rewriters.transformers.VariableNameTidier$StructuredScopeWithVars.defineHere(Lorg/benf/cfr/reader/bytecode/analysis/structur
Event: 5.431 Thread 0x00007f0bfc00b000 Uncommon trap: reason=bimorphic action=maybe_recompile pc=0x00007f0bedaf1164 method=org.benf.cfr.reader.bytecode.analysis.opgraph.op3rewriters.NarrowingTypeRewriter$LValueAssignmentCollector.rewriteExpression(Lorg/benf/cfr/reader/bytecode/analysis/parse/E
Event: 5.431 Thread 0x00007f0bfc00b000 Uncommon trap: reason=bimorphic action=maybe_recompile pc=0x00007f0bedaf1164 method=org.benf.cfr.reader.bytecode.analysis.opgraph.op3rewriters.NarrowingTypeRewriter$LValueAssignmentCollector.rewriteExpression(Lorg/benf/cfr/reader/bytecode/analysis/parse/E

Classes redefined (0 events):
No events

Internal exceptions (7 events):
Event: 0.039 Thread 0x00007f0bfc00b000 Exception <a 'java/lang/NoSuchMethodError': Method sun.misc.Unsafe.defineClass(Ljava/lang/String;[BII)Ljava/lang/Class; name or signature does not match> (0x0000000718707cb8) thrown at [/home/openjdk/jdk8u/hotspot/src/share/vm/prims/jni.cpp, line 4013]
Event: 0.039 Thread 0x00007f0bfc00b000 Exception <a 'java/lang/NoSuchMethodError': Method sun.misc.Unsafe.prefetchRead(Ljava/lang/Object;J)V name or signature does not match> (0x0000000718707fa0) thrown at [/home/openjdk/jdk8u/hotspot/src/share/vm/prims/jni.cpp, line 4013]
Event: 0.504 Thread 0x00007f0bfc00b000 Implicit null exception at 0x00007f0bed183f7c to 0x00007f0bed18480d
Event: 1.064 Thread 0x00007f0bfc00b000 Implicit null exception at 0x00007f0bed2a32dc to 0x00007f0bed2a3681
Event: 1.111 Thread 0x00007f0bfc00b000 Implicit null exception at 0x00007f0bed32b9dc to 0x00007f0bed32be45
Event: 1.475 Thread 0x00007f0bfc00b000 Implicit null exception at 0x00007f0bed4d1576 to 0x00007f0bed4d18ad
Event: 2.573 Thread 0x00007f0bfc00b000 Implicit null exception at 0x00007f0bed24edb2 to 0x00007f0bed24ee41

Events (10 events):
Event: 5.382 Thread 0x00007f0bfc00b000 DEOPT UNPACKING pc=0x00007f0bed04547a sp=0x00007f0c0454ea18 mode 2
Event: 5.393 loading class org/benf/cfr/reader/bytecode/analysis/parse/expression/ArithmeticMonOperation
Event: 5.393 loading class org/benf/cfr/reader/bytecode/analysis/parse/expression/ArithmeticMonOperation done
Event: 5.431 Thread 0x00007f0bfc00b000 Uncommon trap: trap_request=0xffffffc6 fr.pc=0x00007f0bedaf1164
Event: 5.431 Thread 0x00007f0bfc00b000 DEOPT PACKING pc=0x00007f0bedaf1164 sp=0x00007f0c0454ed30
Event: 5.431 Thread 0x00007f0bfc00b000 DEOPT UNPACKING pc=0x00007f0bed04547a sp=0x00007f0c0454ed08 mode 2
Event: 5.431 Thread 0x00007f0bfc00b000 Uncommon trap: trap_request=0xffffffc6 fr.pc=0x00007f0bedaf1164
Event: 5.431 Thread 0x00007f0bfc00b000 DEOPT PACKING pc=0x00007f0bedaf1164 sp=0x00007f0c0454ed30
Event: 5.431 Thread 0x00007f0bfc00b000 DEOPT UNPACKING pc=0x00007f0bed04547a sp=0x00007f0c0454ed08 mode 2
Event: 5.435 Executing VM operation: ParallelGCFailedAllocation


Dynamic libraries:
00400000-00401000 r-xp 00000000 08:11 3934147                            /media/data/helper_tools/sdkman/candidates/java/8.0.232-open/bin/java
00600000-00601000 r--p 00000000 08:11 3934147                            /media/data/helper_tools/sdkman/candidates/java/8.0.232-open/bin/java
00601000-00602000 rw-p 00001000 08:11 3934147                            /media/data/helper_tools/sdkman/candidates/java/8.0.232-open/bin/java
00604000-00625000 rw-p 00000000 00:00 0                                  [heap]
5c9400000-5de400000 rw-p 00000000 00:00 0 
5de400000-718700000 ---p 00000000 00:00 0 
718700000-72ad00000 rw-p 00000000 00:00 0 
73a900000-7c0000000 ---p 00000000 00:00 0 
7c0000000-7c0100000 rw-p 00000000 00:00 0 
7c0100000-800000000 ---p 00000000 00:00 0 
7f0b88000000-7f0b88021000 rw-p 00000000 00:00 0 
7f0b88021000-7f0b8c000000 ---p 00000000 00:00 0 
7f0b90000000-7f0b91298000 rw-p 00000000 00:00 0 
7f0b91298000-7f0b94000000 ---p 00000000 00:00 0 
7f0b94000000-7f0b94021000 rw-p 00000000 00:00 0 
7f0b94021000-7f0b98000000 ---p 00000000 00:00 0 
7f0b98000000-7f0b998b3000 rw-p 00000000 00:00 0 
7f0b998b3000-7f0b9c000000 ---p 00000000 00:00 0 
7f0b9c000000-7f0b9d7cd000 rw-p 00000000 00:00 0 
7f0b9d7cd000-7f0ba0000000 ---p 00000000 00:00 0 
7f0ba0000000-7f0ba0021000 rw-p 00000000 00:00 0 
7f0ba0021000-7f0ba4000000 ---p 00000000 00:00 0 
7f0ba4000000-7f0ba5987000 rw-p 00000000 00:00 0 
7f0ba5987000-7f0ba8000000 ---p 00000000 00:00 0 
7f0ba8000000-7f0ba8021000 rw-p 00000000 00:00 0 
7f0ba8021000-7f0bac000000 ---p 00000000 00:00 0 
7f0bac000000-7f0bac021000 rw-p 00000000 00:00 0 
7f0bac021000-7f0bb0000000 ---p 00000000 00:00 0 
7f0bb0000000-7f0bb027a000 rw-p 00000000 00:00 0 
7f0bb027a000-7f0bb4000000 ---p 00000000 00:00 0 
7f0bb44a0000-7f0bc4021000 rw-p 00000000 00:00 0 
7f0bc4021000-7f0bc8000000 ---p 00000000 00:00 0 
7f0bc8000000-7f0bc8021000 rw-p 00000000 00:00 0 
7f0bc8021000-7f0bcc000000 ---p 00000000 00:00 0 
7f0bcc000000-7f0bcc021000 rw-p 00000000 00:00 0 
7f0bcc021000-7f0bd0000000 ---p 00000000 00:00 0 
7f0bd36d3000-7f0bd3753000 rw-p 00000000 00:00 0 
7f0bd3753000-7f0bd38d3000 ---p 00000000 00:00 0 
7f0bd38d3000-7f0bd38ea000 r-xp 00000000 08:11 3934102                    /media/data/helper_tools/sdkman/candidates/java/8.0.232-open/jre/lib/amd64/libnet.so
7f0bd38ea000-7f0bd3ae9000 ---p 00017000 08:11 3934102                    /media/data/helper_tools/sdkman/candidates/java/8.0.232-open/jre/lib/amd64/libnet.so
7f0bd3ae9000-7f0bd3aea000 r--p 00016000 08:11 3934102                    /media/data/helper_tools/sdkman/candidates/java/8.0.232-open/jre/lib/amd64/libnet.so
7f0bd3aea000-7f0bd3aeb000 rw-p 00017000 08:11 3934102                    /media/data/helper_tools/sdkman/candidates/java/8.0.232-open/jre/lib/amd64/libnet.so
7f0bd3aeb000-7f0bd3afc000 r-xp 00000000 08:11 3934081                    /media/data/helper_tools/sdkman/candidates/java/8.0.232-open/jre/lib/amd64/libnio.so
7f0bd3afc000-7f0bd3cfb000 ---p 00011000 08:11 3934081                    /media/data/helper_tools/sdkman/candidates/java/8.0.232-open/jre/lib/amd64/libnio.so
7f0bd3cfb000-7f0bd3cfc000 r--p 00010000 08:11 3934081                    /media/data/helper_tools/sdkman/candidates/java/8.0.232-open/jre/lib/amd64/libnio.so
7f0bd3cfc000-7f0bd3cfd000 rw-p 00011000 08:11 3934081                    /media/data/helper_tools/sdkman/candidates/java/8.0.232-open/jre/lib/amd64/libnio.so
7f0bd3cfd000-7f0bd3cfe000 ---p 00000000 00:00 0 
7f0bd3cfe000-7f0bd3dfe000 rw-p 00000000 00:00 0 
7f0bd3dfe000-7f0bd3e01000 ---p 00000000 00:00 0 
7f0bd3e01000-7f0bd3eff000 rw-p 00000000 00:00 0 
7f0bd3eff000-7f0bd3f02000 ---p 00000000 00:00 0 
7f0bd3f02000-7f0bd4021000 rw-p 00000000 00:00 0 
7f0bd4021000-7f0bd8000000 ---p 00000000 00:00 0 
7f0bd8000000-7f0bd8021000 rw-p 00000000 00:00 0 
7f0bd8021000-7f0bdc000000 ---p 00000000 00:00 0 
7f0bdc000000-7f0bdc021000 rw-p 00000000 00:00 0 
7f0bdc021000-7f0be0000000 ---p 00000000 00:00 0 
7f0be0000000-7f0be0021000 rw-p 00000000 00:00 0 
7f0be0021000-7f0be4000000 ---p 00000000 00:00 0 
7f0be4000000-7f0be4021000 rw-p 00000000 00:00 0 
7f0be4021000-7f0be8000000 ---p 00000000 00:00 0 
7f0be808a000-7f0be808d000 ---p 00000000 00:00 0 
7f0be808d000-7f0be818b000 rw-p 00000000 00:00 0 
7f0be818b000-7f0be818e000 ---p 00000000 00:00 0 
7f0be818e000-7f0be828c000 rw-p 00000000 00:00 0 
7f0be828c000-7f0be828f000 ---p 00000000 00:00 0 
7f0be828f000-7f0be838d000 rw-p 00000000 00:00 0 
7f0be838d000-7f0be8390000 ---p 00000000 00:00 0 
7f0be8390000-7f0be848e000 rw-p 00000000 00:00 0 
7f0be848e000-7f0be8766000 r--p 00000000 08:01 261135                     /usr/lib/locale/locale-archive
7f0be8766000-7f0be8769000 ---p 00000000 00:00 0 
7f0be8769000-7f0be8867000 rw-p 00000000 00:00 0 
7f0be8867000-7f0be886a000 ---p 00000000 00:00 0 
7f0be886a000-7f0be8968000 rw-p 00000000 00:00 0 
7f0be8968000-7f0be8969000 ---p 00000000 00:00 0 
7f0be8969000-7f0bea584000 rw-p 00000000 00:00 0 
7f0bea584000-7f0bea754000 r--s 03c5f000 08:11 3934121                    /media/data/helper_tools/sdkman/candidates/java/8.0.232-open/jre/lib/rt.jar
7f0bea754000-7f0bebf80000 rw-p 00000000 00:00 0 
7f0bebf80000-7f0bebf81000 ---p 00000000 00:00 0 
7f0bebf81000-7f0bec081000 rw-p 00000000 00:00 0 
7f0bec081000-7f0bec082000 ---p 00000000 00:00 0 
7f0bec082000-7f0bec182000 rw-p 00000000 00:00 0 
7f0bec182000-7f0bec183000 ---p 00000000 00:00 0 
7f0bec183000-7f0bec283000 rw-p 00000000 00:00 0 
7f0bec283000-7f0bec284000 ---p 00000000 00:00 0 
7f0bec284000-7f0bec384000 rw-p 00000000 00:00 0 
7f0bec384000-7f0bec385000 ---p 00000000 00:00 0 
7f0bec385000-7f0bec485000 rw-p 00000000 00:00 0 
7f0bec485000-7f0bec486000 ---p 00000000 00:00 0 
7f0bec486000-7f0bec62e000 rw-p 00000000 00:00 0 
7f0bec62e000-7f0bed000000 ---p 00000000 00:00 0 
7f0bed000000-7f0bedd20000 rwxp 00000000 00:00 0 
7f0bedd20000-7f0bfc000000 ---p 00000000 00:00 0 
7f0bfc000000-7f0bfc5e3000 rw-p 00000000 00:00 0 
7f0bfc5e3000-7f0c00000000 ---p 00000000 00:00 0 
7f0c0000b000-7f0c000b4000 rw-p 00000000 00:00 0 
7f0c000b4000-7f0c000b5000 ---p 00000000 00:00 0 
7f0c000b5000-7f0c001b5000 rw-p 00000000 00:00 0 
7f0c001b5000-7f0c001b6000 ---p 00000000 00:00 0 
7f0c001b6000-7f0c0035e000 rw-p 00000000 00:00 0 
7f0c0035e000-7f0c00d2f000 ---p 00000000 00:00 0 
7f0c00d2f000-7f0c00dc3000 rw-p 00000000 00:00 0 
7f0c00dc3000-7f0c0126c000 ---p 00000000 00:00 0 
7f0c0126c000-7f0c012a2000 rw-p 00000000 00:00 0 
7f0c012a2000-7f0c0162d000 ---p 00000000 00:00 0 
7f0c0162d000-7f0c01648000 r-xp 00000000 08:11 3934063                    /media/data/helper_tools/sdkman/candidates/java/8.0.232-open/jre/lib/amd64/libzip.so
7f0c01648000-7f0c01847000 ---p 0001b000 08:11 3934063                    /media/data/helper_tools/sdkman/candidates/java/8.0.232-open/jre/lib/amd64/libzip.so
7f0c01847000-7f0c01848000 r--p 0001a000 08:11 3934063                    /media/data/helper_tools/sdkman/candidates/java/8.0.232-open/jre/lib/amd64/libzip.so
7f0c01848000-7f0c01849000 rw-p 0001b000 08:11 3934063                    /media/data/helper_tools/sdkman/candidates/java/8.0.232-open/jre/lib/amd64/libzip.so
7f0c01849000-7f0c01854000 r-xp 00000000 08:01 406780                     /lib/x86_64-linux-gnu/libnss_files-2.23.so
7f0c01854000-7f0c01a53000 ---p 0000b000 08:01 406780                     /lib/x86_64-linux-gnu/libnss_files-2.23.so
7f0c01a53000-7f0c01a54000 r--p 0000a000 08:01 406780                     /lib/x86_64-linux-gnu/libnss_files-2.23.so
7f0c01a54000-7f0c01a55000 rw-p 0000b000 08:01 406780                     /lib/x86_64-linux-gnu/libnss_files-2.23.so
7f0c01a55000-7f0c01a5b000 rw-p 00000000 00:00 0 
7f0c01a5b000-7f0c01a66000 r-xp 00000000 08:01 406771                     /lib/x86_64-linux-gnu/libnss_nis-2.23.so
7f0c01a66000-7f0c01c65000 ---p 0000b000 08:01 406771                     /lib/x86_64-linux-gnu/libnss_nis-2.23.so
7f0c01c65000-7f0c01c66000 r--p 0000a000 08:01 406771                     /lib/x86_64-linux-gnu/libnss_nis-2.23.so
7f0c01c66000-7f0c01c67000 rw-p 0000b000 08:01 406771                     /lib/x86_64-linux-gnu/libnss_nis-2.23.so
7f0c01c67000-7f0c01c7d000 r-xp 00000000 08:01 406777                     /lib/x86_64-linux-gnu/libnsl-2.23.so
7f0c01c7d000-7f0c01e7c000 ---p 00016000 08:01 406777                     /lib/x86_64-linux-gnu/libnsl-2.23.so
7f0c01e7c000-7f0c01e7d000 r--p 00015000 08:01 406777                     /lib/x86_64-linux-gnu/libnsl-2.23.so
7f0c01e7d000-7f0c01e7e000 rw-p 00016000 08:01 406777                     /lib/x86_64-linux-gnu/libnsl-2.23.so
7f0c01e7e000-7f0c01e80000 rw-p 00000000 00:00 0 
7f0c01e80000-7f0c01e88000 r-xp 00000000 08:01 406787                     /lib/x86_64-linux-gnu/libnss_compat-2.23.so
7f0c01e88000-7f0c02087000 ---p 00008000 08:01 406787                     /lib/x86_64-linux-gnu/libnss_compat-2.23.so
7f0c02087000-7f0c02088000 r--p 00007000 08:01 406787                     /lib/x86_64-linux-gnu/libnss_compat-2.23.so
7f0c02088000-7f0c02089000 rw-p 00008000 08:01 406787                     /lib/x86_64-linux-gnu/libnss_compat-2.23.so
7f0c02089000-7f0c020b1000 r-xp 00000000 08:11 3934067                    /media/data/helper_tools/sdkman/candidates/java/8.0.232-open/jre/lib/amd64/libjava.so
7f0c020b1000-7f0c022b0000 ---p 00028000 08:11 3934067                    /media/data/helper_tools/sdkman/candidates/java/8.0.232-open/jre/lib/amd64/libjava.so
7f0c022b0000-7f0c022b1000 r--p 00027000 08:11 3934067                    /media/data/helper_tools/sdkman/candidates/java/8.0.232-open/jre/lib/amd64/libjava.so
7f0c022b1000-7f0c022b3000 rw-p 00028000 08:11 3934067                    /media/data/helper_tools/sdkman/candidates/java/8.0.232-open/jre/lib/amd64/libjava.so
7f0c022b3000-7f0c022c1000 r-xp 00000000 08:11 3934080                    /media/data/helper_tools/sdkman/candidates/java/8.0.232-open/jre/lib/amd64/libverify.so
7f0c022c1000-7f0c024c0000 ---p 0000e000 08:11 3934080                    /media/data/helper_tools/sdkman/candidates/java/8.0.232-open/jre/lib/amd64/libverify.so
7f0c024c0000-7f0c024c2000 r--p 0000d000 08:11 3934080                    /media/data/helper_tools/sdkman/candidates/java/8.0.232-open/jre/lib/amd64/libverify.so
7f0c024c2000-7f0c024c3000 rw-p 0000f000 08:11 3934080                    /media/data/helper_tools/sdkman/candidates/java/8.0.232-open/jre/lib/amd64/libverify.so
7f0c024c3000-7f0c024ca000 r-xp 00000000 08:01 406757                     /lib/x86_64-linux-gnu/librt-2.23.so
7f0c024ca000-7f0c026c9000 ---p 00007000 08:01 406757                     /lib/x86_64-linux-gnu/librt-2.23.so
7f0c026c9000-7f0c026ca000 r--p 00006000 08:01 406757                     /lib/x86_64-linux-gnu/librt-2.23.so
7f0c026ca000-7f0c026cb000 rw-p 00007000 08:01 406757                     /lib/x86_64-linux-gnu/librt-2.23.so
7f0c026cb000-7f0c027d3000 r-xp 00000000 08:01 406791                     /lib/x86_64-linux-gnu/libm-2.23.so
7f0c027d3000-7f0c029d2000 ---p 00108000 08:01 406791                     /lib/x86_64-linux-gnu/libm-2.23.so
7f0c029d2000-7f0c029d3000 r--p 00107000 08:01 406791                     /lib/x86_64-linux-gnu/libm-2.23.so
7f0c029d3000-7f0c029d4000 rw-p 00108000 08:01 406791                     /lib/x86_64-linux-gnu/libm-2.23.so
7f0c029d4000-7f0c0362c000 r-xp 00000000 08:11 3934071                    /media/data/helper_tools/sdkman/candidates/java/8.0.232-open/jre/lib/amd64/server/libjvm.so
7f0c0362c000-7f0c0382c000 ---p 00c58000 08:11 3934071                    /media/data/helper_tools/sdkman/candidates/java/8.0.232-open/jre/lib/amd64/server/libjvm.so
7f0c0382c000-7f0c038d4000 r--p 00c58000 08:11 3934071                    /media/data/helper_tools/sdkman/candidates/java/8.0.232-open/jre/lib/amd64/server/libjvm.so
7f0c038d4000-7f0c038fc000 rw-p 00d00000 08:11 3934071                    /media/data/helper_tools/sdkman/candidates/java/8.0.232-open/jre/lib/amd64/server/libjvm.so
7f0c038fc000-7f0c0393f000 rw-p 00000000 00:00 0 
7f0c0393f000-7f0c03aff000 r-xp 00000000 08:01 406785                     /lib/x86_64-linux-gnu/libc-2.23.so
7f0c03aff000-7f0c03cff000 ---p 001c0000 08:01 406785                     /lib/x86_64-linux-gnu/libc-2.23.so
7f0c03cff000-7f0c03d03000 r--p 001c0000 08:01 406785                     /lib/x86_64-linux-gnu/libc-2.23.so
7f0c03d03000-7f0c03d05000 rw-p 001c4000 08:01 406785                     /lib/x86_64-linux-gnu/libc-2.23.so
7f0c03d05000-7f0c03d09000 rw-p 00000000 00:00 0 
7f0c03d09000-7f0c03d0c000 r-xp 00000000 08:01 406762                     /lib/x86_64-linux-gnu/libdl-2.23.so
7f0c03d0c000-7f0c03f0b000 ---p 00003000 08:01 406762                     /lib/x86_64-linux-gnu/libdl-2.23.so
7f0c03f0b000-7f0c03f0c000 r--p 00002000 08:01 406762                     /lib/x86_64-linux-gnu/libdl-2.23.so
7f0c03f0c000-7f0c03f0d000 rw-p 00003000 08:01 406762                     /lib/x86_64-linux-gnu/libdl-2.23.so
7f0c03f0d000-7f0c03f23000 r-xp 00000000 08:11 3933450                    /media/data/helper_tools/sdkman/candidates/java/8.0.232-open/lib/amd64/jli/libjli.so
7f0c03f23000-7f0c04122000 ---p 00016000 08:11 3933450                    /media/data/helper_tools/sdkman/candidates/java/8.0.232-open/lib/amd64/jli/libjli.so
7f0c04122000-7f0c04123000 r--p 00015000 08:11 3933450                    /media/data/helper_tools/sdkman/candidates/java/8.0.232-open/lib/amd64/jli/libjli.so
7f0c04123000-7f0c04124000 rw-p 00016000 08:11 3933450                    /media/data/helper_tools/sdkman/candidates/java/8.0.232-open/lib/amd64/jli/libjli.so
7f0c04124000-7f0c0413c000 r-xp 00000000 08:01 406768                     /lib/x86_64-linux-gnu/libpthread-2.23.so
7f0c0413c000-7f0c0433b000 ---p 00018000 08:01 406768                     /lib/x86_64-linux-gnu/libpthread-2.23.so
7f0c0433b000-7f0c0433c000 r--p 00017000 08:01 406768                     /lib/x86_64-linux-gnu/libpthread-2.23.so
7f0c0433c000-7f0c0433d000 rw-p 00018000 08:01 406768                     /lib/x86_64-linux-gnu/libpthread-2.23.so
7f0c0433d000-7f0c04341000 rw-p 00000000 00:00 0 
7f0c04341000-7f0c04367000 r-xp 00000000 08:01 406765                     /lib/x86_64-linux-gnu/ld-2.23.so
7f0c04394000-7f0c043b2000 r--s 0015f000 08:11 8002625                    /media/data/muse2/tools/qark/venv/lib/python3.5/site-packages/qark/lib/decompilers/cfr_0_124.jar
7f0c043b2000-7f0c04450000 rw-p 00000000 00:00 0 
7f0c04450000-7f0c04453000 ---p 00000000 00:00 0 
7f0c04453000-7f0c04556000 rw-p 00000000 00:00 0 
7f0c0455c000-7f0c04564000 rw-s 00000000 08:01 335                        /tmp/hsperfdata_nacoop/2009
7f0c04564000-7f0c04565000 rw-p 00000000 00:00 0 
7f0c04565000-7f0c04566000 ---p 00000000 00:00 0 
7f0c04566000-7f0c04567000 r--p 00025000 08:01 406765                     /lib/x86_64-linux-gnu/ld-2.23.so
7f0c04567000-7f0c04568000 rw-p 00026000 08:01 406765                     /lib/x86_64-linux-gnu/ld-2.23.so
7f0c04568000-7f0c04569000 rw-p 00000000 00:00 0 
7ffd71d76000-7ffd71d97000 rw-p 00000000 00:00 0                          [stack]
7ffd71de1000-7ffd71de3000 r--p 00000000 00:00 0                          [vvar]
7ffd71de3000-7ffd71de5000 r-xp 00000000 00:00 0                          [vdso]
ffffffffff600000-ffffffffff601000 r-xp 00000000 00:00 0                  [vsyscall]

VM Arguments:
java_command: /media/data/muse2/tools/qark/venv/lib/python3.5/site-packages/qark/decompiler/../lib/decompilers/cfr_0_124.jar /media/data/muse2/tools/qark/build/qark/sip-mutant3.jar --outputdir /media/data/muse2/tools/qark/build/qark/cfr
java_class_path (initial): /media/data/muse2/tools/qark/venv/lib/python3.5/site-packages/qark/decompiler/../lib/decompilers/cfr_0_124.jar
Launcher Type: SUN_STANDARD

Environment Variables:
JAVA_HOME=/media/data/helper_tools/sdkman/candidates/java/current
PATH=/media/data/muse2/tools/qark/venv/bin:/home/nacoop/bin:/home/nacoop/.local/bin:/media/data/Android/Sdk:/media/data/Android/Sdk:/media/data/Android/Sdk:/media/data/muse2/tools/coverity/cov-analysis-linux64-2020.03/bin:/media/data/muse2/tools/coverity/cov-platform/bin:/media/data/anaconda/condabin:/media/data/helper_tools/sdkman/candidates/java/current/bin:/usr/local/sbin:/usr/local/bin:/usr/sbin:/usr/bin:/sbin:/bin:/usr/games:/snap/bin
SHELL=/bin/bash

Signal Handlers:
SIGSEGV: [libjvm.so+0xa4ef90], sa_mask[0]=11111111011111111101111111111110, sa_flags=SA_RESTART|SA_SIGINFO
SIGBUS: [libjvm.so+0xa4ef90], sa_mask[0]=11111111011111111101111111111110, sa_flags=SA_RESTART|SA_SIGINFO
SIGFPE: [libjvm.so+0x8b7a50], sa_mask[0]=11111111011111111101111111111110, sa_flags=SA_RESTART|SA_SIGINFO
SIGPIPE: [libjvm.so+0x8b7a50], sa_mask[0]=11111111011111111101111111111110, sa_flags=SA_RESTART|SA_SIGINFO
SIGXFSZ: [libjvm.so+0x8b7a50], sa_mask[0]=11111111011111111101111111111110, sa_flags=SA_RESTART|SA_SIGINFO
SIGILL: [libjvm.so+0x8b7a50], sa_mask[0]=11111111011111111101111111111110, sa_flags=SA_RESTART|SA_SIGINFO
SIGUSR1: SIG_DFL, sa_mask[0]=00000000000000000000000000000000, sa_flags=none
SIGUSR2: [libjvm.so+0x8b9200], sa_mask[0]=00000000000000000000000000000000, sa_flags=SA_RESTART|SA_SIGINFO
SIGHUP: [libjvm.so+0x8bac30], sa_mask[0]=11111111011111111101111111111110, sa_flags=SA_RESTART|SA_SIGINFO
SIGINT: [libjvm.so+0x8bac30], sa_mask[0]=11111111011111111101111111111110, sa_flags=SA_RESTART|SA_SIGINFO
SIGTERM: [libjvm.so+0x8bac30], sa_mask[0]=11111111011111111101111111111110, sa_flags=SA_RESTART|SA_SIGINFO
SIGQUIT: [libjvm.so+0x8bac30], sa_mask[0]=11111111011111111101111111111110, sa_flags=SA_RESTART|SA_SIGINFO


---------------  S Y S T E M  ---------------

OS:DISTRIB_ID=Ubuntu
DISTRIB_RELEASE=16.04
DISTRIB_CODENAME=xenial
DISTRIB_DESCRIPTION="Ubuntu 16.04.6 LTS"

uname:Linux 4.4.0-174-generic #204-Ubuntu SMP Wed Jan 29 06:41:01 UTC 2020 x86_64
libc:glibc 2.23 NPTL 2.23 
rlimit: STACK 8192k, CORE 0k, NPROC 128527, NOFILE 4096, AS infinity
load average:3.33 2.14 2.00

/proc/meminfo:
MemTotal:       32946664 kB
MemFree:         1906620 kB
MemAvailable:   22881564 kB
Buffers:         1277724 kB
Cached:         20214552 kB
SwapCached:          336 kB
Active:         16464808 kB
Inactive:       11932048 kB
Active(anon):    6766256 kB
Inactive(anon):  2653848 kB
Active(file):    9698552 kB
Inactive(file):  9278200 kB
Unevictable:        3652 kB
Mlocked:            3652 kB
SwapTotal:        998396 kB
SwapFree:         861424 kB
Dirty:             13100 kB
Writeback:             0 kB
AnonPages:       6907880 kB
Mapped:          2590096 kB
Shmem:           2513104 kB
Slab:            2489676 kB
SReclaimable:    2401088 kB
SUnreclaim:        88588 kB
KernelStack:       11952 kB
PageTables:        46740 kB
NFS_Unstable:          0 kB
Bounce:                0 kB
WritebackTmp:          0 kB
CommitLimit:    17471728 kB
Committed_AS:   17256364 kB
VmallocTotal:   34359738367 kB
VmallocUsed:           0 kB
VmallocChunk:          0 kB
HardwareCorrupted:     0 kB
AnonHugePages:         0 kB
CmaTotal:              0 kB
CmaFree:               0 kB
HugePages_Total:       0
HugePages_Free:        0
HugePages_Rsvd:        0
HugePages_Surp:        0
Hugepagesize:       2048 kB
DirectMap4k:      257916 kB
DirectMap2M:    33296384 kB

container (cgroup) information:
container_type: cgroupv1
cpu_cpuset_cpus: 0-7
cpu_memory_nodes: 0
active_processor_count: 8
cpu_quota: -1
cpu_period: 100000
cpu_shares: -1
memory_limit_in_bytes: -1
memory_and_swap_limit_in_bytes: -2
memory_soft_limit_in_bytes: -1
memory_usage_in_bytes: 27047313408
memory_max_usage_in_bytes: 28774748160


CPU:total 8 (initial active 8) (1 cores per cpu, 1 threads per core) family 6 model 60 stepping 1, cmov, cx8, fxsr, mmx, sse, sse2, sse3, ssse3, sse4.1, sse4.2, popcnt, avx, avx2, aes, clmul, erms, lzcnt, tsc, bmi1, bmi2

/proc/cpuinfo:
processor	: 0
vendor_id	: GenuineIntel
cpu family	: 6
model		: 60
model name	: Intel Core Processor (Haswell, no TSX, IBRS)
stepping	: 1
microcode	: 0x1
cpu MHz		: 2399.976
cache size	: 4096 KB
physical id	: 0
siblings	: 1
core id		: 0
cpu cores	: 1
apicid		: 0
initial apicid	: 0
fpu		: yes
fpu_exception	: yes
cpuid level	: 13
wp		: yes
flags		: fpu vme de pse tsc msr pae mce cx8 apic sep mtrr pge mca cmov pat pse36 clflush mmx fxsr sse sse2 syscall nx rdtscp lm constant_tsc rep_good nopl tsc_known_freq pni pclmulqdq ssse3 fma cx16 pcid sse4_1 sse4_2 x2apic movbe popcnt tsc_deadline_timer aes xsave avx f16c rdrand hypervisor lahf_lm abm invpcid_single ibrs ibpb kaiser fsgsbase bmi1 avx2 smep bmi2 erms invpcid xsaveopt arat
bugs		: cpu_meltdown spectre_v1 spectre_v2 spec_store_bypass l1tf mds swapgs itlb_multihit
bogomips	: 4799.95
clflush size	: 64
cache_alignment	: 64
address sizes	: 40 bits physical, 48 bits virtual
power management:

processor	: 1
vendor_id	: GenuineIntel
cpu family	: 6
model		: 60
model name	: Intel Core Processor (Haswell, no TSX, IBRS)
stepping	: 1
microcode	: 0x1
cpu MHz		: 2399.976
cache size	: 4096 KB
physical id	: 1
siblings	: 1
core id		: 0
cpu cores	: 1
apicid		: 1
initial apicid	: 1
fpu		: yes
fpu_exception	: yes
cpuid level	: 13
wp		: yes
flags		: fpu vme de pse tsc msr pae mce cx8 apic sep mtrr pge mca cmov pat pse36 clflush mmx fxsr sse sse2 syscall nx rdtscp lm constant_tsc rep_good nopl tsc_known_freq pni pclmulqdq ssse3 fma cx16 pcid sse4_1 sse4_2 x2apic movbe popcnt tsc_deadline_timer aes xsave avx f16c rdrand hypervisor lahf_lm abm invpcid_single ibrs ibpb kaiser fsgsbase bmi1 avx2 smep bmi2 erms invpcid xsaveopt arat
bugs		: cpu_meltdown spectre_v1 spectre_v2 spec_store_bypass l1tf mds swapgs itlb_multihit
bogomips	: 4799.95
clflush size	: 64
cache_alignment	: 64
address sizes	: 40 bits physical, 48 bits virtual
power management:

processor	: 2
vendor_id	: GenuineIntel
cpu family	: 6
model		: 60
model name	: Intel Core Processor (Haswell, no TSX, IBRS)
stepping	: 1
microcode	: 0x1
cpu MHz		: 2399.976
cache size	: 4096 KB
physical id	: 2
siblings	: 1
core id		: 0
cpu cores	: 1
apicid		: 2
initial apicid	: 2
fpu		: yes
fpu_exception	: yes
cpuid level	: 13
wp		: yes
flags		: fpu vme de pse tsc msr pae mce cx8 apic sep mtrr pge mca cmov pat pse36 clflush mmx fxsr sse sse2 syscall nx rdtscp lm constant_tsc rep_good nopl tsc_known_freq pni pclmulqdq ssse3 fma cx16 pcid sse4_1 sse4_2 x2apic movbe popcnt tsc_deadline_timer aes xsave avx f16c rdrand hypervisor lahf_lm abm invpcid_single ibrs ibpb kaiser fsgsbase bmi1 avx2 smep bmi2 erms invpcid xsaveopt arat
bugs		: cpu_meltdown spectre_v1 spectre_v2 spec_store_bypass l1tf mds swapgs itlb_multihit
bogomips	: 4799.95
clflush size	: 64
cache_alignment	: 64
address sizes	: 40 bits physical, 48 bits virtual
power management:

processor	: 3
vendor_id	: GenuineIntel
cpu family	: 6
model		: 60
model name	: Intel Core Processor (Haswell, no TSX, IBRS)
stepping	: 1
microcode	: 0x1
cpu MHz		: 2399.976
cache size	: 4096 KB
physical id	: 3
siblings	: 1
core id		: 0
cpu cores	: 1
apicid		: 3
initial apicid	: 3
fpu		: yes
fpu_exception	: yes
cpuid level	: 13
wp		: yes
flags		: fpu vme de pse tsc msr pae mce cx8 apic sep mtrr pge mca cmov pat pse36 clflush mmx fxsr sse sse2 syscall nx rdtscp lm constant_tsc rep_good nopl tsc_known_freq pni pclmulqdq ssse3 fma cx16 pcid sse4_1 sse4_2 x2apic movbe popcnt tsc_deadline_timer aes xsave avx f16c rdrand hypervisor lahf_lm abm invpcid_single ibrs ibpb kaiser fsgsbase bmi1 avx2 smep bmi2 erms invpcid xsaveopt arat
bugs		: cpu_meltdown spectre_v1 spectre_v2 spec_store_bypass l1tf mds swapgs itlb_multihit
bogomips	: 4799.95
clflush size	: 64
cache_alignment	: 64
address sizes	: 40 bits physical, 48 bits virtual
power management:

processor	: 4
vendor_id	: GenuineIntel
cpu family	: 6
model		: 60
model name	: Intel Core Processor (Haswell, no TSX, IBRS)
stepping	: 1
microcode	: 0x1
cpu MHz		: 2399.976
cache size	: 4096 KB
physical id	: 4
siblings	: 1
core id		: 0
cpu cores	: 1
apicid		: 4
initial apicid	: 4
fpu		: yes
fpu_exception	: yes
cpuid level	: 13
wp		: yes
flags		: fpu vme de pse tsc msr pae mce cx8 apic sep mtrr pge mca cmov pat pse36 clflush mmx fxsr sse sse2 syscall nx rdtscp lm constant_tsc rep_good nopl tsc_known_freq pni pclmulqdq ssse3 fma cx16 pcid sse4_1 sse4_2 x2apic movbe popcnt tsc_deadline_timer aes xsave avx f16c rdrand hypervisor lahf_lm abm invpcid_single ibrs ibpb kaiser fsgsbase bmi1 avx2 smep bmi2 erms invpcid xsaveopt arat
bugs		: cpu_meltdown spectre_v1 spectre_v2 spec_store_bypass l1tf mds swapgs itlb_multihit
bogomips	: 4799.95
clflush size	: 64
cache_alignment	: 64
address sizes	: 40 bits physical, 48 bits virtual
power management:

processor	: 5
vendor_id	: GenuineIntel
cpu family	: 6
model		: 60
model name	: Intel Core Processor (Haswell, no TSX, IBRS)
stepping	: 1
microcode	: 0x1
cpu MHz		: 2399.976
cache size	: 4096 KB
physical id	: 5
siblings	: 1
core id		: 0
cpu cores	: 1
apicid		: 5
initial apicid	: 5
fpu		: yes
fpu_exception	: yes
cpuid level	: 13
wp		: yes
flags		: fpu vme de pse tsc msr pae mce cx8 apic sep mtrr pge mca cmov pat pse36 clflush mmx fxsr sse sse2 syscall nx rdtscp lm constant_tsc rep_good nopl tsc_known_freq pni pclmulqdq ssse3 fma cx16 pcid sse4_1 sse4_2 x2apic movbe popcnt tsc_deadline_timer aes xsave avx f16c rdrand hypervisor lahf_lm abm invpcid_single ibrs ibpb kaiser fsgsbase bmi1 avx2 smep bmi2 erms invpcid xsaveopt arat
bugs		: cpu_meltdown spectre_v1 spectre_v2 spec_store_bypass l1tf mds swapgs itlb_multihit
bogomips	: 4799.95
clflush size	: 64
cache_alignment	: 64
address sizes	: 40 bits physical, 48 bits virtual
power management:

processor	: 6
vendor_id	: GenuineIntel
cpu family	: 6
model		: 60
model name	: Intel Core Processor (Haswell, no TSX, IBRS)
stepping	: 1
microcode	: 0x1
cpu MHz		: 2399.976
cache size	: 4096 KB
physical id	: 6
siblings	: 1
core id		: 0
cpu cores	: 1
apicid		: 6
initial apicid	: 6
fpu		: yes
fpu_exception	: yes
cpuid level	: 13
wp		: yes
flags		: fpu vme de pse tsc msr pae mce cx8 apic sep mtrr pge mca cmov pat pse36 clflush mmx fxsr sse sse2 syscall nx rdtscp lm constant_tsc rep_good nopl tsc_known_freq pni pclmulqdq ssse3 fma cx16 pcid sse4_1 sse4_2 x2apic movbe popcnt tsc_deadline_timer aes xsave avx f16c rdrand hypervisor lahf_lm abm invpcid_single ibrs ibpb kaiser fsgsbase bmi1 avx2 smep bmi2 erms invpcid xsaveopt arat
bugs		: cpu_meltdown spectre_v1 spectre_v2 spec_store_bypass l1tf mds swapgs itlb_multihit
bogomips	: 4799.95
clflush size	: 64
cache_alignment	: 64
address sizes	: 40 bits physical, 48 bits virtual
power management:

processor	: 7
vendor_id	: GenuineIntel
cpu family	: 6
model		: 60
model name	: Intel Core Processor (Haswell, no TSX, IBRS)
stepping	: 1
microcode	: 0x1
cpu MHz		: 2399.976
cache size	: 4096 KB
physical id	: 7
siblings	: 1
core id		: 0
cpu cores	: 1
apicid		: 7
initial apicid	: 7
fpu		: yes
fpu_exception	: yes
cpuid level	: 13
wp		: yes
flags		: fpu vme de pse tsc msr pae mce cx8 apic sep mtrr pge mca cmov pat pse36 clflush mmx fxsr sse sse2 syscall nx rdtscp lm constant_tsc rep_good nopl tsc_known_freq pni pclmulqdq ssse3 fma cx16 pcid sse4_1 sse4_2 x2apic movbe popcnt tsc_deadline_timer aes xsave avx f16c rdrand hypervisor lahf_lm abm invpcid_single ibrs ibpb kaiser fsgsbase bmi1 avx2 smep bmi2 erms invpcid xsaveopt arat
bugs		: cpu_meltdown spectre_v1 spectre_v2 spec_store_bypass l1tf mds swapgs itlb_multihit
bogomips	: 4799.95
clflush size	: 64
cache_alignment	: 64
address sizes	: 40 bits physical, 48 bits virtual
power management:



Memory: 4k page, physical 32946664k(1906620k free), swap 998396k(861424k free)

vm_info: OpenJDK 64-Bit Server VM (25.232-b09) for linux-amd64 JRE (1.8.0_232-b09), built on Oct 10 2019 05:03:18 by "openjdk" with gcc 4.4.7 20120313 (Red Hat 4.4.7-23)

time: Mon Jun  8 18:56:00 2020
timezone: EDT
elapsed time: 5 seconds (0d 0h 0m 5s)

