#
# There is insufficient memory for the Java Runtime Environment to continue.
# Native memory allocation (mmap) failed to map 264241152 bytes for committing reserved memory.
# Possible reasons:
#   The system is out of physical RAM or swap space
#   The process is running with CompressedOops enabled, and the Java Heap may be blocking the growth of the native heap
# Possible solutions:
#   Reduce memory load on the system
#   Increase physical memory or swap space
#   Check if swap backing store is full
#   Decrease Java heap size (-Xmx/-Xms)
#   Decrease number of Java threads
#   Decrease Java thread stack sizes (-Xss)
#   Set larger code cache with -XX:ReservedCodeCacheSize=
#   JVM is running with Zero Based Compressed Oops mode in which the Java heap is
#     placed in the first 32GB address space. The Java Heap base address is the
#     maximum limit for the native heap growth. Please use -XX:HeapBaseMinAddress
#     to set the Java Heap base and to place the Java Heap above 32GB virtual address.
# This output file may be truncated or incomplete.
#
#  Out of Memory Error (os_linux.cpp:2754), pid=2297, tid=0x00007f5e12aea700
#
# JRE version: OpenJDK Runtime Environment (8.0_232-b09) (build 1.8.0_232-b09)
# Java VM: OpenJDK 64-Bit Server VM (25.232-b09 mixed mode linux-amd64 compressed oops)
# Failed to write core dump. Core dumps have been disabled. To enable core dumping, try "ulimit -c unlimited" before starting Java again
#

---------------  T H R E A D  ---------------

Current thread (0x00007f5e3c1c7800):  VMThread [stack: 0x00007f5e129ea000,0x00007f5e12aeb000] [id=2330]

Stack: [0x00007f5e129ea000,0x00007f5e12aeb000],  sp=0x00007f5e12ae9290,  free space=1020k
Native frames: (J=compiled Java code, j=interpreted, Vv=VM code, C=native code)
V  [libjvm.so+0xa4e56d]  VMError::report_and_die()+0x15d
V  [libjvm.so+0x4e2ec9]  report_vm_out_of_memory(char const*, int, unsigned long, VMErrorType, char const*)+0x99
V  [libjvm.so+0x8be243]  os::Linux::commit_memory_impl(char*, unsigned long, bool)+0x113
V  [libjvm.so+0x8be469]  os::pd_commit_memory(char*, unsigned long, unsigned long, bool)+0x29
V  [libjvm.so+0x8b306a]  os::commit_memory(char*, unsigned long, unsigned long, bool)+0x2a
V  [libjvm.so+0x92334b]  PSVirtualSpace::expand_by(unsigned long)+0x6b
V  [libjvm.so+0x924608]  PSYoungGen::resize_generation(unsigned long, unsigned long)+0xb8
V  [libjvm.so+0x923742]  PSYoungGen::resize(unsigned long, unsigned long)+0x22
V  [libjvm.so+0x920d1e]  PSScavenge::invoke_no_policy()+0x102e
V  [libjvm.so+0x9214d3]  PSScavenge::invoke()+0x43
V  [libjvm.so+0x8dbe4d]  ParallelScavengeHeap::failed_mem_allocate(unsigned long)+0x6d
V  [libjvm.so+0xa4ffe7]  VM_ParallelGCFailedAllocation::doit()+0x97
V  [libjvm.so+0xa56982]  VM_Operation::evaluate()+0x52
V  [libjvm.so+0xa54ce9]  VMThread::evaluate_operation(VM_Operation*)+0xa9
V  [libjvm.so+0xa5531b]  VMThread::loop()+0x1fb
V  [libjvm.so+0xa55783]  VMThread::run()+0x83
V  [libjvm.so+0x8be5d2]  java_start(Thread*)+0x132

VM_Operation (0x00007f5e42644330): ParallelGCFailedAllocation, mode: safepoint, requested by thread 0x00007f5e3c00b000


---------------  P R O C E S S  ---------------

Java Threads: ( => current thread )
  0x00007f5e3c21a800 JavaThread "Service Thread" daemon [_thread_blocked, id=2355, stack(0x00007f5e11f0a000,0x00007f5e1200b000)]
  0x00007f5e3c20f800 JavaThread "C1 CompilerThread3" daemon [_thread_blocked, id=2354, stack(0x00007f5e1200b000,0x00007f5e1210c000)]
  0x00007f5e3c20d800 JavaThread "C2 CompilerThread2" daemon [_thread_in_native, id=2346, stack(0x00007f5e1210c000,0x00007f5e1220d000)]
  0x00007f5e3c20b800 JavaThread "C2 CompilerThread1" daemon [_thread_in_native, id=2345, stack(0x00007f5e1220d000,0x00007f5e1230e000)]
  0x00007f5e3c208800 JavaThread "C2 CompilerThread0" daemon [_thread_blocked, id=2344, stack(0x00007f5e1230e000,0x00007f5e1240f000)]
  0x00007f5e3c207000 JavaThread "Signal Dispatcher" daemon [_thread_blocked, id=2343, stack(0x00007f5e1240f000,0x00007f5e12510000)]
  0x00007f5e3c1d4000 JavaThread "Finalizer" daemon [_thread_blocked, id=2334, stack(0x00007f5e127e8000,0x00007f5e128e9000)]
  0x00007f5e3c1d1800 JavaThread "Reference Handler" daemon [_thread_blocked, id=2332, stack(0x00007f5e128e9000,0x00007f5e129ea000)]
  0x00007f5e3c00b000 JavaThread "main" [_thread_blocked, id=2299, stack(0x00007f5e42547000,0x00007f5e42648000)]

Other Threads:
=>0x00007f5e3c1c7800 VMThread [stack: 0x00007f5e129ea000,0x00007f5e12aeb000] [id=2330]
  0x00007f5e3c21d000 WatcherThread [stack: 0x00007f5e11e09000,0x00007f5e11f0a000] [id=2356]

VM state:at safepoint (normal execution)

VM Mutex/Monitor currently owned by a thread:  ([mutex/lock_event])
[0x00007f5e3c007250] Threads_lock - owner thread: 0x00007f5e3c1c7800
[0x00007f5e3c007750] Heap_lock - owner thread: 0x00007f5e3c00b000

heap address: 0x00000005c9400000, size: 8044 MB, Compressed Oops mode: Zero based, Oop shift amount: 3
Narrow klass base: 0x0000000000000000, Narrow klass shift: 3
Compressed class space size: 1073741824 Address: 0x00000007c0000000

Heap:
 PSYoungGen      total 279552K, used 21501K [0x0000000718700000, 0x000000072ad00000, 0x00000007c0000000)
  eden space 258048K, 0% used [0x0000000718700000,0x0000000718700000,0x0000000728300000)
  from space 21504K, 99% used [0x0000000728300000,0x00000007297ff5c0,0x0000000729800000)
  to   space 21504K, 0% used [0x0000000729800000,0x0000000729800000,0x000000072ad00000)
 ParOldGen       total 344064K, used 7015K [0x00000005c9400000, 0x00000005de400000, 0x0000000718700000)
  object space 344064K, 2% used [0x00000005c9400000,0x00000005c9ad9ea0,0x00000005de400000)
 Metaspace       used 9195K, capacity 9568K, committed 9728K, reserved 1058816K
  class space    used 885K, capacity 912K, committed 1024K, reserved 1048576K

Card table byte_map: [0x00007f5e2b22d000,0x00007f5e2c1e4000] byte_map_base: 0x00007f5e283e3000

Marking Bits: (ParMarkBitMap*) 0x00007f5e41a07900
 Begin Bits: [0x00007f5df44a0000, 0x00007f5dfc250000)
 End Bits:   [0x00007f5dfc250000, 0x00007f5e04000000)

Polling page: 0x00007f5e4265c000

CodeCache: size=245760Kb used=13322Kb max_used=13322Kb free=232437Kb
 bounds [0x00007f5e2c5a4000, 0x00007f5e2d2b4000, 0x00007f5e3b5a4000]
 total_blobs=3646 nmethods=3358 adapters=202
 compilation: enabled

Compilation events (10 events):
Event: 5.355 Thread 0x00007f5e3c20f800 3451       2       org.benf.cfr.reader.entities.attributes.AttributeInnerClasses::<init> (220 bytes)
Event: 5.356 Thread 0x00007f5e3c20f800 nmethod 3451 0x00007f5e2d2ae210 code [0x00007f5e2d2ae520, 0x00007f5e2d2af398]
Event: 5.356 Thread 0x00007f5e3c20f800 3452       2       org.benf.cfr.reader.bytecode.analysis.opgraph.op3rewriters.NarrowingTypeRewriter$LValueAssignmentCollector::rewriteExpression (39 bytes)
Event: 5.357 Thread 0x00007f5e3c20f800 nmethod 3452 0x00007f5e2d2908d0 code [0x00007f5e2d290a60, 0x00007f5e2d290ce8]
Event: 5.364 Thread 0x00007f5e3c20f800 3453       2       org.benf.cfr.reader.bytecode.analysis.parse.statement.MonitorEnterStatement::rewriteExpressions (23 bytes)
Event: 5.365 Thread 0x00007f5e3c20f800 nmethod 3453 0x00007f5e2d2904d0 code [0x00007f5e2d290640, 0x00007f5e2d290808]
Event: 5.365 Thread 0x00007f5e3c20f800 3454       2       org.benf.cfr.reader.util.graph.GraphVisitorDFS::<init> (44 bytes)
Event: 5.365 Thread 0x00007f5e3c20f800 nmethod 3454 0x00007f5e2d2b0750 code [0x00007f5e2d2b08c0, 0x00007f5e2d2b0cc8]
Event: 5.368 Thread 0x00007f5e3c20f800 3455       2       org.benf.cfr.reader.bytecode.analysis.parse.expression.AbstractAssignmentExpression::<init> (6 bytes)
Event: 5.368 Thread 0x00007f5e3c20f800 nmethod 3455 0x00007f5e2d2b0e90 code [0x00007f5e2d2b0fe0, 0x00007f5e2d2b1150]

GC Heap History (5 events):
Event: 1.969 GC heap before
{Heap before GC invocations=1 (full 0):
 PSYoungGen      total 150528K, used 129024K [0x0000000718700000, 0x0000000722f00000, 0x00000007c0000000)
  eden space 129024K, 100% used [0x0000000718700000,0x0000000720500000,0x0000000720500000)
  from space 21504K, 0% used [0x0000000721a00000,0x0000000721a00000,0x0000000722f00000)
  to   space 21504K, 0% used [0x0000000720500000,0x0000000720500000,0x0000000721a00000)
 ParOldGen       total 344064K, used 0K [0x00000005c9400000, 0x00000005de400000, 0x0000000718700000)
  object space 344064K, 0% used [0x00000005c9400000,0x00000005c9400000,0x00000005de400000)
 Metaspace       used 8083K, capacity 8640K, committed 8832K, reserved 1056768K
  class space    used 849K, capacity 880K, committed 896K, reserved 1048576K
Event: 2.024 GC heap after
Heap after GC invocations=1 (full 0):
 PSYoungGen      total 150528K, used 16123K [0x0000000718700000, 0x000000072ad00000, 0x00000007c0000000)
  eden space 129024K, 0% used [0x0000000718700000,0x0000000718700000,0x0000000720500000)
  from space 21504K, 74% used [0x0000000720500000,0x00000007214bed38,0x0000000721a00000)
  to   space 21504K, 0% used [0x0000000729800000,0x0000000729800000,0x000000072ad00000)
 ParOldGen       total 344064K, used 8K [0x00000005c9400000, 0x00000005de400000, 0x0000000718700000)
  object space 344064K, 0% used [0x00000005c9400000,0x00000005c9402000,0x00000005de400000)
 Metaspace       used 8083K, capacity 8640K, committed 8832K, reserved 1056768K
  class space    used 849K, capacity 880K, committed 896K, reserved 1048576K
}
Event: 3.435 GC heap before
{Heap before GC invocations=2 (full 0):
 PSYoungGen      total 150528K, used 145147K [0x0000000718700000, 0x000000072ad00000, 0x00000007c0000000)
  eden space 129024K, 100% used [0x0000000718700000,0x0000000720500000,0x0000000720500000)
  from space 21504K, 74% used [0x0000000720500000,0x00000007214bed38,0x0000000721a00000)
  to   space 21504K, 0% used [0x0000000729800000,0x0000000729800000,0x000000072ad00000)
 ParOldGen       total 344064K, used 8K [0x00000005c9400000, 0x00000005de400000, 0x0000000718700000)
  object space 344064K, 0% used [0x00000005c9400000,0x00000005c9402000,0x00000005de400000)
 Metaspace       used 8777K, capacity 9184K, committed 9472K, reserved 1058816K
  class space    used 871K, capacity 912K, committed 1024K, reserved 1048576K
Event: 3.471 GC heap after
Heap after GC invocations=2 (full 0):
 PSYoungGen      total 279552K, used 18270K [0x0000000718700000, 0x000000072ad00000, 0x00000007c0000000)
  eden space 258048K, 0% used [0x0000000718700000,0x0000000718700000,0x0000000728300000)
  from space 21504K, 84% used [0x0000000729800000,0x000000072a9d7a68,0x000000072ad00000)
  to   space 21504K, 0% used [0x0000000728300000,0x0000000728300000,0x0000000729800000)
 ParOldGen       total 344064K, used 16K [0x00000005c9400000, 0x00000005de400000, 0x0000000718700000)
  object space 344064K, 0% used [0x00000005c9400000,0x00000005c9404000,0x00000005de400000)
 Metaspace       used 8777K, capacity 9184K, committed 9472K, reserved 1058816K
  class space    used 871K, capacity 912K, committed 1024K, reserved 1048576K
}
Event: 5.372 GC heap before
{Heap before GC invocations=3 (full 0):
 PSYoungGen      total 279552K, used 276318K [0x0000000718700000, 0x000000072ad00000, 0x00000007c0000000)
  eden space 258048K, 100% used [0x0000000718700000,0x0000000728300000,0x0000000728300000)
  from space 21504K, 84% used [0x0000000729800000,0x000000072a9d7a68,0x000000072ad00000)
  to   space 21504K, 0% used [0x0000000728300000,0x0000000728300000,0x0000000729800000)
 ParOldGen       total 344064K, used 16K [0x00000005c9400000, 0x00000005de400000, 0x0000000718700000)
  object space 344064K, 0% used [0x00000005c9400000,0x00000005c9404000,0x00000005de400000)
 Metaspace       used 9195K, capacity 9568K, committed 9728K, reserved 1058816K
  class space    used 885K, capacity 912K, committed 1024K, reserved 1048576K

Deoptimization events (10 events):
Event: 4.796 Thread 0x00007f5e3c00b000 Uncommon trap: reason=unloaded action=reinterpret pc=0x00007f5e2d1edd40 method=org.benf.cfr.reader.bytecode.analysis.opgraph.Op02WithProcessedDataAndRefs.createStatement(Lorg/benf/cfr/reader/entities/Method;Lorg/benf/cfr/reader/bytecode/analysis/variables
Event: 4.875 Thread 0x00007f5e3c00b000 Uncommon trap: reason=bimorphic action=maybe_recompile pc=0x00007f5e2d00ba64 method=org.benf.cfr.reader.bytecode.analysis.opgraph.op3rewriters.NarrowingTypeRewriter$LValueAssignmentCollector.rewriteExpression(Lorg/benf/cfr/reader/bytecode/analysis/parse/E
Event: 4.875 Thread 0x00007f5e3c00b000 Uncommon trap: reason=bimorphic action=maybe_recompile pc=0x00007f5e2d00ba64 method=org.benf.cfr.reader.bytecode.analysis.opgraph.op3rewriters.NarrowingTypeRewriter$LValueAssignmentCollector.rewriteExpression(Lorg/benf/cfr/reader/bytecode/analysis/parse/E
Event: 4.901 Thread 0x00007f5e3c00b000 Uncommon trap: reason=unstable_if action=reinterpret pc=0x00007f5e2cfa8e84 method=org.benf.cfr.reader.bytecode.analysis.opgraph.Op03SimpleStatement.removePointlessJumps(Ljava/util/List;)V @ 91
Event: 5.020 Thread 0x00007f5e3c00b000 Uncommon trap: reason=class_check action=maybe_recompile pc=0x00007f5e2ce4d100 method=org.benf.cfr.reader.bytecode.analysis.types.discovery.InferredJavaType.chainFrom(Lorg/benf/cfr/reader/bytecode/analysis/types/discovery/InferredJavaType;)Lorg/benf/cfr/r
Event: 5.127 Thread 0x00007f5e3c00b000 Uncommon trap: reason=unstable_if action=reinterpret pc=0x00007f5e2c716e98 method=java.util.HashMap.resize()[Ljava/util/HashMap$Node; @ 206
Event: 5.146 Thread 0x00007f5e3c00b000 Uncommon trap: reason=unstable_if action=reinterpret pc=0x00007f5e2cfdef00 method=org.benf.cfr.reader.bytecode.analysis.opgraph.op3rewriters.ConditionalRewriter$IsForwardIf.test(Lorg/benf/cfr/reader/bytecode/analysis/opgraph/Op03SimpleStatement;)Z @ 55
Event: 5.146 Thread 0x00007f5e3c00b000 Uncommon trap: reason=unstable_if action=reinterpret pc=0x00007f5e2cfe8afc method=org.benf.cfr.reader.bytecode.analysis.opgraph.op3rewriters.ConditionalRewriter$IsForwardIf.test(Lorg/benf/cfr/reader/bytecode/analysis/opgraph/Op03SimpleStatement;)Z @ 55
Event: 5.333 Thread 0x00007f5e3c00b000 Uncommon trap: reason=bimorphic action=maybe_recompile pc=0x00007f5e2d00ba64 method=org.benf.cfr.reader.bytecode.analysis.opgraph.op3rewriters.NarrowingTypeRewriter$LValueAssignmentCollector.rewriteExpression(Lorg/benf/cfr/reader/bytecode/analysis/parse/E
Event: 5.333 Thread 0x00007f5e3c00b000 Uncommon trap: reason=bimorphic action=maybe_recompile pc=0x00007f5e2d00ba64 method=org.benf.cfr.reader.bytecode.analysis.opgraph.op3rewriters.NarrowingTypeRewriter$LValueAssignmentCollector.rewriteExpression(Lorg/benf/cfr/reader/bytecode/analysis/parse/E

Classes redefined (0 events):
No events

Internal exceptions (6 events):
Event: 0.038 Thread 0x00007f5e3c00b000 Exception <a 'java/lang/NoSuchMethodError': Method sun.misc.Unsafe.defineClass(Ljava/lang/String;[BII)Ljava/lang/Class; name or signature does not match> (0x0000000718707cb8) thrown at [/home/openjdk/jdk8u/hotspot/src/share/vm/prims/jni.cpp, line 4013]
Event: 0.038 Thread 0x00007f5e3c00b000 Exception <a 'java/lang/NoSuchMethodError': Method sun.misc.Unsafe.prefetchRead(Ljava/lang/Object;J)V name or signature does not match> (0x0000000718707fa0) thrown at [/home/openjdk/jdk8u/hotspot/src/share/vm/prims/jni.cpp, line 4013]
Event: 0.399 Thread 0x00007f5e3c00b000 Implicit null exception at 0x00007f5e2c72cfa5 to 0x00007f5e2c72d85d
Event: 0.446 Thread 0x00007f5e3c00b000 Implicit null exception at 0x00007f5e2c728e21 to 0x00007f5e2c72973d
Event: 1.012 Thread 0x00007f5e3c00b000 Implicit null exception at 0x00007f5e2c85651c to 0x00007f5e2c8568b9
Event: 2.920 Thread 0x00007f5e3c00b000 Implicit null exception at 0x00007f5e2c7eef72 to 0x00007f5e2c7ef001

Events (10 events):
Event: 5.302 loading class org/benf/cfr/reader/bytecode/analysis/parse/expression/ArithmeticMonOperation done
Event: 5.333 Thread 0x00007f5e3c00b000 DEOPT PACKING pc=0x00007f5e2d1d5db4 sp=0x00007f5e42645e00
Event: 5.333 Thread 0x00007f5e3c00b000 DEOPT UNPACKING pc=0x00007f5e2c5eb4c4 sp=0x00007f5e42645bf8 mode 0
Event: 5.333 Thread 0x00007f5e3c00b000 Uncommon trap: trap_request=0xffffffc6 fr.pc=0x00007f5e2d00ba64
Event: 5.333 Thread 0x00007f5e3c00b000 DEOPT PACKING pc=0x00007f5e2d00ba64 sp=0x00007f5e42645d30
Event: 5.333 Thread 0x00007f5e3c00b000 DEOPT UNPACKING pc=0x00007f5e2c5e947a sp=0x00007f5e42645d08 mode 2
Event: 5.333 Thread 0x00007f5e3c00b000 Uncommon trap: trap_request=0xffffffc6 fr.pc=0x00007f5e2d00ba64
Event: 5.333 Thread 0x00007f5e3c00b000 DEOPT PACKING pc=0x00007f5e2d00ba64 sp=0x00007f5e42645d30
Event: 5.333 Thread 0x00007f5e3c00b000 DEOPT UNPACKING pc=0x00007f5e2c5e947a sp=0x00007f5e42645d08 mode 2
Event: 5.372 Executing VM operation: ParallelGCFailedAllocation


Dynamic libraries:
00400000-00401000 r-xp 00000000 08:11 3934147                            /media/data/helper_tools/sdkman/candidates/java/8.0.232-open/bin/java
00600000-00601000 r--p 00000000 08:11 3934147                            /media/data/helper_tools/sdkman/candidates/java/8.0.232-open/bin/java
00601000-00602000 rw-p 00001000 08:11 3934147                            /media/data/helper_tools/sdkman/candidates/java/8.0.232-open/bin/java
0196b000-0198c000 rw-p 00000000 00:00 0                                  [heap]
5c9400000-5de400000 rw-p 00000000 00:00 0 
5de400000-718700000 ---p 00000000 00:00 0 
718700000-72ad00000 rw-p 00000000 00:00 0 
73a900000-7c0000000 ---p 00000000 00:00 0 
7c0000000-7c0100000 rw-p 00000000 00:00 0 
7c0100000-800000000 ---p 00000000 00:00 0 
7f5dc8000000-7f5dc8021000 rw-p 00000000 00:00 0 
7f5dc8021000-7f5dcc000000 ---p 00000000 00:00 0 
7f5dd0000000-7f5dd13f7000 rw-p 00000000 00:00 0 
7f5dd13f7000-7f5dd4000000 ---p 00000000 00:00 0 
7f5dd4000000-7f5dd4021000 rw-p 00000000 00:00 0 
7f5dd4021000-7f5dd8000000 ---p 00000000 00:00 0 
7f5dd8000000-7f5dd9eed000 rw-p 00000000 00:00 0 
7f5dd9eed000-7f5ddc000000 ---p 00000000 00:00 0 
7f5ddc000000-7f5ddd46c000 rw-p 00000000 00:00 0 
7f5ddd46c000-7f5de0000000 ---p 00000000 00:00 0 
7f5de0000000-7f5de0021000 rw-p 00000000 00:00 0 
7f5de0021000-7f5de4000000 ---p 00000000 00:00 0 
7f5de4000000-7f5de5703000 rw-p 00000000 00:00 0 
7f5de5703000-7f5de8000000 ---p 00000000 00:00 0 
7f5de8000000-7f5de8021000 rw-p 00000000 00:00 0 
7f5de8021000-7f5dec000000 ---p 00000000 00:00 0 
7f5dec000000-7f5dec021000 rw-p 00000000 00:00 0 
7f5dec021000-7f5df0000000 ---p 00000000 00:00 0 
7f5df0000000-7f5df027a000 rw-p 00000000 00:00 0 
7f5df027a000-7f5df4000000 ---p 00000000 00:00 0 
7f5df44a0000-7f5e04021000 rw-p 00000000 00:00 0 
7f5e04021000-7f5e08000000 ---p 00000000 00:00 0 
7f5e08000000-7f5e08021000 rw-p 00000000 00:00 0 
7f5e08021000-7f5e0c000000 ---p 00000000 00:00 0 
7f5e0c000000-7f5e0c021000 rw-p 00000000 00:00 0 
7f5e0c021000-7f5e10000000 ---p 00000000 00:00 0 
7f5e117df000-7f5e1185f000 rw-p 00000000 00:00 0 
7f5e1185f000-7f5e119df000 ---p 00000000 00:00 0 
7f5e119df000-7f5e119f6000 r-xp 00000000 08:11 3934102                    /media/data/helper_tools/sdkman/candidates/java/8.0.232-open/jre/lib/amd64/libnet.so
7f5e119f6000-7f5e11bf5000 ---p 00017000 08:11 3934102                    /media/data/helper_tools/sdkman/candidates/java/8.0.232-open/jre/lib/amd64/libnet.so
7f5e11bf5000-7f5e11bf6000 r--p 00016000 08:11 3934102                    /media/data/helper_tools/sdkman/candidates/java/8.0.232-open/jre/lib/amd64/libnet.so
7f5e11bf6000-7f5e11bf7000 rw-p 00017000 08:11 3934102                    /media/data/helper_tools/sdkman/candidates/java/8.0.232-open/jre/lib/amd64/libnet.so
7f5e11bf7000-7f5e11c08000 r-xp 00000000 08:11 3934081                    /media/data/helper_tools/sdkman/candidates/java/8.0.232-open/jre/lib/amd64/libnio.so
7f5e11c08000-7f5e11e07000 ---p 00011000 08:11 3934081                    /media/data/helper_tools/sdkman/candidates/java/8.0.232-open/jre/lib/amd64/libnio.so
7f5e11e07000-7f5e11e08000 r--p 00010000 08:11 3934081                    /media/data/helper_tools/sdkman/candidates/java/8.0.232-open/jre/lib/amd64/libnio.so
7f5e11e08000-7f5e11e09000 rw-p 00011000 08:11 3934081                    /media/data/helper_tools/sdkman/candidates/java/8.0.232-open/jre/lib/amd64/libnio.so
7f5e11e09000-7f5e11e0a000 ---p 00000000 00:00 0 
7f5e11e0a000-7f5e11f0a000 rw-p 00000000 00:00 0 
7f5e11f0a000-7f5e11f0d000 ---p 00000000 00:00 0 
7f5e11f0d000-7f5e1200b000 rw-p 00000000 00:00 0 
7f5e1200b000-7f5e1200e000 ---p 00000000 00:00 0 
7f5e1200e000-7f5e1210c000 rw-p 00000000 00:00 0 
7f5e1210c000-7f5e1210f000 ---p 00000000 00:00 0 
7f5e1210f000-7f5e1220d000 rw-p 00000000 00:00 0 
7f5e1220d000-7f5e12210000 ---p 00000000 00:00 0 
7f5e12210000-7f5e1230e000 rw-p 00000000 00:00 0 
7f5e1230e000-7f5e12311000 ---p 00000000 00:00 0 
7f5e12311000-7f5e1240f000 rw-p 00000000 00:00 0 
7f5e1240f000-7f5e12412000 ---p 00000000 00:00 0 
7f5e12412000-7f5e12510000 rw-p 00000000 00:00 0 
7f5e12510000-7f5e127e8000 r--p 00000000 08:01 261135                     /usr/lib/locale/locale-archive
7f5e127e8000-7f5e127eb000 ---p 00000000 00:00 0 
7f5e127eb000-7f5e128e9000 rw-p 00000000 00:00 0 
7f5e128e9000-7f5e128ec000 ---p 00000000 00:00 0 
7f5e128ec000-7f5e129ea000 rw-p 00000000 00:00 0 
7f5e129ea000-7f5e129eb000 ---p 00000000 00:00 0 
7f5e129eb000-7f5e14021000 rw-p 00000000 00:00 0 
7f5e14021000-7f5e18000000 ---p 00000000 00:00 0 
7f5e18000000-7f5e18021000 rw-p 00000000 00:00 0 
7f5e18021000-7f5e1c000000 ---p 00000000 00:00 0 
7f5e1c000000-7f5e1c021000 rw-p 00000000 00:00 0 
7f5e1c021000-7f5e20000000 ---p 00000000 00:00 0 
7f5e20000000-7f5e20021000 rw-p 00000000 00:00 0 
7f5e20021000-7f5e24000000 ---p 00000000 00:00 0 
7f5e24000000-7f5e24021000 rw-p 00000000 00:00 0 
7f5e24021000-7f5e28000000 ---p 00000000 00:00 0 
7f5e2805c000-7f5e286b0000 rw-p 00000000 00:00 0 
7f5e286b0000-7f5e28880000 r--s 03c5f000 08:11 3934121                    /media/data/helper_tools/sdkman/candidates/java/8.0.232-open/jre/lib/rt.jar
7f5e28880000-7f5e2a0ac000 rw-p 00000000 00:00 0 
7f5e2a0ac000-7f5e2a0ad000 ---p 00000000 00:00 0 
7f5e2a0ad000-7f5e2a1ad000 rw-p 00000000 00:00 0 
7f5e2a1ad000-7f5e2a1ae000 ---p 00000000 00:00 0 
7f5e2a1ae000-7f5e2a2ae000 rw-p 00000000 00:00 0 
7f5e2a2ae000-7f5e2a2af000 ---p 00000000 00:00 0 
7f5e2a2af000-7f5e2a3af000 rw-p 00000000 00:00 0 
7f5e2a3af000-7f5e2a3b0000 ---p 00000000 00:00 0 
7f5e2a3b0000-7f5e2a4b0000 rw-p 00000000 00:00 0 
7f5e2a4b0000-7f5e2a4b1000 ---p 00000000 00:00 0 
7f5e2a4b1000-7f5e2a5b1000 rw-p 00000000 00:00 0 
7f5e2a5b1000-7f5e2a5b2000 ---p 00000000 00:00 0 
7f5e2a5b2000-7f5e2a6b2000 rw-p 00000000 00:00 0 
7f5e2a6b2000-7f5e2a6b3000 ---p 00000000 00:00 0 
7f5e2a6b3000-7f5e2a85b000 rw-p 00000000 00:00 0 
7f5e2a85b000-7f5e2b22d000 ---p 00000000 00:00 0 
7f5e2b22d000-7f5e2b2d5000 rw-p 00000000 00:00 0 
7f5e2b2d5000-7f5e2bca6000 ---p 00000000 00:00 0 
7f5e2bca6000-7f5e2bd3a000 rw-p 00000000 00:00 0 
7f5e2bd3a000-7f5e2c1e3000 ---p 00000000 00:00 0 
7f5e2c1e3000-7f5e2c219000 rw-p 00000000 00:00 0 
7f5e2c219000-7f5e2c5a4000 ---p 00000000 00:00 0 
7f5e2c5a4000-7f5e2d2b4000 rwxp 00000000 00:00 0 
7f5e2d2b4000-7f5e3b5a4000 ---p 00000000 00:00 0 
7f5e3b5a4000-7f5e3b5bf000 r-xp 00000000 08:11 3934063                    /media/data/helper_tools/sdkman/candidates/java/8.0.232-open/jre/lib/amd64/libzip.so
7f5e3b5bf000-7f5e3b7be000 ---p 0001b000 08:11 3934063                    /media/data/helper_tools/sdkman/candidates/java/8.0.232-open/jre/lib/amd64/libzip.so
7f5e3b7be000-7f5e3b7bf000 r--p 0001a000 08:11 3934063                    /media/data/helper_tools/sdkman/candidates/java/8.0.232-open/jre/lib/amd64/libzip.so
7f5e3b7bf000-7f5e3b7c0000 rw-p 0001b000 08:11 3934063                    /media/data/helper_tools/sdkman/candidates/java/8.0.232-open/jre/lib/amd64/libzip.so
7f5e3b7c0000-7f5e3b7cb000 r-xp 00000000 08:01 406780                     /lib/x86_64-linux-gnu/libnss_files-2.23.so
7f5e3b7cb000-7f5e3b9ca000 ---p 0000b000 08:01 406780                     /lib/x86_64-linux-gnu/libnss_files-2.23.so
7f5e3b9ca000-7f5e3b9cb000 r--p 0000a000 08:01 406780                     /lib/x86_64-linux-gnu/libnss_files-2.23.so
7f5e3b9cb000-7f5e3b9cc000 rw-p 0000b000 08:01 406780                     /lib/x86_64-linux-gnu/libnss_files-2.23.so
7f5e3b9cc000-7f5e3b9d2000 rw-p 00000000 00:00 0 
7f5e3b9d2000-7f5e3b9dd000 r-xp 00000000 08:01 406771                     /lib/x86_64-linux-gnu/libnss_nis-2.23.so
7f5e3b9dd000-7f5e3bbdc000 ---p 0000b000 08:01 406771                     /lib/x86_64-linux-gnu/libnss_nis-2.23.so
7f5e3bbdc000-7f5e3bbdd000 r--p 0000a000 08:01 406771                     /lib/x86_64-linux-gnu/libnss_nis-2.23.so
7f5e3bbdd000-7f5e3bbde000 rw-p 0000b000 08:01 406771                     /lib/x86_64-linux-gnu/libnss_nis-2.23.so
7f5e3bbde000-7f5e3bbf4000 r-xp 00000000 08:01 406777                     /lib/x86_64-linux-gnu/libnsl-2.23.so
7f5e3bbf4000-7f5e3bdf3000 ---p 00016000 08:01 406777                     /lib/x86_64-linux-gnu/libnsl-2.23.so
7f5e3bdf3000-7f5e3bdf4000 r--p 00015000 08:01 406777                     /lib/x86_64-linux-gnu/libnsl-2.23.so
7f5e3bdf4000-7f5e3bdf5000 rw-p 00016000 08:01 406777                     /lib/x86_64-linux-gnu/libnsl-2.23.so
7f5e3bdf5000-7f5e3bdf7000 rw-p 00000000 00:00 0 
7f5e3bdf7000-7f5e3bdff000 r-xp 00000000 08:01 406787                     /lib/x86_64-linux-gnu/libnss_compat-2.23.so
7f5e3bdff000-7f5e3bffe000 ---p 00008000 08:01 406787                     /lib/x86_64-linux-gnu/libnss_compat-2.23.so
7f5e3bffe000-7f5e3bfff000 r--p 00007000 08:01 406787                     /lib/x86_64-linux-gnu/libnss_compat-2.23.so
7f5e3bfff000-7f5e3c000000 rw-p 00008000 08:01 406787                     /lib/x86_64-linux-gnu/libnss_compat-2.23.so
7f5e3c000000-7f5e3c5b2000 rw-p 00000000 00:00 0 
7f5e3c5b2000-7f5e40000000 ---p 00000000 00:00 0 
7f5e40024000-7f5e4007f000 rw-p 00000000 00:00 0 
7f5e4007f000-7f5e40080000 ---p 00000000 00:00 0 
7f5e40080000-7f5e40180000 rw-p 00000000 00:00 0 
7f5e40180000-7f5e401a8000 r-xp 00000000 08:11 3934067                    /media/data/helper_tools/sdkman/candidates/java/8.0.232-open/jre/lib/amd64/libjava.so
7f5e401a8000-7f5e403a7000 ---p 00028000 08:11 3934067                    /media/data/helper_tools/sdkman/candidates/java/8.0.232-open/jre/lib/amd64/libjava.so
7f5e403a7000-7f5e403a8000 r--p 00027000 08:11 3934067                    /media/data/helper_tools/sdkman/candidates/java/8.0.232-open/jre/lib/amd64/libjava.so
7f5e403a8000-7f5e403aa000 rw-p 00028000 08:11 3934067                    /media/data/helper_tools/sdkman/candidates/java/8.0.232-open/jre/lib/amd64/libjava.so
7f5e403aa000-7f5e403b8000 r-xp 00000000 08:11 3934080                    /media/data/helper_tools/sdkman/candidates/java/8.0.232-open/jre/lib/amd64/libverify.so
7f5e403b8000-7f5e405b7000 ---p 0000e000 08:11 3934080                    /media/data/helper_tools/sdkman/candidates/java/8.0.232-open/jre/lib/amd64/libverify.so
7f5e405b7000-7f5e405b9000 r--p 0000d000 08:11 3934080                    /media/data/helper_tools/sdkman/candidates/java/8.0.232-open/jre/lib/amd64/libverify.so
7f5e405b9000-7f5e405ba000 rw-p 0000f000 08:11 3934080                    /media/data/helper_tools/sdkman/candidates/java/8.0.232-open/jre/lib/amd64/libverify.so
7f5e405ba000-7f5e405c1000 r-xp 00000000 08:01 406757                     /lib/x86_64-linux-gnu/librt-2.23.so
7f5e405c1000-7f5e407c0000 ---p 00007000 08:01 406757                     /lib/x86_64-linux-gnu/librt-2.23.so
7f5e407c0000-7f5e407c1000 r--p 00006000 08:01 406757                     /lib/x86_64-linux-gnu/librt-2.23.so
7f5e407c1000-7f5e407c2000 rw-p 00007000 08:01 406757                     /lib/x86_64-linux-gnu/librt-2.23.so
7f5e407c2000-7f5e408ca000 r-xp 00000000 08:01 406791                     /lib/x86_64-linux-gnu/libm-2.23.so
7f5e408ca000-7f5e40ac9000 ---p 00108000 08:01 406791                     /lib/x86_64-linux-gnu/libm-2.23.so
7f5e40ac9000-7f5e40aca000 r--p 00107000 08:01 406791                     /lib/x86_64-linux-gnu/libm-2.23.so
7f5e40aca000-7f5e40acb000 rw-p 00108000 08:01 406791                     /lib/x86_64-linux-gnu/libm-2.23.so
7f5e40acb000-7f5e41723000 r-xp 00000000 08:11 3934071                    /media/data/helper_tools/sdkman/candidates/java/8.0.232-open/jre/lib/amd64/server/libjvm.so
7f5e41723000-7f5e41923000 ---p 00c58000 08:11 3934071                    /media/data/helper_tools/sdkman/candidates/java/8.0.232-open/jre/lib/amd64/server/libjvm.so
7f5e41923000-7f5e419cb000 r--p 00c58000 08:11 3934071                    /media/data/helper_tools/sdkman/candidates/java/8.0.232-open/jre/lib/amd64/server/libjvm.so
7f5e419cb000-7f5e419f3000 rw-p 00d00000 08:11 3934071                    /media/data/helper_tools/sdkman/candidates/java/8.0.232-open/jre/lib/amd64/server/libjvm.so
7f5e419f3000-7f5e41a36000 rw-p 00000000 00:00 0 
7f5e41a36000-7f5e41bf6000 r-xp 00000000 08:01 406785                     /lib/x86_64-linux-gnu/libc-2.23.so
7f5e41bf6000-7f5e41df6000 ---p 001c0000 08:01 406785                     /lib/x86_64-linux-gnu/libc-2.23.so
7f5e41df6000-7f5e41dfa000 r--p 001c0000 08:01 406785                     /lib/x86_64-linux-gnu/libc-2.23.so
7f5e41dfa000-7f5e41dfc000 rw-p 001c4000 08:01 406785                     /lib/x86_64-linux-gnu/libc-2.23.so
7f5e41dfc000-7f5e41e00000 rw-p 00000000 00:00 0 
7f5e41e00000-7f5e41e03000 r-xp 00000000 08:01 406762                     /lib/x86_64-linux-gnu/libdl-2.23.so
7f5e41e03000-7f5e42002000 ---p 00003000 08:01 406762                     /lib/x86_64-linux-gnu/libdl-2.23.so
7f5e42002000-7f5e42003000 r--p 00002000 08:01 406762                     /lib/x86_64-linux-gnu/libdl-2.23.so
7f5e42003000-7f5e42004000 rw-p 00003000 08:01 406762                     /lib/x86_64-linux-gnu/libdl-2.23.so
7f5e42004000-7f5e4201a000 r-xp 00000000 08:11 3933450                    /media/data/helper_tools/sdkman/candidates/java/8.0.232-open/lib/amd64/jli/libjli.so
7f5e4201a000-7f5e42219000 ---p 00016000 08:11 3933450                    /media/data/helper_tools/sdkman/candidates/java/8.0.232-open/lib/amd64/jli/libjli.so
7f5e42219000-7f5e4221a000 r--p 00015000 08:11 3933450                    /media/data/helper_tools/sdkman/candidates/java/8.0.232-open/lib/amd64/jli/libjli.so
7f5e4221a000-7f5e4221b000 rw-p 00016000 08:11 3933450                    /media/data/helper_tools/sdkman/candidates/java/8.0.232-open/lib/amd64/jli/libjli.so
7f5e4221b000-7f5e42233000 r-xp 00000000 08:01 406768                     /lib/x86_64-linux-gnu/libpthread-2.23.so
7f5e42233000-7f5e42432000 ---p 00018000 08:01 406768                     /lib/x86_64-linux-gnu/libpthread-2.23.so
7f5e42432000-7f5e42433000 r--p 00017000 08:01 406768                     /lib/x86_64-linux-gnu/libpthread-2.23.so
7f5e42433000-7f5e42434000 rw-p 00018000 08:01 406768                     /lib/x86_64-linux-gnu/libpthread-2.23.so
7f5e42434000-7f5e42438000 rw-p 00000000 00:00 0 
7f5e42438000-7f5e4245e000 r-xp 00000000 08:01 406765                     /lib/x86_64-linux-gnu/ld-2.23.so
7f5e4248b000-7f5e424a9000 r--s 0015f000 08:11 8002625                    /media/data/muse2/tools/qark/venv/lib/python3.5/site-packages/qark/lib/decompilers/cfr_0_124.jar
7f5e424a9000-7f5e42547000 rw-p 00000000 00:00 0 
7f5e42547000-7f5e4254a000 ---p 00000000 00:00 0 
7f5e4254a000-7f5e4264d000 rw-p 00000000 00:00 0 
7f5e42653000-7f5e4265b000 rw-s 00000000 08:01 337                        /tmp/hsperfdata_nacoop/2297
7f5e4265b000-7f5e4265c000 rw-p 00000000 00:00 0 
7f5e4265c000-7f5e4265d000 ---p 00000000 00:00 0 
7f5e4265d000-7f5e4265e000 r--p 00025000 08:01 406765                     /lib/x86_64-linux-gnu/ld-2.23.so
7f5e4265e000-7f5e4265f000 rw-p 00026000 08:01 406765                     /lib/x86_64-linux-gnu/ld-2.23.so
7f5e4265f000-7f5e42660000 rw-p 00000000 00:00 0 
7ffedca3b000-7ffedca5c000 rw-p 00000000 00:00 0                          [stack]
7ffedcbf1000-7ffedcbf3000 r--p 00000000 00:00 0                          [vvar]
7ffedcbf3000-7ffedcbf5000 r-xp 00000000 00:00 0                          [vdso]
ffffffffff600000-ffffffffff601000 r-xp 00000000 00:00 0                  [vsyscall]

VM Arguments:
java_command: /media/data/muse2/tools/qark/venv/lib/python3.5/site-packages/qark/decompiler/../lib/decompilers/cfr_0_124.jar /media/data/muse2/tools/qark/build/qark/sip-mutant5.jar --outputdir /media/data/muse2/tools/qark/build/qark/cfr
java_class_path (initial): /media/data/muse2/tools/qark/venv/lib/python3.5/site-packages/qark/decompiler/../lib/decompilers/cfr_0_124.jar
Launcher Type: SUN_STANDARD

Environment Variables:
JAVA_HOME=/media/data/helper_tools/sdkman/candidates/java/current
PATH=/media/data/muse2/tools/qark/venv/bin:/home/nacoop/bin:/home/nacoop/.local/bin:/media/data/Android/Sdk:/media/data/Android/Sdk:/media/data/Android/Sdk:/media/data/muse2/tools/coverity/cov-analysis-linux64-2020.03/bin:/media/data/muse2/tools/coverity/cov-platform/bin:/media/data/anaconda/condabin:/media/data/helper_tools/sdkman/candidates/java/current/bin:/usr/local/sbin:/usr/local/bin:/usr/sbin:/usr/bin:/sbin:/bin:/usr/games:/snap/bin
SHELL=/bin/bash

Signal Handlers:
SIGSEGV: [libjvm.so+0xa4ef90], sa_mask[0]=11111111011111111101111111111110, sa_flags=SA_RESTART|SA_SIGINFO
SIGBUS: [libjvm.so+0xa4ef90], sa_mask[0]=11111111011111111101111111111110, sa_flags=SA_RESTART|SA_SIGINFO
SIGFPE: [libjvm.so+0x8b7a50], sa_mask[0]=11111111011111111101111111111110, sa_flags=SA_RESTART|SA_SIGINFO
SIGPIPE: [libjvm.so+0x8b7a50], sa_mask[0]=11111111011111111101111111111110, sa_flags=SA_RESTART|SA_SIGINFO
SIGXFSZ: [libjvm.so+0x8b7a50], sa_mask[0]=11111111011111111101111111111110, sa_flags=SA_RESTART|SA_SIGINFO
SIGILL: [libjvm.so+0x8b7a50], sa_mask[0]=11111111011111111101111111111110, sa_flags=SA_RESTART|SA_SIGINFO
SIGUSR1: SIG_DFL, sa_mask[0]=00000000000000000000000000000000, sa_flags=none
SIGUSR2: [libjvm.so+0x8b9200], sa_mask[0]=00000000000000000000000000000000, sa_flags=SA_RESTART|SA_SIGINFO
SIGHUP: [libjvm.so+0x8bac30], sa_mask[0]=11111111011111111101111111111110, sa_flags=SA_RESTART|SA_SIGINFO
SIGINT: [libjvm.so+0x8bac30], sa_mask[0]=11111111011111111101111111111110, sa_flags=SA_RESTART|SA_SIGINFO
SIGTERM: [libjvm.so+0x8bac30], sa_mask[0]=11111111011111111101111111111110, sa_flags=SA_RESTART|SA_SIGINFO
SIGQUIT: [libjvm.so+0x8bac30], sa_mask[0]=11111111011111111101111111111110, sa_flags=SA_RESTART|SA_SIGINFO


---------------  S Y S T E M  ---------------

OS:DISTRIB_ID=Ubuntu
DISTRIB_RELEASE=16.04
DISTRIB_CODENAME=xenial
DISTRIB_DESCRIPTION="Ubuntu 16.04.6 LTS"

uname:Linux 4.4.0-174-generic #204-Ubuntu SMP Wed Jan 29 06:41:01 UTC 2020 x86_64
libc:glibc 2.23 NPTL 2.23 
rlimit: STACK 8192k, CORE 0k, NPROC 128527, NOFILE 4096, AS infinity
load average:2.73 2.15 2.04

/proc/meminfo:
MemTotal:       32946664 kB
MemFree:         1913068 kB
MemAvailable:   22898240 kB
Buffers:         1277868 kB
Cached:         20224180 kB
SwapCached:          336 kB
Active:         16474304 kB
Inactive:       11916776 kB
Active(anon):    6750720 kB
Inactive(anon):  2653836 kB
Active(file):    9723584 kB
Inactive(file):  9262940 kB
Unevictable:        3652 kB
Mlocked:            3652 kB
SwapTotal:        998396 kB
SwapFree:         861424 kB
Dirty:              9524 kB
Writeback:             0 kB
AnonPages:       6892636 kB
Mapped:          2590164 kB
Shmem:           2513104 kB
Slab:            2490068 kB
SReclaimable:    2401544 kB
SUnreclaim:        88524 kB
KernelStack:       11936 kB
PageTables:        46992 kB
NFS_Unstable:          0 kB
Bounce:                0 kB
WritebackTmp:          0 kB
CommitLimit:    17471728 kB
Committed_AS:   17211948 kB
VmallocTotal:   34359738367 kB
VmallocUsed:           0 kB
VmallocChunk:          0 kB
HardwareCorrupted:     0 kB
AnonHugePages:         0 kB
CmaTotal:              0 kB
CmaFree:               0 kB
HugePages_Total:       0
HugePages_Free:        0
HugePages_Rsvd:        0
HugePages_Surp:        0
Hugepagesize:       2048 kB
DirectMap4k:      257916 kB
DirectMap2M:    33296384 kB

container (cgroup) information:
container_type: cgroupv1
cpu_cpuset_cpus: 0-7
cpu_memory_nodes: 0
active_processor_count: 8
cpu_quota: -1
cpu_period: 100000
cpu_shares: -1
memory_limit_in_bytes: -1
memory_and_swap_limit_in_bytes: -2
memory_soft_limit_in_bytes: -1
memory_usage_in_bytes: 27040382976
memory_max_usage_in_bytes: 28774748160


CPU:total 8 (initial active 8) (1 cores per cpu, 1 threads per core) family 6 model 60 stepping 1, cmov, cx8, fxsr, mmx, sse, sse2, sse3, ssse3, sse4.1, sse4.2, popcnt, avx, avx2, aes, clmul, erms, lzcnt, tsc, bmi1, bmi2

/proc/cpuinfo:
processor	: 0
vendor_id	: GenuineIntel
cpu family	: 6
model		: 60
model name	: Intel Core Processor (Haswell, no TSX, IBRS)
stepping	: 1
microcode	: 0x1
cpu MHz		: 2399.976
cache size	: 4096 KB
physical id	: 0
siblings	: 1
core id		: 0
cpu cores	: 1
apicid		: 0
initial apicid	: 0
fpu		: yes
fpu_exception	: yes
cpuid level	: 13
wp		: yes
flags		: fpu vme de pse tsc msr pae mce cx8 apic sep mtrr pge mca cmov pat pse36 clflush mmx fxsr sse sse2 syscall nx rdtscp lm constant_tsc rep_good nopl tsc_known_freq pni pclmulqdq ssse3 fma cx16 pcid sse4_1 sse4_2 x2apic movbe popcnt tsc_deadline_timer aes xsave avx f16c rdrand hypervisor lahf_lm abm invpcid_single ibrs ibpb kaiser fsgsbase bmi1 avx2 smep bmi2 erms invpcid xsaveopt arat
bugs		: cpu_meltdown spectre_v1 spectre_v2 spec_store_bypass l1tf mds swapgs itlb_multihit
bogomips	: 4799.95
clflush size	: 64
cache_alignment	: 64
address sizes	: 40 bits physical, 48 bits virtual
power management:

processor	: 1
vendor_id	: GenuineIntel
cpu family	: 6
model		: 60
model name	: Intel Core Processor (Haswell, no TSX, IBRS)
stepping	: 1
microcode	: 0x1
cpu MHz		: 2399.976
cache size	: 4096 KB
physical id	: 1
siblings	: 1
core id		: 0
cpu cores	: 1
apicid		: 1
initial apicid	: 1
fpu		: yes
fpu_exception	: yes
cpuid level	: 13
wp		: yes
flags		: fpu vme de pse tsc msr pae mce cx8 apic sep mtrr pge mca cmov pat pse36 clflush mmx fxsr sse sse2 syscall nx rdtscp lm constant_tsc rep_good nopl tsc_known_freq pni pclmulqdq ssse3 fma cx16 pcid sse4_1 sse4_2 x2apic movbe popcnt tsc_deadline_timer aes xsave avx f16c rdrand hypervisor lahf_lm abm invpcid_single ibrs ibpb kaiser fsgsbase bmi1 avx2 smep bmi2 erms invpcid xsaveopt arat
bugs		: cpu_meltdown spectre_v1 spectre_v2 spec_store_bypass l1tf mds swapgs itlb_multihit
bogomips	: 4799.95
clflush size	: 64
cache_alignment	: 64
address sizes	: 40 bits physical, 48 bits virtual
power management:

processor	: 2
vendor_id	: GenuineIntel
cpu family	: 6
model		: 60
model name	: Intel Core Processor (Haswell, no TSX, IBRS)
stepping	: 1
microcode	: 0x1
cpu MHz		: 2399.976
cache size	: 4096 KB
physical id	: 2
siblings	: 1
core id		: 0
cpu cores	: 1
apicid		: 2
initial apicid	: 2
fpu		: yes
fpu_exception	: yes
cpuid level	: 13
wp		: yes
flags		: fpu vme de pse tsc msr pae mce cx8 apic sep mtrr pge mca cmov pat pse36 clflush mmx fxsr sse sse2 syscall nx rdtscp lm constant_tsc rep_good nopl tsc_known_freq pni pclmulqdq ssse3 fma cx16 pcid sse4_1 sse4_2 x2apic movbe popcnt tsc_deadline_timer aes xsave avx f16c rdrand hypervisor lahf_lm abm invpcid_single ibrs ibpb kaiser fsgsbase bmi1 avx2 smep bmi2 erms invpcid xsaveopt arat
bugs		: cpu_meltdown spectre_v1 spectre_v2 spec_store_bypass l1tf mds swapgs itlb_multihit
bogomips	: 4799.95
clflush size	: 64
cache_alignment	: 64
address sizes	: 40 bits physical, 48 bits virtual
power management:

processor	: 3
vendor_id	: GenuineIntel
cpu family	: 6
model		: 60
model name	: Intel Core Processor (Haswell, no TSX, IBRS)
stepping	: 1
microcode	: 0x1
cpu MHz		: 2399.976
cache size	: 4096 KB
physical id	: 3
siblings	: 1
core id		: 0
cpu cores	: 1
apicid		: 3
initial apicid	: 3
fpu		: yes
fpu_exception	: yes
cpuid level	: 13
wp		: yes
flags		: fpu vme de pse tsc msr pae mce cx8 apic sep mtrr pge mca cmov pat pse36 clflush mmx fxsr sse sse2 syscall nx rdtscp lm constant_tsc rep_good nopl tsc_known_freq pni pclmulqdq ssse3 fma cx16 pcid sse4_1 sse4_2 x2apic movbe popcnt tsc_deadline_timer aes xsave avx f16c rdrand hypervisor lahf_lm abm invpcid_single ibrs ibpb kaiser fsgsbase bmi1 avx2 smep bmi2 erms invpcid xsaveopt arat
bugs		: cpu_meltdown spectre_v1 spectre_v2 spec_store_bypass l1tf mds swapgs itlb_multihit
bogomips	: 4799.95
clflush size	: 64
cache_alignment	: 64
address sizes	: 40 bits physical, 48 bits virtual
power management:

processor	: 4
vendor_id	: GenuineIntel
cpu family	: 6
model		: 60
model name	: Intel Core Processor (Haswell, no TSX, IBRS)
stepping	: 1
microcode	: 0x1
cpu MHz		: 2399.976
cache size	: 4096 KB
physical id	: 4
siblings	: 1
core id		: 0
cpu cores	: 1
apicid		: 4
initial apicid	: 4
fpu		: yes
fpu_exception	: yes
cpuid level	: 13
wp		: yes
flags		: fpu vme de pse tsc msr pae mce cx8 apic sep mtrr pge mca cmov pat pse36 clflush mmx fxsr sse sse2 syscall nx rdtscp lm constant_tsc rep_good nopl tsc_known_freq pni pclmulqdq ssse3 fma cx16 pcid sse4_1 sse4_2 x2apic movbe popcnt tsc_deadline_timer aes xsave avx f16c rdrand hypervisor lahf_lm abm invpcid_single ibrs ibpb kaiser fsgsbase bmi1 avx2 smep bmi2 erms invpcid xsaveopt arat
bugs		: cpu_meltdown spectre_v1 spectre_v2 spec_store_bypass l1tf mds swapgs itlb_multihit
bogomips	: 4799.95
clflush size	: 64
cache_alignment	: 64
address sizes	: 40 bits physical, 48 bits virtual
power management:

processor	: 5
vendor_id	: GenuineIntel
cpu family	: 6
model		: 60
model name	: Intel Core Processor (Haswell, no TSX, IBRS)
stepping	: 1
microcode	: 0x1
cpu MHz		: 2399.976
cache size	: 4096 KB
physical id	: 5
siblings	: 1
core id		: 0
cpu cores	: 1
apicid		: 5
initial apicid	: 5
fpu		: yes
fpu_exception	: yes
cpuid level	: 13
wp		: yes
flags		: fpu vme de pse tsc msr pae mce cx8 apic sep mtrr pge mca cmov pat pse36 clflush mmx fxsr sse sse2 syscall nx rdtscp lm constant_tsc rep_good nopl tsc_known_freq pni pclmulqdq ssse3 fma cx16 pcid sse4_1 sse4_2 x2apic movbe popcnt tsc_deadline_timer aes xsave avx f16c rdrand hypervisor lahf_lm abm invpcid_single ibrs ibpb kaiser fsgsbase bmi1 avx2 smep bmi2 erms invpcid xsaveopt arat
bugs		: cpu_meltdown spectre_v1 spectre_v2 spec_store_bypass l1tf mds swapgs itlb_multihit
bogomips	: 4799.95
clflush size	: 64
cache_alignment	: 64
address sizes	: 40 bits physical, 48 bits virtual
power management:

processor	: 6
vendor_id	: GenuineIntel
cpu family	: 6
model		: 60
model name	: Intel Core Processor (Haswell, no TSX, IBRS)
stepping	: 1
microcode	: 0x1
cpu MHz		: 2399.976
cache size	: 4096 KB
physical id	: 6
siblings	: 1
core id		: 0
cpu cores	: 1
apicid		: 6
initial apicid	: 6
fpu		: yes
fpu_exception	: yes
cpuid level	: 13
wp		: yes
flags		: fpu vme de pse tsc msr pae mce cx8 apic sep mtrr pge mca cmov pat pse36 clflush mmx fxsr sse sse2 syscall nx rdtscp lm constant_tsc rep_good nopl tsc_known_freq pni pclmulqdq ssse3 fma cx16 pcid sse4_1 sse4_2 x2apic movbe popcnt tsc_deadline_timer aes xsave avx f16c rdrand hypervisor lahf_lm abm invpcid_single ibrs ibpb kaiser fsgsbase bmi1 avx2 smep bmi2 erms invpcid xsaveopt arat
bugs		: cpu_meltdown spectre_v1 spectre_v2 spec_store_bypass l1tf mds swapgs itlb_multihit
bogomips	: 4799.95
clflush size	: 64
cache_alignment	: 64
address sizes	: 40 bits physical, 48 bits virtual
power management:

processor	: 7
vendor_id	: GenuineIntel
cpu family	: 6
model		: 60
model name	: Intel Core Processor (Haswell, no TSX, IBRS)
stepping	: 1
microcode	: 0x1
cpu MHz		: 2399.976
cache size	: 4096 KB
physical id	: 7
siblings	: 1
core id		: 0
cpu cores	: 1
apicid		: 7
initial apicid	: 7
fpu		: yes
fpu_exception	: yes
cpuid level	: 13
wp		: yes
flags		: fpu vme de pse tsc msr pae mce cx8 apic sep mtrr pge mca cmov pat pse36 clflush mmx fxsr sse sse2 syscall nx rdtscp lm constant_tsc rep_good nopl tsc_known_freq pni pclmulqdq ssse3 fma cx16 pcid sse4_1 sse4_2 x2apic movbe popcnt tsc_deadline_timer aes xsave avx f16c rdrand hypervisor lahf_lm abm invpcid_single ibrs ibpb kaiser fsgsbase bmi1 avx2 smep bmi2 erms invpcid xsaveopt arat
bugs		: cpu_meltdown spectre_v1 spectre_v2 spec_store_bypass l1tf mds swapgs itlb_multihit
bogomips	: 4799.95
clflush size	: 64
cache_alignment	: 64
address sizes	: 40 bits physical, 48 bits virtual
power management:



Memory: 4k page, physical 32946664k(1913068k free), swap 998396k(861424k free)

vm_info: OpenJDK 64-Bit Server VM (25.232-b09) for linux-amd64 JRE (1.8.0_232-b09), built on Oct 10 2019 05:03:18 by "openjdk" with gcc 4.4.7 20120313 (Red Hat 4.4.7-23)

time: Mon Jun  8 19:01:54 2020
timezone: EDT
elapsed time: 5 seconds (0d 0h 0m 5s)

