#
# There is insufficient memory for the Java Runtime Environment to continue.
# Native memory allocation (mmap) failed to map 65536 bytes for Failed to commit area from 0x00000211fc2e0000 to 0x00000211fc2f0000 of length 65536.
# Possible reasons:
#   The system is out of physical RAM or swap space
#   The process is running with CompressedOops enabled, and the Java Heap may be blocking the growth of the native heap
# Possible solutions:
#   Reduce memory load on the system
#   Increase physical memory or swap space
#   Check if swap backing store is full
#   Decrease Java heap size (-Xmx/-Xms)
#   Decrease number of Java threads
#   Decrease Java thread stack sizes (-Xss)
#   Set larger code cache with -XX:ReservedCodeCacheSize=
# This output file may be truncated or incomplete.
#
#  Out of Memory Error (./src/hotspot/os/windows/os_windows.cpp:3303), pid=9336, tid=10964
#
# JRE version:  (11.0.8+10) (build )
# Java VM: OpenJDK 64-Bit Server VM (11.0.8+10-b944.34, mixed mode, sharing, tiered, compressed oops, g1 gc, windows-amd64)
# No core dump will be written. Minidumps are not enabled by default on client versions of Windows
#

---------------  S U M M A R Y ------------

Command Line: org.jetbrains.git4idea.http.GitAskPassApp Username for 'https://github.com': 

Host: AMD Ryzen 5 3550H with Radeon Vega Mobile Gfx  , 8 cores, 15G,  Windows 10 , 64 bit Build 19041 (10.0.19041.1889)
Time: Thu Oct  6 21:28:29 2022 Bangladesh Standard Time elapsed time: 1 seconds (0d 0h 0m 1s)

---------------  T H R E A D  ---------------

Current thread (0x00000211f600d800):  JavaThread "Unknown thread" [_thread_in_vm, id=10964, stack(0x0000009df3200000,0x0000009df3300000)]

Stack: [0x0000009df3200000,0x0000009df3300000]
Native frames: (J=compiled Java code, j=interpreted, Vv=VM code, C=native code)
V  [jvm.dll+0x5de35a]
V  [jvm.dll+0x712355]
V  [jvm.dll+0x7138ad]
V  [jvm.dll+0x713f63]
V  [jvm.dll+0x23e628]
V  [jvm.dll+0x5db804]
V  [jvm.dll+0x5d0925]
V  [jvm.dll+0x2faf9b]
V  [jvm.dll+0x2faf0a]
V  [jvm.dll+0x2fade2]
V  [jvm.dll+0x2ffdc5]
V  [jvm.dll+0x3483eb]
V  [jvm.dll+0x348aa6]
V  [jvm.dll+0x3484a3]
V  [jvm.dll+0x2d5be8]
V  [jvm.dll+0x2d6d87]
V  [jvm.dll+0x6f10e7]
V  [jvm.dll+0x6f28dc]
V  [jvm.dll+0x3558f9]
V  [jvm.dll+0x6d492e]
V  [jvm.dll+0x3bdad3]
V  [jvm.dll+0x3bfd01]
C  [jli.dll+0x5373]
C  [ucrtbase.dll+0x21bb2]
C  [KERNEL32.DLL+0x17034]
C  [ntdll.dll+0x526a1]


---------------  P R O C E S S  ---------------

Threads class SMR info:
_java_thread_list=0x00000211f5e922c0, length=0, elements={
}

Java Threads: ( => current thread )

Other Threads:
  0x00000211f6024000 GCTaskThread "GC Thread#0" [stack: 0x0000009df3300000,0x0000009df3400000] [id=10812]
  0x00000211f607e800 ConcurrentGCThread "G1 Main Marker" [stack: 0x0000009df3400000,0x0000009df3500000] [id=5760]
  0x00000211f6081000 ConcurrentGCThread "G1 Conc#0" [stack: 0x0000009df3500000,0x0000009df3600000] [id=15036]

[error occurred during error reporting (printing all threads), id 0xc0000005, EXCEPTION_ACCESS_VIOLATION (0xc0000005) at pc=0x00007fffd38060c7]

VM state:not at safepoint (not fully initialized)

VM Mutex/Monitor currently owned by a thread:  ([mutex/lock_event])
[0x00000211f600b1f0] Heap_lock - owner thread: 0x00000211f600d800

Heap address: 0x0000000708e00000, size: 3954 MB, Compressed Oops mode: Non-zero based: 0x0000000708e00000
Narrow klass base: 0x0000000000000000, Narrow klass shift: 0

GC Heap History (0 events):
No events

Deoptimization events (0 events):
No events

Classes redefined (0 events):
No events

Internal exceptions (0 events):
No events

Events (1 events):
Event: 0.007 Loaded shared library D:\Program Files\JetBrains\IntelliJ IDEA 2020.2.3\jbr\bin\zip.dll


Dynamic libraries:
0x00007ff771710000 - 0x00007ff77171a000 	D:\Program Files\JetBrains\IntelliJ IDEA 2020.2.3\jbr\bin\java.exe
0x00007ff847670000 - 0x00007ff847868000 	C:\WINDOWS\SYSTEM32\ntdll.dll
0x00007ff845e20000 - 0x00007ff845edd000 	C:\WINDOWS\System32\KERNEL32.DLL
0x00007ff8450f0000 - 0x00007ff8453be000 	C:\WINDOWS\System32\KERNELBASE.dll
0x00007ff844f30000 - 0x00007ff845030000 	C:\WINDOWS\System32\ucrtbase.dll
0x00007ff82ef10000 - 0x00007ff82ef29000 	D:\Program Files\JetBrains\IntelliJ IDEA 2020.2.3\jbr\bin\jli.dll
0x00007ff82cd80000 - 0x00007ff82cd97000 	D:\Program Files\JetBrains\IntelliJ IDEA 2020.2.3\jbr\bin\VCRUNTIME140.dll
0x00007ff846a40000 - 0x00007ff846be0000 	C:\WINDOWS\System32\USER32.dll
0x00007ff8333b0000 - 0x00007ff83364a000 	C:\WINDOWS\WinSxS\amd64_microsoft.windows.common-controls_6595b64144ccf1df_6.0.19041.1110_none_60b5254171f9507e\COMCTL32.dll
0x00007ff845030000 - 0x00007ff845052000 	C:\WINDOWS\System32\win32u.dll
0x00007ff847240000 - 0x00007ff8472de000 	C:\WINDOWS\System32\msvcrt.dll
0x00007ff846d90000 - 0x00007ff846dba000 	C:\WINDOWS\System32\GDI32.dll
0x00007ff844db0000 - 0x00007ff844ebb000 	C:\WINDOWS\System32\gdi32full.dll
0x00007ff845550000 - 0x00007ff8455ed000 	C:\WINDOWS\System32\msvcp_win.dll
0x00007ff8475d0000 - 0x00007ff847600000 	C:\WINDOWS\System32\IMM32.DLL
0x00007fffe2130000 - 0x00007fffe21cd000 	D:\Program Files\JetBrains\IntelliJ IDEA 2020.2.3\jbr\bin\msvcp140.dll
0x00007fffd3520000 - 0x00007fffd3fdd000 	D:\Program Files\JetBrains\IntelliJ IDEA 2020.2.3\jbr\bin\server\jvm.dll
0x00007ff847100000 - 0x00007ff8471ae000 	C:\WINDOWS\System32\ADVAPI32.dll
0x00007ff847530000 - 0x00007ff8475cc000 	C:\WINDOWS\System32\sechost.dll
0x00007ff8456b0000 - 0x00007ff8457d5000 	C:\WINDOWS\System32\RPCRT4.dll
0x00007ff847230000 - 0x00007ff847238000 	C:\WINDOWS\System32\PSAPI.DLL
0x00007ff830370000 - 0x00007ff830379000 	C:\WINDOWS\SYSTEM32\WSOCK32.dll
0x00007ff83b060000 - 0x00007ff83b087000 	C:\WINDOWS\SYSTEM32\WINMM.dll
0x00007ff846fb0000 - 0x00007ff84701b000 	C:\WINDOWS\System32\WS2_32.dll
0x00007ff83e3b0000 - 0x00007ff83e3ba000 	C:\WINDOWS\SYSTEM32\VERSION.dll
0x00007ff842c30000 - 0x00007ff842c42000 	C:\WINDOWS\SYSTEM32\kernel.appcore.dll
0x00007ff831ff0000 - 0x00007ff832001000 	D:\Program Files\JetBrains\IntelliJ IDEA 2020.2.3\jbr\bin\verify.dll
0x00007ff839e50000 - 0x00007ff83a034000 	C:\WINDOWS\SYSTEM32\DBGHELP.DLL
0x00007ff839de0000 - 0x00007ff839e0c000 	C:\WINDOWS\SYSTEM32\dbgcore.DLL
0x00007ff845060000 - 0x00007ff8450e2000 	C:\WINDOWS\System32\bcryptPrimitives.dll
0x00007ff82aac0000 - 0x00007ff82aae9000 	D:\Program Files\JetBrains\IntelliJ IDEA 2020.2.3\jbr\bin\java.dll
0x00007ff83afe0000 - 0x00007ff83afeb000 	D:\Program Files\JetBrains\IntelliJ IDEA 2020.2.3\jbr\bin\jimage.dll
0x00007ff82c870000 - 0x00007ff82c888000 	D:\Program Files\JetBrains\IntelliJ IDEA 2020.2.3\jbr\bin\zip.dll

dbghelp: loaded successfully - version: 4.0.5 - missing functions: none
symbol engine: initialized successfully - sym options: 0x614 - pdb path: .;D:\Program Files\JetBrains\IntelliJ IDEA 2020.2.3\jbr\bin;C:\WINDOWS\SYSTEM32;C:\WINDOWS\WinSxS\amd64_microsoft.windows.common-controls_6595b64144ccf1df_6.0.19041.1110_none_60b5254171f9507e;D:\Program Files\JetBrains\IntelliJ IDEA 2020.2.3\jbr\bin\server

VM Arguments:
java_command: org.jetbrains.git4idea.http.GitAskPassApp Username for 'https://github.com': 
java_class_path (initial): D:/Program Files/JetBrains/IntelliJ IDEA 2020.2.3/plugins/git4idea/lib/git4idea-rt.jar;D:/Program Files/JetBrains/IntelliJ IDEA 2020.2.3/lib/xmlrpc-2.0.1.jar;D:/Program Files/JetBrains/IntelliJ IDEA 2020.2.3/lib/commons-codec-1.14.jar
Launcher Type: SUN_STANDARD

[Global flags]
     intx CICompilerCount                          = 4                                         {product} {ergonomic}
     uint ConcGCThreads                            = 2                                         {product} {ergonomic}
     uint G1ConcRefinementThreads                  = 8                                         {product} {ergonomic}
   size_t G1HeapRegionSize                         = 1048576                                   {product} {ergonomic}
    uintx GCDrainStackTargetSize                   = 64                                        {product} {ergonomic}
   size_t InitialHeapSize                          = 260046848                                 {product} {ergonomic}
   size_t MarkStackSize                            = 4194304                                   {product} {ergonomic}
   size_t MaxHeapSize                              = 4146069504                                {product} {ergonomic}
   size_t MinHeapDeltaBytes                        = 1048576                                   {product} {ergonomic}
    uintx NonNMethodCodeHeapSize                   = 5836300                                {pd product} {ergonomic}
    uintx NonProfiledCodeHeapSize                  = 122910970                              {pd product} {ergonomic}
    uintx ProfiledCodeHeapSize                     = 122910970                              {pd product} {ergonomic}
    uintx ReservedCodeCacheSize                    = 251658240                              {pd product} {ergonomic}
     bool SegmentedCodeCache                       = true                                      {product} {ergonomic}
     bool UseCompressedClassPointers               = true                                 {lp64_product} {ergonomic}
     bool UseCompressedOops                        = true                                 {lp64_product} {ergonomic}
     bool UseG1GC                                  = true                                      {product} {ergonomic}
     bool UseLargePagesIndividualAllocation        = false                                  {pd product} {ergonomic}

Logging:
Log output configuration:
 #0: stdout all=warning uptime,level,tags
 #1: stderr all=off uptime,level,tags

Environment Variables:
PATH=D:\Program Files\Git2\mingw64\libexec\git-core;D:\Program Files\Git2\mingw64\libexec\git-core;D:\Program Files\Git2\mingw64\bin;D:\Program Files\Git2\usr\bin;C:\Users\ASUS\bin;C:\Program Files (x86)\Microsoft SDKs\Azure\CLI2\wbin;C:\Windows\system32;C:\Windows;C:\Windows\System32\Wbem;C:\Windows\System32\WindowsPowerShell\v1.0;C:\Windows\System32\OpenSSH;C:\WINDOWS\system32;C:\WINDOWS;C:\WINDOWS\System32\Wbem;C:\WINDOWS\System32\WindowsPowerShell\v1.0;C:\WINDOWS\System32\OpenSSH;C:\Program Files (x86)\NVIDIA Corporation\PhysX\Common;C:\Program Files\NVIDIA Corporation\NVIDIA NvDLISR;D:\xampp\php\php.exe;D:\Program Files\Git2\cmd;C:\Program Files\MySQL\MySQL Server 8.0\bin;D:\Program Files\nodejs;C:\Users\ASUS\AppData\Roaming\npm;D:\Program Files\PuTTY;C:\Users\ASUS\AppData\Local\Yarn\bin;D:\Python;D:\Python\Scripts;C:\Program Files\dotnet;D:\Program Files\Java\jdk-11.0.14\bin;C:\Users\ASUS\.azure-kubectl;C:\Users\ASUS\.azure-kubelogin;C:\ProgramData\chocolatey\bin;C:\Program Files\Go\bin;C:\Program Files (x86)\dotnet;D:\Downloads\Compressed\apache-maven-3.8.6-bin\apache-maven-3.8.6\bin;C:\Users\ASUS\AppData\Local\Microsoft\WindowsApps;D:\xampp\php;C:\Users\ASUS\AppData\Local\ComposerSetup\bin;C:\Users\ASUS\AppData\Roaming\Composer\vendor\bin;D:\composer\vendor\bin;C:\Users\ASUS\AppData\Local\Programs\Microsoft VS Code\bin;C:\Program Files\MySQL\MySQL Shell 8.0\bin;D:\Program Files\MongoDB\Server\4.4\bin;C:\Users\ASUS\AppData\Local\Yarn\bin;D:\Program Files\JetBrains\PyCharm 2021.3.2\bin;D:\Program Files\JetBrains\WebStorm 2021.3.2\bin;D:\Program Files\heroku\bin;C:\Users\ASUS\go\bin;D:\Downloads\Compressed\apache-maven-3.8.6-bin\apache-maven-3.8.6\bin
USERNAME=ASUS
DISPLAY=:0.0
LC_ALL=en_US.UTF-8
OS=Windows_NT
PROCESSOR_IDENTIFIER=AMD64 Family 23 Model 24 Stepping 1, AuthenticAMD



---------------  S Y S T E M  ---------------

OS: Windows 10 , 64 bit Build 19041 (10.0.19041.1889)
OS uptime: 9 days 2:36 hours

CPU:total 8 (initial active 8) (8 cores per cpu, 2 threads per core) family 23 model 24 stepping 1, cmov, cx8, fxsr, mmx, sse, sse2, sse3, ssse3, sse4.1, sse4.2, popcnt, avx, avx2, aes, clmul, mmxext, 3dnowpref, lzcnt, sse4a, ht, tsc, tscinvbit, tscinv, bmi1, bmi2, adx, sha, fma

Memory: 4k page, system-wide physical 15809M (1152M free)
TotalPageFile size 30931M (AvailPageFile size 4M)
current process WorkingSet (physical memory assigned to process): 18M, peak: 18M
current process commit charge ("private bytes"): 317M, peak: 317M

vm_info: OpenJDK 64-Bit Server VM (11.0.8+10-b944.34) for windows-amd64 JRE (11.0.8+10-b944.34), built on Sep 11 2020 15:32:11 by "" with MS VC++ 14.0 (VS2015)

END.
