[2020-11-23 10:22:17] [build] [2020-11-23 10:22:17] Build directory is /media/data/muse2/muse2repo_apk_mutation_reach_src/ProtectBabyMonitor/.
[2020-11-23 10:22:17] [build] [2020-11-23 10:22:17] [autobuild] > chmod +x gradlew
[2020-11-23 10:22:17] [build] [2020-11-23 10:22:17] [autobuild] > ./gradlew -Dorg.gradle.caching=false --no-daemon -S clean
[2020-11-23 10:22:23] [build] [2020-11-23 10:22:23] [autobuild] Incremental java compilation is an incubating feature.
[2020-11-23 10:22:23] [build] [2020-11-23 10:22:23] [autobuild] :app:clean
[2020-11-23 10:22:23] [build] [2020-11-23 10:22:23] [autobuild] BUILD SUCCESSFUL
[2020-11-23 10:22:23] [build] [2020-11-23 10:22:23] [autobuild] Total time: 5.601 secs
[2020-11-23 10:22:23] [build] [2020-11-23 10:22:23] [autobuild] > ./gradlew -Dorg.gradle.caching=false --no-daemon -S assemble
[2020-11-23 10:22:29] [build] [2020-11-23 10:22:29] [autobuild] Incremental java compilation is an incubating feature.
[2020-11-23 10:22:29] [build] [2020-11-23 10:22:29] [autobuild] :app:preBuild UP-TO-DATE
[2020-11-23 10:22:29] [build] [2020-11-23 10:22:29] [autobuild] :app:preDebugBuild UP-TO-DATE
[2020-11-23 10:22:29] [build] [2020-11-23 10:22:29] [autobuild] :app:checkDebugManifest
[2020-11-23 10:22:29] [build] [2020-11-23 10:22:29] [autobuild] :app:prepareDebugDependencies
[2020-11-23 10:22:29] [build] [2020-11-23 10:22:29] [autobuild] :app:compileDebugAidl
[2020-11-23 10:22:29] [build] [2020-11-23 10:22:29] [autobuild] :app:compileDebugRenderscript
[2020-11-23 10:22:29] [build] [2020-11-23 10:22:29] [autobuild] :app:generateDebugBuildConfig
[2020-11-23 10:22:29] [build] [2020-11-23 10:22:29] [autobuild] :app:generateDebugResValues
[2020-11-23 10:22:29] [build] [2020-11-23 10:22:29] [autobuild] :app:generateDebugResources
[2020-11-23 10:22:29] [build] [2020-11-23 10:22:29] [autobuild] :app:mergeDebugResources
[2020-11-23 10:22:29] [build] [2020-11-23 10:22:29] [autobuild] :app:processDebugManifest
[2020-11-23 10:22:30] [build] [2020-11-23 10:22:30] [autobuild] :app:processDebugResources
[2020-11-23 10:22:30] [build] [2020-11-23 10:22:30] [autobuild] :app:generateDebugSources
[2020-11-23 10:22:30] [build] [2020-11-23 10:22:30] [autobuild] :app:incrementalDebugJavaCompilationSafeguard
[2020-11-23 10:22:30] [build] [2020-11-23 10:22:30] [autobuild] :app:compileDebugJavaWithJavac
[2020-11-23 10:22:30] [build] [2020-11-23 10:22:30] [autobuild] :app:compileDebugJavaWithJavac - is not incremental (e.g. outputs have changed, no previous execution, etc.).
[2020-11-23 10:22:35] [build] [2020-11-23 10:22:35] [autobuild] :app:compileDebugNdk UP-TO-DATE
[2020-11-23 10:22:35] [build] [2020-11-23 10:22:35] [autobuild] :app:compileDebugSources
[2020-11-23 10:22:35] [build] [2020-11-23 10:22:35] [autobuild] :app:mergeDebugShaders
[2020-11-23 10:22:35] [build] [2020-11-23 10:22:35] [autobuild] :app:compileDebugShaders
[2020-11-23 10:22:35] [build] [2020-11-23 10:22:35] [autobuild] :app:generateDebugAssets
[2020-11-23 10:22:35] [build] [2020-11-23 10:22:35] [autobuild] :app:mergeDebugAssets
[2020-11-23 10:22:36] [build] [2020-11-23 10:22:36] [autobuild] :app:transformClassesWithDexForDebug
[2020-11-23 10:22:36] [build] [2020-11-23 10:22:36] [autobuild] :app:mergeDebugJniLibFolders
[2020-11-23 10:22:36] [build] [2020-11-23 10:22:36] [autobuild] :app:transformNative_libsWithMergeJniLibsForDebug
[2020-11-23 10:22:36] [build] [2020-11-23 10:22:36] [autobuild] :app:processDebugJavaRes UP-TO-DATE
[2020-11-23 10:22:36] [build] [2020-11-23 10:22:36] [autobuild] :app:transformResourcesWithMergeJavaResForDebug
[2020-11-23 10:22:36] [build] [2020-11-23 10:22:36] [autobuild] :app:validateSigningDebug
[2020-11-23 10:22:37] [build] [2020-11-23 10:22:37] [autobuild] :app:packageDebug
[2020-11-23 10:22:37] [build] [2020-11-23 10:22:37] [autobuild] :app:assembleDebug
[2020-11-23 10:22:37] [build] [2020-11-23 10:22:37] [autobuild] :app:preReleaseBuild UP-TO-DATE
[2020-11-23 10:22:37] [build] [2020-11-23 10:22:37] [autobuild] :app:checkReleaseManifest
[2020-11-23 10:22:37] [build] [2020-11-23 10:22:37] [autobuild] :app:prepareReleaseDependencies
[2020-11-23 10:22:37] [build] [2020-11-23 10:22:37] [autobuild] :app:compileReleaseAidl
[2020-11-23 10:22:37] [build] [2020-11-23 10:22:37] [autobuild] :app:compileReleaseRenderscript
[2020-11-23 10:22:37] [build] [2020-11-23 10:22:37] [autobuild] :app:generateReleaseBuildConfig
[2020-11-23 10:22:37] [build] [2020-11-23 10:22:37] [autobuild] :app:generateReleaseResValues
[2020-11-23 10:22:37] [build] [2020-11-23 10:22:37] [autobuild] :app:generateReleaseResources
[2020-11-23 10:22:37] [build] [2020-11-23 10:22:37] [autobuild] :app:mergeReleaseResources
[2020-11-23 10:22:37] [build] [2020-11-23 10:22:37] [autobuild] :app:processReleaseManifest
[2020-11-23 10:22:37] [build] [2020-11-23 10:22:37] [autobuild] :app:processReleaseResources
[2020-11-23 10:22:37] [build] [2020-11-23 10:22:37] [autobuild] :app:generateReleaseSources
[2020-11-23 10:22:37] [build] [2020-11-23 10:22:37] [autobuild] :app:incrementalReleaseJavaCompilationSafeguard
[2020-11-23 10:22:37] [build] [2020-11-23 10:22:37] [autobuild] :app:compileReleaseJavaWithJavac
[2020-11-23 10:22:37] [build] [2020-11-23 10:22:37] [autobuild] :app:compileReleaseJavaWithJavac - is not incremental (e.g. outputs have changed, no previous execution, etc.).
[2020-11-23 10:22:39] [build] [2020-11-23 10:22:39] [autobuild] :app:compileReleaseNdk UP-TO-DATE
[2020-11-23 10:22:39] [build] [2020-11-23 10:22:39] [autobuild] :app:compileReleaseSources
[2020-11-23 10:22:40] [build] [2020-11-23 10:22:40] [autobuild] [Fatal Error] :3:214: The value of attribute "name" associated with an element type "item" must not contain the '<' character.
[2020-11-23 10:22:40] [build] [2020-11-23 10:22:40] [autobuild] Could not read /media/data/Android/Sdk/platform-tools/api/annotations.zip
[2020-11-23 10:22:40] [build] [2020-11-23 10:22:40] [autobuild] java.io.IOException: Could not parse XML from android/accounts/annotations.xml
[2020-11-23 10:22:40] [build] [2020-11-23 10:22:40] [autobuild] 	at com.android.tools.lint.ExternalAnnotationRepository$AnnotationsDatabase.initializePackage(ExternalAnnotationRepository.java:906)
[2020-11-23 10:22:40] [build] [2020-11-23 10:22:40] [autobuild] 	at com.android.tools.lint.ExternalAnnotationRepository$AnnotationsDatabase.initializeFromJar(ExternalAnnotationRepository.java:849)
[2020-11-23 10:22:40] [build] [2020-11-23 10:22:40] [autobuild] 	at com.android.tools.lint.ExternalAnnotationRepository$AnnotationsDatabase.<init>(ExternalAnnotationRepository.java:597)
[2020-11-23 10:22:40] [build] [2020-11-23 10:22:40] [autobuild] 	at com.android.tools.lint.ExternalAnnotationRepository.getDatabase(ExternalAnnotationRepository.java:242)
[2020-11-23 10:22:40] [build] [2020-11-23 10:22:40] [autobuild] 	at com.android.tools.lint.ExternalAnnotationRepository.create(ExternalAnnotationRepository.java:181)
[2020-11-23 10:22:40] [build] [2020-11-23 10:22:40] [autobuild] 	at com.android.tools.lint.ExternalAnnotationRepository.get(ExternalAnnotationRepository.java:162)
[2020-11-23 10:22:40] [build] [2020-11-23 10:22:40] [autobuild] 	at com.android.tools.lint.psi.EcjPsiManager.getAnnotationRepository(EcjPsiManager.java:883)
[2020-11-23 10:22:40] [build] [2020-11-23 10:22:40] [autobuild] 	at com.android.tools.lint.psi.EcjPsiJavaEvaluator.getAllAnnotations(EcjPsiJavaEvaluator.java:263)
[2020-11-23 10:22:40] [build] [2020-11-23 10:22:40] [autobuild] 	at com.android.tools.lint.checks.SupportAnnotationDetector$CallVisitor.checkCall(SupportAnnotationDetector.java:1981)
[2020-11-23 10:22:40] [build] [2020-11-23 10:22:40] [autobuild] 	at com.android.tools.lint.checks.SupportAnnotationDetector$CallVisitor.visitCallExpression(SupportAnnotationDetector.java:1966)
[2020-11-23 10:22:40] [build] [2020-11-23 10:22:40] [autobuild] 	at com.android.tools.lint.client.api.JavaPsiVisitor$DispatchPsiVisitor.visitCallExpression(JavaPsiVisitor.java:1029)
[2020-11-23 10:22:40] [build] [2020-11-23 10:22:40] [autobuild] 	at com.intellij.psi.JavaElementVisitor.visitMethodCallExpression(JavaElementVisitor.java:183)
[2020-11-23 10:22:40] [build] [2020-11-23 10:22:40] [autobuild] 	at com.android.tools.lint.client.api.JavaPsiVisitor$DispatchPsiVisitor.visitMethodCallExpression(JavaPsiVisitor.java:1021)
[2020-11-23 10:22:40] [build] [2020-11-23 10:22:40] [autobuild] 	at com.android.tools.lint.client.api.JavaPsiVisitor$DelegatingPsiVisitor.visitMethodCallExpression(JavaPsiVisitor.java:1667)
[2020-11-23 10:22:40] [build] [2020-11-23 10:22:40] [autobuild] 	at com.android.tools.lint.psi.EcjPsiMethodCallExpression.accept(EcjPsiMethodCallExpression.java:40)
[2020-11-23 10:22:40] [build] [2020-11-23 10:22:40] [autobuild] 	at com.android.tools.lint.psi.EcjPsiSourceElement.acceptChildren(EcjPsiSourceElement.java:85)
[2020-11-23 10:22:40] [build] [2020-11-23 10:22:40] [autobuild] 	at com.intellij.psi.JavaRecursiveElementVisitor.visitElement(JavaRecursiveElementVisitor.java:62)
[2020-11-23 10:22:40] [build] [2020-11-23 10:22:40] [autobuild] 	at com.intellij.psi.JavaElementVisitor.visitStatement(JavaElementVisitor.java:272)
[2020-11-23 10:22:40] [build] [2020-11-23 10:22:40] [autobuild] 	at com.android.tools.lint.client.api.JavaPsiVisitor$DispatchPsiVisitor.visitStatement(JavaPsiVisitor.java:1246)
[2020-11-23 10:22:40] [build] [2020-11-23 10:22:40] [autobuild] 	at com.intellij.psi.JavaElementVisitor.visitExpressionStatement(JavaElementVisitor.java:115)
[2020-11-23 10:22:40] [build] [2020-11-23 10:22:40] [autobuild] 	at com.android.tools.lint.client.api.JavaPsiVisitor$DispatchPsiVisitor.visitExpressionStatement(JavaPsiVisitor.java:834)
[2020-11-23 10:22:40] [build] [2020-11-23 10:22:40] [autobuild] 	at com.android.tools.lint.psi.EcjPsiExpressionStatement.accept(EcjPsiExpressionStatement.java:50)
[2020-11-23 10:22:40] [build] [2020-11-23 10:22:40] [autobuild] 	at com.android.tools.lint.psi.EcjPsiSourceElement.acceptChildren(EcjPsiSourceElement.java:85)
[2020-11-23 10:22:40] [build] [2020-11-23 10:22:40] [autobuild] 	at com.intellij.psi.JavaRecursiveElementVisitor.visitElement(JavaRecursiveElementVisitor.java:62)
[2020-11-23 10:22:40] [build] [2020-11-23 10:22:40] [autobuild] 	at com.intellij.psi.JavaElementVisitor.visitCodeBlock(JavaElementVisitor.java:67)
[2020-11-23 10:22:40] [build] [2020-11-23 10:22:40] [autobuild] 	at com.android.tools.lint.client.api.JavaPsiVisitor$DispatchPsiVisitor.visitCodeBlock(JavaPsiVisitor.java:701)
[2020-11-23 10:22:40] [build] [2020-11-23 10:22:40] [autobuild] 	at com.android.tools.lint.psi.EcjPsiCodeBlock.accept(EcjPsiCodeBlock.java:39)
[2020-11-23 10:22:40] [build] [2020-11-23 10:22:40] [autobuild] 	at com.android.tools.lint.psi.EcjPsiSourceElement.acceptChildren(EcjPsiSourceElement.java:85)
[2020-11-23 10:22:40] [build] [2020-11-23 10:22:40] [autobuild] 	at com.intellij.psi.JavaRecursiveElementVisitor.visitElement(JavaRecursiveElementVisitor.java:62)
[2020-11-23 10:22:40] [build] [2020-11-23 10:22:40] [autobuild] 	at com.intellij.psi.JavaElementVisitor.visitStatement(JavaElementVisitor.java:272)
[2020-11-23 10:22:40] [build] [2020-11-23 10:22:40] [autobuild] 	at com.android.tools.lint.client.api.JavaPsiVisitor$DispatchPsiVisitor.visitStatement(JavaPsiVisitor.java:1246)
[2020-11-23 10:22:40] [build] [2020-11-23 10:22:40] [autobuild] 	at com.intellij.psi.JavaElementVisitor.visitTryStatement(JavaElementVisitor.java:300)
[2020-11-23 10:22:40] [build] [2020-11-23 10:22:40] [autobuild] 	at com.android.tools.lint.client.api.JavaPsiVisitor$DispatchPsiVisitor.visitTryStatement(JavaPsiVisitor.java:1323)
[2020-11-23 10:22:40] [build] [2020-11-23 10:22:40] [autobuild] 	at com.android.tools.lint.psi.EcjPsiTryStatement.accept(EcjPsiTryStatement.java:67)
[2020-11-23 10:22:40] [build] [2020-11-23 10:22:40] [autobuild] 	at com.android.tools.lint.psi.EcjPsiSourceElement.acceptChildren(EcjPsiSourceElement.java:85)
[2020-11-23 10:22:40] [build] [2020-11-23 10:22:40] [autobuild] 	at com.intellij.psi.JavaRecursiveElementVisitor.visitElement(JavaRecursiveElementVisitor.java:62)
[2020-11-23 10:22:40] [build] [2020-11-23 10:22:40] [autobuild] 	at com.intellij.psi.JavaElementVisitor.visitCodeBlock(JavaElementVisitor.java:67)
[2020-11-23 10:22:40] [build] [2020-11-23 10:22:40] [autobuild] 	at com.android.tools.lint.client.api.JavaPsiVisitor$DispatchPsiVisitor.visitCodeBlock(JavaPsiVisitor.java:701)
[2020-11-23 10:22:40] [build] [2020-11-23 10:22:40] [autobuild] 	at com.android.tools.lint.psi.EcjPsiCodeBlock.accept(EcjPsiCodeBlock.java:39)
[2020-11-23 10:22:40] [build] [2020-11-23 10:22:40] [autobuild] 	at com.android.tools.lint.psi.EcjPsiSourceElement.acceptChildren(EcjPsiSourceElement.java:85)
[2020-11-23 10:22:40] [build] [2020-11-23 10:22:40] [autobuild] 	at com.intellij.psi.JavaRecursiveElementVisitor.visitElement(JavaRecursiveElementVisitor.java:62)
[2020-11-23 10:22:40] [build] [2020-11-23 10:22:40] [autobuild] 	at com.intellij.psi.JavaElementVisitor.visitMethod(JavaElementVisitor.java:179)
[2020-11-23 10:22:40] [build] [2020-11-23 10:22:40] [autobuild] 	at com.android.tools.lint.client.api.JavaPsiVisitor$DispatchPsiVisitor.visitMethod(JavaPsiVisitor.java:1010)
[2020-11-23 10:22:40] [build] [2020-11-23 10:22:40] [autobuild] 	at com.android.tools.lint.psi.EcjPsiMethod.accept(EcjPsiMethod.java:105)
[2020-11-23 10:22:40] [build] [2020-11-23 10:22:40] [autobuild] 	at com.android.tools.lint.psi.EcjPsiSourceElement.acceptChildren(EcjPsiSourceElement.java:85)
[2020-11-23 10:22:40] [build] [2020-11-23 10:22:40] [autobuild] 	at com.intellij.psi.JavaRecursiveElementVisitor.visitElement(JavaRecursiveElementVisitor.java:62)
[2020-11-23 10:22:40] [build] [2020-11-23 10:22:40] [autobuild] 	at com.intellij.psi.JavaElementVisitor.visitClass(JavaElementVisitor.java:55)
[2020-11-23 10:22:40] [build] [2020-11-23 10:22:40] [autobuild] 	at com.android.tools.lint.client.api.JavaPsiVisitor$DispatchPsiVisitor.visitClass(JavaPsiVisitor.java:667)
[2020-11-23 10:22:40] [build] [2020-11-23 10:22:40] [autobuild] 	at com.android.tools.lint.psi.EcjPsiClass.accept(EcjPsiClass.java:642)
[2020-11-23 10:22:40] [build] [2020-11-23 10:22:40] [autobuild] 	at com.android.tools.lint.psi.EcjPsiSourceElement.acceptChildren(EcjPsiSourceElement.java:85)
[2020-11-23 10:22:40] [build] [2020-11-23 10:22:40] [autobuild] 	at com.intellij.psi.JavaRecursiveElementVisitor.visitElement(JavaRecursiveElementVisitor.java:62)
[2020-11-23 10:22:40] [build] [2020-11-23 10:22:40] [autobuild] 	at com.intellij.psi.PsiElementVisitor.visitFile(PsiElementVisitor.java:34)
[2020-11-23 10:22:40] [build] [2020-11-23 10:22:40] [autobuild] 	at com.intellij.psi.JavaElementVisitor.visitJavaFile(JavaElementVisitor.java:336)
[2020-11-23 10:22:40] [build] [2020-11-23 10:22:40] [autobuild] 	at com.android.tools.lint.client.api.JavaPsiVisitor$DispatchPsiVisitor.visitJavaFile(JavaPsiVisitor.java:1411)
[2020-11-23 10:22:40] [build] [2020-11-23 10:22:40] [autobuild] 	at com.android.tools.lint.psi.EcjPsiJavaFile.accept(EcjPsiJavaFile.java:111)
[2020-11-23 10:22:40] [build] [2020-11-23 10:22:40] [autobuild] 	at com.android.tools.lint.client.api.JavaPsiVisitor$4.run(JavaPsiVisitor.java:327)
[2020-11-23 10:22:40] [build] [2020-11-23 10:22:40] [autobuild] 	at com.android.tools.lint.EcjParser.runReadAction(EcjParser.java:1115)
[2020-11-23 10:22:40] [build] [2020-11-23 10:22:40] [autobuild] 	at com.android.tools.lint.client.api.JavaPsiVisitor.visitFile(JavaPsiVisitor.java:321)
[2020-11-23 10:22:40] [build] [2020-11-23 10:22:40] [autobuild] 	at com.android.tools.lint.client.api.LintDriver.visitJavaFiles(LintDriver.java:1571)
[2020-11-23 10:22:40] [build] [2020-11-23 10:22:40] [autobuild] 	at com.android.tools.lint.client.api.LintDriver.checkJava(LintDriver.java:1551)
[2020-11-23 10:22:40] [build] [2020-11-23 10:22:40] [autobuild] 	at com.android.tools.lint.client.api.LintDriver.runFileDetectors(LintDriver.java:1090)
[2020-11-23 10:22:40] [build] [2020-11-23 10:22:40] [autobuild] 	at com.android.tools.lint.client.api.LintDriver.checkProject(LintDriver.java:935)
[2020-11-23 10:22:40] [build] [2020-11-23 10:22:40] [autobuild] 	at com.android.tools.lint.client.api.LintDriver.analyze(LintDriver.java:454)
[2020-11-23 10:22:40] [build] [2020-11-23 10:22:40] [autobuild] 	at com.android.tools.lint.client.api.LintDriver.analyze(LintDriver.java:395)
[2020-11-23 10:22:40] [build] [2020-11-23 10:22:40] [autobuild] 	at com.android.tools.lint.LintCliClient.run(LintCliClient.java:131)
[2020-11-23 10:22:40] [build] [2020-11-23 10:22:40] [autobuild] 	at com.android.build.gradle.internal.LintGradleClient.run(LintGradleClient.java:146)
[2020-11-23 10:22:40] [build] [2020-11-23 10:22:40] [autobuild] 	at com.android.build.gradle.tasks.Lint.runLint(Lint.java:255)
[2020-11-23 10:22:40] [build] [2020-11-23 10:22:40] [autobuild] 	at com.android.build.gradle.tasks.Lint.lintSingleVariant(Lint.java:224)
[2020-11-23 10:22:40] [build] [2020-11-23 10:22:40] [autobuild] 	at com.android.build.gradle.tasks.Lint.lint(Lint.java:109)
[2020-11-23 10:22:40] [build] [2020-11-23 10:22:40] [autobuild] 	at sun.reflect.NativeMethodAccessorImpl.invoke0(Native Method)
[2020-11-23 10:22:40] [build] [2020-11-23 10:22:40] [autobuild] 	at sun.reflect.NativeMethodAccessorImpl.invoke(NativeMethodAccessorImpl.java:62)
[2020-11-23 10:22:40] [build] [2020-11-23 10:22:40] [autobuild] 	at sun.reflect.DelegatingMethodAccessorImpl.invoke(DelegatingMethodAccessorImpl.java:43)
[2020-11-23 10:22:40] [build] [2020-11-23 10:22:40] [autobuild] 	at java.lang.reflect.Method.invoke(Method.java:498)
[2020-11-23 10:22:40] [build] [2020-11-23 10:22:40] [autobuild] 	at org.gradle.internal.reflect.JavaMethod.invoke(JavaMethod.java:75)
[2020-11-23 10:22:40] [build] [2020-11-23 10:22:40] [autobuild] 	at org.gradle.api.internal.project.taskfactory.AnnotationProcessingTaskFactory$StandardTaskAction.doExecute(AnnotationProcessingTaskFactory.java:228)
[2020-11-23 10:22:40] [build] [2020-11-23 10:22:40] [autobuild] 	at org.gradle.api.internal.project.taskfactory.AnnotationProcessingTaskFactory$StandardTaskAction.execute(AnnotationProcessingTaskFactory.java:221)
[2020-11-23 10:22:40] [build] [2020-11-23 10:22:40] [autobuild] 	at org.gradle.api.internal.project.taskfactory.AnnotationProcessingTaskFactory$StandardTaskAction.execute(AnnotationProcessingTaskFactory.java:210)
[2020-11-23 10:22:40] [build] [2020-11-23 10:22:40] [autobuild] 	at org.gradle.api.internal.AbstractTask$TaskActionWrapper.execute(AbstractTask.java:621)
[2020-11-23 10:22:40] [build] [2020-11-23 10:22:40] [autobuild] 	at org.gradle.api.internal.AbstractTask$TaskActionWrapper.execute(AbstractTask.java:604)
[2020-11-23 10:22:40] [build] [2020-11-23 10:22:40] [autobuild] 	at org.gradle.api.internal.tasks.execution.ExecuteActionsTaskExecuter.executeAction(ExecuteActionsTaskExecuter.java:80)
[2020-11-23 10:22:40] [build] [2020-11-23 10:22:40] [autobuild] 	at org.gradle.api.internal.tasks.execution.ExecuteActionsTaskExecuter.executeActions(ExecuteActionsTaskExecuter.java:61)
[2020-11-23 10:22:40] [build] [2020-11-23 10:22:40] [autobuild] 	at org.gradle.api.internal.tasks.execution.ExecuteActionsTaskExecuter.execute(ExecuteActionsTaskExecuter.java:46)
[2020-11-23 10:22:40] [build] [2020-11-23 10:22:40] [autobuild] 	at org.gradle.api.internal.tasks.execution.PostExecutionAnalysisTaskExecuter.execute(PostExecutionAnalysisTaskExecuter.java:35)
[2020-11-23 10:22:40] [build] [2020-11-23 10:22:40] [autobuild] 	at org.gradle.api.internal.tasks.execution.SkipUpToDateTaskExecuter.execute(SkipUpToDateTaskExecuter.java:66)
[2020-11-23 10:22:40] [build] [2020-11-23 10:22:40] [autobuild] 	at org.gradle.api.internal.tasks.execution.ValidatingTaskExecuter.execute(ValidatingTaskExecuter.java:58)
[2020-11-23 10:22:40] [build] [2020-11-23 10:22:40] [autobuild] 	at org.gradle.api.internal.tasks.execution.SkipEmptySourceFilesTaskExecuter.execute(SkipEmptySourceFilesTaskExecuter.java:52)
[2020-11-23 10:22:40] [build] [2020-11-23 10:22:40] [autobuild] 	at org.gradle.api.internal.tasks.execution.SkipTaskWithNoActionsExecuter.execute(SkipTaskWithNoActionsExecuter.java:52)
[2020-11-23 10:22:40] [build] [2020-11-23 10:22:40] [autobuild] 	at org.gradle.api.internal.tasks.execution.SkipOnlyIfTaskExecuter.execute(SkipOnlyIfTaskExecuter.java:53)
[2020-11-23 10:22:40] [build] [2020-11-23 10:22:40] [autobuild] 	at org.gradle.api.internal.tasks.execution.ExecuteAtMostOnceTaskExecuter.execute(ExecuteAtMostOnceTaskExecuter.java:43)
[2020-11-23 10:22:40] [build] [2020-11-23 10:22:40] [autobuild] 	at org.gradle.execution.taskgraph.DefaultTaskGraphExecuter$EventFiringTaskWorker.execute(DefaultTaskGraphExecuter.java:203)
[2020-11-23 10:22:40] [build] [2020-11-23 10:22:40] [autobuild] 	at org.gradle.execution.taskgraph.DefaultTaskGraphExecuter$EventFiringTaskWorker.execute(DefaultTaskGraphExecuter.java:185)
[2020-11-23 10:22:40] [build] [2020-11-23 10:22:40] [autobuild] 	at org.gradle.execution.taskgraph.AbstractTaskPlanExecutor$TaskExecutorWorker.processTask(AbstractTaskPlanExecutor.java:66)
[2020-11-23 10:22:40] [build] [2020-11-23 10:22:40] [autobuild] 	at org.gradle.execution.taskgraph.AbstractTaskPlanExecutor$TaskExecutorWorker.run(AbstractTaskPlanExecutor.java:50)
[2020-11-23 10:22:40] [build] [2020-11-23 10:22:40] [autobuild] 	at org.gradle.execution.taskgraph.DefaultTaskPlanExecutor.process(DefaultTaskPlanExecutor.java:25)
[2020-11-23 10:22:40] [build] [2020-11-23 10:22:40] [autobuild] 	at org.gradle.execution.taskgraph.DefaultTaskGraphExecuter.execute(DefaultTaskGraphExecuter.java:110)
[2020-11-23 10:22:40] [build] [2020-11-23 10:22:40] [autobuild] 	at org.gradle.execution.SelectedTaskExecutionAction.execute(SelectedTaskExecutionAction.java:37)
[2020-11-23 10:22:40] [build] [2020-11-23 10:22:40] [autobuild] 	at org.gradle.execution.DefaultBuildExecuter.execute(DefaultBuildExecuter.java:37)
[2020-11-23 10:22:40] [build] [2020-11-23 10:22:40] [autobuild] 	at org.gradle.execution.DefaultBuildExecuter.access$000(DefaultBuildExecuter.java:23)
[2020-11-23 10:22:40] [build] [2020-11-23 10:22:40] [autobuild] 	at org.gradle.execution.DefaultBuildExecuter$1.proceed(DefaultBuildExecuter.java:43)
[2020-11-23 10:22:40] [build] [2020-11-23 10:22:40] [autobuild] 	at org.gradle.execution.DryRunBuildExecutionAction.execute(DryRunBuildExecutionAction.java:32)
[2020-11-23 10:22:40] [build] [2020-11-23 10:22:40] [autobuild] 	at org.gradle.execution.DefaultBuildExecuter.execute(DefaultBuildExecuter.java:37)
[2020-11-23 10:22:40] [build] [2020-11-23 10:22:40] [autobuild] 	at org.gradle.execution.DefaultBuildExecuter.execute(DefaultBuildExecuter.java:30)
[2020-11-23 10:22:40] [build] [2020-11-23 10:22:40] [autobuild] 	at org.gradle.initialization.DefaultGradleLauncher$4.run(DefaultGradleLauncher.java:153)
[2020-11-23 10:22:40] [build] [2020-11-23 10:22:40] [autobuild] 	at org.gradle.internal.Factories$1.create(Factories.java:22)
[2020-11-23 10:22:40] [build] [2020-11-23 10:22:40] [autobuild] 	at org.gradle.internal.progress.DefaultBuildOperationExecutor.run(DefaultBuildOperationExecutor.java:91)
[2020-11-23 10:22:40] [build] [2020-11-23 10:22:40] [autobuild] 	at org.gradle.internal.progress.DefaultBuildOperationExecutor.run(DefaultBuildOperationExecutor.java:53)
[2020-11-23 10:22:40] [build] [2020-11-23 10:22:40] [autobuild] 	at org.gradle.initialization.DefaultGradleLauncher.doBuildStages(DefaultGradleLauncher.java:150)
[2020-11-23 10:22:40] [build] [2020-11-23 10:22:40] [autobuild] 	at org.gradle.initialization.DefaultGradleLauncher.access$200(DefaultGradleLauncher.java:32)
[2020-11-23 10:22:40] [build] [2020-11-23 10:22:40] [autobuild] 	at org.gradle.initialization.DefaultGradleLauncher$1.create(DefaultGradleLauncher.java:98)
[2020-11-23 10:22:40] [build] [2020-11-23 10:22:40] [autobuild] 	at org.gradle.initialization.DefaultGradleLauncher$1.create(DefaultGradleLauncher.java:92)
[2020-11-23 10:22:40] [build] [2020-11-23 10:22:40] [autobuild] 	at org.gradle.internal.progress.DefaultBuildOperationExecutor.run(DefaultBuildOperationExecutor.java:91)
[2020-11-23 10:22:40] [build] [2020-11-23 10:22:40] [autobuild] 	at org.gradle.internal.progress.DefaultBuildOperationExecutor.run(DefaultBuildOperationExecutor.java:63)
[2020-11-23 10:22:40] [build] [2020-11-23 10:22:40] [autobuild] 	at org.gradle.initialization.DefaultGradleLauncher.doBuild(DefaultGradleLauncher.java:92)
[2020-11-23 10:22:40] [build] [2020-11-23 10:22:40] [autobuild] 	at org.gradle.initialization.DefaultGradleLauncher.run(DefaultGradleLauncher.java:83)
[2020-11-23 10:22:40] [build] [2020-11-23 10:22:40] [autobuild] 	at org.gradle.launcher.exec.InProcessBuildActionExecuter$DefaultBuildController.run(InProcessBuildActionExecuter.java:99)
[2020-11-23 10:22:40] [build] [2020-11-23 10:22:40] [autobuild] 	at org.gradle.tooling.internal.provider.ExecuteBuildActionRunner.run(ExecuteBuildActionRunner.java:28)
[2020-11-23 10:22:40] [build] [2020-11-23 10:22:40] [autobuild] 	at org.gradle.launcher.exec.ChainingBuildActionRunner.run(ChainingBuildActionRunner.java:35)
[2020-11-23 10:22:40] [build] [2020-11-23 10:22:40] [autobuild] 	at org.gradle.launcher.exec.InProcessBuildActionExecuter.execute(InProcessBuildActionExecuter.java:48)
[2020-11-23 10:22:40] [build] [2020-11-23 10:22:40] [autobuild] 	at org.gradle.launcher.exec.InProcessBuildActionExecuter.execute(InProcessBuildActionExecuter.java:30)
[2020-11-23 10:22:40] [build] [2020-11-23 10:22:40] [autobuild] 	at org.gradle.launcher.exec.ContinuousBuildActionExecuter.execute(ContinuousBuildActionExecuter.java:81)
[2020-11-23 10:22:40] [build] [2020-11-23 10:22:40] [autobuild] 	at org.gradle.launcher.exec.ContinuousBuildActionExecuter.execute(ContinuousBuildActionExecuter.java:46)
[2020-11-23 10:22:40] [build] [2020-11-23 10:22:40] [autobuild] 	at org.gradle.launcher.exec.DaemonUsageSuggestingBuildActionExecuter.execute(DaemonUsageSuggestingBuildActionExecuter.java:51)
[2020-11-23 10:22:40] [build] [2020-11-23 10:22:40] [autobuild] 	at org.gradle.launcher.exec.DaemonUsageSuggestingBuildActionExecuter.execute(DaemonUsageSuggestingBuildActionExecuter.java:28)
[2020-11-23 10:22:40] [build] [2020-11-23 10:22:40] [autobuild] 	at org.gradle.launcher.cli.RunBuildAction.run(RunBuildAction.java:43)
[2020-11-23 10:22:40] [build] [2020-11-23 10:22:40] [autobuild] 	at org.gradle.internal.Actions$RunnableActionAdapter.execute(Actions.java:173)
[2020-11-23 10:22:40] [build] [2020-11-23 10:22:40] [autobuild] 	at org.gradle.launcher.cli.CommandLineActionFactory$ParseAndBuildAction.execute(CommandLineActionFactory.java:239)
[2020-11-23 10:22:40] [build] [2020-11-23 10:22:40] [autobuild] 	at org.gradle.launcher.cli.CommandLineActionFactory$ParseAndBuildAction.execute(CommandLineActionFactory.java:212)
[2020-11-23 10:22:40] [build] [2020-11-23 10:22:40] [autobuild] 	at org.gradle.launcher.cli.JavaRuntimeValidationAction.execute(JavaRuntimeValidationAction.java:35)
[2020-11-23 10:22:40] [build] [2020-11-23 10:22:40] [autobuild] 	at org.gradle.launcher.cli.JavaRuntimeValidationAction.execute(JavaRuntimeValidationAction.java:24)
[2020-11-23 10:22:40] [build] [2020-11-23 10:22:40] [autobuild] 	at org.gradle.launcher.cli.ExceptionReportingAction.execute(ExceptionReportingAction.java:33)
[2020-11-23 10:22:40] [build] [2020-11-23 10:22:40] [autobuild] 	at org.gradle.launcher.cli.ExceptionReportingAction.execute(ExceptionReportingAction.java:22)
[2020-11-23 10:22:40] [build] [2020-11-23 10:22:40] [autobuild] 	at org.gradle.launcher.cli.CommandLineActionFactory$WithLogging.execute(CommandLineActionFactory.java:205)
[2020-11-23 10:22:40] [build] [2020-11-23 10:22:40] [autobuild] 	at org.gradle.launcher.cli.CommandLineActionFactory$WithLogging.execute(CommandLineActionFactory.java:169)
[2020-11-23 10:22:40] [build] [2020-11-23 10:22:40] [autobuild] 	at org.gradle.launcher.Main.doAction(Main.java:33)
[2020-11-23 10:22:40] [build] [2020-11-23 10:22:40] [autobuild] 	at org.gradle.launcher.bootstrap.EntryPoint.run(EntryPoint.java:45)
[2020-11-23 10:22:40] [build] [2020-11-23 10:22:40] [autobuild] 	at sun.reflect.NativeMethodAccessorImpl.invoke0(Native Method)
[2020-11-23 10:22:40] [build] [2020-11-23 10:22:40] [autobuild] 	at sun.reflect.NativeMethodAccessorImpl.invoke(NativeMethodAccessorImpl.java:62)
[2020-11-23 10:22:40] [build] [2020-11-23 10:22:40] [autobuild] 	at sun.reflect.DelegatingMethodAccessorImpl.invoke(DelegatingMethodAccessorImpl.java:43)
[2020-11-23 10:22:40] [build] [2020-11-23 10:22:40] [autobuild] 	at java.lang.reflect.Method.invoke(Method.java:498)
[2020-11-23 10:22:40] [build] [2020-11-23 10:22:40] [autobuild] 	at org.gradle.launcher.bootstrap.ProcessBootstrap.runNoExit(ProcessBootstrap.java:55)
[2020-11-23 10:22:40] [build] [2020-11-23 10:22:40] [autobuild] 	at org.gradle.launcher.bootstrap.ProcessBootstrap.run(ProcessBootstrap.java:36)
[2020-11-23 10:22:40] [build] [2020-11-23 10:22:40] [autobuild] 	at org.gradle.launcher.GradleMain.main(GradleMain.java:23)
[2020-11-23 10:22:40] [build] [2020-11-23 10:22:40] [autobuild] 	at sun.reflect.NativeMethodAccessorImpl.invoke0(Native Method)
[2020-11-23 10:22:40] [build] [2020-11-23 10:22:40] [autobuild] 	at sun.reflect.NativeMethodAccessorImpl.invoke(NativeMethodAccessorImpl.java:62)
[2020-11-23 10:22:40] [build] [2020-11-23 10:22:40] [autobuild] 	at sun.reflect.DelegatingMethodAccessorImpl.invoke(DelegatingMethodAccessorImpl.java:43)
[2020-11-23 10:22:40] [build] [2020-11-23 10:22:40] [autobuild] 	at java.lang.reflect.Method.invoke(Method.java:498)
[2020-11-23 10:22:40] [build] [2020-11-23 10:22:40] [autobuild] 	at org.gradle.wrapper.BootstrapMainStarter.start(BootstrapMainStarter.java:30)
[2020-11-23 10:22:40] [build] [2020-11-23 10:22:40] [autobuild] 	at org.gradle.wrapper.WrapperExecutor.execute(WrapperExecutor.java:129)
[2020-11-23 10:22:40] [build] [2020-11-23 10:22:40] [autobuild] 	at org.gradle.wrapper.GradleWrapperMain.main(GradleWrapperMain.java:61)
[2020-11-23 10:22:40] [build] [2020-11-23 10:22:40] [autobuild] :app:lintVitalRelease
[2020-11-23 10:22:40] [build] [2020-11-23 10:22:40] [autobuild] :app:mergeReleaseShaders
[2020-11-23 10:22:40] [build] [2020-11-23 10:22:40] [autobuild] :app:compileReleaseShaders
[2020-11-23 10:22:40] [build] [2020-11-23 10:22:40] [autobuild] :app:generateReleaseAssets
[2020-11-23 10:22:40] [build] [2020-11-23 10:22:40] [autobuild] :app:mergeReleaseAssets
[2020-11-23 10:22:41] [build] [2020-11-23 10:22:41] [autobuild] :app:transformClassesWithDexForRelease
[2020-11-23 10:22:41] [build] [2020-11-23 10:22:41] [autobuild] :app:mergeReleaseJniLibFolders
[2020-11-23 10:22:41] [build] [2020-11-23 10:22:41] [autobuild] :app:transformNative_libsWithMergeJniLibsForRelease
[2020-11-23 10:22:41] [build] [2020-11-23 10:22:41] [autobuild] :app:processReleaseJavaRes UP-TO-DATE
[2020-11-23 10:22:41] [build] [2020-11-23 10:22:41] [autobuild] :app:transformResourcesWithMergeJavaResForRelease
[2020-11-23 10:22:41] [build] [2020-11-23 10:22:41] [autobuild] :app:packageRelease
[2020-11-23 10:22:41] [build] [2020-11-23 10:22:41] [autobuild] :app:assembleRelease
[2020-11-23 10:22:41] [build] [2020-11-23 10:22:41] [autobuild] :app:assemble
[2020-11-23 10:22:41] [build] [2020-11-23 10:22:41] [autobuild] BUILD SUCCESSFUL
[2020-11-23 10:22:41] [build] [2020-11-23 10:22:41] [autobuild] Total time: 17.171 secs
[2020-11-23 10:22:42] [build-err] Scanning for files in /media/data/muse2/muse2repo_apk_mutation_reach_src/ProtectBabyMonitor...
[2020-11-23 10:22:42] [build-err] /media/data/muse2/muse2repo_apk_mutation_reach_src/ProtectBabyMonitor/codeql-db: Indexing files in in /media/data/muse2/muse2repo_apk_mutation_reach_src/ProtectBabyMonitor...
[2020-11-23 10:22:42] [build-err] /media/data/muse2/muse2repo_apk_mutation_reach_src/ProtectBabyMonitor/codeql-db: Running in /media/data/muse2/muse2repo_apk_mutation_reach_src/ProtectBabyMonitor: [/media/data/nacoop/codeql-home/codeql/xml/tools/index-files.sh, /media/data/muse2/muse2repo_apk_mutation_reach_src/ProtectBabyMonitor/codeql-db/working/files-to-index11060171368066808740.list]
