```

Analyzing JAR: /Users/amitseal/git/muse2repo/minimal/SSL/6ITrustManagerUser/ITrustManagerUser.jar
***Multiple Base packages of /Users/amitseal/git/muse2repo/minimal/SSL/6ITrustManagerUser/ITrustManagerUser.jar : [ITrustManager, ITrustManagerUser$1]
***Multiple Base packages of /Users/amitseal/git/muse2repo/minimal/SSL/6ITrustManagerUser/ITrustManagerUser.jar : [ITrustManager, ITrustManagerUser$1]
***Multiple Base packages of /Users/amitseal/git/muse2repo/minimal/SSL/6ITrustManagerUser/ITrustManagerUser.jar : [ITrustManager, ITrustManagerUser$1]
***Multiple Base packages of /Users/amitseal/git/muse2repo/minimal/SSL/6ITrustManagerUser/ITrustManagerUser.jar : [ITrustManager, ITrustManagerUser$1]
***Multiple Base packages of /Users/amitseal/git/muse2repo/minimal/SSL/6ITrustManagerUser/ITrustManagerUser.jar : [ITrustManager, ITrustManagerUser$1]
***Multiple Base packages of /Users/amitseal/git/muse2repo/minimal/SSL/6ITrustManagerUser/ITrustManagerUser.jar : [ITrustManager, ITrustManagerUser$1]
***Multiple Base packages of /Users/amitseal/git/muse2repo/minimal/SSL/6ITrustManagerUser/ITrustManagerUser.jar : [ITrustManager, ITrustManagerUser$1]
***Multiple Base packages of /Users/amitseal/git/muse2repo/minimal/SSL/6ITrustManagerUser/ITrustManagerUser.jar : [ITrustManager, ITrustManagerUser$1]
***Multiple Base packages of /Users/amitseal/git/muse2repo/minimal/SSL/6ITrustManagerUser/ITrustManagerUser.jar : [ITrustManager, ITrustManagerUser$1]
***Multiple Base packages of /Users/amitseal/git/muse2repo/minimal/SSL/6ITrustManagerUser/ITrustManagerUser.jar : [ITrustManager, ITrustManagerUser$1]
***Multiple Base packages of /Users/amitseal/git/muse2repo/minimal/SSL/6ITrustManagerUser/ITrustManagerUser.jar : [ITrustManager, ITrustManagerUser$1]
***Multiple Base packages of /Users/amitseal/git/muse2repo/minimal/SSL/6ITrustManagerUser/ITrustManagerUser.jar : [ITrustManager, ITrustManagerUser$1]
***Multiple Base packages of /Users/amitseal/git/muse2repo/minimal/SSL/6ITrustManagerUser/ITrustManagerUser.jar : [ITrustManager, ITrustManagerUser$1]
***Multiple Base packages of /Users/amitseal/git/muse2repo/minimal/SSL/6ITrustManagerUser/ITrustManagerUser.jar : [ITrustManager, ITrustManagerUser$1]
***Multiple Base packages of /Users/amitseal/git/muse2repo/minimal/SSL/6ITrustManagerUser/ITrustManagerUser.jar : [ITrustManager, ITrustManagerUser$1]
***Multiple Base packages of /Users/amitseal/git/muse2repo/minimal/SSL/6ITrustManagerUser/ITrustManagerUser.jar : [ITrustManager, ITrustManagerUser$1]
***Multiple Base packages of /Users/amitseal/git/muse2repo/minimal/SSL/6ITrustManagerUser/ITrustManagerUser.jar : [ITrustManager, ITrustManagerUser$1]
=======================================
***Violated Rule 4: Uses untrusted TrustManager ***Should at least get One accepted Issuer from Other Sources in getAcceptedIssuers method of ITrustManagerUser$1
=======================================
=======================================
***Violated Rule 4: Uses untrusted TrustManager ***Should throw java.security.cert.CertificateException in check(Client|Server)Trusted method of ITrustManagerUser$1
=======================================
***Multiple Base packages of /Users/amitseal/git/muse2repo/minimal/SSL/6ITrustManagerUser/ITrustManagerUser.jar : [ITrustManager, ITrustManagerUser$1]
***Multiple Base packages of /Users/amitseal/git/muse2repo/minimal/SSL/6ITrustManagerUser/ITrustManagerUser.jar : [ITrustManager, ITrustManagerUser$1]
***Multiple Base packages of /Users/amitseal/git/muse2repo/minimal/SSL/6ITrustManagerUser/ITrustManagerUser.jar : [ITrustManager, ITrustManagerUser$1]
***Multiple Base packages of /Users/amitseal/git/muse2repo/minimal/SSL/6ITrustManagerUser/ITrustManagerUser.jar : [ITrustManager, ITrustManagerUser$1]
***Multiple Base packages of /Users/amitseal/git/muse2repo/minimal/SSL/6ITrustManagerUser/ITrustManagerUser.jar : [ITrustManager, ITrustManagerUser$1]
***Multiple Base packages of /Users/amitseal/git/muse2repo/minimal/SSL/6ITrustManagerUser/ITrustManagerUser.jar : [ITrustManager, ITrustManagerUser$1]
***Multiple Base packages of /Users/amitseal/git/muse2repo/minimal/SSL/6ITrustManagerUser/ITrustManagerUser.jar : [ITrustManager, ITrustManagerUser$1]
***Multiple Base packages of /Users/amitseal/git/muse2repo/minimal/SSL/6ITrustManagerUser/ITrustManagerUser.jar : [ITrustManager, ITrustManagerUser$1]
***Multiple Base packages of /Users/amitseal/git/muse2repo/minimal/SSL/6ITrustManagerUser/ITrustManagerUser.jar : [ITrustManager, ITrustManagerUser$1]
***Multiple Base packages of /Users/amitseal/git/muse2repo/minimal/SSL/6ITrustManagerUser/ITrustManagerUser.jar : [ITrustManager, ITrustManagerUser$1]
***Multiple Base packages of /Users/amitseal/git/muse2repo/minimal/SSL/6ITrustManagerUser/ITrustManagerUser.jar : [ITrustManager, ITrustManagerUser$1]
***Multiple Base packages of /Users/amitseal/git/muse2repo/minimal/SSL/6ITrustManagerUser/ITrustManagerUser.jar : [ITrustManager, ITrustManagerUser$1]
***Multiple Base packages of /Users/amitseal/git/muse2repo/minimal/SSL/6ITrustManagerUser/ITrustManagerUser.jar : [ITrustManager, ITrustManagerUser$1]
***Multiple Base packages of /Users/amitseal/git/muse2repo/minimal/SSL/6ITrustManagerUser/ITrustManagerUser.jar : [ITrustManager, ITrustManagerUser$1]
***Multiple Base packages of /Users/amitseal/git/muse2repo/minimal/SSL/6ITrustManagerUser/ITrustManagerUser.jar : [ITrustManager, ITrustManagerUser$1]
***Multiple Base packages of /Users/amitseal/git/muse2repo/minimal/SSL/6ITrustManagerUser/ITrustManagerUser.jar : [ITrustManager, ITrustManagerUser$1]
***Multiple Base packages of /Users/amitseal/git/muse2repo/minimal/SSL/6ITrustManagerUser/ITrustManagerUser.jar : [ITrustManager, ITrustManagerUser$1]
***Multiple Base packages of /Users/amitseal/git/muse2repo/minimal/SSL/6ITrustManagerUser/ITrustManagerUser.jar : [ITrustManager, ITrustManagerUser$1]
***Multiple Base packages of /Users/amitseal/git/muse2repo/minimal/SSL/6ITrustManagerUser/ITrustManagerUser.jar : [ITrustManager, ITrustManagerUser$1]
***Multiple Base packages of /Users/amitseal/git/muse2repo/minimal/SSL/6ITrustManagerUser/ITrustManagerUser.jar : [ITrustManager, ITrustManagerUser$1]
***Multiple Base packages of /Users/amitseal/git/muse2repo/minimal/SSL/6ITrustManagerUser/ITrustManagerUser.jar : [ITrustManager, ITrustManagerUser$1]
***Multiple Base packages of /Users/amitseal/git/muse2repo/minimal/SSL/6ITrustManagerUser/ITrustManagerUser.jar : [ITrustManager, ITrustManagerUser$1]
***Multiple Base packages of /Users/amitseal/git/muse2repo/minimal/SSL/6ITrustManagerUser/ITrustManagerUser.jar : [ITrustManager, ITrustManagerUser$1]
***Multiple Base packages of /Users/amitseal/git/muse2repo/minimal/SSL/6ITrustManagerUser/ITrustManagerUser.jar : [ITrustManager, ITrustManagerUser$1]
***Multiple Base packages of /Users/amitseal/git/muse2repo/minimal/SSL/6ITrustManagerUser/ITrustManagerUser.jar : [ITrustManager, ITrustManagerUser$1]
***Multiple Base packages of /Users/amitseal/git/muse2repo/minimal/SSL/6ITrustManagerUser/ITrustManagerUser.jar : [ITrustManager, ITrustManagerUser$1]
***Multiple Base packages of /Users/amitseal/git/muse2repo/minimal/SSL/6ITrustManagerUser/ITrustManagerUser.jar : [ITrustManager, ITrustManagerUser$1]
***Multiple Base packages of /Users/amitseal/git/muse2repo/minimal/SSL/6ITrustManagerUser/ITrustManagerUser.jar : [ITrustManager, ITrustManagerUser$1]
***Multiple Base packages of /Users/amitseal/git/muse2repo/minimal/SSL/6ITrustManagerUser/ITrustManagerUser.jar : [ITrustManager, ITrustManagerUser$1]
***Multiple Base packages of /Users/amitseal/git/muse2repo/minimal/SSL/6ITrustManagerUser/ITrustManagerUser.jar : [ITrustManager, ITrustManagerUser$1]
Total Heuristics: 0
Total Orthogonal: 0
Total Constants: 0
Total Slices: 0
Average Length: 0.0
Depth: 1, Count 0

```