```

Analyzing JAR: /Users/amitseal/git/muse2repo/minimal/SSL/7BareBone_x509TrustManagerCan/BareBone_X509TrustManagerCanNotBypass.jar
***Multiple Base packages of /Users/amitseal/git/muse2repo/minimal/SSL/7BareBone_x509TrustManagerCan/BareBone_X509TrustManagerCanNotBypass.jar : [BareBone_X509TrustManagerCanNotBypass$1, BareBone_X509TrustManagerCanNotBypassExt]
***Multiple Base packages of /Users/amitseal/git/muse2repo/minimal/SSL/7BareBone_x509TrustManagerCan/BareBone_X509TrustManagerCanNotBypass.jar : [BareBone_X509TrustManagerCanNotBypass$1, BareBone_X509TrustManagerCanNotBypassExt]
***Multiple Base packages of /Users/amitseal/git/muse2repo/minimal/SSL/7BareBone_x509TrustManagerCan/BareBone_X509TrustManagerCanNotBypass.jar : [BareBone_X509TrustManagerCanNotBypass$1, BareBone_X509TrustManagerCanNotBypassExt]
***Multiple Base packages of /Users/amitseal/git/muse2repo/minimal/SSL/7BareBone_x509TrustManagerCan/BareBone_X509TrustManagerCanNotBypass.jar : [BareBone_X509TrustManagerCanNotBypass$1, BareBone_X509TrustManagerCanNotBypassExt]
***Multiple Base packages of /Users/amitseal/git/muse2repo/minimal/SSL/7BareBone_x509TrustManagerCan/BareBone_X509TrustManagerCanNotBypass.jar : [BareBone_X509TrustManagerCanNotBypass$1, BareBone_X509TrustManagerCanNotBypassExt]
***Multiple Base packages of /Users/amitseal/git/muse2repo/minimal/SSL/7BareBone_x509TrustManagerCan/BareBone_X509TrustManagerCanNotBypass.jar : [BareBone_X509TrustManagerCanNotBypass$1, BareBone_X509TrustManagerCanNotBypassExt]
***Multiple Base packages of /Users/amitseal/git/muse2repo/minimal/SSL/7BareBone_x509TrustManagerCan/BareBone_X509TrustManagerCanNotBypass.jar : [BareBone_X509TrustManagerCanNotBypass$1, BareBone_X509TrustManagerCanNotBypassExt]
***Multiple Base packages of /Users/amitseal/git/muse2repo/minimal/SSL/7BareBone_x509TrustManagerCan/BareBone_X509TrustManagerCanNotBypass.jar : [BareBone_X509TrustManagerCanNotBypass$1, BareBone_X509TrustManagerCanNotBypassExt]
***Multiple Base packages of /Users/amitseal/git/muse2repo/minimal/SSL/7BareBone_x509TrustManagerCan/BareBone_X509TrustManagerCanNotBypass.jar : [BareBone_X509TrustManagerCanNotBypass$1, BareBone_X509TrustManagerCanNotBypassExt]
***Multiple Base packages of /Users/amitseal/git/muse2repo/minimal/SSL/7BareBone_x509TrustManagerCan/BareBone_X509TrustManagerCanNotBypass.jar : [BareBone_X509TrustManagerCanNotBypass$1, BareBone_X509TrustManagerCanNotBypassExt]
***Multiple Base packages of /Users/amitseal/git/muse2repo/minimal/SSL/7BareBone_x509TrustManagerCan/BareBone_X509TrustManagerCanNotBypass.jar : [BareBone_X509TrustManagerCanNotBypass$1, BareBone_X509TrustManagerCanNotBypassExt]
***Multiple Base packages of /Users/amitseal/git/muse2repo/minimal/SSL/7BareBone_x509TrustManagerCan/BareBone_X509TrustManagerCanNotBypass.jar : [BareBone_X509TrustManagerCanNotBypass$1, BareBone_X509TrustManagerCanNotBypassExt]
***Multiple Base packages of /Users/amitseal/git/muse2repo/minimal/SSL/7BareBone_x509TrustManagerCan/BareBone_X509TrustManagerCanNotBypass.jar : [BareBone_X509TrustManagerCanNotBypass$1, BareBone_X509TrustManagerCanNotBypassExt]
***Multiple Base packages of /Users/amitseal/git/muse2repo/minimal/SSL/7BareBone_x509TrustManagerCan/BareBone_X509TrustManagerCanNotBypass.jar : [BareBone_X509TrustManagerCanNotBypass$1, BareBone_X509TrustManagerCanNotBypassExt]
***Multiple Base packages of /Users/amitseal/git/muse2repo/minimal/SSL/7BareBone_x509TrustManagerCan/BareBone_X509TrustManagerCanNotBypass.jar : [BareBone_X509TrustManagerCanNotBypass$1, BareBone_X509TrustManagerCanNotBypassExt]
***Multiple Base packages of /Users/amitseal/git/muse2repo/minimal/SSL/7BareBone_x509TrustManagerCan/BareBone_X509TrustManagerCanNotBypass.jar : [BareBone_X509TrustManagerCanNotBypass$1, BareBone_X509TrustManagerCanNotBypassExt]
***Multiple Base packages of /Users/amitseal/git/muse2repo/minimal/SSL/7BareBone_x509TrustManagerCan/BareBone_X509TrustManagerCanNotBypass.jar : [BareBone_X509TrustManagerCanNotBypass$1, BareBone_X509TrustManagerCanNotBypassExt]
=======================================
***Violated Rule 4: Uses untrusted TrustManager ***Should at least get One accepted Issuer from Other Sources in getAcceptedIssuers method of BareBone_X509TrustManagerCanNotBypassExt
=======================================
=======================================
***Violated Rule 4: Uses untrusted TrustManager ***Should throw java.security.cert.CertificateException in check(Client|Server)Trusted method of BareBone_X509TrustManagerCanNotBypassExt
=======================================
***Multiple Base packages of /Users/amitseal/git/muse2repo/minimal/SSL/7BareBone_x509TrustManagerCan/BareBone_X509TrustManagerCanNotBypass.jar : [BareBone_X509TrustManagerCanNotBypass$1, BareBone_X509TrustManagerCanNotBypassExt]
***Multiple Base packages of /Users/amitseal/git/muse2repo/minimal/SSL/7BareBone_x509TrustManagerCan/BareBone_X509TrustManagerCanNotBypass.jar : [BareBone_X509TrustManagerCanNotBypass$1, BareBone_X509TrustManagerCanNotBypassExt]
***Multiple Base packages of /Users/amitseal/git/muse2repo/minimal/SSL/7BareBone_x509TrustManagerCan/BareBone_X509TrustManagerCanNotBypass.jar : [BareBone_X509TrustManagerCanNotBypass$1, BareBone_X509TrustManagerCanNotBypassExt]
***Multiple Base packages of /Users/amitseal/git/muse2repo/minimal/SSL/7BareBone_x509TrustManagerCan/BareBone_X509TrustManagerCanNotBypass.jar : [BareBone_X509TrustManagerCanNotBypass$1, BareBone_X509TrustManagerCanNotBypassExt]
***Multiple Base packages of /Users/amitseal/git/muse2repo/minimal/SSL/7BareBone_x509TrustManagerCan/BareBone_X509TrustManagerCanNotBypass.jar : [BareBone_X509TrustManagerCanNotBypass$1, BareBone_X509TrustManagerCanNotBypassExt]
***Multiple Base packages of /Users/amitseal/git/muse2repo/minimal/SSL/7BareBone_x509TrustManagerCan/BareBone_X509TrustManagerCanNotBypass.jar : [BareBone_X509TrustManagerCanNotBypass$1, BareBone_X509TrustManagerCanNotBypassExt]
***Multiple Base packages of /Users/amitseal/git/muse2repo/minimal/SSL/7BareBone_x509TrustManagerCan/BareBone_X509TrustManagerCanNotBypass.jar : [BareBone_X509TrustManagerCanNotBypass$1, BareBone_X509TrustManagerCanNotBypassExt]
***Multiple Base packages of /Users/amitseal/git/muse2repo/minimal/SSL/7BareBone_x509TrustManagerCan/BareBone_X509TrustManagerCanNotBypass.jar : [BareBone_X509TrustManagerCanNotBypass$1, BareBone_X509TrustManagerCanNotBypassExt]
***Multiple Base packages of /Users/amitseal/git/muse2repo/minimal/SSL/7BareBone_x509TrustManagerCan/BareBone_X509TrustManagerCanNotBypass.jar : [BareBone_X509TrustManagerCanNotBypass$1, BareBone_X509TrustManagerCanNotBypassExt]
***Multiple Base packages of /Users/amitseal/git/muse2repo/minimal/SSL/7BareBone_x509TrustManagerCan/BareBone_X509TrustManagerCanNotBypass.jar : [BareBone_X509TrustManagerCanNotBypass$1, BareBone_X509TrustManagerCanNotBypassExt]
***Multiple Base packages of /Users/amitseal/git/muse2repo/minimal/SSL/7BareBone_x509TrustManagerCan/BareBone_X509TrustManagerCanNotBypass.jar : [BareBone_X509TrustManagerCanNotBypass$1, BareBone_X509TrustManagerCanNotBypassExt]
***Multiple Base packages of /Users/amitseal/git/muse2repo/minimal/SSL/7BareBone_x509TrustManagerCan/BareBone_X509TrustManagerCanNotBypass.jar : [BareBone_X509TrustManagerCanNotBypass$1, BareBone_X509TrustManagerCanNotBypassExt]
***Multiple Base packages of /Users/amitseal/git/muse2repo/minimal/SSL/7BareBone_x509TrustManagerCan/BareBone_X509TrustManagerCanNotBypass.jar : [BareBone_X509TrustManagerCanNotBypass$1, BareBone_X509TrustManagerCanNotBypassExt]
***Multiple Base packages of /Users/amitseal/git/muse2repo/minimal/SSL/7BareBone_x509TrustManagerCan/BareBone_X509TrustManagerCanNotBypass.jar : [BareBone_X509TrustManagerCanNotBypass$1, BareBone_X509TrustManagerCanNotBypassExt]
***Multiple Base packages of /Users/amitseal/git/muse2repo/minimal/SSL/7BareBone_x509TrustManagerCan/BareBone_X509TrustManagerCanNotBypass.jar : [BareBone_X509TrustManagerCanNotBypass$1, BareBone_X509TrustManagerCanNotBypassExt]
***Multiple Base packages of /Users/amitseal/git/muse2repo/minimal/SSL/7BareBone_x509TrustManagerCan/BareBone_X509TrustManagerCanNotBypass.jar : [BareBone_X509TrustManagerCanNotBypass$1, BareBone_X509TrustManagerCanNotBypassExt]
***Multiple Base packages of /Users/amitseal/git/muse2repo/minimal/SSL/7BareBone_x509TrustManagerCan/BareBone_X509TrustManagerCanNotBypass.jar : [BareBone_X509TrustManagerCanNotBypass$1, BareBone_X509TrustManagerCanNotBypassExt]
***Multiple Base packages of /Users/amitseal/git/muse2repo/minimal/SSL/7BareBone_x509TrustManagerCan/BareBone_X509TrustManagerCanNotBypass.jar : [BareBone_X509TrustManagerCanNotBypass$1, BareBone_X509TrustManagerCanNotBypassExt]
***Multiple Base packages of /Users/amitseal/git/muse2repo/minimal/SSL/7BareBone_x509TrustManagerCan/BareBone_X509TrustManagerCanNotBypass.jar : [BareBone_X509TrustManagerCanNotBypass$1, BareBone_X509TrustManagerCanNotBypassExt]
***Multiple Base packages of /Users/amitseal/git/muse2repo/minimal/SSL/7BareBone_x509TrustManagerCan/BareBone_X509TrustManagerCanNotBypass.jar : [BareBone_X509TrustManagerCanNotBypass$1, BareBone_X509TrustManagerCanNotBypassExt]
***Multiple Base packages of /Users/amitseal/git/muse2repo/minimal/SSL/7BareBone_x509TrustManagerCan/BareBone_X509TrustManagerCanNotBypass.jar : [BareBone_X509TrustManagerCanNotBypass$1, BareBone_X509TrustManagerCanNotBypassExt]
***Multiple Base packages of /Users/amitseal/git/muse2repo/minimal/SSL/7BareBone_x509TrustManagerCan/BareBone_X509TrustManagerCanNotBypass.jar : [BareBone_X509TrustManagerCanNotBypass$1, BareBone_X509TrustManagerCanNotBypassExt]
***Multiple Base packages of /Users/amitseal/git/muse2repo/minimal/SSL/7BareBone_x509TrustManagerCan/BareBone_X509TrustManagerCanNotBypass.jar : [BareBone_X509TrustManagerCanNotBypass$1, BareBone_X509TrustManagerCanNotBypassExt]
***Multiple Base packages of /Users/amitseal/git/muse2repo/minimal/SSL/7BareBone_x509TrustManagerCan/BareBone_X509TrustManagerCanNotBypass.jar : [BareBone_X509TrustManagerCanNotBypass$1, BareBone_X509TrustManagerCanNotBypassExt]
***Multiple Base packages of /Users/amitseal/git/muse2repo/minimal/SSL/7BareBone_x509TrustManagerCan/BareBone_X509TrustManagerCanNotBypass.jar : [BareBone_X509TrustManagerCanNotBypass$1, BareBone_X509TrustManagerCanNotBypassExt]
***Multiple Base packages of /Users/amitseal/git/muse2repo/minimal/SSL/7BareBone_x509TrustManagerCan/BareBone_X509TrustManagerCanNotBypass.jar : [BareBone_X509TrustManagerCanNotBypass$1, BareBone_X509TrustManagerCanNotBypassExt]
***Multiple Base packages of /Users/amitseal/git/muse2repo/minimal/SSL/7BareBone_x509TrustManagerCan/BareBone_X509TrustManagerCanNotBypass.jar : [BareBone_X509TrustManagerCanNotBypass$1, BareBone_X509TrustManagerCanNotBypassExt]
***Multiple Base packages of /Users/amitseal/git/muse2repo/minimal/SSL/7BareBone_x509TrustManagerCan/BareBone_X509TrustManagerCanNotBypass.jar : [BareBone_X509TrustManagerCanNotBypass$1, BareBone_X509TrustManagerCanNotBypassExt]
***Multiple Base packages of /Users/amitseal/git/muse2repo/minimal/SSL/7BareBone_x509TrustManagerCan/BareBone_X509TrustManagerCanNotBypass.jar : [BareBone_X509TrustManagerCanNotBypass$1, BareBone_X509TrustManagerCanNotBypassExt]
***Multiple Base packages of /Users/amitseal/git/muse2repo/minimal/SSL/7BareBone_x509TrustManagerCan/BareBone_X509TrustManagerCanNotBypass.jar : [BareBone_X509TrustManagerCanNotBypass$1, BareBone_X509TrustManagerCanNotBypassExt]
Total Heuristics: 0
Total Orthogonal: 0
Total Constants: 0
Total Slices: 0
Average Length: 0.0
Depth: 1, Count 0

```