In file: ComparatorChain.java
Input operator: REACHABILITY
mutation-0: ComparatorChain.ComparatorChain
mutation-1: ComparatorChain.ComparatorChain
mutation-2: ComparatorChain.ComparatorChain
mutation-3: ComparatorChain.ComparatorChain
mutation-4: ComparatorChain.ComparatorChain
mutation-5: ComparatorChain.ComparatorChain
mutation-6: ComparatorChain.addComparator
mutation-7: ComparatorChain.addComparator
mutation-8: ComparatorChain.addComparator
mutation-9: ComparatorChain.setComparator
mutation-10: ComparatorChain.setComparator
mutation-11: ComparatorChain.setComparator
mutation-12: ComparatorChain.setComparator
mutation-13: ComparatorChain.setForwardSort
mutation-14: ComparatorChain.setReverseSort
mutation-15: ComparatorChain.size
mutation-16: ComparatorChain.isLocked
mutation-17: ComparatorChain.checkLocked
mutation-18: ComparatorChain.checkLocked
mutation-19: ComparatorChain.checkChainIntegrity
mutation-20: ComparatorChain.checkChainIntegrity
mutation-21: ComparatorChain.compare
mutation-22: ComparatorChain.compare
mutation-23: ComparatorChain.compare
mutation-24: ComparatorChain.compare
mutation-25: ComparatorChain.compare
mutation-26: ComparatorChain.compare
mutation-27: ComparatorChain.compare
mutation-28: ComparatorChain.hashCode
mutation-29: ComparatorChain.hashCode
mutation-30: ComparatorChain.hashCode
mutation-31: ComparatorChain.equals
mutation-32: ComparatorChain.equals
mutation-33: ComparatorChain.equals
mutation-34: ComparatorChain.equals
mutation-35: ComparatorChain.clear
In file: NameComparator.java
Input operator: REACHABILITY
mutation-36: NameComparator.compare
In file: DirectoryFileComparator.java
Input operator: REACHABILITY
mutation-37: DirectoryFileComparator.compare
mutation-38: DirectoryFileComparator.compare
mutation-39: DirectoryFileComparator.compare
In file: CalendarProvider.java
Input operator: REACHABILITY
mutation-40: CalendarProvider.CalendarProvider
mutation-41: CalendarProvider.getInstancesQueryUri
mutation-42: CalendarProvider.likeQuote
mutation-43: CalendarProvider.selection
mutation-44: CalendarProvider.selection
mutation-45: CalendarProvider.selection
mutation-46: CalendarProvider.selection
mutation-47: CalendarProvider.selection
mutation-48: CalendarProvider.selection
mutation-49: CalendarProvider.selection
mutation-50: CalendarProvider.selection
mutation-51: CalendarProvider.selection
mutation-52: CalendarProvider.nextActionTimes
mutation-53: CalendarProvider.nextActionTimes
mutation-54: CalendarProvider.nextActionTimes
mutation-55: CalendarProvider.nextActionTimes
mutation-56: CalendarProvider.nextActionTimes
mutation-57: CalendarProvider.nextActionTimes
mutation-58: CalendarProvider.nextActionTimes
mutation-59: CalendarProvider.nextActionTimes
mutation-60: CalendarProvider.nextActionTimes
mutation-61: CalendarProvider.nextLocation
mutation-62: CalendarProvider.nextLocation
mutation-63: CalendarProvider.nextLocation
In file: ContactCreator.java
Input operator: REACHABILITY
mutation-64: ContactCreator.ContactCreator
mutation-65: ContactCreator.isUSstate
mutation-66: ContactCreator.isUSstate
mutation-67: ContactCreator.isUSstate
mutation-68: ContactCreator.isUKcounty
mutation-69: ContactCreator.isUKcounty
mutation-70: ContactCreator.isUKcounty
mutation-71: ContactCreator.isUKregion
mutation-72: ContactCreator.isUKregion
mutation-73: ContactCreator.isUKregion
mutation-74: ContactCreator.lookupCountry
mutation-75: mccEntry.mccEntry
mutation-76: ContactCreator.lookupCountry
mutation-77: ContactCreator.lookupCountry
mutation-78: ContactCreator.createOrUpdateContact
mutation-79: ContactCreator.createOrUpdateContact
mutation-80: ContactCreator.createOrUpdateContact
mutation-81: ContactCreator.createOrUpdateContact
mutation-82: ContactCreator.createOrUpdateContact
mutation-83: ContactCreator.isAtContact
mutation-84: ContactCreator.isAtContact
mutation-85: ContactCreator.isAtContact
mutation-86: ContactCreator.isAtContact
mutation-87: ContactCreator.isAtContact
mutation-88: ContactCreator.isAtContact
mutation-89: ContactCreator.isAtContact
mutation-90: ContactCreator.isAtContact
mutation-91: ContactCreator.isAtContact
mutation-92: ContactCreator.isAtContact
mutation-93: ContactCreator.splitAddress
mutation-94: ContactCreator.splitAddress
mutation-95: ContactCreator.splitAddress
mutation-96: ContactCreator.splitAddress
mutation-97: ContactCreator.splitAddress
mutation-98: ContactCreator.splitAddress
mutation-99: ContactCreator.splitAddress
mutation-100: ContactCreator.splitAddress
mutation-101: ContactCreator.splitAddress
mutation-102: ContactCreator.splitAddress
mutation-103: ContactCreator.splitAddress
mutation-104: ContactCreator.splitAddress
mutation-105: ContactCreator.splitAddress
mutation-106: ContactCreator.splitAddress
mutation-107: ContactCreator.splitAddress
mutation-108: ContactCreator.splitAddress
mutation-109: ContactCreator.splitAddress
mutation-110: ContactCreator.splitAddress
mutation-111: ContactCreator.splitAddress
mutation-112: ContactCreator.splitAddress
mutation-113: ContactCreator.splitAddress
mutation-114: ContactCreator.splitAddress
mutation-115: ContactCreator.splitAddress
mutation-116: ContactCreator.splitAddress
mutation-117: ContactCreator.splitAddress
mutation-118: ContactCreator.splitAddress
mutation-119: ContactCreator.splitAddress
mutation-120: ContactCreator.makeContact
mutation-121: ContactCreator.makeContact
mutation-122: ContactCreator.makeContact
mutation-123: ContactCreator.makeContact
mutation-124: ContactCreator.makeContact
mutation-125: ContactCreator.makeContact
mutation-126: ContactCreator.makeContact
mutation-127: ContactCreator.makeContact
mutation-128: ContactCreator.makeContact
mutation-129: ContactCreator.makeContact
mutation-130: ContactCreator.makeContact
mutation-131: ContactCreator.makeContact
mutation-132: ContactCreator.makeContact
mutation-133: ContactCreator.makeContact
mutation-134: ContactCreator.makeContact
mutation-135: ContactCreator.makeContact
mutation-136: ContactCreator.makeContact
mutation-137: ContactCreator.makeContact
mutation-138: ContactCreator.makeContact
mutation-139: ContactCreator.makeContact
mutation-140: ContactCreator.makeContact
mutation-141: ContactCreator.makeContact
mutation-142: ContactCreator.makeContact
mutation-143: ContactCreator.makeContact
mutation-144: ContactCreator.makeContact
mutation-145: ContactCreator.makeContact
mutation-146: ContactCreator.makeContact
mutation-147: ContactCreator.makeContact
mutation-148: ContactCreator.makeContact
mutation-149: ContactCreator.makeContact
mutation-150: ContactCreator.makeContact
mutation-151: ContactCreator.makeContact
mutation-152: ContactCreator.makeContact
mutation-153: ContactCreator.makeContact
mutation-154: ContactCreator.makeContact
mutation-155: ContactCreator.makeContact
mutation-156: ContactCreator.makeContact
mutation-157: ContactCreator.makeContact
mutation-158: ContactCreator.makeContact
mutation-159: ContactCreator.makeContact
mutation-160: ContactCreator.makeContact
mutation-161: ContactCreator.makeContact
mutation-162: ContactCreator.makeContact
mutation-163: ContactCreator.makeContact
mutation-164: ContactCreator.makeContact
mutation-165: ContactCreator.makeContact
mutation-166: ContactCreator.makeContact
mutation-167: ContactCreator.makeContact
mutation-168: ContactCreator.makeContact
mutation-169: ContactCreator.makeContact
mutation-170: ContactCreator.makeContact
mutation-171: ContactCreator.makeContact
mutation-172: ContactCreator.makeContact
mutation-173: ContactCreator.makeContact
mutation-174: ContactCreator.makeContact
mutation-175: ContactCreator.makeContact
mutation-176: ContactCreator.makeContact
mutation-177: ContactCreator.makeContact
mutation-178: ContactCreator.makeContact
mutation-179: ContactCreator.makeContact
mutation-180: ContactCreator.makeContact
mutation-181: ContactCreator.makeContact
mutation-182: ContactCreator.putline
mutation-183: ContactCreator.putline
mutation-184: ContactCreator.putline
mutation-185: ContactCreator.putline
mutation-186: ContactCreator.addLine
mutation-187: ContactCreator.addLine
mutation-188: ContactCreator.dumpSingle
mutation-189: ContactCreator.dumpSingle
mutation-190: ContactCreator.dumpSingle
mutation-191: ContactCreator.dumpSingle
mutation-192: ContactCreator.dumpSingle
mutation-193: ContactCreator.dumpSingle
mutation-194: ContactCreator.dumpSingle
mutation-195: ContactCreator.dumpSingle
mutation-196: ContactCreator.dumpSingle
mutation-197: ContactCreator.dumpSingle
mutation-198: ContactCreator.dumpSingle
mutation-199: ContactCreator.dumpSingle
mutation-200: ContactCreator.dumpSingle
mutation-201: ContactCreator.dumpSingle
mutation-202: ContactCreator.dumpOneContact
mutation-203: ContactCreator.dumpOneContact
mutation-204: ContactCreator.dumpOneContact
mutation-205: ContactCreator.dumpOneContact
mutation-206: ContactCreator.dumpOneContact
mutation-207: ContactCreator.dumpOneContact
mutation-208: ContactCreator.dumpOneContact
mutation-209: ContactCreator.dumpOneContact
mutation-210: ContactCreator.dumpOneContact
mutation-211: ContactCreator.dumpOneContact
mutation-212: ContactCreator.dumpOneContact
mutation-213: ContactCreator.dumpAllContacts
mutation-214: ContactCreator.dumpAllContacts
mutation-215: ContactCreator.dumpAllContacts
mutation-216: ContactCreator.dumpAllContacts
mutation-217: ContactCreator.logAllContacts
mutation-218: ContactCreator.logAllContacts
mutation-219: ContactCreator.logAllContacts
mutation-220: ContactCreator.logAllContacts
In file: PrefsManager.java
Input operator: REACHABILITY
mutation-221: PrefsManager.setDefaultDir
mutation-222: PrefsManager.getDefaultDir
mutation-223: PrefsManager.setLoggingMode
mutation-224: PrefsManager.getLoggingMode
mutation-225: PrefsManager.setLogCycleMode
mutation-226: PrefsManager.getLogcycleMode
mutation-227: PrefsManager.setLastCycleDate
mutation-228: PrefsManager.getLastcycleDate
mutation-229: PrefsManager.setNextLocationMode
mutation-230: PrefsManager.getNextLocationMode
mutation-231: PrefsManager.setMuteResult
mutation-232: PrefsManager.getMuteResult
mutation-233: PrefsManager.setPhoneState
mutation-234: PrefsManager.getPhoneState
mutation-235: PrefsManager.setNotifiedCannotReadPhoneState
mutation-236: PrefsManager.getNotifiedCannotReadPhoneState
mutation-237: PrefsManager.setLocationState
mutation-238: PrefsManager.getLocationState
mutation-239: PrefsManager.setStepCount
mutation-240: PrefsManager.getStepCount
mutation-241: PrefsManager.setOrientationState
mutation-242: PrefsManager.getOrientationState
mutation-243: PrefsManager.getNumClasses
mutation-244: PrefsManager.getNumClasses
mutation-245: PrefsManager.getNumClasses
mutation-246: PrefsManager.isClassUsed
mutation-247: PrefsManager.isClassUsed
mutation-248: PrefsManager.getNewClass
mutation-249: PrefsManager.getNewClass
mutation-250: PrefsManager.getNewClass
mutation-251: PrefsManager.setLastInvocationTime
mutation-252: PrefsManager.getLastInvocationTime
mutation-253: PrefsManager.setLastAlarmTime
mutation-254: PrefsManager.getLastAlarmTime
mutation-255: PrefsManager.getCurrentMode
mutation-256: PrefsManager.getCurrentMode
mutation-257: PrefsManager.getRingerStateName
mutation-258: PrefsManager.getEnglishStateName
mutation-259: PrefsManager.getRingerSetting
mutation-260: PrefsManager.setUserRinger
mutation-261: PrefsManager.getUserRinger
mutation-262: PrefsManager.setLastRinger
mutation-263: PrefsManager.getLastRinger
mutation-264: PrefsManager.setClassName
mutation-265: PrefsManager.getClassName
mutation-266: PrefsManager.getClassName
mutation-267: PrefsManager.getClassNum
mutation-268: PrefsManager.getClassNum
mutation-269: PrefsManager.getClassNum
mutation-270: PrefsManager.getClassNum
mutation-271: PrefsManager.setEventName
mutation-272: PrefsManager.getEventName
mutation-273: PrefsManager.setEventLocation
mutation-274: PrefsManager.getEventLocation
mutation-275: PrefsManager.setEventDescription
mutation-276: PrefsManager.getEventDescription
mutation-277: PrefsManager.setEventColour
mutation-278: PrefsManager.getEventColour
mutation-279: PrefsManager.putCalendars
mutation-280: PrefsManager.putCalendars
mutation-281: PrefsManager.getCalendars
mutation-282: PrefsManager.getCalendars
mutation-283: PrefsManager.setWhetherBusy
mutation-284: PrefsManager.getWhetherBusy
mutation-285: PrefsManager.setWhetherRecurrent
mutation-286: PrefsManager.getWhetherRecurrent
mutation-287: PrefsManager.setWhetherOrganiser
mutation-288: PrefsManager.getWhetherOrganiser
mutation-289: PrefsManager.setWhetherPublic
mutation-290: PrefsManager.getWhetherPublic
mutation-291: PrefsManager.setWhetherAttendees
mutation-292: PrefsManager.getWhetherAttendees
mutation-293: PrefsManager.setRingerAction
mutation-294: PrefsManager.getRingerAction
mutation-295: PrefsManager.setRestoreRinger
mutation-296: PrefsManager.getRestoreRinger
mutation-297: PrefsManager.setBeforeMinutes
mutation-298: PrefsManager.getBeforeMinutes
mutation-299: PrefsManager.setAfterOrientation
mutation-300: PrefsManager.getAfterOrientation
mutation-301: PrefsManager.setBeforeOrientation
mutation-302: PrefsManager.getBeforeOrientation
mutation-303: PrefsManager.setAfterConnection
mutation-304: PrefsManager.getAfterConnection
mutation-305: PrefsManager.setBeforeConnection
mutation-306: PrefsManager.getBeforeConnection
mutation-307: PrefsManager.setAfterMinutes
mutation-308: PrefsManager.getAfterMinutes
mutation-309: PrefsManager.setAfterSteps
mutation-310: PrefsManager.getAfterSteps
mutation-311: PrefsManager.setTargetSteps
mutation-312: PrefsManager.getTargetSteps
mutation-313: PrefsManager.setAfterMetres
mutation-314: PrefsManager.getAfterMetres
mutation-315: PrefsManager.setLatitude
mutation-316: PrefsManager.getLatitude
mutation-317: PrefsManager.setLongitude
mutation-318: PrefsManager.getLongitude
mutation-319: PrefsManager.setNotifyStart
mutation-320: PrefsManager.getNotifyStart
mutation-321: PrefsManager.setPlaysoundStart
mutation-322: PrefsManager.getPlaysoundStart
mutation-323: PrefsManager.setSoundFileStart
mutation-324: PrefsManager.getSoundFileStart
mutation-325: PrefsManager.setNotifyEnd
mutation-326: PrefsManager.getNotifyEnd
mutation-327: PrefsManager.setPlaysoundEnd
mutation-328: PrefsManager.getPlaysoundEnd
mutation-329: PrefsManager.setSoundFileEnd
mutation-330: PrefsManager.getSoundFileEnd
mutation-331: PrefsManager.setClassTriggered
mutation-332: PrefsManager.isClassTriggered
mutation-333: PrefsManager.setLastTriggerEnd
mutation-334: PrefsManager.getLastTriggerEnd
mutation-335: PrefsManager.setClassActive
mutation-336: PrefsManager.isClassActive
mutation-337: PrefsManager.setClassWaiting
mutation-338: PrefsManager.isClassWaiting
mutation-339: PrefsManager.setLastActive
mutation-340: PrefsManager.getLastActive
mutation-341: PrefsManager.removeClass
mutation-342: PrefsManager.removeClass
mutation-343: PrefsManager.saveClassSettings
mutation-344: PrefsManager.saveSettings
mutation-345: PrefsManager.saveSettings
mutation-346: PrefsManager.saveSettings
mutation-347: PrefsManager.saveSettings
mutation-348: PrefsManager.saveSettings
mutation-349: PrefsManager.saveSettings
mutation-350: PrefsManager.loadSettings
mutation-351: PrefsManager.loadSettings
mutation-352: PrefsManager.loadSettings
mutation-353: PrefsManager.loadSettings
mutation-354: PrefsManager.loadSettings
mutation-355: PrefsManager.loadSettings
mutation-356: PrefsManager.loadSettings
mutation-357: PrefsManager.loadSettings
mutation-358: PrefsManager.loadSettings
mutation-359: PrefsManager.loadSettings
mutation-360: PrefsManager.loadSettings
mutation-361: PrefsManager.loadSettings
mutation-362: PrefsManager.loadSettings
mutation-363: PrefsManager.loadSettings
mutation-364: PrefsManager.loadSettings
mutation-365: PrefsManager.loadSettings
mutation-366: PrefsManager.loadSettings
mutation-367: PrefsManager.loadSettings
mutation-368: PrefsManager.loadSettings
mutation-369: PrefsManager.loadSettings
mutation-370: PrefsManager.loadSettings
mutation-371: PrefsManager.loadSettings
mutation-372: PrefsManager.loadSettings
mutation-373: PrefsManager.loadSettings
mutation-374: PrefsManager.loadSettings
mutation-375: PrefsManager.loadSettings
mutation-376: PrefsManager.loadSettings
mutation-377: PrefsManager.loadSettings
mutation-378: PrefsManager.loadSettings
mutation-379: PrefsManager.loadSettings
mutation-380: PrefsManager.loadSettings
mutation-381: PrefsManager.loadSettings
mutation-382: PrefsManager.loadSettings
mutation-383: PrefsManager.loadSettings
mutation-384: PrefsManager.loadSettings
mutation-385: PrefsManager.loadSettings
mutation-386: PrefsManager.loadSettings
mutation-387: PrefsManager.loadSettings
mutation-388: PrefsManager.loadSettings
mutation-389: PrefsManager.loadSettings
mutation-390: PrefsManager.loadSettings
mutation-391: PrefsManager.loadSettings
mutation-392: PrefsManager.loadSettings
mutation-393: PrefsManager.loadSettings
mutation-394: PrefsManager.loadSettings
mutation-395: PrefsManager.loadSettings
mutation-396: PrefsManager.loadSettings
mutation-397: PrefsManager.loadSettings
mutation-398: PrefsManager.loadSettings
mutation-399: PrefsManager.loadSettings
mutation-400: PrefsManager.loadSettings
mutation-401: PrefsManager.loadSettings
mutation-402: PrefsManager.loadSettings
mutation-403: PrefsManager.loadSettings
mutation-404: PrefsManager.loadSettings
mutation-405: PrefsManager.loadSettings
mutation-406: PrefsManager.loadSettings
mutation-407: PrefsManager.loadSettings
mutation-408: PrefsManager.loadSettings
mutation-409: PrefsManager.loadSettings
mutation-410: PrefsManager.loadSettings
mutation-411: PrefsManager.loadSettings
mutation-412: PrefsManager.loadSettings
mutation-413: PrefsManager.loadSettings
mutation-414: PrefsManager.loadSettings
mutation-415: PrefsManager.loadSettings
mutation-416: PrefsManager.loadSettings
mutation-417: PrefsManager.loadSettings
mutation-418: PrefsManager.loadSettings
mutation-419: PrefsManager.loadSettings
mutation-420: PrefsManager.loadSettings
mutation-421: PrefsManager.loadSettings
mutation-422: PrefsManager.loadSettings
mutation-423: PrefsManager.loadSettings
mutation-424: PrefsManager.loadSettings
mutation-425: PrefsManager.loadSettings
In file: MyLog.java
Input operator: REACHABILITY
mutation-426: MyLog.LogFileName
mutation-427: MyLog.SettingsFileName
mutation-428: MyLog.ensureLogDirectory
mutation-429: MyLog.ensureLogDirectory
mutation-430: MyLog.ensureLogDirectory
mutation-431: MyLog.ensureLogDirectory
mutation-432: MyLog.MyLog
mutation-433: MyLog.MyLog
mutation-434: MyLog.MyLog
mutation-435: MyLog.MyLog
mutation-436: MyLog.MyLog
mutation-437: MyLog.MyLog
mutation-438: MyLog.MyLog
In file: ActionStartFragment.java
Input operator: REACHABILITY
mutation-439: ActionStartFragment.ActionStartFragment
mutation-440: ActionStartFragment.newInstance
mutation-441: ActionStartFragment.openThis
mutation-442: ActionStartFragment.onCreateView
mutation-443: ActionStartFragment.onResume
mutation-444: ActionStartFragment.onResume
mutation-445: ActionStartFragment.onResume
mutation-446: 1.onLongClick
mutation-447: 1.onLongClick
mutation-448: 1.onLongClick
mutation-449: ActionStartFragment.onResume
mutation-450: 1.onLongClick
mutation-451: ActionStartFragment.onResume
mutation-452: ActionStartFragment.onResume
mutation-453: ActionStartFragment.onResume
mutation-454: 1.onLongClick
mutation-455: ActionStartFragment.onResume
mutation-456: 1.onLongClick
mutation-457: ActionStartFragment.onResume
mutation-458: 1.onLongClick
mutation-459: ActionStartFragment.onResume
mutation-460: 1.onLongClick
mutation-461: ActionStartFragment.onResume
mutation-462: ActionStartFragment.onResume
mutation-463: ActionStartFragment.onResume
mutation-464: 1.onLongClick
mutation-465: ActionStartFragment.onResume
mutation-466: 1.onLongClick
mutation-467: ActionStartFragment.onResume
mutation-468: 1.onLongClick
mutation-469: ActionStartFragment.onResume
mutation-470: ActionStartFragment.onResume
mutation-471: ActionStartFragment.onResume
mutation-472: 1.onLongClick
mutation-473: ActionStartFragment.onResume
mutation-474: 1.onLongClick
mutation-475: ActionStartFragment.onResume
mutation-476: 1.onLongClick
mutation-477: ActionStartFragment.onResume
mutation-478: 1.onLongClick
mutation-479: 1.onCheckedChanged
mutation-480: 1.onLongClick
mutation-481: ActionStartFragment.onResume
mutation-482: ActionStartFragment.onResume
mutation-483: 1.onClick
mutation-484: 1.onLongClick
mutation-485: 1.onLongClick
mutation-486: 1.onLongClick
mutation-487: ActionStartFragment.onPause
mutation-488: ActionStartFragment.onPause
mutation-489: ActionStartFragment.onPause
mutation-490: ActionStartFragment.onPause
In file: DefineStopFragment.java
Input operator: REACHABILITY
mutation-491: DefineStopFragment.DefineStopFragment
mutation-492: DefineStopFragment.newInstance
mutation-493: DefineStopFragment.onCreateView
mutation-494: DefineStopFragment.onResume
mutation-495: 1.onLongClick
mutation-496: 1.onLongClick
mutation-497: 1.onLongClick
mutation-498: 1.onLongClick
mutation-499: 1.onLongClick
mutation-500: 1.onLongClick
mutation-501: 1.onLongClick
mutation-502: 1.onLongClick
mutation-503: 1.onLongClick
mutation-504: 1.onLongClick
mutation-505: 1.onLongClick
mutation-506: 1.onLongClick
mutation-507: 1.onLongClick
mutation-508: 1.onLongClick
mutation-509: 1.onLongClick
mutation-510: DefineStopFragment.onPause
mutation-511: DefineStopFragment.onPause
mutation-512: DefineStopFragment.onPause
mutation-513: DefineStopFragment.onPause
mutation-514: DefineStopFragment.onPause
mutation-515: DefineStopFragment.onPause
mutation-516: DefineStopFragment.onPause
mutation-517: DefineStopFragment.onPause
mutation-518: DefineStopFragment.onPause
mutation-519: DefineStopFragment.onPause
mutation-520: DefineStopFragment.onPause
mutation-521: DefineStopFragment.onPause
In file: FileData.java
Input operator: REACHABILITY
mutation-522: FileData.FileData
In file: ActionStopFragment.java
Input operator: REACHABILITY
mutation-523: ActionStopFragment.ActionStopFragment
mutation-524: ActionStopFragment.newInstance
mutation-525: ActionStopFragment.openThis
mutation-526: ActionStopFragment.onCreateView
mutation-527: ActionStopFragment.onResume
mutation-528: 1.onLongClick
mutation-529: 1.onLongClick
mutation-530: 1.onLongClick
mutation-531: 1.onCheckedChanged
mutation-532: 1.onLongClick
mutation-533: ActionStopFragment.onResume
mutation-534: ActionStopFragment.onResume
mutation-535: 1.onClick
mutation-536: 1.onLongClick
mutation-537: 1.onLongClick
mutation-538: 1.onLongClick
mutation-539: ActionStopFragment.onPause
mutation-540: ActionStopFragment.onPause
mutation-541: ActionStopFragment.onPause
mutation-542: ActionStopFragment.onPause
In file: FileListView.java
Input operator: REACHABILITY
mutation-543: FileListView.FileListView
mutation-544: FileListView.setRowView
mutation-545: FileListView.init
mutation-546: FileListView.init
mutation-547: FileListView.init
mutation-548: FileListView.getAdapter
mutation-549: FileListView.setDefaultFileExtentions
mutation-550: FileListView.onItemClick
mutation-551: FileListView.onItemClick
mutation-552: FileListView.onItemClick
mutation-553: FileListView.onItemClick
mutation-554: FileListView.updateUI
mutation-555: FileListView.updateUI
mutation-556: FileListView.updateUI
mutation-557: FileListView.updateUI
mutation-558: FileListView.updateUI
mutation-559: FileListView.updateUI
mutation-560: FileListView.updateUI
mutation-561: FileListView.updateUI
mutation-562: FileListView.setTextViewDirectory
mutation-563: FileListView.setTextViewFile
mutation-564: FileListView.setOnDirectoryOrFileClickListener
mutation-565: FileListView.getComparator
mutation-566: FileListView.setComparator
mutation-567: FileListView.setOnGetView
In file: ActionFragment.java
Input operator: REACHABILITY
mutation-568: ActionFragment.ActionFragment
mutation-569: ActionFragment.getDefaultDir
mutation-570: ActionFragment.getFile
mutation-571: ActionFragment.openThis
In file: FakeContact.java
Input operator: REACHABILITY
mutation-572: FakeContact.onCreate
mutation-573: FakeContact.doDumpOne
mutation-574: FakeContact.doDumpOne
mutation-575: FakeContact.doDumpOne
mutation-576: FakeContact.doDumpOne
mutation-577: FakeContact.doDumpOne
mutation-578: FakeContact.doLogAll
mutation-579: FakeContact.doLogAll
mutation-580: FakeContact.doDumpAll
mutation-581: FakeContact.doDumpAll
mutation-582: FakeContact.doDumpAll
mutation-583: FakeContact.doDumpAll
mutation-584: FakeContact.doDumpAll
mutation-585: FakeContact.reResume
mutation-586: FakeContact.reResume
mutation-587: FakeContact.reResume
mutation-588: FakeContact.reResume
mutation-589: FakeContact.reResume
mutation-590: FakeContact.reResume
mutation-591: FakeContact.reResume
mutation-592: FakeContact.reResume
mutation-593: FakeContact.reResume
mutation-594: FakeContact.reResume
mutation-595: FakeContact.reResume
mutation-596: 1.onClick
mutation-597: 1.onClick
mutation-598: 1.onClick
mutation-599: 1.onClick
mutation-600: 1.onClick
mutation-601: FakeContact.onResume
mutation-602: FakeContact.onResume
mutation-603: FakeContact.onResume
mutation-604: FakeContact.onResume
mutation-605: FakeContact.onBackPressed
mutation-606: FakeContact.onBackPressed
mutation-607: FakeContact.onBackPressed
mutation-608: FakeContact.onPause
mutation-609: FakeContact.onPause
mutation-610: FakeContact.onPause
mutation-611: FakeContact.onPause
mutation-612: FakeContact.onPause
mutation-613: FakeContact.onPause
mutation-614: FakeContact.onPause
mutation-615: FakeContact.onPause
mutation-616: FakeContact.onPause
mutation-617: FakeContact.onPause
mutation-618: FakeContact.onPause
mutation-619: FakeContact.onPause
mutation-620: FakeContact.onPause
mutation-621: FakeContact.onPause
mutation-622: FakeContact.onPause
mutation-623: FakeContact.onPause
mutation-624: FakeContact.onPause
mutation-625: FakeContact.onPause
mutation-626: FakeContact.onPause
In file: MainActivity.java
Input operator: REACHABILITY
mutation-627: MainActivity.onCreate
mutation-628: MainActivity.onCreate
mutation-629: MainActivity.onCreate
mutation-630: MainActivity.onBackPressed
mutation-631: MainActivity.onPrepareOptionsMenu
mutation-632: MainActivity.onPrepareOptionsMenu
mutation-633: MainActivity.onPrepareOptionsMenu
mutation-634: MainActivity.onResume
mutation-635: MainActivity.onOptionsItemSelected
mutation-636: MainActivity.onOptionsItemSelected
mutation-637: MainActivity.onOptionsItemSelected
mutation-638: MainActivity.onOptionsItemSelected
In file: FileSystemAdapter.java
Input operator: REACHABILITY
mutation-639: FileSystemAdapter.FileSystemAdapter
mutation-640: FileSystemAdapter.getView
mutation-641: FileSystemAdapter.getView
mutation-642: FileSystemAdapter.getView
mutation-643: FileSystemAdapter.getView
mutation-644: FileSystemAdapter.getView
mutation-645: FileSystemAdapter.getView
mutation-646: FileSystemAdapter.getView
mutation-647: FileSystemAdapter.getView
mutation-648: FileSystemAdapter.getView
mutation-649: FileSystemAdapter.getView
mutation-650: FileSystemAdapter.getFileExtention
mutation-651: FileSystemAdapter.getFileExtention
mutation-652: FileSystemAdapter.showFileSystem
mutation-653: FileSystemAdapter.showFileSystem
mutation-654: FileSystemAdapter.showFileSystem
mutation-655: FileSystemAdapter.showFileSystem
mutation-656: FileSystemAdapter.showFileSystem
mutation-657: FileSystemAdapter.showFileSystem
mutation-658: FileSystemAdapter.showFileSystem
mutation-659: FileSystemAdapter.getRoot
mutation-660: FileSystemAdapter.move
mutation-661: FileSystemAdapter.move
mutation-662: FileSystemAdapter.move
mutation-663: FileSystemAdapter.move
mutation-664: FileSystemAdapter.move
mutation-665: FileSystemAdapter.move
mutation-666: FileSystemAdapter.move
mutation-667: FileSystemAdapter.move
mutation-668: FileSystemAdapter.move
mutation-669: FileSystemAdapter.addExtention
mutation-670: FileSystemAdapter.clearExtentionMapping
mutation-671: FileSystemAdapter.hasExtentions
mutation-672: FileSystemAdapter.getPath
mutation-673: FileSystemAdapter.setPath
mutation-674: FileSystemAdapter.setOnGetView
In file: FileBrowserFragment.java
Input operator: REACHABILITY
mutation-675: FileBrowserFragment.FileBrowserFragment
mutation-676: FileBrowserFragment.setOwner
mutation-677: FileBrowserFragment.onCreateView
mutation-678: FileBrowserFragment.onViewCreated
mutation-679: 1.onDirectoryOrFileClick
mutation-680: 1.onDirectoryOrFileClick
mutation-681: FileBrowserFragment.onViewCreated
mutation-682: FileBrowserFragment.onViewCreated
In file: DisabledRadioButton.java
Input operator: REACHABILITY
mutation-683: DisabledRadioButton.DisabledRadioButton
mutation-684: DisabledRadioButton.DisabledRadioButton
mutation-685: DisabledRadioButton.DisabledRadioButton
mutation-686: DisabledRadioButton.DisabledRadioButton
mutation-687: DisabledRadioButton.performClick
In file: CreateClassDialog.java
Input operator: REACHABILITY
mutation-688: CreateClassDialog.CreateClassDialog
mutation-689: CreateClassDialog.onCreateView
mutation-690: 1.onClick
mutation-691: 1.onTextChanged
mutation-692: 1.beforeTextChanged
mutation-693: 1.afterTextChanged
mutation-694: 1.afterTextChanged
mutation-695: 1.afterTextChanged
mutation-696: 1.onClick
In file: DefineStartFragment.java
Input operator: REACHABILITY
mutation-697: DefineStartFragment.DefineStartFragment
mutation-698: DefineStartFragment.newInstance
mutation-699: DefineStartFragment.onCreateView
mutation-700: DefineStartFragment.onResume
mutation-701: 1.onLongClick
mutation-702: 1.onLongClick
mutation-703: 1.onLongClick
mutation-704: 1.onLongClick
mutation-705: 1.onLongClick
mutation-706: 1.onLongClick
mutation-707: 1.onLongClick
mutation-708: 1.onLongClick
mutation-709: 1.onLongClick
mutation-710: 1.onLongClick
mutation-711: 1.onLongClick
mutation-712: 1.onLongClick
mutation-713: 1.onLongClick
mutation-714: DefineStartFragment.onPause
mutation-715: DefineStartFragment.onPause
mutation-716: DefineStartFragment.onPause
mutation-717: DefineStartFragment.onPause
mutation-718: DefineStartFragment.onPause
mutation-719: DefineStartFragment.onPause
mutation-720: DefineStartFragment.onPause
mutation-721: DefineStartFragment.onPause
mutation-722: DefineStartFragment.onPause
mutation-723: DefineStartFragment.onPause
In file: DefineClassFragment.java
Input operator: REACHABILITY
mutation-724: calendarCheck.calendarCheck
mutation-725: DefineClassFragment.DefineClassFragment
mutation-726: DefineClassFragment.newInstance
mutation-727: DefineClassFragment.onCreateView
mutation-728: DefineClassFragment.onResume
mutation-729: 1.onLongClick
mutation-730: DefineClassFragment.onResume
mutation-731: 1.onLongClick
mutation-732: DefineClassFragment.onResume
mutation-733: 1.onLongClick
mutation-734: DefineClassFragment.onResume
mutation-735: DefineClassFragment.onResume
mutation-736: 1.onLongClick
mutation-737: DefineClassFragment.onResume
mutation-738: DefineClassFragment.onResume
mutation-739: 1.onLongClick
mutation-740: 1.onLongClick
mutation-741: DefineClassFragment.onResume
mutation-742: DefineClassFragment.onResume
mutation-743: DefineClassFragment.onResume
mutation-744: DefineClassFragment.onResume
mutation-745: DefineClassFragment.onResume
mutation-746: 1.onLongClick
mutation-747: DefineClassFragment.onResume
mutation-748: DefineClassFragment.onResume
mutation-749: DefineClassFragment.onResume
mutation-750: DefineClassFragment.onResume
mutation-751: DefineClassFragment.onResume
mutation-752: 1.onLongClick
mutation-753: DefineClassFragment.onResume
mutation-754: DefineClassFragment.onResume
mutation-755: DefineClassFragment.onResume
mutation-756: DefineClassFragment.onResume
mutation-757: DefineClassFragment.onResume
mutation-758: 1.onLongClick
mutation-759: DefineClassFragment.onResume
mutation-760: DefineClassFragment.onResume
mutation-761: DefineClassFragment.onResume
mutation-762: DefineClassFragment.onResume
mutation-763: DefineClassFragment.onResume
mutation-764: 1.onLongClick
mutation-765: DefineClassFragment.onResume
mutation-766: DefineClassFragment.onResume
mutation-767: DefineClassFragment.onResume
mutation-768: DefineClassFragment.onResume
mutation-769: DefineClassFragment.onResume
mutation-770: DefineClassFragment.onPause
mutation-771: DefineClassFragment.onPause
mutation-772: DefineClassFragment.onPause
mutation-773: DefineClassFragment.onPause
mutation-774: DefineClassFragment.onPause
mutation-775: DefineClassFragment.onPause
mutation-776: DefineClassFragment.onPause
mutation-777: DefineClassFragment.onPause
mutation-778: DefineClassFragment.onPause
mutation-779: DefineClassFragment.onPause
mutation-780: DefineClassFragment.onPause
mutation-781: DefineClassFragment.onPause
mutation-782: DefineClassFragment.onPause
In file: ArrayAdapter.java
Input operator: REACHABILITY
mutation-783: ArrayAdapter.ArrayAdapter
mutation-784: ArrayAdapter.ArrayAdapter
mutation-785: ArrayAdapter.ArrayAdapter
mutation-786: ArrayAdapter.ArrayAdapter
mutation-787: ArrayAdapter.ArrayAdapter
mutation-788: ArrayAdapter.ArrayAdapter
mutation-789: ArrayAdapter.add
mutation-790: ArrayAdapter.add
mutation-791: ArrayAdapter.add
mutation-792: ArrayAdapter.add
mutation-793: ArrayAdapter.addAll
mutation-794: ArrayAdapter.addAll
mutation-795: ArrayAdapter.addAll
mutation-796: ArrayAdapter.addAll
mutation-797: ArrayAdapter.addAll
mutation-798: ArrayAdapter.addAll
mutation-799: ArrayAdapter.addAll
mutation-800: ArrayAdapter.addAll
mutation-801: ArrayAdapter.insert
mutation-802: ArrayAdapter.insert
mutation-803: ArrayAdapter.insert
mutation-804: ArrayAdapter.insert
mutation-805: ArrayAdapter.remove
mutation-806: ArrayAdapter.remove
mutation-807: ArrayAdapter.remove
mutation-808: ArrayAdapter.remove
mutation-809: ArrayAdapter.clear
mutation-810: ArrayAdapter.clear
mutation-811: ArrayAdapter.clear
mutation-812: ArrayAdapter.clear
mutation-813: ArrayAdapter.clearNoNotification
mutation-814: ArrayAdapter.clearNoNotification
mutation-815: ArrayAdapter.clearNoNotification
mutation-816: ArrayAdapter.clearNoNotification
mutation-817: ArrayAdapter.sort
mutation-818: ArrayAdapter.sort
mutation-819: ArrayAdapter.sort
mutation-820: ArrayAdapter.sort
mutation-821: ArrayAdapter.notifyDataSetChanged
mutation-822: ArrayAdapter.setNotifyOnChange
mutation-823: ArrayAdapter.init
mutation-824: ArrayAdapter.getContext
mutation-825: ArrayAdapter.getCount
mutation-826: ArrayAdapter.getItem
mutation-827: ArrayAdapter.getPosition
mutation-828: ArrayAdapter.getItemId
mutation-829: ArrayAdapter.getView
mutation-830: ArrayAdapter.createViewFromResource
mutation-831: ArrayAdapter.createViewFromResource
mutation-832: ArrayAdapter.createViewFromResource
mutation-833: ArrayAdapter.createViewFromResource
mutation-834: ArrayAdapter.createViewFromResource
mutation-835: ArrayAdapter.createViewFromResource
mutation-836: ArrayAdapter.createViewFromResource
mutation-837: ArrayAdapter.createViewFromResource
mutation-838: ArrayAdapter.createViewFromResource
mutation-839: ArrayAdapter.setDropDownViewResource
mutation-840: ArrayAdapter.getDropDownView
mutation-841: ArrayAdapter.createFromResource
mutation-842: ArrayAdapter.getFilter
mutation-843: ArrayAdapter.getFilter
mutation-844: ArrayFilter.performFiltering
mutation-845: ArrayFilter.performFiltering
mutation-846: ArrayFilter.performFiltering
mutation-847: ArrayFilter.performFiltering
mutation-848: ArrayFilter.performFiltering
mutation-849: ArrayFilter.performFiltering
mutation-850: ArrayFilter.performFiltering
mutation-851: ArrayFilter.performFiltering
mutation-852: ArrayFilter.performFiltering
mutation-853: ArrayFilter.performFiltering
mutation-854: ArrayFilter.performFiltering
mutation-855: ArrayFilter.performFiltering
mutation-856: ArrayFilter.publishResults
mutation-857: ArrayFilter.publishResults
mutation-858: ArrayFilter.publishResults
In file: EditActivity.java
Input operator: REACHABILITY
mutation-859: EditActivity.onCreate
mutation-860: EditActivity.setButtonVisibility
mutation-861: EditActivity.onResume
mutation-862: 1.onLongClick
mutation-863: 1.onClick
mutation-864: 1.onLongClick
mutation-865: 1.onClick
mutation-866: 1.onLongClick
mutation-867: 1.onClick
mutation-868: 1.onLongClick
mutation-869: 1.onClick
mutation-870: 1.onLongClick
mutation-871: 1.onClick
mutation-872: 1.onLongClick
mutation-873: 1.onClick
mutation-874: 1.onLongClick
mutation-875: 1.onClick
mutation-876: 1.onLongClick
In file: SettingsActivity.java
Input operator: REACHABILITY
mutation-877: SettingsActivity.onCreate
mutation-878: SettingsActivity.doReset
mutation-879: SettingsActivity.setNextLocationState
mutation-880: SettingsActivity.setNextLocationState
mutation-881: 1.onLongClick
mutation-882: SettingsActivity.setNextLocationState
mutation-883: 1.onLongClick
mutation-884: SettingsActivity.showLog
mutation-885: SettingsActivity.showLog
mutation-886: SettingsActivity.showLog
mutation-887: SettingsActivity.showLog
mutation-888: SettingsActivity.showLog
mutation-889: SettingsActivity.showLog
mutation-890: SettingsActivity.reResume
mutation-891: SettingsActivity.reResume
mutation-892: SettingsActivity.reResume
mutation-893: 1.onLongClick
mutation-894: 1.onLongClick
mutation-895: 1.onLongClick
mutation-896: 1.onLongClick
mutation-897: 1.onLongClick
mutation-898: 1.onLongClick
mutation-899: SettingsActivity.reResume
mutation-900: SettingsActivity.reResume
mutation-901: 1.onLongClick
mutation-902: SettingsActivity.reResume
mutation-903: 1.onClick
mutation-904: 1.onLongClick
mutation-905: SettingsActivity.reResume
mutation-906: 1.onClick
mutation-907: 1.onLongClick
mutation-908: 1.onClick
mutation-909: 1.onLongClick
mutation-910: SettingsActivity.reResume
mutation-911: 1.onClick
mutation-912: 1.onLongClick
mutation-913: SettingsActivity.reResume
mutation-914: 1.onClick
mutation-915: 1.onLongClick
mutation-916: SettingsActivity.reResume
mutation-917: 1.onClick
mutation-918: 1.onLongClick
mutation-919: SettingsActivity.reResume
mutation-920: 1.onClick
mutation-921: 1.onLongClick
mutation-922: SettingsActivity.reResume
mutation-923: SettingsActivity.reResume
mutation-924: 1.onClick
mutation-925: 1.onClick
mutation-926: 1.onClick
mutation-927: 1.onLongClick
mutation-928: 1.onLongClick
mutation-929: 1.onLongClick
mutation-930: 1.onClick
mutation-931: 1.onClick
mutation-932: 1.onLongClick
mutation-933: 1.onClick
mutation-934: 1.onLongClick
mutation-935: SettingsActivity.reResume
mutation-936: 1.onClick
mutation-937: 1.onClick
mutation-938: 1.onClick
mutation-939: 1.onClick
mutation-940: 1.onLongClick
mutation-941: SettingsActivity.reResume
mutation-942: 1.onClick
mutation-943: 1.onLongClick
mutation-944: SettingsActivity.reResume
mutation-945: 1.onClick
mutation-946: 1.onClick
mutation-947: 1.onClick
mutation-948: 1.onLongClick
mutation-949: SettingsActivity.reResume
mutation-950: 1.onClick
mutation-951: 1.onLongClick
mutation-952: SettingsActivity.reResume
mutation-953: SettingsActivity.reResume
mutation-954: 1.onClick
mutation-955: SettingsActivity.onResume
mutation-956: SettingsActivity.onResume
mutation-957: SettingsActivity.onBackPressed
mutation-958: SettingsActivity.onBackPressed
mutation-959: SettingsActivity.onBackPressed
In file: MuteService.java
Input operator: REACHABILITY
mutation-960: MuteService.MuteService
mutation-961: 1.handleMessage
mutation-962: 1.handleMessage
mutation-963: 1.handleMessage
mutation-964: 1.handleMessage
mutation-965: MuteService.lock
mutation-966: MuteService.lock
mutation-967: MuteService.unlock
mutation-968: MuteService.unlock
mutation-969: MuteService.unlock
mutation-970: MuteService.unlock
mutation-971: MuteService.unlock
mutation-972: MuteService.doReset
mutation-973: MuteService.doReset
mutation-974: MuteService.doReset
mutation-975: MuteService.onAccuracyChanged
mutation-976: MuteService.onSensorChanged
mutation-977: MuteService.onSensorChanged
mutation-978: MuteService.onSensorChanged
mutation-979: StartServiceReceiver.onReceive
mutation-980: MuteService.emitNotification
mutation-981: MuteService.emitNotification
mutation-982: MuteService.PermissionFail
mutation-983: MuteService.UpdatePhoneState
mutation-984: MuteService.UpdatePhoneState
mutation-985: MuteService.UpdatePhoneState
mutation-986: MuteService.UpdatePhoneState
mutation-987: MuteService.UpdatePhoneState
mutation-988: MuteService.UpdatePhoneState
mutation-989: MuteService.doLogCycling
mutation-990: MuteService.doLogCycling
mutation-991: MuteService.doLogCycling
mutation-992: MuteService.doLogCycling
mutation-993: MuteService.doLogCycling
mutation-994: MuteService.doLogCycling
mutation-995: MuteService.doLogCycling
mutation-996: MuteService.doLogCycling
mutation-997: MuteService.doLogCycling
mutation-998: MuteService.doLogCycling
mutation-999: MuteService.doLogCycling
mutation-1000: MuteService.StartStepCounter
mutation-1001: MuteService.StartStepCounter
mutation-1002: MuteService.StartStepCounter
mutation-1003: MuteService.StartStepCounter
mutation-1004: MuteService.StartStepCounter
mutation-1005: MuteService.StartStepCounter
mutation-1006: MuteService.StartStepCounter
mutation-1007: MuteService.StartStepCounter
mutation-1008: MuteService.StartStepCounter
mutation-1009: MuteService.LocationUpdates
mutation-1010: MuteService.LocationUpdates
mutation-1011: MuteService.LocationUpdates
mutation-1012: MuteService.LocationUpdates
mutation-1013: MuteService.LocationUpdates
mutation-1014: MuteService.LocationUpdates
mutation-1015: MuteService.LocationUpdates
mutation-1016: MuteService.LocationUpdates
mutation-1017: MuteService.LocationUpdates
mutation-1018: MuteService.startLocationWait
mutation-1019: MuteService.startLocationWait
mutation-1020: MuteService.startLocationWait
mutation-1021: MuteService.startLocationWait
mutation-1022: MuteService.checkLocationWait
mutation-1023: MuteService.checkLocationWait
mutation-1024: MuteService.checkLocationWait
mutation-1025: MuteService.checkLocationWait
mutation-1026: MuteService.checkLocationWait
mutation-1027: MuteService.checkLocationWait
mutation-1028: MuteService.checkOrientationWait
mutation-1029: MuteService.checkOrientationWait
mutation-1030: MuteService.checkOrientationWait
mutation-1031: MuteService.checkOrientationWait
mutation-1032: MuteService.checkOrientationWait
mutation-1033: MuteService.checkOrientationWait
mutation-1034: MuteService.checkOrientationWait
mutation-1035: MuteService.checkOrientationWait
mutation-1036: MuteService.checkOrientationWait
mutation-1037: MuteService.checkOrientationWait
mutation-1038: MuteService.checkConnectionWait
mutation-1039: MuteService.checkConnectionWait
mutation-1040: MuteService.checkConnectionWait
mutation-1041: MuteService.checkConnectionWait
mutation-1042: MuteService.checkConnectionWait
mutation-1043: MuteService.checkConnectionWait
mutation-1044: MuteService.checkConnectionWait
mutation-1045: MuteService.checkConnectionWait
mutation-1046: MuteService.checkConnectionWait
mutation-1047: MuteService.checkConnectionWait
mutation-1048: MuteService.setCurrentRinger
mutation-1049: MuteService.setCurrentRinger
mutation-1050: MuteService.setCurrentRinger
mutation-1051: MuteService.setCurrentRinger
mutation-1052: MuteService.setCurrentRinger
mutation-1053: MuteService.setCurrentRinger
mutation-1054: MuteService.setCurrentRinger
mutation-1055: MuteService.setCurrentRinger
mutation-1056: MuteService.setCurrentRinger
mutation-1057: MuteService.setCurrentRinger
mutation-1058: MuteService.setCurrentRinger
mutation-1059: MuteService.updateState
mutation-1060: MuteService.updateState
mutation-1061: MuteService.updateState
mutation-1062: MuteService.updateState
mutation-1063: MuteService.updateState
mutation-1064: MuteService.updateState
mutation-1065: MuteService.updateState
mutation-1066: MuteService.updateState
mutation-1067: MuteService.updateState
mutation-1068: MuteService.updateState
mutation-1069: MuteService.updateState
mutation-1070: MuteService.updateState
mutation-1071: MuteService.updateState
mutation-1072: MuteService.updateState
mutation-1073: MuteService.updateState
mutation-1074: MuteService.updateState
mutation-1075: MuteService.updateState
mutation-1076: MuteService.updateState
mutation-1077: MuteService.updateState
mutation-1078: MuteService.updateState
mutation-1079: MuteService.updateState
mutation-1080: MuteService.updateState
mutation-1081: MuteService.updateState
mutation-1082: MuteService.updateState
mutation-1083: MuteService.updateState
mutation-1084: MuteService.updateState
mutation-1085: MuteService.updateState
mutation-1086: MuteService.updateState
mutation-1087: MuteService.updateState
mutation-1088: MuteService.updateState
mutation-1089: MuteService.updateState
mutation-1090: MuteService.updateState
mutation-1091: MuteService.updateState
mutation-1092: MuteService.updateState
mutation-1093: MuteService.updateState
mutation-1094: MuteService.updateState
mutation-1095: MuteService.updateState
mutation-1096: MuteService.updateState
mutation-1097: MuteService.updateState
mutation-1098: MuteService.updateState
mutation-1099: MuteService.updateState
mutation-1100: MuteService.updateState
mutation-1101: MuteService.updateState
mutation-1102: MuteService.updateState
mutation-1103: MuteService.updateState
mutation-1104: MuteService.updateState
mutation-1105: MuteService.updateState
mutation-1106: MuteService.updateState
mutation-1107: MuteService.updateState
mutation-1108: MuteService.updateState
mutation-1109: MuteService.updateState
mutation-1110: MuteService.updateState
mutation-1111: MuteService.updateState
mutation-1112: MuteService.updateState
mutation-1113: MuteService.updateState
mutation-1114: MuteService.updateState
mutation-1115: MuteService.updateState
mutation-1116: MuteService.updateState
mutation-1117: MuteService.updateState
mutation-1118: MuteService.updateState
mutation-1119: MuteService.updateState
mutation-1120: MuteService.updateState
mutation-1121: MuteService.updateState
mutation-1122: MuteService.updateState
mutation-1123: MuteService.updateState
mutation-1124: MuteService.updateState
mutation-1125: MuteService.updateState
mutation-1126: MuteService.updateState
mutation-1127: MuteService.updateState
mutation-1128: MuteService.updateState
mutation-1129: MuteService.updateState
mutation-1130: MuteService.updateState
mutation-1131: MuteService.updateState
mutation-1132: MuteService.updateState
mutation-1133: MuteService.updateState
mutation-1134: MuteService.updateState
mutation-1135: MuteService.updateState
mutation-1136: MuteService.updateState
mutation-1137: MuteService.updateState
mutation-1138: MuteService.updateState
mutation-1139: MuteService.updateState
mutation-1140: MuteService.onHandleIntent
mutation-1141: MuteService.onHandleIntent
mutation-1142: MuteService.startIfNecessary
