In file: Collector.java
Input operator: REACHABILITY
mutation-0: Collector.getReport
mutation-1: Collector.getReport
mutation-2: Collector.getReport
mutation-3: Collector.getReport
mutation-4: Collector.Collector
mutation-5: Collector.collect
mutation-6: Collector.collect
mutation-7: Collector.collect
mutation-8: Collector.trebleInfo
mutation-9: Collector.cameraOldAPI
mutation-10: Collector.cameraOldAPI
mutation-11: Collector.cameraOldAPI
mutation-12: Collector.cameraOldAPI
mutation-13: Collector.camera2API
mutation-14: Collector.camera2API
mutation-15: Collector.camera2API
mutation-16: Collector.camera2API
mutation-17: Collector.camera2API
mutation-18: Collector.tech2API
mutation-19: Collector.tech2API
mutation-20: Collector.tech2API
mutation-21: Collector.tech2API
mutation-22: Collector.tech2API
mutation-23: Collector.selfMounts
mutation-24: Collector.selfMounts
mutation-25: Collector.selfMounts
mutation-26: Collector.selfMounts
mutation-27: Collector.selfMounts
mutation-28: Collector.selfMounts
mutation-29: Collector.selfMounts
mutation-30: Collector.dumpsysL
mutation-31: Collector.systemFL
mutation-32: Collector.systemFL
mutation-33: Collector.systemFL
mutation-34: Collector.systemFL
mutation-35: Collector.systemFL
mutation-36: Collector.systemFL
mutation-37: Collector.systemFL
mutation-38: Collector.systemArch
mutation-39: Collector.systemArch
mutation-40: Collector.systemArch
mutation-41: Collector.meta
mutation-42: Collector.displayInfo
mutation-43: Collector.displayInfo
mutation-44: Collector.displayInfo
mutation-45: Collector.displayInfo
mutation-46: Collector.displayInfo
mutation-47: Collector.drmInfo
mutation-48: Collector.classicDrmInfo
mutation-49: Collector.classicDrmInfo
mutation-50: Collector.classicDrmInfo
mutation-51: Collector.classicDrmInfo
mutation-52: Collector.jsonArray
mutation-53: Collector.jsonArray
mutation-54: Collector.jsonArray
mutation-55: Collector.mediaCodecInfo
mutation-56: Collector.mediaCodecInfo
mutation-57: Collector.mediaCodecInfo
mutation-58: Collector.mediaCodecInfo
mutation-59: Collector.mediaCodecInfo
mutation-60: Collector.mediaCodecInfo
mutation-61: Collector.mediaCodecInfo
mutation-62: Collector.mediaCodecInfo
mutation-63: Collector.mediaCodecInfo
mutation-64: 1.compare
mutation-65: Collector.modularDrmInfo
mutation-66: Collector.modularDrmInfo
mutation-67: Collector.modularDrmInfo
mutation-68: Collector.widevineModularDrmInfo
mutation-69: Collector.widevineModularDrmInfo
mutation-70: Collector.widevineModularDrmInfo
mutation-71: Collector.widevineModularDrmInfo
mutation-72: 1.onEvent
mutation-73: 1.onEvent
mutation-74: 1.onEvent
mutation-75: Collector.widevineModularDrmInfo
mutation-76: Collector.widevineModularDrmInfo
mutation-77: Collector.widevineModularDrmInfo
mutation-78: Collector.widevineModularDrmInfo
mutation-79: Collector.widevineModularDrmInfo
mutation-80: Collector.widevineModularDrmInfo
mutation-81: Collector.widevineModularDrmInfo
mutation-82: Collector.widevineModularDrmInfo
mutation-83: Collector.androidInfo
mutation-84: Collector.androidInfo
mutation-85: Collector.androidInfo
mutation-86: Collector.systemInfo
mutation-87: Collector.securityProviders
mutation-88: Collector.securityProviders
mutation-89: Collector.rootInfo
mutation-90: Collector.rootInfo
mutation-91: Collector.rootInfo
mutation-92: Collector.getRequestNonce
mutation-93: Collector.getZpack
mutation-94: Collector.getZpack
mutation-95: Collector.getZpack
mutation-96: Collector.getZpack
mutation-97: Collector.getCpu
mutation-98: Collector.getCpu
mutation-99: Collector.getCpu
mutation-100: Collector.getCpu
In file: MainActivity.java
Input operator: REACHABILITY
mutation-101: MainActivity.showReport
mutation-102: MainActivity.onCreate
mutation-103: 1.onClick
mutation-104: MainActivity.onCreateOptionsMenu
mutation-105: MainActivity.onOptionsItemSelected
mutation-106: MainActivity.onOptionsItemSelected
mutation-107: MainActivity.showActionsDialog
mutation-108: 1.onClick
mutation-109: MainActivity.showZinfo
mutation-110: MainActivity.showZinfo
mutation-111: MainActivity.showZinfo
mutation-112: MainActivity.startProvision
mutation-113: MainActivity.provisionFailed
mutation-114: MainActivity.provisionSuccessful
mutation-115: MainActivity.shareReport
mutation-116: MainActivity.intentWithText
mutation-117: CollectorTask.doInBackground
mutation-118: CollectorTask.onPostExecute
mutation-119: CollectorTask.onPostExecute
mutation-120: CollectorTask.onPostExecute
mutation-121: ProvisionTask.ProvisionTask
mutation-122: ProvisionTask.doInBackground
mutation-123: ProvisionTask.doInBackground
mutation-124: ProvisionTask.doInBackground
mutation-125: ProvisionTask.onPostExecute
mutation-126: ProvisionTask.onPostExecute
mutation-127: ProvisionTask.onPostExecute
mutation-128: ProvisionTask.provisionWidevine
mutation-129: ProvisionTask.provisionWidevine
mutation-130: ProvisionTask.provisionWidevine
mutation-131: MainActivity.showIDs
mutation-132: MainActivity.displayIDs
mutation-133: MainActivity.displayIDs
mutation-134: MainActivity.displayIDs
In file: Utils.java
Input operator: REACHABILITY
mutation-135: Utils.getProp
mutation-136: Utils.getProp
mutation-137: Utils.getProp
mutation-138: Utils.semicolonJson
mutation-139: Utils.semicolonJson
mutation-140: Utils.semicolonSortedJson
mutation-141: Utils.semicolonSortedJson
mutation-142: Utils.semicolonSortedJson
mutation-143: Utils.getZinfo
mutation-144: Utils.getZinfo
mutation-145: Utils.getZinfo
mutation-146: Utils.getZinfo
