In file: TimeRangeTest.java
Input operator: REACHABILITY
mutation-0: TimeRangeTest.testTimeRange
mutation-1: TimeRangeTest.testSetters
mutation-2: TimeRangeTest.testGetTotal
mutation-3: TimeRangeTest.testToString
In file: Activities.java
Input operator: REACHABILITY
mutation-4: Activities.onCreate
mutation-5: Activities.onCreate
mutation-6: Activities.onCreate
mutation-7: Activities.onCreate
mutation-8: 1.run
mutation-9: 1.run
mutation-10: Activities.onCreate
mutation-11: Activities.onCreate
mutation-12: Activities.onCreate
mutation-13: Activities.onCreate
mutation-14: Activities.onPause
mutation-15: Activities.onPause
mutation-16: Activities.onStop
mutation-17: Activities.onStop
mutation-18: Activities.onStop
mutation-19: Activities.onResume
mutation-20: Activities.onResume
mutation-21: Activities.onCreateOptionsMenu
mutation-22: Activities.onCreateContextMenu
mutation-23: Activities.onContextItemSelected
mutation-24: Activities.onContextItemSelected
mutation-25: Activities.onMenuItemSelected
mutation-26: Activities.onCreateDialog
mutation-27: Activities.onCreateDialog
mutation-28: Activities.onCreateDialog
mutation-29: Activities.onCreateDialog
mutation-30: Activities.onCreateDialog
mutation-31: Activities.perform
mutation-32: Activities.perform
mutation-33: Activities.perform
mutation-34: Activities.perform
mutation-35: Activities.perform
mutation-36: Activities.openChangeViewDialog
mutation-37: 1.onClick
mutation-38: 1.onClick
mutation-39: 1.onDateSet
mutation-40: 1.onDateSet
mutation-41: 1.onClick
mutation-42: Activities.switchView
mutation-43: Activities.setTitle
mutation-44: Activities.setTitle
mutation-45: Activities.openNewActivityDialog
mutation-46: 1.onClick
mutation-47: 1.onClick
mutation-48: Activities.openEditActivityDialog
mutation-49: Activities.openEditActivityDialog
mutation-50: 1.onClick
mutation-51: 1.onClick
mutation-52: Activities.openDeleteActivityDialog
mutation-53: Activities.openDeleteActivityDialog
mutation-54: 1.onClick
mutation-55: Activities.export
mutation-56: Activities.export
mutation-57: Activities.export
mutation-58: Activities.export
mutation-59: Activities.export
mutation-60: Activities.getRangeName
mutation-61: Activities.getRangeName
mutation-62: Activities.getVersionName
mutation-63: Activities.getVersionName
mutation-64: Activities.getVersionName
mutation-65: Activities.getVersionName
mutation-66: Activities.openAboutDialog
mutation-67: Activities.onPrepareDialog
mutation-68: Activities.requestExport
mutation-69: Activities.requestExport
mutation-70: 1.onClick
mutation-71: Activities.requestExport
mutation-72: Activities.requestBackupRestore
mutation-73: Activities.requestBackupRestore
mutation-74: 1.onClick
mutation-75: Activities.requestBackupRestore
mutation-76: Activities.requestBackupCreation
mutation-77: Activities.requestBackupCreation
mutation-78: 1.onClick
mutation-79: Activities.requestBackupCreation
mutation-80: Activities.doExport
mutation-81: Activities.doBackupRestore
mutation-82: Activities.doBackupRestore
mutation-83: Activities.doBackupRestore
mutation-84: Activities.doBackupRestore
mutation-85: Activities.doBackupRestore
mutation-86: Activities.doBackupCreation
mutation-87: Activities.doBackupCreation
mutation-88: Activities.doBackupCreation
mutation-89: Activities.doBackupCreation
mutation-90: Activities.doBackupCreation
mutation-91: Activities.doBackupCreation
mutation-92: Activities.doBackupCreation
mutation-93: Activities.doBackupCreation
mutation-94: Activities.doBackupCreation
mutation-95: Activities.doBackupCreation
mutation-96: Activities.doBackupCreation
mutation-97: Activities.doBackupCreation
mutation-98: Activities.doBackupCreation
mutation-99: Activities.onRequestPermissionsResult
mutation-100: Activities.onRequestPermissionsResult
mutation-101: Activities.onRequestPermissionsResult
mutation-102: Activities.onRequestPermissionsResult
mutation-103: ActivityView.ActivityView
mutation-104: ActivityView.setActivity
mutation-105: ActivityView.markupSelectedActivity
mutation-106: ActivityView.markupSelectedActivity
mutation-107: ActivityView.markupSelectedActivity
mutation-108: Activities.formatTotal
mutation-109: Activities.formatTotal
mutation-110: Activities.formatTotal
mutation-111: Activities.formatTotal
mutation-112: Activities.formatTotal
mutation-113: Activities.formatTotal
mutation-114: ActivityAdapter.ActivityAdapter
mutation-115: ActivityAdapter.close
mutation-116: ActivityAdapter.loadActivities
mutation-117: ActivityAdapter.loadActivity
mutation-118: ActivityAdapter.loadActivities
mutation-119: ActivityAdapter.makeWhereClause
mutation-120: ActivityAdapter.makeWhereClause
mutation-121: ActivityAdapter.makeWhereClause
mutation-122: ActivityAdapter.loadActivities
mutation-123: ActivityAdapter.loadActivities
mutation-124: ActivityAdapter.loadActivities
mutation-125: ActivityAdapter.loadActivities
mutation-126: ActivityAdapter.loadActivities
mutation-127: ActivityAdapter.loadActivities
mutation-128: ActivityAdapter.getCurrentRange
mutation-129: ActivityAdapter.getCurrentRange
mutation-130: ActivityAdapter.findCurrentlyActive
mutation-131: ActivityAdapter.findCurrentlyActive
mutation-132: ActivityAdapter.findCurrentlyActive
mutation-133: ActivityAdapter.addActivity
mutation-134: ActivityAdapter.updateActivity
mutation-135: ActivityAdapter.updateActivity
mutation-136: ActivityAdapter.updateActivity
mutation-137: ActivityAdapter.updateActivity
mutation-138: ActivityAdapter.deleteActivity
mutation-139: ActivityAdapter.getCount
mutation-140: ActivityAdapter.getItem
mutation-141: ActivityAdapter.getItemId
mutation-142: ActivityAdapter.getView
mutation-143: ActivityAdapter.getView
mutation-144: ActivityAdapter.getView
mutation-145: ActivityAdapter.getView
mutation-146: ActivityAdapter.getView
mutation-147: Activities.onListItemClick
mutation-148: Activities.onListItemClick
mutation-149: Activities.onListItemClick
mutation-150: Activities.onListItemClick
mutation-151: Activities.onListItemClick
mutation-152: Activities.onListItemClick
mutation-153: Activities.onListItemClick
mutation-154: Activities.onListItemClick
mutation-155: Activities.onListItemClick
mutation-156: Activities.onListItemClick
mutation-157: Activities.onListItemClick
mutation-158: Activities.onListItemClick
mutation-159: Activities.onListItemClick
mutation-160: Activities.onListItemClick
mutation-161: Activities.onListItemClick
mutation-162: Activities.onActivityResult
mutation-163: Activities.onActivityResult
mutation-164: Activities.onActivityResult
mutation-165: Activities.onActivityResult
mutation-166: Activities.onActivityResult
mutation-167: Activities.onActivityResult
mutation-168: Activities.onActivityResult
mutation-169: Activities.onActivityResult
mutation-170: Activities.onActivityResult
mutation-171: Activities.onActivityResult
mutation-172: Activities.onActivityResult
mutation-173: Activities.onActivityResult
mutation-174: Activities.finishedCopy
mutation-175: Activities.finishedCopy
In file: Activity.java
Input operator: REACHABILITY
mutation-176: Activity.Activity
mutation-177: Activity.getId
mutation-178: Activity.getName
mutation-179: Activity.setName
mutation-180: Activity.getTotal
mutation-181: Activity.getTotal
mutation-182: Activity.setCollapsed
mutation-183: Activity.getCollapsed
mutation-184: Activity.start
mutation-185: Activity.start
mutation-186: Activity.stop
mutation-187: Activity.stop
mutation-188: Activity.getStartTime
mutation-189: Activity.setStartTime
mutation-190: Activity.getEndTime
mutation-191: Activity.setEndTime
mutation-192: Activity.hashCode
mutation-193: Activity.equals
mutation-194: Activity.equals
mutation-195: Activity.equals
mutation-196: Activity.equals
mutation-197: Activity.compareTo
mutation-198: Activity.isRunning
In file: DBBackup.java
Input operator: REACHABILITY
mutation-199: DBBackup.DBBackup
mutation-200: DBBackup.doInBackground
mutation-201: DBBackup.doInBackground
mutation-202: DBBackup.doInBackground
mutation-203: DBBackup.doInBackground
mutation-204: DBBackup.doInBackground
mutation-205: DBBackup.doInBackground
mutation-206: DBBackup.onPostExecute
mutation-207: DBBackup.onProgressUpdate
mutation-208: DBBackup.onProgressUpdate
mutation-209: DBBackup.onProgressUpdate
mutation-210: DBBackup.onProgressUpdate
mutation-211: DBBackup.onProgressUpdate
mutation-212: DBBackup.onCancelled
mutation-213: DBBackup.copyTimes
mutation-214: DBBackup.copyTimes
mutation-215: DBBackup.copyTimes
mutation-216: DBBackup.copyTimes
mutation-217: DBBackup.copyTimes
mutation-218: DBBackup.copyTimes
mutation-219: DBBackup.copyTimes
mutation-220: DBBackup.copyTimes
mutation-221: DBBackup.copyTimes
mutation-222: DBBackup.copyTimes
mutation-223: DBBackup.copyActivity
mutation-224: DBBackup.copyActivity
mutation-225: DBBackup.readActivities
mutation-226: DBBackup.readActivities
mutation-227: DBBackup.readActivities
In file: TimeRange.java
Input operator: REACHABILITY
mutation-228: TimeRange.TimeRange
mutation-229: TimeRange.getStart
mutation-230: TimeRange.setStart
mutation-231: TimeRange.getEnd
mutation-232: TimeRange.setEnd
mutation-233: TimeRange.getTotal
mutation-234: TimeRange.getTotal
mutation-235: TimeRange.toString
mutation-236: TimeRange.toString
mutation-237: TimeRange.toString
mutation-238: TimeRange.format
mutation-239: TimeRange.format
mutation-240: TimeRange.format
mutation-241: TimeRange.compareTo
mutation-242: TimeRange.compareTo
mutation-243: TimeRange.compareTo
mutation-244: TimeRange.compareTo
mutation-245: TimeRange.compareTo
mutation-246: TimeRange.compareTo
mutation-247: TimeRange.compareTo
mutation-248: TimeRange.compareTo
mutation-249: TimeRange.compareTo
mutation-250: TimeRange.equals
mutation-251: TimeRange.equals
mutation-252: TimeRange.equals
mutation-253: TimeRange.hashCode
mutation-254: TimeRange.overlap
mutation-255: TimeRange.overlap
mutation-256: TimeRange.overlap
In file: EditTime.java
Input operator: REACHABILITY
mutation-257: EditTime.onCreate
mutation-258: EditTime.onCreate
mutation-259: EditTime.onCreate
mutation-260: EditTime.onCreate
mutation-261: EditTime.onResume
mutation-262: EditTime.onResume
mutation-263: EditTime.onResume
mutation-264: EditTime.onResume
mutation-265: EditTime.onResume
mutation-266: EditTime.onClick
mutation-267: EditTime.onClick
mutation-268: EditTime.onClick
mutation-269: EditTime.onCreateDialog
In file: ActivityTimes.java
Input operator: REACHABILITY
mutation-270: ActivityTimes.onCreate
mutation-271: ActivityTimes.onCreate
mutation-272: ActivityTimes.onCreate
mutation-273: ActivityTimes.onCreate
mutation-274: ActivityTimes.onCreate
mutation-275: ActivityTimes.onCreate
mutation-276: ActivityTimes.onStop
mutation-277: ActivityTimes.onResume
mutation-278: ActivityTimes.onCreateOptionsMenu
mutation-279: ActivityTimes.onOptionsItemSelected
mutation-280: ActivityTimes.onOptionsItemSelected
mutation-281: ActivityTimes.onCreateContextMenu
mutation-282: ActivityTimes.onContextItemSelected
mutation-283: ActivityTimes.onClick
mutation-284: ActivityTimes.onCreateDialog
mutation-285: TimesAdapter.TimesAdapter
mutation-286: TimesAdapter.areAllItemsEnabled
mutation-287: TimesAdapter.isEnabled
mutation-288: TimesAdapter.close
mutation-289: TimesAdapter.deleteTimeRange
mutation-290: TimesAdapter.deleteTimeRange
mutation-291: TimesAdapter.deleteTimeRange
mutation-292: TimesAdapter.deleteTimeRange
mutation-293: TimesAdapter.deleteTimeRange
mutation-294: TimesAdapter.loadTimes
mutation-295: TimesAdapter.loadTimes
mutation-296: TimesAdapter.loadTimes
mutation-297: TimesAdapter.loadTimes
mutation-298: TimesAdapter.loadTimes
mutation-299: TimesAdapter.getView
mutation-300: TimesAdapter.getView
mutation-301: TimesAdapter.getView
mutation-302: TimesAdapter.getView
mutation-303: TimesAdapter.getView
mutation-304: TimesAdapter.getView
mutation-305: TimesAdapter.getView
mutation-306: TimesAdapter.getCount
mutation-307: TimesAdapter.getItem
mutation-308: TimesAdapter.getItemId
mutation-309: TimesAdapter.assignTimeToActivityAt
mutation-310: TimesAdapter.assignTimeToActivityAt
mutation-311: TimesAdapter.assignTimeToActivityAt
mutation-312: TimesAdapter.assignTimeToActivityAt
mutation-313: TimesAdapter.assignTimeToActivityAt
mutation-314: TimesAdapter.assignTimeToActivityAt
mutation-315: TimesAdapter.assignTimeToActivityAt
mutation-316: TimeView.TimeView
mutation-317: TimeView.setTimeRange
mutation-318: TimesAdapter.clear
mutation-319: TimesAdapter.addTimeRange
mutation-320: TimesAdapter.insert
mutation-321: TimesAdapter.insert
mutation-322: TimesAdapter.insert
mutation-323: TimesAdapter.insert
mutation-324: TimesAdapter.insert
mutation-325: TimesAdapter.insert
mutation-326: TimesAdapter.startOfDay
mutation-327: TimesAdapter.addSeparators
mutation-328: TimesAdapter.addSeparators
mutation-329: TimesAdapter.addSeparators
mutation-330: TimesAdapter.updateTimeRange
mutation-331: TimesAdapter.updateTimeRange
mutation-332: TimesAdapter.updateTimeRange
mutation-333: TimesAdapter.updateTimeRange
mutation-334: TimesAdapter.updateTimeRange
mutation-335: TimesAdapter.getActivityNames
mutation-336: ActivityTimes.onActivityResult
mutation-337: ActivityTimes.onActivityResult
mutation-338: ActivityTimes.onListItemClick
mutation-339: ActivityTimes.onListItemClick
In file: DBHelper.java
Input operator: REACHABILITY
mutation-340: DBHelper.DBHelper
mutation-341: DBHelper.onCreate
mutation-342: DBHelper.onUpgrade
mutation-343: DBHelper.onUpgrade
mutation-344: DBHelper.onUpgrade
In file: CSVExporter.java
Input operator: REACHABILITY
mutation-345: CSVExporter.escape
mutation-346: CSVExporter.escape
mutation-347: CSVExporter.escape
mutation-348: CSVExporter.exportRows
mutation-349: CSVExporter.exportRows
mutation-350: CSVExporter.exportRows
mutation-351: CSVExporter.exportRows
mutation-352: CSVExporter.exportRows
mutation-353: CSVExporter.exportRows
mutation-354: CSVExporter.exportRows
mutation-355: CSVExporter.exportRows
mutation-356: CSVExporter.exportRows
mutation-357: CSVExporter.exportRows
mutation-358: CSVExporter.exportRows
mutation-359: CSVExporter.exportRows
mutation-360: CSVExporter.exportRows
In file: Settings.java
Input operator: REACHABILITY
mutation-361: Settings.onCreate
mutation-362: Settings.onCreate
mutation-363: Settings.onCreate
mutation-364: Settings.onCreate
mutation-365: Settings.addBooleanPreference
mutation-366: Settings.updateFontPrefs
mutation-367: Settings.onListItemClick
mutation-368: Settings.onListItemClick
mutation-369: Settings.onListItemClick
mutation-370: Settings.onListItemClick
mutation-371: Settings.onListItemClick
mutation-372: Settings.onClick
mutation-373: Settings.onClick
mutation-374: Settings.onClick
mutation-375: Settings.onClick
mutation-376: Settings.onClick
mutation-377: Settings.onClick
mutation-378: Settings.<init>
mutation-379: Settings.<init>
mutation-380: Settings.onCreateDialog
mutation-381: 1.onClick
mutation-382: 1.onClick
In file: Report.java
Input operator: REACHABILITY
mutation-383: Report.Day
mutation-384: Report.fromCalEnum
mutation-385: Report.fromCalEnum
mutation-386: Report.fromCalEnum
mutation-387: Report.toString
mutation-388: Report.calEnum
mutation-389: Report.onCreate
mutation-390: Report.onStop
mutation-391: Report.onCreateOptionsMenu
mutation-392: Report.onMenuItemSelected
mutation-393: Report.onCreateDialog
mutation-394: Report.requestExport
mutation-395: Report.requestExport
mutation-396: 1.onClick
mutation-397: Report.requestExport
mutation-398: Report.export
mutation-399: Report.export
mutation-400: Report.export
mutation-401: Report.export
mutation-402: Report.doExport
mutation-403: Report.doExport
mutation-404: Report.doExport
mutation-405: Report.doExport
mutation-406: Report.onRequestPermissionsResult
mutation-407: Report.onRequestPermissionsResult
mutation-408: Report.getCurrentRange
mutation-409: Report.getCurrentRange
mutation-410: Report.getCurrentRange
mutation-411: Report.getCurrentRange
mutation-412: Report.getCurrentRange
mutation-413: Report.getCurrentRange
mutation-414: Report.getCurrentRange
mutation-415: Report.getCurrentRange
mutation-416: Report.getCurrentRange
mutation-417: Report.getCurrentRange
mutation-418: Report.getRangeName
mutation-419: Report.createTotals
mutation-420: Report.createTotals
mutation-421: Report.createTotals
mutation-422: Report.createTotals
mutation-423: Report.onResume
mutation-424: Report.onPause
mutation-425: Report.createHeader
mutation-426: Report.createHeader
mutation-427: Report.createHeader
mutation-428: Report.createHeader
mutation-429: Report.createReport
mutation-430: Report.createReport
mutation-431: Report.createReport
mutation-432: Report.createReport
mutation-433: Report.createReport
mutation-434: Report.weekStart
mutation-435: Report.weekEnd
mutation-436: Report.onClick
mutation-437: Report.fillInActivitiesAndRanges
mutation-438: Report.fillInActivitiesAndRanges
mutation-439: Report.fillInActivitiesAndRanges
mutation-440: Report.fillInActivitiesAndRanges
mutation-441: Report.fillInActivitiesAndRanges
mutation-442: Report.getDays
mutation-443: Report.getDays
mutation-444: Report.getDays
mutation-445: Report.getDays
mutation-446: Report.getDays
mutation-447: Report.getDays
mutation-448: Report.getDays
